[0.020s] Invoking command in '/home/vol/willgit/GxxArm_ws/build/base_interfaces': CMAKE_PREFIX_PATH=/opt/ros/humble /usr/bin/cmake --build /home/vol/willgit/GxxArm_ws/build/base_interfaces -- -j20 -l20
[0.035s] -- Found ament_cmake: 1.3.6 (/opt/ros/humble/share/ament_cmake/cmake)
[0.110s] -- Found rosidl_default_generators: 1.2.0 (/opt/ros/humble/share/rosidl_default_generators/cmake)
[0.111s] -- Using all available rosidl_typesupport_c: rosidl_typesupport_fastrtps_c;rosidl_typesupport_introspection_c
[0.112s] -- Found rosidl_adapter: 3.1.5 (/opt/ros/humble/share/rosidl_adapter/cmake)
[0.127s] -- Using all available rosidl_typesupport_cpp: rosidl_typesupport_fastrtps_cpp;rosidl_typesupport_introspection_cpp
[0.140s] -- Found geometry_msgs: 4.2.3 (/opt/ros/humble/share/geometry_msgs/cmake)
[0.338s] -- Found ament_cmake_ros: 0.10.0 (/opt/ros/humble/share/ament_cmake_ros/cmake)
[0.459s] -- Using all available rosidl_typesupport_c: rosidl_typesupport_fastrtps_c;rosidl_typesupport_introspection_c
[0.625s] -- Using all available rosidl_typesupport_cpp: rosidl_typesupport_fastrtps_cpp;rosidl_typesupport_introspection_cpp
[0.638s] -- Found python_cmake_module: 0.10.0 (/opt/ros/humble/share/python_cmake_module/cmake)
[0.649s] -- Using PYTHON_EXECUTABLE: /usr/bin/python3
[0.649s] -- Using PYTHON_INCLUDE_DIRS: /usr/include/python3.10
[0.649s] -- Using PYTHON_LIBRARIES: /usr/lib/x86_64-linux-gnu/libpython3.10.so
[0.666s] -- Found ament_lint_auto: 0.12.9 (/opt/ros/humble/share/ament_lint_auto/cmake)
[0.671s] -- Added test 'cppcheck' to perform static code analysis on C / C++ code
[0.671s] -- Configured cppcheck include dirs: 
[0.671s] -- Configured cppcheck exclude dirs and/or files: 
[0.672s] -- Added test 'lint_cmake' to check CMake code style
[0.673s] -- Added test 'uncrustify' to check C / C++ code style
[0.673s] -- Configured uncrustify additional arguments: 
[0.673s] -- Added test 'xmllint' to check XML markup files
[0.674s] -- Configuring done
[0.689s] -- Generating done
[0.690s] -- Build files have been written to: /home/vol/willgit/GxxArm_ws/build/base_interfaces
[0.705s] [  3%] [34m[1mGenerating C code for ROS interfaces[0m
[0.711s] [  6%] [34m[1mGenerating C++ code for ROS interfaces[0m
[0.715s] [  6%] Built target ament_cmake_python_copy_base_interfaces
[0.837s] [35m[1mConsolidate compiler generated dependencies of target base_interfaces__rosidl_generator_c[0m
[0.839s] running egg_info
[0.840s] writing base_interfaces.egg-info/PKG-INFO
[0.840s] writing dependency_links to base_interfaces.egg-info/dependency_links.txt
[0.840s] [  6%] Built target base_interfaces__cpp
[0.840s] writing top-level names to base_interfaces.egg-info/top_level.txt
[0.841s] reading manifest file 'base_interfaces.egg-info/SOURCES.txt'
[0.842s] writing manifest file 'base_interfaces.egg-info/SOURCES.txt'
[0.843s] [  9%] [32mBuilding C object CMakeFiles/base_interfaces__rosidl_generator_c.dir/rosidl_generator_c/base_interfaces/msg/detail/robot_pose__functions.c.o[0m
[0.846s] [ 19%] [34m[1mGenerating C++ type support dispatch for ROS interfaces[0m
[0.846s] [ 19%] [34m[1mGenerating C++ introspection for ROS interfaces[0m
[0.846s] [ 19%] [34m[1mGenerating C++ type support for eProsima Fast-RTPS[0m
[0.861s] [ 19%] Built target ament_cmake_python_build_base_interfaces_egg
[0.872s] [ 22%] [32m[1mLinking C shared library libbase_interfaces__rosidl_generator_c.so[0m
[0.896s] [ 22%] Built target base_interfaces__rosidl_generator_c
[0.903s] [ 32%] [34m[1mGenerating C type support dispatch for ROS interfaces[0m
[0.903s] [ 32%] [34m[1mGenerating C type support for eProsima Fast-RTPS[0m
[0.903s] [ 32%] [34m[1mGenerating C introspection for ROS interfaces[0m
[0.984s] [35m[1mConsolidate compiler generated dependencies of target base_interfaces__rosidl_typesupport_cpp[0m
[0.993s] [ 35%] [32mBuilding CXX object CMakeFiles/base_interfaces__rosidl_typesupport_cpp.dir/rosidl_typesupport_cpp/base_interfaces/msg/robot_pose__type_support.cpp.o[0m
[0.995s] [35m[1mConsolidate compiler generated dependencies of target base_interfaces__rosidl_typesupport_introspection_cpp[0m
[0.998s] [35m[1mConsolidate compiler generated dependencies of target base_interfaces__rosidl_typesupport_fastrtps_cpp[0m
[1.003s] [ 38%] [32mBuilding CXX object CMakeFiles/base_interfaces__rosidl_typesupport_introspection_cpp.dir/rosidl_typesupport_introspection_cpp/base_interfaces/msg/detail/robot_pose__type_support.cpp.o[0m
[1.006s] [ 41%] [32mBuilding CXX object CMakeFiles/base_interfaces__rosidl_typesupport_fastrtps_cpp.dir/rosidl_typesupport_fastrtps_cpp/base_interfaces/msg/detail/dds_fastrtps/robot_pose__type_support.cpp.o[0m
[1.045s] [35m[1mConsolidate compiler generated dependencies of target base_interfaces__rosidl_typesupport_c[0m
[1.053s] [ 45%] [32mBuilding CXX object CMakeFiles/base_interfaces__rosidl_typesupport_c.dir/rosidl_typesupport_c/base_interfaces/msg/robot_pose__type_support.cpp.o[0m
[1.059s] [35m[1mConsolidate compiler generated dependencies of target base_interfaces__rosidl_typesupport_introspection_c[0m
[1.059s] [35m[1mConsolidate compiler generated dependencies of target base_interfaces__rosidl_typesupport_fastrtps_c[0m
[1.067s] [ 48%] [32mBuilding C object CMakeFiles/base_interfaces__rosidl_typesupport_introspection_c.dir/rosidl_typesupport_introspection_c/base_interfaces/msg/detail/robot_pose__type_support.c.o[0m
[1.068s] [ 51%] [32mBuilding CXX object CMakeFiles/base_interfaces__rosidl_typesupport_fastrtps_c.dir/rosidl_typesupport_fastrtps_c/base_interfaces/msg/detail/robot_pose__type_support_c.cpp.o[0m
[1.072s] [ 54%] [32m[1mLinking CXX shared library libbase_interfaces__rosidl_typesupport_c.so[0m
[1.089s] [ 58%] [32m[1mLinking C shared library libbase_interfaces__rosidl_typesupport_introspection_c.so[0m
[1.101s] [ 58%] Built target base_interfaces__rosidl_typesupport_c
[1.112s] [ 58%] Built target base_interfaces__rosidl_typesupport_introspection_c
[1.154s] [ 61%] [32m[1mLinking CXX shared library libbase_interfaces__rosidl_typesupport_cpp.so[0m
[1.179s] [ 61%] Built target base_interfaces__rosidl_typesupport_cpp
[1.218s] [ 64%] [32m[1mLinking CXX shared library libbase_interfaces__rosidl_typesupport_introspection_cpp.so[0m
[1.225s] [ 67%] [32m[1mLinking CXX shared library libbase_interfaces__rosidl_typesupport_fastrtps_cpp.so[0m
[1.242s] [ 67%] Built target base_interfaces__rosidl_typesupport_introspection_cpp
[1.244s] [ 70%] [32m[1mLinking CXX shared library libbase_interfaces__rosidl_typesupport_fastrtps_c.so[0m
[1.267s] [ 70%] Built target base_interfaces__rosidl_typesupport_fastrtps_cpp
[1.285s] [ 70%] Built target base_interfaces__rosidl_typesupport_fastrtps_c
[1.296s] [ 70%] Built target base_interfaces
[1.306s] [ 74%] [34m[1mGenerating Python code for ROS interfaces[0m
[1.438s] [ 74%] Built target base_interfaces__py
[1.444s] [35m[1mConsolidate compiler generated dependencies of target base_interfaces__rosidl_generator_py[0m
[1.450s] [ 77%] [32mBuilding C object CMakeFiles/base_interfaces__rosidl_generator_py.dir/rosidl_generator_py/base_interfaces/msg/_robot_pose_s.c.o[0m
[1.499s] [ 80%] [32m[1mLinking C shared library rosidl_generator_py/base_interfaces/libbase_interfaces__rosidl_generator_py.so[0m
[1.522s] [ 80%] Built target base_interfaces__rosidl_generator_py
[1.527s] [35m[1mConsolidate compiler generated dependencies of target base_interfaces__rosidl_typesupport_introspection_c__pyext[0m
[1.528s] [35m[1mConsolidate compiler generated dependencies of target base_interfaces__rosidl_typesupport_c__pyext[0m
[1.528s] [35m[1mConsolidate compiler generated dependencies of target base_interfaces__rosidl_typesupport_fastrtps_c__pyext[0m
[1.535s] [ 90%] [32mBuilding C object CMakeFiles/base_interfaces__rosidl_typesupport_fastrtps_c__pyext.dir/rosidl_generator_py/base_interfaces/_base_interfaces_s.ep.rosidl_typesupport_fastrtps_c.c.o[0m
[1.535s] [ 90%] [32mBuilding C object CMakeFiles/base_interfaces__rosidl_typesupport_introspection_c__pyext.dir/rosidl_generator_py/base_interfaces/_base_interfaces_s.ep.rosidl_typesupport_introspection_c.c.o[0m
[1.535s] [ 90%] [32mBuilding C object CMakeFiles/base_interfaces__rosidl_typesupport_c__pyext.dir/rosidl_generator_py/base_interfaces/_base_interfaces_s.ep.rosidl_typesupport_c.c.o[0m
[1.588s] [100%] [32m[1mLinking C shared library rosidl_generator_py/base_interfaces/base_interfaces_s__rosidl_typesupport_fastrtps_c.cpython-310-x86_64-linux-gnu.so[0m
[1.588s] [100%] [32m[1mLinking C shared library rosidl_generator_py/base_interfaces/base_interfaces_s__rosidl_typesupport_introspection_c.cpython-310-x86_64-linux-gnu.so[0m
[1.588s] [100%] [32m[1mLinking C shared library rosidl_generator_py/base_interfaces/base_interfaces_s__rosidl_typesupport_c.cpython-310-x86_64-linux-gnu.so[0m
[1.613s] [100%] Built target base_interfaces__rosidl_typesupport_c__pyext
[1.613s] [100%] Built target base_interfaces__rosidl_typesupport_fastrtps_c__pyext
[1.613s] [100%] Built target base_interfaces__rosidl_typesupport_introspection_c__pyext
[1.620s] Invoked command in '/home/vol/willgit/GxxArm_ws/build/base_interfaces' returned '0': CMAKE_PREFIX_PATH=/opt/ros/humble /usr/bin/cmake --build /home/vol/willgit/GxxArm_ws/build/base_interfaces -- -j20 -l20
[1.654s] Invoking command in '/home/vol/willgit/GxxArm_ws/build/base_interfaces': CMAKE_PREFIX_PATH=/opt/ros/humble /usr/bin/cmake --install /home/vol/willgit/GxxArm_ws/build/base_interfaces
[1.658s] -- Install configuration: ""
[1.658s] -- Up-to-date: /home/vol/willgit/GxxArm_ws/install/base_interfaces/share/ament_index/resource_index/rosidl_interfaces/base_interfaces
[1.658s] -- Up-to-date: /home/vol/willgit/GxxArm_ws/install/base_interfaces/include/base_interfaces/base_interfaces
[1.658s] -- Up-to-date: /home/vol/willgit/GxxArm_ws/install/base_interfaces/include/base_interfaces/base_interfaces/msg
[1.658s] -- Up-to-date: /home/vol/willgit/GxxArm_ws/install/base_interfaces/include/base_interfaces/base_interfaces/msg/detail
[1.658s] -- Installing: /home/vol/willgit/GxxArm_ws/install/base_interfaces/include/base_interfaces/base_interfaces/msg/detail/robot_pose__struct.h
[1.658s] -- Installing: /home/vol/willgit/GxxArm_ws/install/base_interfaces/include/base_interfaces/base_interfaces/msg/detail/robot_pose__type_support.h
[1.658s] -- Installing: /home/vol/willgit/GxxArm_ws/install/base_interfaces/include/base_interfaces/base_interfaces/msg/detail/robot_pose__functions.c
[1.658s] -- Installing: /home/vol/willgit/GxxArm_ws/install/base_interfaces/include/base_interfaces/base_interfaces/msg/detail/robot_pose__functions.h
[1.658s] -- Installing: /home/vol/willgit/GxxArm_ws/install/base_interfaces/include/base_interfaces/base_interfaces/msg/robot_pose.h
[1.658s] -- Up-to-date: /home/vol/willgit/GxxArm_ws/install/base_interfaces/include/base_interfaces/base_interfaces/msg/rosidl_generator_c__visibility_control.h
[1.659s] -- Up-to-date: /home/vol/willgit/GxxArm_ws/install/base_interfaces/share/base_interfaces/environment/library_path.sh
[1.659s] -- Installing: /home/vol/willgit/GxxArm_ws/install/base_interfaces/share/base_interfaces/environment/library_path.dsv
[1.659s] -- Installing: /home/vol/willgit/GxxArm_ws/install/base_interfaces/lib/libbase_interfaces__rosidl_generator_c.so
[1.659s] -- Set runtime path of "/home/vol/willgit/GxxArm_ws/install/base_interfaces/lib/libbase_interfaces__rosidl_generator_c.so" to ""
[1.659s] -- Up-to-date: /home/vol/willgit/GxxArm_ws/install/base_interfaces/include/base_interfaces/base_interfaces
[1.659s] -- Up-to-date: /home/vol/willgit/GxxArm_ws/install/base_interfaces/include/base_interfaces/base_interfaces/msg
[1.659s] -- Up-to-date: /home/vol/willgit/GxxArm_ws/install/base_interfaces/include/base_interfaces/base_interfaces/msg/detail
[1.659s] -- Installing: /home/vol/willgit/GxxArm_ws/install/base_interfaces/include/base_interfaces/base_interfaces/msg/detail/robot_pose__rosidl_typesupport_fastrtps_c.h
[1.659s] -- Up-to-date: /home/vol/willgit/GxxArm_ws/install/base_interfaces/include/base_interfaces/base_interfaces/msg/rosidl_typesupport_fastrtps_c__visibility_control.h
[1.659s] -- Installing: /home/vol/willgit/GxxArm_ws/install/base_interfaces/lib/libbase_interfaces__rosidl_typesupport_fastrtps_c.so
[1.659s] -- Set runtime path of "/home/vol/willgit/GxxArm_ws/install/base_interfaces/lib/libbase_interfaces__rosidl_typesupport_fastrtps_c.so" to ""
[1.659s] -- Up-to-date: /home/vol/willgit/GxxArm_ws/install/base_interfaces/include/base_interfaces/base_interfaces
[1.659s] -- Up-to-date: /home/vol/willgit/GxxArm_ws/install/base_interfaces/include/base_interfaces/base_interfaces/msg
[1.659s] -- Up-to-date: /home/vol/willgit/GxxArm_ws/install/base_interfaces/include/base_interfaces/base_interfaces/msg/detail
[1.659s] -- Installing: /home/vol/willgit/GxxArm_ws/install/base_interfaces/include/base_interfaces/base_interfaces/msg/detail/robot_pose__type_support.c
[1.659s] -- Installing: /home/vol/willgit/GxxArm_ws/install/base_interfaces/include/base_interfaces/base_interfaces/msg/detail/robot_pose__rosidl_typesupport_introspection_c.h
[1.659s] -- Up-to-date: /home/vol/willgit/GxxArm_ws/install/base_interfaces/include/base_interfaces/base_interfaces/msg/rosidl_typesupport_introspection_c__visibility_control.h
[1.659s] -- Installing: /home/vol/willgit/GxxArm_ws/install/base_interfaces/lib/libbase_interfaces__rosidl_typesupport_introspection_c.so
[1.659s] -- Set runtime path of "/home/vol/willgit/GxxArm_ws/install/base_interfaces/lib/libbase_interfaces__rosidl_typesupport_introspection_c.so" to ""
[1.659s] -- Installing: /home/vol/willgit/GxxArm_ws/install/base_interfaces/lib/libbase_interfaces__rosidl_typesupport_c.so
[1.660s] -- Set runtime path of "/home/vol/willgit/GxxArm_ws/install/base_interfaces/lib/libbase_interfaces__rosidl_typesupport_c.so" to ""
[1.660s] -- Up-to-date: /home/vol/willgit/GxxArm_ws/install/base_interfaces/include/base_interfaces/base_interfaces
[1.660s] -- Up-to-date: /home/vol/willgit/GxxArm_ws/install/base_interfaces/include/base_interfaces/base_interfaces/msg
[1.660s] -- Up-to-date: /home/vol/willgit/GxxArm_ws/install/base_interfaces/include/base_interfaces/base_interfaces/msg/detail
[1.660s] -- Installing: /home/vol/willgit/GxxArm_ws/install/base_interfaces/include/base_interfaces/base_interfaces/msg/detail/robot_pose__struct.hpp
[1.660s] -- Installing: /home/vol/willgit/GxxArm_ws/install/base_interfaces/include/base_interfaces/base_interfaces/msg/detail/robot_pose__builder.hpp
[1.660s] -- Installing: /home/vol/willgit/GxxArm_ws/install/base_interfaces/include/base_interfaces/base_interfaces/msg/detail/robot_pose__traits.hpp
[1.660s] -- Installing: /home/vol/willgit/GxxArm_ws/install/base_interfaces/include/base_interfaces/base_interfaces/msg/robot_pose.hpp
[1.660s] -- Up-to-date: /home/vol/willgit/GxxArm_ws/install/base_interfaces/include/base_interfaces/base_interfaces
[1.660s] -- Up-to-date: /home/vol/willgit/GxxArm_ws/install/base_interfaces/include/base_interfaces/base_interfaces/msg
[1.660s] -- Up-to-date: /home/vol/willgit/GxxArm_ws/install/base_interfaces/include/base_interfaces/base_interfaces/msg/detail
[1.660s] -- Installing: /home/vol/willgit/GxxArm_ws/install/base_interfaces/include/base_interfaces/base_interfaces/msg/detail/robot_pose__rosidl_typesupport_fastrtps_cpp.hpp
[1.660s] -- Up-to-date: /home/vol/willgit/GxxArm_ws/install/base_interfaces/include/base_interfaces/base_interfaces/msg/detail/dds_fastrtps
[1.660s] -- Up-to-date: /home/vol/willgit/GxxArm_ws/install/base_interfaces/include/base_interfaces/base_interfaces/msg/rosidl_typesupport_fastrtps_cpp__visibility_control.h
[1.660s] -- Installing: /home/vol/willgit/GxxArm_ws/install/base_interfaces/lib/libbase_interfaces__rosidl_typesupport_fastrtps_cpp.so
[1.660s] -- Set runtime path of "/home/vol/willgit/GxxArm_ws/install/base_interfaces/lib/libbase_interfaces__rosidl_typesupport_fastrtps_cpp.so" to ""
[1.660s] -- Up-to-date: /home/vol/willgit/GxxArm_ws/install/base_interfaces/include/base_interfaces/base_interfaces
[1.660s] -- Up-to-date: /home/vol/willgit/GxxArm_ws/install/base_interfaces/include/base_interfaces/base_interfaces/msg
[1.660s] -- Up-to-date: /home/vol/willgit/GxxArm_ws/install/base_interfaces/include/base_interfaces/base_interfaces/msg/detail
[1.660s] -- Installing: /home/vol/willgit/GxxArm_ws/install/base_interfaces/include/base_interfaces/base_interfaces/msg/detail/robot_pose__rosidl_typesupport_introspection_cpp.hpp
[1.660s] -- Installing: /home/vol/willgit/GxxArm_ws/install/base_interfaces/include/base_interfaces/base_interfaces/msg/detail/robot_pose__type_support.cpp
[1.660s] -- Installing: /home/vol/willgit/GxxArm_ws/install/base_interfaces/lib/libbase_interfaces__rosidl_typesupport_introspection_cpp.so
[1.660s] -- Set runtime path of "/home/vol/willgit/GxxArm_ws/install/base_interfaces/lib/libbase_interfaces__rosidl_typesupport_introspection_cpp.so" to ""
[1.660s] -- Installing: /home/vol/willgit/GxxArm_ws/install/base_interfaces/lib/libbase_interfaces__rosidl_typesupport_cpp.so
[1.661s] -- Set runtime path of "/home/vol/willgit/GxxArm_ws/install/base_interfaces/lib/libbase_interfaces__rosidl_typesupport_cpp.so" to ""
[1.661s] -- Up-to-date: /home/vol/willgit/GxxArm_ws/install/base_interfaces/share/base_interfaces/environment/pythonpath.sh
[1.661s] -- Installing: /home/vol/willgit/GxxArm_ws/install/base_interfaces/share/base_interfaces/environment/pythonpath.dsv
[1.661s] -- Up-to-date: /home/vol/willgit/GxxArm_ws/install/base_interfaces/local/lib/python3.10/dist-packages/base_interfaces-0.0.0-py3.10.egg-info
[1.661s] -- Installing: /home/vol/willgit/GxxArm_ws/install/base_interfaces/local/lib/python3.10/dist-packages/base_interfaces-0.0.0-py3.10.egg-info/dependency_links.txt
[1.661s] -- Installing: /home/vol/willgit/GxxArm_ws/install/base_interfaces/local/lib/python3.10/dist-packages/base_interfaces-0.0.0-py3.10.egg-info/SOURCES.txt
[1.661s] -- Installing: /home/vol/willgit/GxxArm_ws/install/base_interfaces/local/lib/python3.10/dist-packages/base_interfaces-0.0.0-py3.10.egg-info/PKG-INFO
[1.661s] -- Installing: /home/vol/willgit/GxxArm_ws/install/base_interfaces/local/lib/python3.10/dist-packages/base_interfaces-0.0.0-py3.10.egg-info/top_level.txt
[1.661s] -- Up-to-date: /home/vol/willgit/GxxArm_ws/install/base_interfaces/local/lib/python3.10/dist-packages/base_interfaces
[1.661s] -- Installing: /home/vol/willgit/GxxArm_ws/install/base_interfaces/local/lib/python3.10/dist-packages/base_interfaces/libbase_interfaces__rosidl_generator_py.so
[1.661s] -- Installing: /home/vol/willgit/GxxArm_ws/install/base_interfaces/local/lib/python3.10/dist-packages/base_interfaces/base_interfaces_s__rosidl_typesupport_introspection_c.cpython-310-x86_64-linux-gnu.so
[1.661s] -- Installing: /home/vol/willgit/GxxArm_ws/install/base_interfaces/local/lib/python3.10/dist-packages/base_interfaces/_base_interfaces_s.ep.rosidl_typesupport_introspection_c.c
[1.661s] -- Installing: /home/vol/willgit/GxxArm_ws/install/base_interfaces/local/lib/python3.10/dist-packages/base_interfaces/_base_interfaces_s.ep.rosidl_typesupport_fastrtps_c.c
[1.661s] -- Up-to-date: /home/vol/willgit/GxxArm_ws/install/base_interfaces/local/lib/python3.10/dist-packages/base_interfaces/msg
[1.661s] -- Installing: /home/vol/willgit/GxxArm_ws/install/base_interfaces/local/lib/python3.10/dist-packages/base_interfaces/msg/_robot_pose.py
[1.661s] -- Installing: /home/vol/willgit/GxxArm_ws/install/base_interfaces/local/lib/python3.10/dist-packages/base_interfaces/msg/_robot_pose_s.c
[1.661s] -- Installing: /home/vol/willgit/GxxArm_ws/install/base_interfaces/local/lib/python3.10/dist-packages/base_interfaces/msg/__init__.py
[1.661s] -- Installing: /home/vol/willgit/GxxArm_ws/install/base_interfaces/local/lib/python3.10/dist-packages/base_interfaces/_base_interfaces_s.ep.rosidl_typesupport_c.c
[1.661s] -- Installing: /home/vol/willgit/GxxArm_ws/install/base_interfaces/local/lib/python3.10/dist-packages/base_interfaces/base_interfaces_s__rosidl_typesupport_fastrtps_c.cpython-310-x86_64-linux-gnu.so
[1.661s] -- Installing: /home/vol/willgit/GxxArm_ws/install/base_interfaces/local/lib/python3.10/dist-packages/base_interfaces/base_interfaces_s__rosidl_typesupport_c.cpython-310-x86_64-linux-gnu.so
[1.661s] -- Installing: /home/vol/willgit/GxxArm_ws/install/base_interfaces/local/lib/python3.10/dist-packages/base_interfaces/__init__.py
[1.679s] Listing '/home/vol/willgit/GxxArm_ws/install/base_interfaces/local/lib/python3.10/dist-packages/base_interfaces'...
[1.679s] Compiling '/home/vol/willgit/GxxArm_ws/install/base_interfaces/local/lib/python3.10/dist-packages/base_interfaces/__init__.py'...
[1.679s] Listing '/home/vol/willgit/GxxArm_ws/install/base_interfaces/local/lib/python3.10/dist-packages/base_interfaces/msg'...
[1.679s] Compiling '/home/vol/willgit/GxxArm_ws/install/base_interfaces/local/lib/python3.10/dist-packages/base_interfaces/msg/__init__.py'...
[1.679s] Compiling '/home/vol/willgit/GxxArm_ws/install/base_interfaces/local/lib/python3.10/dist-packages/base_interfaces/msg/_robot_pose.py'...
[1.681s] -- Installing: /home/vol/willgit/GxxArm_ws/install/base_interfaces/local/lib/python3.10/dist-packages/base_interfaces/base_interfaces_s__rosidl_typesupport_fastrtps_c.cpython-310-x86_64-linux-gnu.so
[1.681s] -- Set runtime path of "/home/vol/willgit/GxxArm_ws/install/base_interfaces/local/lib/python3.10/dist-packages/base_interfaces/base_interfaces_s__rosidl_typesupport_fastrtps_c.cpython-310-x86_64-linux-gnu.so" to ""
[1.681s] -- Installing: /home/vol/willgit/GxxArm_ws/install/base_interfaces/local/lib/python3.10/dist-packages/base_interfaces/base_interfaces_s__rosidl_typesupport_introspection_c.cpython-310-x86_64-linux-gnu.so
[1.682s] -- Set runtime path of "/home/vol/willgit/GxxArm_ws/install/base_interfaces/local/lib/python3.10/dist-packages/base_interfaces/base_interfaces_s__rosidl_typesupport_introspection_c.cpython-310-x86_64-linux-gnu.so" to ""
[1.682s] -- Installing: /home/vol/willgit/GxxArm_ws/install/base_interfaces/local/lib/python3.10/dist-packages/base_interfaces/base_interfaces_s__rosidl_typesupport_c.cpython-310-x86_64-linux-gnu.so
[1.682s] -- Set runtime path of "/home/vol/willgit/GxxArm_ws/install/base_interfaces/local/lib/python3.10/dist-packages/base_interfaces/base_interfaces_s__rosidl_typesupport_c.cpython-310-x86_64-linux-gnu.so" to ""
[1.682s] -- Installing: /home/vol/willgit/GxxArm_ws/install/base_interfaces/lib/libbase_interfaces__rosidl_generator_py.so
[1.682s] -- Set runtime path of "/home/vol/willgit/GxxArm_ws/install/base_interfaces/lib/libbase_interfaces__rosidl_generator_py.so" to ""
[1.682s] -- Installing: /home/vol/willgit/GxxArm_ws/install/base_interfaces/share/base_interfaces/msg/RobotPose.idl
[1.682s] -- Installing: /home/vol/willgit/GxxArm_ws/install/base_interfaces/share/base_interfaces/msg/RobotPose.msg
[1.682s] -- Up-to-date: /home/vol/willgit/GxxArm_ws/install/base_interfaces/share/ament_index/resource_index/package_run_dependencies/base_interfaces
[1.682s] -- Up-to-date: /home/vol/willgit/GxxArm_ws/install/base_interfaces/share/ament_index/resource_index/parent_prefix_path/base_interfaces
[1.682s] -- Up-to-date: /home/vol/willgit/GxxArm_ws/install/base_interfaces/share/base_interfaces/environment/ament_prefix_path.sh
[1.682s] -- Installing: /home/vol/willgit/GxxArm_ws/install/base_interfaces/share/base_interfaces/environment/ament_prefix_path.dsv
[1.682s] -- Up-to-date: /home/vol/willgit/GxxArm_ws/install/base_interfaces/share/base_interfaces/environment/path.sh
[1.682s] -- Installing: /home/vol/willgit/GxxArm_ws/install/base_interfaces/share/base_interfaces/environment/path.dsv
[1.682s] -- Up-to-date: /home/vol/willgit/GxxArm_ws/install/base_interfaces/share/base_interfaces/local_setup.bash
[1.682s] -- Up-to-date: /home/vol/willgit/GxxArm_ws/install/base_interfaces/share/base_interfaces/local_setup.sh
[1.682s] -- Up-to-date: /home/vol/willgit/GxxArm_ws/install/base_interfaces/share/base_interfaces/local_setup.zsh
[1.682s] -- Installing: /home/vol/willgit/GxxArm_ws/install/base_interfaces/share/base_interfaces/local_setup.dsv
[1.682s] -- Installing: /home/vol/willgit/GxxArm_ws/install/base_interfaces/share/base_interfaces/package.dsv
[1.682s] -- Up-to-date: /home/vol/willgit/GxxArm_ws/install/base_interfaces/share/ament_index/resource_index/packages/base_interfaces
[1.682s] -- Up-to-date: /home/vol/willgit/GxxArm_ws/install/base_interfaces/share/base_interfaces/cmake/export_base_interfaces__rosidl_generator_cExport.cmake
[1.682s] -- Up-to-date: /home/vol/willgit/GxxArm_ws/install/base_interfaces/share/base_interfaces/cmake/export_base_interfaces__rosidl_generator_cExport-noconfig.cmake
[1.682s] -- Up-to-date: /home/vol/willgit/GxxArm_ws/install/base_interfaces/share/base_interfaces/cmake/export_base_interfaces__rosidl_typesupport_fastrtps_cExport.cmake
[1.682s] -- Up-to-date: /home/vol/willgit/GxxArm_ws/install/base_interfaces/share/base_interfaces/cmake/export_base_interfaces__rosidl_typesupport_fastrtps_cExport-noconfig.cmake
[1.683s] -- Up-to-date: /home/vol/willgit/GxxArm_ws/install/base_interfaces/share/base_interfaces/cmake/base_interfaces__rosidl_typesupport_introspection_cExport.cmake
[1.683s] -- Up-to-date: /home/vol/willgit/GxxArm_ws/install/base_interfaces/share/base_interfaces/cmake/base_interfaces__rosidl_typesupport_introspection_cExport-noconfig.cmake
[1.683s] -- Up-to-date: /home/vol/willgit/GxxArm_ws/install/base_interfaces/share/base_interfaces/cmake/base_interfaces__rosidl_typesupport_cExport.cmake
[1.683s] -- Up-to-date: /home/vol/willgit/GxxArm_ws/install/base_interfaces/share/base_interfaces/cmake/base_interfaces__rosidl_typesupport_cExport-noconfig.cmake
[1.683s] -- Up-to-date: /home/vol/willgit/GxxArm_ws/install/base_interfaces/share/base_interfaces/cmake/export_base_interfaces__rosidl_generator_cppExport.cmake
[1.683s] -- Up-to-date: /home/vol/willgit/GxxArm_ws/install/base_interfaces/share/base_interfaces/cmake/export_base_interfaces__rosidl_typesupport_fastrtps_cppExport.cmake
[1.683s] -- Up-to-date: /home/vol/willgit/GxxArm_ws/install/base_interfaces/share/base_interfaces/cmake/export_base_interfaces__rosidl_typesupport_fastrtps_cppExport-noconfig.cmake
[1.683s] -- Up-to-date: /home/vol/willgit/GxxArm_ws/install/base_interfaces/share/base_interfaces/cmake/base_interfaces__rosidl_typesupport_introspection_cppExport.cmake
[1.683s] -- Up-to-date: /home/vol/willgit/GxxArm_ws/install/base_interfaces/share/base_interfaces/cmake/base_interfaces__rosidl_typesupport_introspection_cppExport-noconfig.cmake
[1.683s] -- Up-to-date: /home/vol/willgit/GxxArm_ws/install/base_interfaces/share/base_interfaces/cmake/base_interfaces__rosidl_typesupport_cppExport.cmake
[1.683s] -- Up-to-date: /home/vol/willgit/GxxArm_ws/install/base_interfaces/share/base_interfaces/cmake/base_interfaces__rosidl_typesupport_cppExport-noconfig.cmake
[1.683s] -- Up-to-date: /home/vol/willgit/GxxArm_ws/install/base_interfaces/share/base_interfaces/cmake/export_base_interfaces__rosidl_generator_pyExport.cmake
[1.683s] -- Up-to-date: /home/vol/willgit/GxxArm_ws/install/base_interfaces/share/base_interfaces/cmake/export_base_interfaces__rosidl_generator_pyExport-noconfig.cmake
[1.683s] -- Up-to-date: /home/vol/willgit/GxxArm_ws/install/base_interfaces/share/base_interfaces/cmake/rosidl_cmake-extras.cmake
[1.683s] -- Up-to-date: /home/vol/willgit/GxxArm_ws/install/base_interfaces/share/base_interfaces/cmake/ament_cmake_export_dependencies-extras.cmake
[1.683s] -- Up-to-date: /home/vol/willgit/GxxArm_ws/install/base_interfaces/share/base_interfaces/cmake/ament_cmake_export_include_directories-extras.cmake
[1.683s] -- Up-to-date: /home/vol/willgit/GxxArm_ws/install/base_interfaces/share/base_interfaces/cmake/ament_cmake_export_libraries-extras.cmake
[1.683s] -- Up-to-date: /home/vol/willgit/GxxArm_ws/install/base_interfaces/share/base_interfaces/cmake/ament_cmake_export_targets-extras.cmake
[1.683s] -- Up-to-date: /home/vol/willgit/GxxArm_ws/install/base_interfaces/share/base_interfaces/cmake/rosidl_cmake_export_typesupport_targets-extras.cmake
[1.683s] -- Up-to-date: /home/vol/willgit/GxxArm_ws/install/base_interfaces/share/base_interfaces/cmake/rosidl_cmake_export_typesupport_libraries-extras.cmake
[1.683s] -- Up-to-date: /home/vol/willgit/GxxArm_ws/install/base_interfaces/share/base_interfaces/cmake/base_interfacesConfig.cmake
[1.683s] -- Up-to-date: /home/vol/willgit/GxxArm_ws/install/base_interfaces/share/base_interfaces/cmake/base_interfacesConfig-version.cmake
[1.683s] -- Up-to-date: /home/vol/willgit/GxxArm_ws/install/base_interfaces/share/base_interfaces/package.xml
[1.685s] Invoked command in '/home/vol/willgit/GxxArm_ws/build/base_interfaces' returned '0': CMAKE_PREFIX_PATH=/opt/ros/humble /usr/bin/cmake --install /home/vol/willgit/GxxArm_ws/build/base_interfaces
