[0.021s] Invoking command in '/home/vol/willgit/GxxArm_ws/build/base_interfaces': CMAKE_PREFIX_PATH=/opt/ros/humble /usr/bin/cmake /home/vol/willgit/GxxArm_ws/src/base_interfaces -DCMAKE_INSTALL_PREFIX=/home/vol/willgit/GxxArm_ws/install/base_interfaces
[0.049s] -- The C compiler identification is GNU 11.4.0
[0.079s] -- The CXX compiler identification is GNU 11.4.0
[0.082s] -- Detecting C compiler ABI info
[0.119s] -- Detecting C compiler ABI info - done
[0.123s] -- Check for working C compiler: /usr/bin/cc - skipped
[0.123s] -- Detecting C compile features
[0.123s] -- Detecting C compile features - done
[0.125s] -- Detecting CXX compiler ABI info
[0.166s] -- Detecting CXX compiler ABI info - done
[0.170s] -- Check for working CXX compiler: /usr/bin/c++ - skipped
[0.170s] -- Detecting CXX compile features
[0.171s] -- Detecting CXX compile features - done
[0.172s] -- Found ament_cmake: 1.3.6 (/opt/ros/humble/share/ament_cmake/cmake)
[0.258s] -- Found Python3: /usr/bin/python3.10 (found version "3.10.12") found components: Interpreter 
[0.300s] -- Found rosidl_default_generators: 1.2.0 (/opt/ros/humble/share/rosidl_default_generators/cmake)
[0.301s] -- Using all available rosidl_typesupport_c: rosidl_typesupport_fastrtps_c;rosidl_typesupport_introspection_c
[0.303s] -- Found rosidl_adapter: 3.1.5 (/opt/ros/humble/share/rosidl_adapter/cmake)
[0.322s] -- Using all available rosidl_typesupport_cpp: rosidl_typesupport_fastrtps_cpp;rosidl_typesupport_introspection_cpp
[0.339s] -- Found geometry_msgs: 4.2.3 (/opt/ros/humble/share/geometry_msgs/cmake)
[0.490s] [31mCMake Error at /opt/ros/humble/share/rosidl_adapter/cmake/rosidl_adapt_interfaces.cmake:59 (message):
[0.490s]   execute_process(/usr/bin/python3.10 -m rosidl_adapter --package-name
[0.490s]   base_interfaces --arguments-file
[0.490s]   /home/vol/willgit/GxxArm_ws/build/base_interfaces/rosidl_adapter__arguments__base_interfaces.json
[0.491s]   --output-dir
[0.491s]   /home/vol/willgit/GxxArm_ws/build/base_interfaces/rosidl_adapter/base_interfaces
[0.491s]   --output-file
[0.491s]   /home/vol/willgit/GxxArm_ws/build/base_interfaces/rosidl_adapter/base_interfaces.idls)
[0.491s]   returned error code 1:
[0.491s] 
[0.491s]   Error processing 'float32 Arm_Angle1' of 'base_interfaces/RobotPose':
[0.491s]   ''Arm_Angle1' is an invalid field name.  It should have the pattern
[0.491s]   '^(?!.*__)(?!.*_$)[a-z][a-z0-9_]*$''
[0.491s] 
[0.491s]   Traceback (most recent call last):
[0.491s] 
[0.491s]     File "/usr/lib/python3.10/runpy.py", line 196, in _run_module_as_main
[0.491s]       return _run_code(code, main_globals, None,
[0.491s]     File "/usr/lib/python3.10/runpy.py", line 86, in _run_code
[0.491s]       exec(code, run_globals)
[0.491s]     File "/opt/ros/humble/local/lib/python3.10/dist-packages/rosidl_adapter/__main__.py", line 19, in <module>
[0.491s]       sys.exit(main())
[0.491s]     File "/opt/ros/humble/local/lib/python3.10/dist-packages/rosidl_adapter/main.py", line 53, in main
[0.491s]       abs_idl_file = convert_to_idl(
[0.491s]     File "/opt/ros/humble/local/lib/python3.10/dist-packages/rosidl_adapter/__init__.py", line 19, in convert_to_idl
[0.491s]       return convert_msg_to_idl(
[0.491s]     File "/opt/ros/humble/local/lib/python3.10/dist-packages/rosidl_adapter/msg/__init__.py", line 28, in convert_msg_to_idl
[0.491s]       msg = parse_message_string(package_name, input_file.stem, content)
[0.491s]     File "/opt/ros/humble/local/lib/python3.10/dist-packages/rosidl_adapter/parser.py", line 519, in parse_message_string
[0.491s]       fields.append(Field(
[0.491s]     File "/opt/ros/humble/local/lib/python3.10/dist-packages/rosidl_adapter/parser.py", line 354, in __init__
[0.491s]       raise NameError(
[0.491s] 
[0.491s]   NameError: 'Arm_Angle1' is an invalid field name.  It should have the
[0.491s]   pattern '^(?!.*__)(?!.*_$)[a-z][a-z0-9_]*$'
[0.491s] 
[0.491s] Call Stack (most recent call first):
[0.491s]   /opt/ros/humble/share/rosidl_cmake/cmake/rosidl_generate_interfaces.cmake:130 (rosidl_adapt_interfaces)
[0.491s]   CMakeLists.txt:14 (rosidl_generate_interfaces)
[0.491s] 
[0.491s] [0m
[0.491s] -- Configuring incomplete, errors occurred!
[0.491s] See also "/home/vol/willgit/GxxArm_ws/build/base_interfaces/CMakeFiles/CMakeOutput.log".
[0.496s] Invoked command in '/home/vol/willgit/GxxArm_ws/build/base_interfaces' returned '1': CMAKE_PREFIX_PATH=/opt/ros/humble /usr/bin/cmake /home/vol/willgit/GxxArm_ws/src/base_interfaces -DCMAKE_INSTALL_PREFIX=/home/vol/willgit/GxxArm_ws/install/base_interfaces
