[0.020s] Invoking command in '/home/vol/willgit/GxxArm_ws/build/base_interfaces': CMAKE_PREFIX_PATH=/opt/ros/humble /usr/bin/cmake /home/vol/willgit/GxxArm_ws/src/base_interfaces -DCMAKE_INSTALL_PREFIX=/home/vol/willgit/GxxArm_ws/install/base_interfaces
[0.028s] -- Found ament_cmake: 1.3.6 (/opt/ros/humble/share/ament_cmake/cmake)
[0.102s] -- Found rosidl_default_generators: 1.2.0 (/opt/ros/humble/share/rosidl_default_generators/cmake)
[0.103s] -- Using all available rosidl_typesupport_c: rosidl_typesupport_fastrtps_c;rosidl_typesupport_introspection_c
[0.104s] -- Found rosidl_adapter: 3.1.5 (/opt/ros/humble/share/rosidl_adapter/cmake)
[0.119s] -- Using all available rosidl_typesupport_cpp: rosidl_typesupport_fastrtps_cpp;rosidl_typesupport_introspection_cpp
[0.133s] -- Found geometry_msgs: 4.2.3 (/opt/ros/humble/share/geometry_msgs/cmake)
[0.279s] [31mCMake Error at /opt/ros/humble/share/rosidl_adapter/cmake/rosidl_adapt_interfaces.cmake:59 (message):
[0.279s]   execute_process(/usr/bin/python3.10 -m rosidl_adapter --package-name
[0.279s]   base_interfaces --arguments-file
[0.279s]   /home/vol/willgit/GxxArm_ws/build/base_interfaces/rosidl_adapter__arguments__base_interfaces.json
[0.279s]   --output-dir
[0.279s]   /home/vol/willgit/GxxArm_ws/build/base_interfaces/rosidl_adapter/base_interfaces
[0.279s]   --output-file
[0.280s]   /home/vol/willgit/GxxArm_ws/build/base_interfaces/rosidl_adapter/base_interfaces.idls)
[0.280s]   returned error code 1:
[0.280s] 
[0.280s]   Error processing 'float32 Arm_Angle1' of 'base_interfaces/RobotPose':
[0.280s]   ''Arm_Angle1' is an invalid field name.  It should have the pattern
[0.280s]   '^(?!.*__)(?!.*_$)[a-z][a-z0-9_]*$''
[0.280s] 
[0.280s]   Traceback (most recent call last):
[0.280s] 
[0.280s]     File "/usr/lib/python3.10/runpy.py", line 196, in _run_module_as_main
[0.280s]       return _run_code(code, main_globals, None,
[0.280s]     File "/usr/lib/python3.10/runpy.py", line 86, in _run_code
[0.280s]       exec(code, run_globals)
[0.280s]     File "/opt/ros/humble/local/lib/python3.10/dist-packages/rosidl_adapter/__main__.py", line 19, in <module>
[0.280s]       sys.exit(main())
[0.280s]     File "/opt/ros/humble/local/lib/python3.10/dist-packages/rosidl_adapter/main.py", line 53, in main
[0.280s]       abs_idl_file = convert_to_idl(
[0.280s]     File "/opt/ros/humble/local/lib/python3.10/dist-packages/rosidl_adapter/__init__.py", line 19, in convert_to_idl
[0.280s]       return convert_msg_to_idl(
[0.280s]     File "/opt/ros/humble/local/lib/python3.10/dist-packages/rosidl_adapter/msg/__init__.py", line 28, in convert_msg_to_idl
[0.280s]       msg = parse_message_string(package_name, input_file.stem, content)
[0.280s]     File "/opt/ros/humble/local/lib/python3.10/dist-packages/rosidl_adapter/parser.py", line 519, in parse_message_string
[0.280s]       fields.append(Field(
[0.280s]     File "/opt/ros/humble/local/lib/python3.10/dist-packages/rosidl_adapter/parser.py", line 354, in __init__
[0.280s]       raise NameError(
[0.280s] 
[0.280s]   NameError: 'Arm_Angle1' is an invalid field name.  It should have the
[0.280s]   pattern '^(?!.*__)(?!.*_$)[a-z][a-z0-9_]*$'
[0.280s] 
[0.280s] Call Stack (most recent call first):
[0.280s]   /opt/ros/humble/share/rosidl_cmake/cmake/rosidl_generate_interfaces.cmake:130 (rosidl_adapt_interfaces)
[0.280s]   CMakeLists.txt:14 (rosidl_generate_interfaces)
[0.280s] 
[0.280s] [0m
[0.280s] -- Configuring incomplete, errors occurred!
[0.280s] See also "/home/vol/willgit/GxxArm_ws/build/base_interfaces/CMakeFiles/CMakeOutput.log".
[0.283s] Invoked command in '/home/vol/willgit/GxxArm_ws/build/base_interfaces' returned '1': CMAKE_PREFIX_PATH=/opt/ros/humble /usr/bin/cmake /home/vol/willgit/GxxArm_ws/src/base_interfaces -DCMAKE_INSTALL_PREFIX=/home/vol/willgit/GxxArm_ws/install/base_interfaces
