[ 75%] [32mBuilding CXX object CMakeFiles/Serial_WriteSub.dir/src/Serial_WriteSub.cpp.o[0m
[ 75%] Built target Serial_ReadPub
[100%] [32m[1mLinking CXX executable Serial_WriteSub[0m
[100%] Built target Serial_WriteSub
-- Install configuration: ""
-- Up-to-date: /home/vol/willgit/GxxArm_ws/install/serial_com_rclcpp/lib/serial_com_rclcpp/Serial_ReadPub
-- Installing: /home/vol/willgit/GxxArm_ws/install/serial_com_rclcpp/lib/serial_com_rclcpp/Serial_WriteSub
-- Set runtime path of "/home/vol/willgit/GxxArm_ws/install/serial_com_rclcpp/lib/serial_com_rclcpp/Serial_WriteSub" to ""
-- Up-to-date: /home/vol/willgit/GxxArm_ws/install/serial_com_rclcpp/share/serial_com_rclcpp/launch
-- Up-to-date: /home/vol/willgit/GxxArm_ws/install/serial_com_rclcpp/share/serial_com_rclcpp/launch/serial.launch.py
-- Up-to-date: /home/vol/willgit/GxxArm_ws/install/serial_com_rclcpp/share/ament_index/resource_index/package_run_dependencies/serial_com_rclcpp
-- Up-to-date: /home/vol/willgit/GxxArm_ws/install/serial_com_rclcpp/share/ament_index/resource_index/parent_prefix_path/serial_com_rclcpp
-- Up-to-date: /home/vol/willgit/GxxArm_ws/install/serial_com_rclcpp/share/serial_com_rclcpp/environment/ament_prefix_path.sh
-- Up-to-date: /home/vol/willgit/GxxArm_ws/install/serial_com_rclcpp/share/serial_com_rclcpp/environment/ament_prefix_path.dsv
-- Up-to-date: /home/vol/willgit/GxxArm_ws/install/serial_com_rclcpp/share/serial_com_rclcpp/environment/path.sh
-- Up-to-date: /home/vol/willgit/GxxArm_ws/install/serial_com_rclcpp/share/serial_com_rclcpp/environment/path.dsv
-- Up-to-date: /home/vol/willgit/GxxArm_ws/install/serial_com_rclcpp/share/serial_com_rclcpp/local_setup.bash
-- Up-to-date: /home/vol/willgit/GxxArm_ws/install/serial_com_rclcpp/share/serial_com_rclcpp/local_setup.sh
-- Up-to-date: /home/vol/willgit/GxxArm_ws/install/serial_com_rclcpp/share/serial_com_rclcpp/local_setup.zsh
-- Up-to-date: /home/vol/willgit/GxxArm_ws/install/serial_com_rclcpp/share/serial_com_rclcpp/local_setup.dsv
-- Installing: /home/vol/willgit/GxxArm_ws/install/serial_com_rclcpp/share/serial_com_rclcpp/package.dsv
-- Up-to-date: /home/vol/willgit/GxxArm_ws/install/serial_com_rclcpp/share/ament_index/resource_index/packages/serial_com_rclcpp
-- Up-to-date: /home/vol/willgit/GxxArm_ws/install/serial_com_rclcpp/share/serial_com_rclcpp/cmake/serial_com_rclcppConfig.cmake
-- Up-to-date: /home/vol/willgit/GxxArm_ws/install/serial_com_rclcpp/share/serial_com_rclcpp/cmake/serial_com_rclcppConfig-version.cmake
-- Up-to-date: /home/vol/willgit/GxxArm_ws/install/serial_com_rclcpp/share/serial_com_rclcpp/package.xml
