[0.388s] DEBUG:colcon:Command line arguments: ['/usr/bin/colcon', 'build']
[0.388s] DEBUG:colcon:Parsed command line arguments: Namespace(log_base=None, log_level=None, verb_name='build', build_base='build', install_base='install', merge_install=False, symlink_install=False, test_result_base=None, continue_on_error=False, executor='parallel', parallel_workers=20, event_handlers=None, ignore_user_meta=False, metas=['./colcon.meta'], base_paths=['.'], packages_ignore=None, packages_ignore_regex=None, paths=None, packages_up_to=None, packages_up_to_regex=None, packages_above=None, packages_above_and_dependencies=None, packages_above_depth=None, packages_select_by_dep=None, packages_skip_by_dep=None, packages_skip_up_to=None, packages_select_build_failed=False, packages_skip_build_finished=False, packages_select_test_failures=False, packages_skip_test_passed=False, packages_select=None, packages_skip=None, packages_select_regex=None, packages_skip_regex=None, packages_start=None, packages_end=None, allow_overriding=[], cmake_args=None, cmake_target=None, cmake_target_skip_unavailable=False, cmake_clean_cache=False, cmake_clean_first=False, cmake_force_configure=False, ament_cmake_args=None, catkin_cmake_args=None, catkin_skip_building_tests=False, verb_parser=<colcon_defaults.argument_parser.defaults.DefaultArgumentsDecorator object at 0x7f810e8c7430>, verb_extension=<colcon_core.verb.build.BuildVerb object at 0x7f810e8c5180>, main=<bound method BuildVerb.main of <colcon_core.verb.build.BuildVerb object at 0x7f810e8c5180>>)
[0.408s] Level 1:colcon.colcon_core.package_discovery:discover_packages(colcon_meta) check parameters
[0.408s] Level 1:colcon.colcon_core.package_discovery:discover_packages(recursive) check parameters
[0.408s] Level 1:colcon.colcon_core.package_discovery:discover_packages(ignore) check parameters
[0.408s] Level 1:colcon.colcon_core.package_discovery:discover_packages(path) check parameters
[0.408s] Level 1:colcon.colcon_core.package_discovery:discover_packages(colcon_meta) discover
[0.408s] Level 1:colcon.colcon_core.package_discovery:discover_packages(recursive) discover
[0.408s] INFO:colcon.colcon_core.package_discovery:Crawling recursively for packages in '/home/vol/willgit/GxxArm_ws'
[0.409s] Level 1:colcon.colcon_core.package_identification:_identify(.) by extensions ['ignore', 'ignore_ament_install']
[0.409s] Level 1:colcon.colcon_core.package_identification:_identify(.) by extension 'ignore'
[0.409s] Level 1:colcon.colcon_core.package_identification:_identify(.) by extension 'ignore_ament_install'
[0.409s] Level 1:colcon.colcon_core.package_identification:_identify(.) by extensions ['colcon_pkg']
[0.409s] Level 1:colcon.colcon_core.package_identification:_identify(.) by extension 'colcon_pkg'
[0.409s] Level 1:colcon.colcon_core.package_identification:_identify(.) by extensions ['colcon_meta']
[0.409s] Level 1:colcon.colcon_core.package_identification:_identify(.) by extension 'colcon_meta'
[0.409s] Level 1:colcon.colcon_core.package_identification:_identify(.) by extensions ['ros']
[0.409s] Level 1:colcon.colcon_core.package_identification:_identify(.) by extension 'ros'
[0.414s] Level 1:colcon.colcon_core.package_identification:_identify(.) by extensions ['cmake', 'python']
[0.415s] Level 1:colcon.colcon_core.package_identification:_identify(.) by extension 'cmake'
[0.415s] Level 1:colcon.colcon_core.package_identification:_identify(.) by extension 'python'
[0.415s] Level 1:colcon.colcon_core.package_identification:_identify(.) by extensions ['python_setup_py']
[0.415s] Level 1:colcon.colcon_core.package_identification:_identify(.) by extension 'python_setup_py'
[0.415s] Level 1:colcon.colcon_core.package_identification:_identify(build) by extensions ['ignore', 'ignore_ament_install']
[0.415s] Level 1:colcon.colcon_core.package_identification:_identify(build) by extension 'ignore'
[0.415s] Level 1:colcon.colcon_core.package_identification:_identify(build) ignored
[0.415s] Level 1:colcon.colcon_core.package_identification:_identify(install) by extensions ['ignore', 'ignore_ament_install']
[0.415s] Level 1:colcon.colcon_core.package_identification:_identify(install) by extension 'ignore'
[0.415s] Level 1:colcon.colcon_core.package_identification:_identify(install) ignored
[0.415s] Level 1:colcon.colcon_core.package_identification:_identify(log) by extensions ['ignore', 'ignore_ament_install']
[0.415s] Level 1:colcon.colcon_core.package_identification:_identify(log) by extension 'ignore'
[0.415s] Level 1:colcon.colcon_core.package_identification:_identify(log) ignored
[0.415s] Level 1:colcon.colcon_core.package_identification:_identify(src) by extensions ['ignore', 'ignore_ament_install']
[0.415s] Level 1:colcon.colcon_core.package_identification:_identify(src) by extension 'ignore'
[0.415s] Level 1:colcon.colcon_core.package_identification:_identify(src) by extension 'ignore_ament_install'
[0.415s] Level 1:colcon.colcon_core.package_identification:_identify(src) by extensions ['colcon_pkg']
[0.415s] Level 1:colcon.colcon_core.package_identification:_identify(src) by extension 'colcon_pkg'
[0.415s] Level 1:colcon.colcon_core.package_identification:_identify(src) by extensions ['colcon_meta']
[0.415s] Level 1:colcon.colcon_core.package_identification:_identify(src) by extension 'colcon_meta'
[0.415s] Level 1:colcon.colcon_core.package_identification:_identify(src) by extensions ['ros']
[0.415s] Level 1:colcon.colcon_core.package_identification:_identify(src) by extension 'ros'
[0.415s] Level 1:colcon.colcon_core.package_identification:_identify(src) by extensions ['cmake', 'python']
[0.415s] Level 1:colcon.colcon_core.package_identification:_identify(src) by extension 'cmake'
[0.415s] Level 1:colcon.colcon_core.package_identification:_identify(src) by extension 'python'
[0.415s] Level 1:colcon.colcon_core.package_identification:_identify(src) by extensions ['python_setup_py']
[0.415s] Level 1:colcon.colcon_core.package_identification:_identify(src) by extension 'python_setup_py'
[0.415s] Level 1:colcon.colcon_core.package_identification:_identify(src/base_interfaces) by extensions ['ignore', 'ignore_ament_install']
[0.415s] Level 1:colcon.colcon_core.package_identification:_identify(src/base_interfaces) by extension 'ignore'
[0.415s] Level 1:colcon.colcon_core.package_identification:_identify(src/base_interfaces) by extension 'ignore_ament_install'
[0.415s] Level 1:colcon.colcon_core.package_identification:_identify(src/base_interfaces) by extensions ['colcon_pkg']
[0.415s] Level 1:colcon.colcon_core.package_identification:_identify(src/base_interfaces) by extension 'colcon_pkg'
[0.415s] Level 1:colcon.colcon_core.package_identification:_identify(src/base_interfaces) by extensions ['colcon_meta']
[0.415s] Level 1:colcon.colcon_core.package_identification:_identify(src/base_interfaces) by extension 'colcon_meta'
[0.415s] Level 1:colcon.colcon_core.package_identification:_identify(src/base_interfaces) by extensions ['ros']
[0.415s] Level 1:colcon.colcon_core.package_identification:_identify(src/base_interfaces) by extension 'ros'
[0.417s] DEBUG:colcon.colcon_core.package_identification:Package 'src/base_interfaces' with type 'ros.ament_cmake' and name 'base_interfaces'
[0.417s] Level 1:colcon.colcon_core.package_identification:_identify(src/serial_com_rclcpp) by extensions ['ignore', 'ignore_ament_install']
[0.417s] Level 1:colcon.colcon_core.package_identification:_identify(src/serial_com_rclcpp) by extension 'ignore'
[0.417s] Level 1:colcon.colcon_core.package_identification:_identify(src/serial_com_rclcpp) by extension 'ignore_ament_install'
[0.417s] Level 1:colcon.colcon_core.package_identification:_identify(src/serial_com_rclcpp) by extensions ['colcon_pkg']
[0.417s] Level 1:colcon.colcon_core.package_identification:_identify(src/serial_com_rclcpp) by extension 'colcon_pkg'
[0.417s] Level 1:colcon.colcon_core.package_identification:_identify(src/serial_com_rclcpp) by extensions ['colcon_meta']
[0.417s] Level 1:colcon.colcon_core.package_identification:_identify(src/serial_com_rclcpp) by extension 'colcon_meta'
[0.417s] Level 1:colcon.colcon_core.package_identification:_identify(src/serial_com_rclcpp) by extensions ['ros']
[0.417s] Level 1:colcon.colcon_core.package_identification:_identify(src/serial_com_rclcpp) by extension 'ros'
[0.418s] DEBUG:colcon.colcon_core.package_identification:Package 'src/serial_com_rclcpp' with type 'ros.ament_cmake' and name 'serial_com_rclcpp'
[0.418s] Level 1:colcon.colcon_core.package_discovery:discover_packages(recursive) using defaults
[0.418s] Level 1:colcon.colcon_core.package_discovery:discover_packages(ignore) discover
[0.418s] Level 1:colcon.colcon_core.package_discovery:discover_packages(ignore) using defaults
[0.418s] Level 1:colcon.colcon_core.package_discovery:discover_packages(path) discover
[0.418s] Level 1:colcon.colcon_core.package_discovery:discover_packages(path) using defaults
[0.454s] Level 1:colcon.colcon_core.package_discovery:discover_packages(prefix_path) check parameters
[0.454s] Level 1:colcon.colcon_core.package_discovery:discover_packages(prefix_path) discover
[0.465s] DEBUG:colcon.colcon_installed_package_information.package_discovery:Found 2 installed packages in /home/vol/willgit/GxxArm_ws/install
[0.471s] DEBUG:colcon.colcon_installed_package_information.package_discovery:Found 270 installed packages in /opt/ros/humble
[0.471s] Level 1:colcon.colcon_core.package_discovery:discover_packages(prefix_path) using defaults
[0.510s] Level 5:colcon.colcon_core.verb:set package 'base_interfaces' build argument 'cmake_args' from command line to 'None'
[0.510s] Level 5:colcon.colcon_core.verb:set package 'base_interfaces' build argument 'cmake_target' from command line to 'None'
[0.510s] Level 5:colcon.colcon_core.verb:set package 'base_interfaces' build argument 'cmake_target_skip_unavailable' from command line to 'False'
[0.510s] Level 5:colcon.colcon_core.verb:set package 'base_interfaces' build argument 'cmake_clean_cache' from command line to 'False'
[0.510s] Level 5:colcon.colcon_core.verb:set package 'base_interfaces' build argument 'cmake_clean_first' from command line to 'False'
[0.510s] Level 5:colcon.colcon_core.verb:set package 'base_interfaces' build argument 'cmake_force_configure' from command line to 'False'
[0.510s] Level 5:colcon.colcon_core.verb:set package 'base_interfaces' build argument 'ament_cmake_args' from command line to 'None'
[0.510s] Level 5:colcon.colcon_core.verb:set package 'base_interfaces' build argument 'catkin_cmake_args' from command line to 'None'
[0.510s] Level 5:colcon.colcon_core.verb:set package 'base_interfaces' build argument 'catkin_skip_building_tests' from command line to 'False'
[0.510s] DEBUG:colcon.colcon_core.verb:Building package 'base_interfaces' with the following arguments: {'ament_cmake_args': None, 'build_base': '/home/vol/willgit/GxxArm_ws/build/base_interfaces', 'catkin_cmake_args': None, 'catkin_skip_building_tests': False, 'cmake_args': None, 'cmake_clean_cache': False, 'cmake_clean_first': False, 'cmake_force_configure': False, 'cmake_target': None, 'cmake_target_skip_unavailable': False, 'install_base': '/home/vol/willgit/GxxArm_ws/install/base_interfaces', 'merge_install': False, 'path': '/home/vol/willgit/GxxArm_ws/src/base_interfaces', 'symlink_install': False, 'test_result_base': None}
[0.515s] Level 5:colcon.colcon_core.verb:set package 'serial_com_rclcpp' build argument 'cmake_args' from command line to 'None'
[0.515s] Level 5:colcon.colcon_core.verb:set package 'serial_com_rclcpp' build argument 'cmake_target' from command line to 'None'
[0.515s] Level 5:colcon.colcon_core.verb:set package 'serial_com_rclcpp' build argument 'cmake_target_skip_unavailable' from command line to 'False'
[0.515s] Level 5:colcon.colcon_core.verb:set package 'serial_com_rclcpp' build argument 'cmake_clean_cache' from command line to 'False'
[0.515s] Level 5:colcon.colcon_core.verb:set package 'serial_com_rclcpp' build argument 'cmake_clean_first' from command line to 'False'
[0.515s] Level 5:colcon.colcon_core.verb:set package 'serial_com_rclcpp' build argument 'cmake_force_configure' from command line to 'False'
[0.515s] Level 5:colcon.colcon_core.verb:set package 'serial_com_rclcpp' build argument 'ament_cmake_args' from command line to 'None'
[0.515s] Level 5:colcon.colcon_core.verb:set package 'serial_com_rclcpp' build argument 'catkin_cmake_args' from command line to 'None'
[0.515s] Level 5:colcon.colcon_core.verb:set package 'serial_com_rclcpp' build argument 'catkin_skip_building_tests' from command line to 'False'
[0.515s] DEBUG:colcon.colcon_core.verb:Building package 'serial_com_rclcpp' with the following arguments: {'ament_cmake_args': None, 'build_base': '/home/vol/willgit/GxxArm_ws/build/serial_com_rclcpp', 'catkin_cmake_args': None, 'catkin_skip_building_tests': False, 'cmake_args': None, 'cmake_clean_cache': False, 'cmake_clean_first': False, 'cmake_force_configure': False, 'cmake_target': None, 'cmake_target_skip_unavailable': False, 'install_base': '/home/vol/willgit/GxxArm_ws/install/serial_com_rclcpp', 'merge_install': False, 'path': '/home/vol/willgit/GxxArm_ws/src/serial_com_rclcpp', 'symlink_install': False, 'test_result_base': None}
[0.521s] INFO:colcon.colcon_core.executor:Executing jobs using 'parallel' executor
[0.527s] DEBUG:colcon.colcon_parallel_executor.executor.parallel:run_until_complete
[0.527s] INFO:colcon.colcon_ros.task.ament_cmake.build:Building ROS package in '/home/vol/willgit/GxxArm_ws/src/base_interfaces' with build type 'ament_cmake'
[0.527s] INFO:colcon.colcon_cmake.task.cmake.build:Building CMake package in '/home/vol/willgit/GxxArm_ws/src/base_interfaces'
[0.533s] INFO:colcon.colcon_core.plugin_system:Skipping extension 'colcon_core.shell.bat': Not used on non-Windows systems
[0.533s] INFO:colcon.colcon_core.shell:Skip shell extension 'powershell' for command environment: Not usable outside of PowerShell
[0.533s] DEBUG:colcon.colcon_core.shell:Skip shell extension 'dsv' for command environment
[0.554s] DEBUG:colcon.colcon_core.event_handler.log_command:Invoking command in '/home/vol/willgit/GxxArm_ws/build/base_interfaces': CMAKE_PREFIX_PATH=${CMAKE_PREFIX_PATH}:/opt/ros/humble /usr/bin/cmake --build /home/vol/willgit/GxxArm_ws/build/base_interfaces -- -j20 -l20
[0.722s] DEBUG:colcon.colcon_core.event_handler.log_command:Invoked command in '/home/vol/willgit/GxxArm_ws/build/base_interfaces' returned '0': CMAKE_PREFIX_PATH=${CMAKE_PREFIX_PATH}:/opt/ros/humble /usr/bin/cmake --build /home/vol/willgit/GxxArm_ws/build/base_interfaces -- -j20 -l20
[0.756s] DEBUG:colcon.colcon_core.event_handler.log_command:Invoking command in '/home/vol/willgit/GxxArm_ws/build/base_interfaces': CMAKE_PREFIX_PATH=${CMAKE_PREFIX_PATH}:/opt/ros/humble /usr/bin/cmake --install /home/vol/willgit/GxxArm_ws/build/base_interfaces
[0.783s] Level 1:colcon.colcon_core.environment:create_environment_scripts_only(base_interfaces)
[0.784s] DEBUG:colcon.colcon_core.event_handler.log_command:Invoked command in '/home/vol/willgit/GxxArm_ws/build/base_interfaces' returned '0': CMAKE_PREFIX_PATH=${CMAKE_PREFIX_PATH}:/opt/ros/humble /usr/bin/cmake --install /home/vol/willgit/GxxArm_ws/build/base_interfaces
[0.790s] Level 1:colcon.colcon_core.environment:checking '/home/vol/willgit/GxxArm_ws/install/base_interfaces' for CMake module files
[0.791s] Level 1:colcon.colcon_core.environment:checking '/home/vol/willgit/GxxArm_ws/install/base_interfaces' for CMake config files
[0.791s] Level 1:colcon.colcon_core.shell:create_environment_hook('base_interfaces', 'cmake_prefix_path')
[0.796s] INFO:colcon.colcon_core.shell:Creating environment hook '/home/vol/willgit/GxxArm_ws/install/base_interfaces/share/base_interfaces/hook/cmake_prefix_path.ps1'
[0.797s] INFO:colcon.colcon_core.shell:Creating environment descriptor '/home/vol/willgit/GxxArm_ws/install/base_interfaces/share/base_interfaces/hook/cmake_prefix_path.dsv'
[0.797s] INFO:colcon.colcon_core.shell:Creating environment hook '/home/vol/willgit/GxxArm_ws/install/base_interfaces/share/base_interfaces/hook/cmake_prefix_path.sh'
[0.797s] Level 1:colcon.colcon_core.environment:checking '/home/vol/willgit/GxxArm_ws/install/base_interfaces/lib'
[0.797s] Level 1:colcon.colcon_core.shell:create_environment_hook('base_interfaces', 'ld_library_path_lib')
[0.803s] INFO:colcon.colcon_core.shell:Creating environment hook '/home/vol/willgit/GxxArm_ws/install/base_interfaces/share/base_interfaces/hook/ld_library_path_lib.ps1'
[0.803s] INFO:colcon.colcon_core.shell:Creating environment descriptor '/home/vol/willgit/GxxArm_ws/install/base_interfaces/share/base_interfaces/hook/ld_library_path_lib.dsv'
[0.803s] INFO:colcon.colcon_core.shell:Creating environment hook '/home/vol/willgit/GxxArm_ws/install/base_interfaces/share/base_interfaces/hook/ld_library_path_lib.sh'
[0.804s] Level 1:colcon.colcon_core.environment:checking '/home/vol/willgit/GxxArm_ws/install/base_interfaces/bin'
[0.804s] Level 1:colcon.colcon_core.environment:checking '/home/vol/willgit/GxxArm_ws/install/base_interfaces/lib/pkgconfig/base_interfaces.pc'
[0.804s] Level 1:colcon.colcon_core.environment:checking '/home/vol/willgit/GxxArm_ws/install/base_interfaces/lib/python3.10/site-packages'
[0.804s] Level 1:colcon.colcon_core.environment:checking '/home/vol/willgit/GxxArm_ws/install/base_interfaces/bin'
[0.809s] INFO:colcon.colcon_core.shell:Creating package script '/home/vol/willgit/GxxArm_ws/install/base_interfaces/share/base_interfaces/package.ps1'
[0.810s] INFO:colcon.colcon_core.shell:Creating package descriptor '/home/vol/willgit/GxxArm_ws/install/base_interfaces/share/base_interfaces/package.dsv'
[0.810s] INFO:colcon.colcon_core.shell:Creating package script '/home/vol/willgit/GxxArm_ws/install/base_interfaces/share/base_interfaces/package.sh'
[0.810s] INFO:colcon.colcon_core.shell:Creating package script '/home/vol/willgit/GxxArm_ws/install/base_interfaces/share/base_interfaces/package.bash'
[0.810s] INFO:colcon.colcon_core.shell:Creating package script '/home/vol/willgit/GxxArm_ws/install/base_interfaces/share/base_interfaces/package.zsh'
[0.811s] Level 1:colcon.colcon_core.environment:create_file_with_runtime_dependencies(/home/vol/willgit/GxxArm_ws/install/base_interfaces/share/colcon-core/packages/base_interfaces)
[0.845s] Level 1:colcon.colcon_core.environment:create_environment_scripts_only(base_interfaces)
[0.851s] Level 1:colcon.colcon_core.environment:checking '/home/vol/willgit/GxxArm_ws/install/base_interfaces' for CMake module files
[0.851s] Level 1:colcon.colcon_core.environment:checking '/home/vol/willgit/GxxArm_ws/install/base_interfaces' for CMake config files
[0.851s] Level 1:colcon.colcon_core.shell:create_environment_hook('base_interfaces', 'cmake_prefix_path')
[0.857s] INFO:colcon.colcon_core.shell:Creating environment hook '/home/vol/willgit/GxxArm_ws/install/base_interfaces/share/base_interfaces/hook/cmake_prefix_path.ps1'
[0.857s] INFO:colcon.colcon_core.shell:Creating environment descriptor '/home/vol/willgit/GxxArm_ws/install/base_interfaces/share/base_interfaces/hook/cmake_prefix_path.dsv'
[0.857s] INFO:colcon.colcon_core.shell:Creating environment hook '/home/vol/willgit/GxxArm_ws/install/base_interfaces/share/base_interfaces/hook/cmake_prefix_path.sh'
[0.857s] Level 1:colcon.colcon_core.environment:checking '/home/vol/willgit/GxxArm_ws/install/base_interfaces/lib'
[0.858s] Level 1:colcon.colcon_core.shell:create_environment_hook('base_interfaces', 'ld_library_path_lib')
[0.863s] INFO:colcon.colcon_core.shell:Creating environment hook '/home/vol/willgit/GxxArm_ws/install/base_interfaces/share/base_interfaces/hook/ld_library_path_lib.ps1'
[0.863s] INFO:colcon.colcon_core.shell:Creating environment descriptor '/home/vol/willgit/GxxArm_ws/install/base_interfaces/share/base_interfaces/hook/ld_library_path_lib.dsv'
[0.863s] INFO:colcon.colcon_core.shell:Creating environment hook '/home/vol/willgit/GxxArm_ws/install/base_interfaces/share/base_interfaces/hook/ld_library_path_lib.sh'
[0.863s] Level 1:colcon.colcon_core.environment:checking '/home/vol/willgit/GxxArm_ws/install/base_interfaces/bin'
[0.863s] Level 1:colcon.colcon_core.environment:checking '/home/vol/willgit/GxxArm_ws/install/base_interfaces/lib/pkgconfig/base_interfaces.pc'
[0.864s] Level 1:colcon.colcon_core.environment:checking '/home/vol/willgit/GxxArm_ws/install/base_interfaces/lib/python3.10/site-packages'
[0.864s] Level 1:colcon.colcon_core.environment:checking '/home/vol/willgit/GxxArm_ws/install/base_interfaces/bin'
[0.869s] INFO:colcon.colcon_core.shell:Creating package script '/home/vol/willgit/GxxArm_ws/install/base_interfaces/share/base_interfaces/package.ps1'
[0.869s] INFO:colcon.colcon_core.shell:Creating package descriptor '/home/vol/willgit/GxxArm_ws/install/base_interfaces/share/base_interfaces/package.dsv'
[0.870s] INFO:colcon.colcon_core.shell:Creating package script '/home/vol/willgit/GxxArm_ws/install/base_interfaces/share/base_interfaces/package.sh'
[0.870s] INFO:colcon.colcon_core.shell:Creating package script '/home/vol/willgit/GxxArm_ws/install/base_interfaces/share/base_interfaces/package.bash'
[0.870s] INFO:colcon.colcon_core.shell:Creating package script '/home/vol/willgit/GxxArm_ws/install/base_interfaces/share/base_interfaces/package.zsh'
[0.870s] Level 1:colcon.colcon_core.environment:create_file_with_runtime_dependencies(/home/vol/willgit/GxxArm_ws/install/base_interfaces/share/colcon-core/packages/base_interfaces)
[0.870s] INFO:colcon.colcon_ros.task.ament_cmake.build:Building ROS package in '/home/vol/willgit/GxxArm_ws/src/serial_com_rclcpp' with build type 'ament_cmake'
[0.870s] INFO:colcon.colcon_cmake.task.cmake.build:Building CMake package in '/home/vol/willgit/GxxArm_ws/src/serial_com_rclcpp'
[0.876s] INFO:colcon.colcon_core.shell:Skip shell extension 'powershell' for command environment: Not usable outside of PowerShell
[0.876s] DEBUG:colcon.colcon_core.shell:Skip shell extension 'dsv' for command environment
[0.897s] DEBUG:colcon.colcon_core.event_handler.log_command:Invoking command in '/home/vol/willgit/GxxArm_ws/build/serial_com_rclcpp': CMAKE_PREFIX_PATH=/home/vol/willgit/GxxArm_ws/install/base_interfaces:/home/vol/willgit/GxxArm_ws/install/serial_com_rclcpp:/opt/ros/humble /usr/bin/cmake --build /home/vol/willgit/GxxArm_ws/build/serial_com_rclcpp -- -j20 -l20
[3.128s] DEBUG:colcon.colcon_core.event_handler.log_command:Invoked command in '/home/vol/willgit/GxxArm_ws/build/serial_com_rclcpp' returned '0': CMAKE_PREFIX_PATH=/home/vol/willgit/GxxArm_ws/install/base_interfaces:/home/vol/willgit/GxxArm_ws/install/serial_com_rclcpp:/opt/ros/humble /usr/bin/cmake --build /home/vol/willgit/GxxArm_ws/build/serial_com_rclcpp -- -j20 -l20
[3.142s] DEBUG:colcon.colcon_core.event_handler.log_command:Invoking command in '/home/vol/willgit/GxxArm_ws/build/serial_com_rclcpp': CMAKE_PREFIX_PATH=/home/vol/willgit/GxxArm_ws/install/base_interfaces:/home/vol/willgit/GxxArm_ws/install/serial_com_rclcpp:/opt/ros/humble /usr/bin/cmake --install /home/vol/willgit/GxxArm_ws/build/serial_com_rclcpp
[3.147s] Level 1:colcon.colcon_core.environment:create_environment_scripts_only(serial_com_rclcpp)
[3.147s] DEBUG:colcon.colcon_core.event_handler.log_command:Invoked command in '/home/vol/willgit/GxxArm_ws/build/serial_com_rclcpp' returned '0': CMAKE_PREFIX_PATH=/home/vol/willgit/GxxArm_ws/install/base_interfaces:/home/vol/willgit/GxxArm_ws/install/serial_com_rclcpp:/opt/ros/humble /usr/bin/cmake --install /home/vol/willgit/GxxArm_ws/build/serial_com_rclcpp
[3.160s] Level 1:colcon.colcon_core.environment:checking '/home/vol/willgit/GxxArm_ws/install/serial_com_rclcpp' for CMake module files
[3.160s] Level 1:colcon.colcon_core.environment:checking '/home/vol/willgit/GxxArm_ws/install/serial_com_rclcpp' for CMake config files
[3.160s] Level 1:colcon.colcon_core.shell:create_environment_hook('serial_com_rclcpp', 'cmake_prefix_path')
[3.166s] INFO:colcon.colcon_core.shell:Creating environment hook '/home/vol/willgit/GxxArm_ws/install/serial_com_rclcpp/share/serial_com_rclcpp/hook/cmake_prefix_path.ps1'
[3.166s] INFO:colcon.colcon_core.shell:Creating environment descriptor '/home/vol/willgit/GxxArm_ws/install/serial_com_rclcpp/share/serial_com_rclcpp/hook/cmake_prefix_path.dsv'
[3.167s] INFO:colcon.colcon_core.shell:Creating environment hook '/home/vol/willgit/GxxArm_ws/install/serial_com_rclcpp/share/serial_com_rclcpp/hook/cmake_prefix_path.sh'
[3.167s] Level 1:colcon.colcon_core.environment:checking '/home/vol/willgit/GxxArm_ws/install/serial_com_rclcpp/lib'
[3.167s] Level 1:colcon.colcon_core.environment:checking '/home/vol/willgit/GxxArm_ws/install/serial_com_rclcpp/bin'
[3.167s] Level 1:colcon.colcon_core.environment:checking '/home/vol/willgit/GxxArm_ws/install/serial_com_rclcpp/lib/pkgconfig/serial_com_rclcpp.pc'
[3.167s] Level 1:colcon.colcon_core.environment:checking '/home/vol/willgit/GxxArm_ws/install/serial_com_rclcpp/lib/python3.10/site-packages'
[3.167s] Level 1:colcon.colcon_core.environment:checking '/home/vol/willgit/GxxArm_ws/install/serial_com_rclcpp/bin'
[3.173s] INFO:colcon.colcon_core.shell:Creating package script '/home/vol/willgit/GxxArm_ws/install/serial_com_rclcpp/share/serial_com_rclcpp/package.ps1'
[3.173s] INFO:colcon.colcon_core.shell:Creating package descriptor '/home/vol/willgit/GxxArm_ws/install/serial_com_rclcpp/share/serial_com_rclcpp/package.dsv'
[3.173s] INFO:colcon.colcon_core.shell:Creating package script '/home/vol/willgit/GxxArm_ws/install/serial_com_rclcpp/share/serial_com_rclcpp/package.sh'
[3.173s] INFO:colcon.colcon_core.shell:Creating package script '/home/vol/willgit/GxxArm_ws/install/serial_com_rclcpp/share/serial_com_rclcpp/package.bash'
[3.173s] INFO:colcon.colcon_core.shell:Creating package script '/home/vol/willgit/GxxArm_ws/install/serial_com_rclcpp/share/serial_com_rclcpp/package.zsh'
[3.174s] Level 1:colcon.colcon_core.environment:create_file_with_runtime_dependencies(/home/vol/willgit/GxxArm_ws/install/serial_com_rclcpp/share/colcon-core/packages/serial_com_rclcpp)
[3.194s] Level 1:colcon.colcon_core.environment:create_environment_scripts_only(serial_com_rclcpp)
[3.200s] Level 1:colcon.colcon_core.environment:checking '/home/vol/willgit/GxxArm_ws/install/serial_com_rclcpp' for CMake module files
[3.200s] Level 1:colcon.colcon_core.environment:checking '/home/vol/willgit/GxxArm_ws/install/serial_com_rclcpp' for CMake config files
[3.200s] Level 1:colcon.colcon_core.shell:create_environment_hook('serial_com_rclcpp', 'cmake_prefix_path')
[3.206s] INFO:colcon.colcon_core.shell:Creating environment hook '/home/vol/willgit/GxxArm_ws/install/serial_com_rclcpp/share/serial_com_rclcpp/hook/cmake_prefix_path.ps1'
[3.206s] INFO:colcon.colcon_core.shell:Creating environment descriptor '/home/vol/willgit/GxxArm_ws/install/serial_com_rclcpp/share/serial_com_rclcpp/hook/cmake_prefix_path.dsv'
[3.206s] INFO:colcon.colcon_core.shell:Creating environment hook '/home/vol/willgit/GxxArm_ws/install/serial_com_rclcpp/share/serial_com_rclcpp/hook/cmake_prefix_path.sh'
[3.206s] Level 1:colcon.colcon_core.environment:checking '/home/vol/willgit/GxxArm_ws/install/serial_com_rclcpp/lib'
[3.206s] Level 1:colcon.colcon_core.environment:checking '/home/vol/willgit/GxxArm_ws/install/serial_com_rclcpp/bin'
[3.206s] Level 1:colcon.colcon_core.environment:checking '/home/vol/willgit/GxxArm_ws/install/serial_com_rclcpp/lib/pkgconfig/serial_com_rclcpp.pc'
[3.206s] Level 1:colcon.colcon_core.environment:checking '/home/vol/willgit/GxxArm_ws/install/serial_com_rclcpp/lib/python3.10/site-packages'
[3.207s] Level 1:colcon.colcon_core.environment:checking '/home/vol/willgit/GxxArm_ws/install/serial_com_rclcpp/bin'
[3.212s] INFO:colcon.colcon_core.shell:Creating package script '/home/vol/willgit/GxxArm_ws/install/serial_com_rclcpp/share/serial_com_rclcpp/package.ps1'
[3.212s] INFO:colcon.colcon_core.shell:Creating package descriptor '/home/vol/willgit/GxxArm_ws/install/serial_com_rclcpp/share/serial_com_rclcpp/package.dsv'
[3.213s] INFO:colcon.colcon_core.shell:Creating package script '/home/vol/willgit/GxxArm_ws/install/serial_com_rclcpp/share/serial_com_rclcpp/package.sh'
[3.213s] INFO:colcon.colcon_core.shell:Creating package script '/home/vol/willgit/GxxArm_ws/install/serial_com_rclcpp/share/serial_com_rclcpp/package.bash'
[3.213s] INFO:colcon.colcon_core.shell:Creating package script '/home/vol/willgit/GxxArm_ws/install/serial_com_rclcpp/share/serial_com_rclcpp/package.zsh'
[3.213s] Level 1:colcon.colcon_core.environment:create_file_with_runtime_dependencies(/home/vol/willgit/GxxArm_ws/install/serial_com_rclcpp/share/colcon-core/packages/serial_com_rclcpp)
[3.213s] DEBUG:colcon.colcon_parallel_executor.executor.parallel:closing loop
[3.213s] DEBUG:colcon.colcon_parallel_executor.executor.parallel:loop closed
[3.213s] DEBUG:colcon.colcon_parallel_executor.executor.parallel:run_until_complete finished with '0'
[3.214s] DEBUG:colcon.colcon_core.event_reactor:joining thread
[3.221s] INFO:colcon.colcon_core.plugin_system:Skipping extension 'colcon_notification.desktop_notification.terminal_notifier': Not used on non-Darwin systems
[3.221s] INFO:colcon.colcon_core.plugin_system:Skipping extension 'colcon_notification.desktop_notification.win32': Not used on non-Windows systems
[3.221s] INFO:colcon.colcon_notification.desktop_notification:Sending desktop notification using 'notify2'
[3.230s] DEBUG:colcon.colcon_core.event_reactor:joined thread
[3.236s] INFO:colcon.colcon_core.shell:Creating prefix script '/home/vol/willgit/GxxArm_ws/install/local_setup.ps1'
[3.237s] INFO:colcon.colcon_core.shell:Creating prefix util module '/home/vol/willgit/GxxArm_ws/install/_local_setup_util_ps1.py'
[3.237s] INFO:colcon.colcon_core.shell:Creating prefix chain script '/home/vol/willgit/GxxArm_ws/install/setup.ps1'
[3.243s] INFO:colcon.colcon_core.shell:Creating prefix script '/home/vol/willgit/GxxArm_ws/install/local_setup.sh'
[3.243s] INFO:colcon.colcon_core.shell:Creating prefix util module '/home/vol/willgit/GxxArm_ws/install/_local_setup_util_sh.py'
[3.244s] INFO:colcon.colcon_core.shell:Creating prefix chain script '/home/vol/willgit/GxxArm_ws/install/setup.sh'
[3.249s] INFO:colcon.colcon_core.shell:Creating prefix script '/home/vol/willgit/GxxArm_ws/install/local_setup.bash'
[3.250s] INFO:colcon.colcon_core.shell:Creating prefix chain script '/home/vol/willgit/GxxArm_ws/install/setup.bash'
[3.255s] INFO:colcon.colcon_core.shell:Creating prefix script '/home/vol/willgit/GxxArm_ws/install/local_setup.zsh'
[3.256s] INFO:colcon.colcon_core.shell:Creating prefix chain script '/home/vol/willgit/GxxArm_ws/install/setup.zsh'
