[0.022s] Invoking command in '/home/vol/willgit/GxxArm_ws/build/base_interfaces': CMAKE_PREFIX_PATH=/opt/ros/humble CONDA_PROMPT_MODIFIER=(base) /usr/bin/cmake --build /home/vol/willgit/GxxArm_ws/build/base_interfaces -- -j20 -l20
[0.036s] -- Found ament_cmake: 1.3.8 (/opt/ros/humble/share/ament_cmake/cmake)
[0.105s] -- Found rosidl_default_generators: 1.2.0 (/opt/ros/humble/share/rosidl_default_generators/cmake)
[0.106s] -- Using all available rosidl_typesupport_c: rosidl_typesupport_fastrtps_c;rosidl_typesupport_introspection_c
[0.108s] -- Found rosidl_adapter: 3.1.5 (/opt/ros/humble/share/rosidl_adapter/cmake)
[0.124s] -- Using all available rosidl_typesupport_cpp: rosidl_typesupport_fastrtps_cpp;rosidl_typesupport_introspection_cpp
[0.138s] -- Found geometry_msgs: 4.2.3 (/opt/ros/humble/share/geometry_msgs/cmake)
[0.364s] -- Found ament_cmake_ros: 0.10.0 (/opt/ros/humble/share/ament_cmake_ros/cmake)
[0.497s] -- Using all available rosidl_typesupport_c: rosidl_typesupport_fastrtps_c;rosidl_typesupport_introspection_c
[0.670s] -- Using all available rosidl_typesupport_cpp: rosidl_typesupport_fastrtps_cpp;rosidl_typesupport_introspection_cpp
[0.682s] -- Found python_cmake_module: 0.10.0 (/opt/ros/humble/share/python_cmake_module/cmake)
[0.694s] -- Using PYTHON_EXECUTABLE: /usr/bin/python3
[0.694s] -- Using PYTHON_INCLUDE_DIRS: /usr/include/python3.10
[0.694s] -- Using PYTHON_LIBRARIES: /usr/lib/x86_64-linux-gnu/libpython3.10.so
[0.712s] -- Found ament_lint_auto: 0.12.10 (/opt/ros/humble/share/ament_lint_auto/cmake)
[0.721s] -- Added test 'cppcheck' to perform static code analysis on C / C++ code
[0.722s] -- Configured cppcheck include dirs: 
[0.722s] -- Configured cppcheck exclude dirs and/or files: 
[0.722s] -- Added test 'flake8' to check Python code syntax and style conventions
[0.724s] -- Added test 'lint_cmake' to check CMake code style
[0.725s] -- Added test 'pep257' to check Python code against some of the docstring style conventions in PEP 257
[0.730s] -- Added test 'uncrustify' to check C / C++ code style
[0.730s] -- Configured uncrustify additional arguments: 
[0.731s] -- Added test 'xmllint' to check XML markup files
[0.732s] -- Configuring done
[0.753s] -- Generating done
[0.755s] -- Build files have been written to: /home/vol/willgit/GxxArm_ws/build/base_interfaces
[0.770s] [  1%] [34m[1mGenerating C code for ROS interfaces[0m
[0.775s] [  3%] [34m[1mGenerating C++ code for ROS interfaces[0m
[0.781s] [  3%] Built target ament_cmake_python_copy_base_interfaces
[0.907s] running egg_info
[0.908s] writing base_interfaces.egg-info/PKG-INFO
[0.908s] writing dependency_links to base_interfaces.egg-info/dependency_links.txt
[0.908s] writing top-level names to base_interfaces.egg-info/top_level.txt
[0.909s] reading manifest file 'base_interfaces.egg-info/SOURCES.txt'
[0.909s] writing manifest file 'base_interfaces.egg-info/SOURCES.txt'
[0.927s] [  3%] Built target ament_cmake_python_build_base_interfaces_egg
[1.028s] [35m[1mConsolidate compiler generated dependencies of target base_interfaces__rosidl_generator_c[0m
[1.037s] [  3%] Built target base_interfaces__cpp
[1.038s] [  9%] [32mBuilding C object CMakeFiles/base_interfaces__rosidl_generator_c.dir/rosidl_generator_c/base_interfaces/msg/detail/robot_pose__functions.c.o[0m
[1.038s] [  9%] [32mBuilding C object CMakeFiles/base_interfaces__rosidl_generator_c.dir/rosidl_generator_c/base_interfaces/srv/detail/arm_angle__functions.c.o[0m
[1.038s] [  9%] [32mBuilding C object CMakeFiles/base_interfaces__rosidl_generator_c.dir/rosidl_generator_c/base_interfaces/msg/detail/robot_status__functions.c.o[0m
[1.038s] [ 10%] [32mBuilding C object CMakeFiles/base_interfaces__rosidl_generator_c.dir/rosidl_generator_c/base_interfaces/srv/detail/vision_angle__functions.c.o[0m
[1.045s] [ 16%] [34m[1mGenerating C++ type support dispatch for ROS interfaces[0m
[1.045s] [ 16%] [34m[1mGenerating C++ introspection for ROS interfaces[0m
[1.045s] [ 16%] [34m[1mGenerating C++ type support for eProsima Fast-RTPS[0m
[1.080s] [ 18%] [32m[1mLinking C shared library libbase_interfaces__rosidl_generator_c.so[0m
[1.105s] [ 18%] Built target base_interfaces__rosidl_generator_c
[1.112s] [ 21%] [34m[1mGenerating C introspection for ROS interfaces[0m
[1.112s] [ 23%] [34m[1mGenerating C type support for eProsima Fast-RTPS[0m
[1.112s] [ 23%] [34m[1mGenerating C type support dispatch for ROS interfaces[0m
[1.272s] [35m[1mConsolidate compiler generated dependencies of target base_interfaces__rosidl_typesupport_cpp[0m
[1.283s] [ 29%] [32mBuilding CXX object CMakeFiles/base_interfaces__rosidl_typesupport_cpp.dir/rosidl_typesupport_cpp/base_interfaces/msg/robot_pose__type_support.cpp.o[0m
[1.283s] [ 29%] [32mBuilding CXX object CMakeFiles/base_interfaces__rosidl_typesupport_cpp.dir/rosidl_typesupport_cpp/base_interfaces/srv/arm_angle__type_support.cpp.o[0m
[1.283s] [ 29%] [32mBuilding CXX object CMakeFiles/base_interfaces__rosidl_typesupport_cpp.dir/rosidl_typesupport_cpp/base_interfaces/msg/robot_status__type_support.cpp.o[0m
[1.285s] [ 30%] [32mBuilding CXX object CMakeFiles/base_interfaces__rosidl_typesupport_cpp.dir/rosidl_typesupport_cpp/base_interfaces/srv/vision_angle__type_support.cpp.o[0m
[1.302s] [35m[1mConsolidate compiler generated dependencies of target base_interfaces__rosidl_typesupport_introspection_cpp[0m
[1.315s] [ 32%] [32mBuilding CXX object CMakeFiles/base_interfaces__rosidl_typesupport_introspection_cpp.dir/rosidl_typesupport_introspection_cpp/base_interfaces/srv/detail/arm_angle__type_support.cpp.o[0m
[1.315s] [ 34%] [32mBuilding CXX object CMakeFiles/base_interfaces__rosidl_typesupport_introspection_cpp.dir/rosidl_typesupport_introspection_cpp/base_interfaces/msg/detail/robot_status__type_support.cpp.o[0m
[1.315s] [ 36%] [32mBuilding CXX object CMakeFiles/base_interfaces__rosidl_typesupport_introspection_cpp.dir/rosidl_typesupport_introspection_cpp/base_interfaces/srv/detail/vision_angle__type_support.cpp.o[0m
[1.318s] [ 38%] [32mBuilding CXX object CMakeFiles/base_interfaces__rosidl_typesupport_introspection_cpp.dir/rosidl_typesupport_introspection_cpp/base_interfaces/msg/detail/robot_pose__type_support.cpp.o[0m
[1.357s] [35m[1mConsolidate compiler generated dependencies of target base_interfaces__rosidl_typesupport_fastrtps_cpp[0m
[1.358s] [35m[1mConsolidate compiler generated dependencies of target base_interfaces__rosidl_typesupport_c[0m
[1.370s] [ 41%] [32mBuilding CXX object CMakeFiles/base_interfaces__rosidl_typesupport_c.dir/rosidl_typesupport_c/base_interfaces/msg/robot_pose__type_support.cpp.o[0m
[1.370s] [ 41%] [32mBuilding CXX object CMakeFiles/base_interfaces__rosidl_typesupport_c.dir/rosidl_typesupport_c/base_interfaces/msg/robot_status__type_support.cpp.o[0m
[1.370s] [ 43%] [32mBuilding CXX object CMakeFiles/base_interfaces__rosidl_typesupport_c.dir/rosidl_typesupport_c/base_interfaces/srv/arm_angle__type_support.cpp.o[0m
[1.375s] [ 45%] [32mBuilding CXX object CMakeFiles/base_interfaces__rosidl_typesupport_fastrtps_cpp.dir/rosidl_typesupport_fastrtps_cpp/base_interfaces/msg/detail/dds_fastrtps/robot_pose__type_support.cpp.o[0m
[1.375s] [ 47%] [32mBuilding CXX object CMakeFiles/base_interfaces__rosidl_typesupport_fastrtps_cpp.dir/rosidl_typesupport_fastrtps_cpp/base_interfaces/srv/detail/dds_fastrtps/vision_angle__type_support.cpp.o[0m
[1.375s] [ 49%] [32mBuilding CXX object CMakeFiles/base_interfaces__rosidl_typesupport_fastrtps_cpp.dir/rosidl_typesupport_fastrtps_cpp/base_interfaces/srv/detail/dds_fastrtps/arm_angle__type_support.cpp.o[0m
[1.383s] [ 50%] [32mBuilding CXX object CMakeFiles/base_interfaces__rosidl_typesupport_c.dir/rosidl_typesupport_c/base_interfaces/srv/vision_angle__type_support.cpp.o[0m
[1.402s] [ 52%] [32mBuilding CXX object CMakeFiles/base_interfaces__rosidl_typesupport_fastrtps_cpp.dir/rosidl_typesupport_fastrtps_cpp/base_interfaces/msg/detail/dds_fastrtps/robot_status__type_support.cpp.o[0m
[1.482s] [ 54%] [32m[1mLinking CXX shared library libbase_interfaces__rosidl_typesupport_c.so[0m
[1.507s] [35m[1mConsolidate compiler generated dependencies of target base_interfaces__rosidl_typesupport_introspection_c[0m
[1.536s] [ 58%] [32mBuilding C object CMakeFiles/base_interfaces__rosidl_typesupport_introspection_c.dir/rosidl_typesupport_introspection_c/base_interfaces/srv/detail/arm_angle__type_support.c.o[0m
[1.538s] [ 58%] [32mBuilding C object CMakeFiles/base_interfaces__rosidl_typesupport_introspection_c.dir/rosidl_typesupport_introspection_c/base_interfaces/msg/detail/robot_status__type_support.c.o[0m
[1.538s] [ 60%] [32mBuilding C object CMakeFiles/base_interfaces__rosidl_typesupport_introspection_c.dir/rosidl_typesupport_introspection_c/base_interfaces/msg/detail/robot_pose__type_support.c.o[0m
[1.549s] [ 61%] [32mBuilding C object CMakeFiles/base_interfaces__rosidl_typesupport_introspection_c.dir/rosidl_typesupport_introspection_c/base_interfaces/srv/detail/vision_angle__type_support.c.o[0m
[1.563s] [ 61%] Built target base_interfaces__rosidl_typesupport_c
[1.579s] [35m[1mConsolidate compiler generated dependencies of target base_interfaces__rosidl_typesupport_fastrtps_c[0m
[1.596s] [ 63%] [32m[1mLinking C shared library libbase_interfaces__rosidl_typesupport_introspection_c.so[0m
[1.604s] [ 65%] [32mBuilding CXX object CMakeFiles/base_interfaces__rosidl_typesupport_fastrtps_c.dir/rosidl_typesupport_fastrtps_c/base_interfaces/srv/detail/vision_angle__type_support_c.cpp.o[0m
[1.604s] [ 67%] [32mBuilding CXX object CMakeFiles/base_interfaces__rosidl_typesupport_fastrtps_c.dir/rosidl_typesupport_fastrtps_c/base_interfaces/msg/detail/robot_pose__type_support_c.cpp.o[0m
[1.604s] [ 70%] [32mBuilding CXX object CMakeFiles/base_interfaces__rosidl_typesupport_fastrtps_c.dir/rosidl_typesupport_fastrtps_c/base_interfaces/srv/detail/arm_angle__type_support_c.cpp.o[0m
[1.605s] [ 70%] [32mBuilding CXX object CMakeFiles/base_interfaces__rosidl_typesupport_fastrtps_c.dir/rosidl_typesupport_fastrtps_c/base_interfaces/msg/detail/robot_status__type_support_c.cpp.o[0m
[1.646s] [ 70%] Built target base_interfaces__rosidl_typesupport_introspection_c
[1.664s] [ 72%] [32m[1mLinking CXX shared library libbase_interfaces__rosidl_typesupport_cpp.so[0m
[1.731s] [ 72%] Built target base_interfaces__rosidl_typesupport_cpp
[1.812s] [ 74%] [32m[1mLinking CXX shared library libbase_interfaces__rosidl_typesupport_introspection_cpp.so[0m
[1.846s] [ 74%] Built target base_interfaces__rosidl_typesupport_introspection_cpp
[1.881s] [ 76%] [32m[1mLinking CXX shared library libbase_interfaces__rosidl_typesupport_fastrtps_cpp.so[0m
[1.910s] [ 78%] [32m[1mLinking CXX shared library libbase_interfaces__rosidl_typesupport_fastrtps_c.so[0m
[1.928s] [ 78%] Built target base_interfaces__rosidl_typesupport_fastrtps_cpp
[1.954s] [ 78%] Built target base_interfaces__rosidl_typesupport_fastrtps_c
[1.965s] [ 78%] Built target base_interfaces
[1.975s] [ 80%] [34m[1mGenerating Python code for ROS interfaces[0m
[2.341s] [ 80%] Built target base_interfaces__py
[2.346s] [35m[1mConsolidate compiler generated dependencies of target base_interfaces__rosidl_generator_py[0m
[2.354s] [ 81%] [32mBuilding C object CMakeFiles/base_interfaces__rosidl_generator_py.dir/rosidl_generator_py/base_interfaces/msg/_robot_pose_s.c.o[0m
[2.354s] [ 83%] [32mBuilding C object CMakeFiles/base_interfaces__rosidl_generator_py.dir/rosidl_generator_py/base_interfaces/msg/_robot_status_s.c.o[0m
[2.355s] [ 85%] [32mBuilding C object CMakeFiles/base_interfaces__rosidl_generator_py.dir/rosidl_generator_py/base_interfaces/srv/_arm_angle_s.c.o[0m
[2.355s] [ 87%] [32mBuilding C object CMakeFiles/base_interfaces__rosidl_generator_py.dir/rosidl_generator_py/base_interfaces/srv/_vision_angle_s.c.o[0m
[2.420s] [ 89%] [32m[1mLinking C shared library rosidl_generator_py/base_interfaces/libbase_interfaces__rosidl_generator_py.so[0m
[2.443s] [ 89%] Built target base_interfaces__rosidl_generator_py
[2.448s] [35m[1mConsolidate compiler generated dependencies of target base_interfaces__rosidl_typesupport_fastrtps_c__pyext[0m
[2.449s] [35m[1mConsolidate compiler generated dependencies of target base_interfaces__rosidl_typesupport_introspection_c__pyext[0m
[2.449s] [35m[1mConsolidate compiler generated dependencies of target base_interfaces__rosidl_typesupport_c__pyext[0m
[2.456s] [ 94%] [32mBuilding C object CMakeFiles/base_interfaces__rosidl_typesupport_c__pyext.dir/rosidl_generator_py/base_interfaces/_base_interfaces_s.ep.rosidl_typesupport_c.c.o[0m
[2.456s] [ 94%] [32mBuilding C object CMakeFiles/base_interfaces__rosidl_typesupport_fastrtps_c__pyext.dir/rosidl_generator_py/base_interfaces/_base_interfaces_s.ep.rosidl_typesupport_fastrtps_c.c.o[0m
[2.456s] [ 94%] [32mBuilding C object CMakeFiles/base_interfaces__rosidl_typesupport_introspection_c__pyext.dir/rosidl_generator_py/base_interfaces/_base_interfaces_s.ep.rosidl_typesupport_introspection_c.c.o[0m
[2.518s] [100%] [32m[1mLinking C shared library rosidl_generator_py/base_interfaces/base_interfaces_s__rosidl_typesupport_c.cpython-310-x86_64-linux-gnu.so[0m
[2.518s] [100%] [32m[1mLinking C shared library rosidl_generator_py/base_interfaces/base_interfaces_s__rosidl_typesupport_introspection_c.cpython-310-x86_64-linux-gnu.so[0m
[2.518s] [100%] [32m[1mLinking C shared library rosidl_generator_py/base_interfaces/base_interfaces_s__rosidl_typesupport_fastrtps_c.cpython-310-x86_64-linux-gnu.so[0m
[2.543s] [100%] Built target base_interfaces__rosidl_typesupport_fastrtps_c__pyext
[2.543s] [100%] Built target base_interfaces__rosidl_typesupport_c__pyext
[2.543s] [100%] Built target base_interfaces__rosidl_typesupport_introspection_c__pyext
[2.550s] Invoked command in '/home/vol/willgit/GxxArm_ws/build/base_interfaces' returned '0': CMAKE_PREFIX_PATH=/opt/ros/humble CONDA_PROMPT_MODIFIER=(base) /usr/bin/cmake --build /home/vol/willgit/GxxArm_ws/build/base_interfaces -- -j20 -l20
[2.606s] Invoking command in '/home/vol/willgit/GxxArm_ws/build/base_interfaces': CMAKE_PREFIX_PATH=/opt/ros/humble CONDA_PROMPT_MODIFIER=(base) /usr/bin/cmake --install /home/vol/willgit/GxxArm_ws/build/base_interfaces
[2.610s] -- Install configuration: ""
[2.610s] -- Up-to-date: /home/vol/willgit/GxxArm_ws/install/base_interfaces/share/ament_index/resource_index/rosidl_interfaces/base_interfaces
[2.610s] -- Up-to-date: /home/vol/willgit/GxxArm_ws/install/base_interfaces/include/base_interfaces/base_interfaces
[2.610s] -- Up-to-date: /home/vol/willgit/GxxArm_ws/install/base_interfaces/include/base_interfaces/base_interfaces/srv
[2.610s] -- Up-to-date: /home/vol/willgit/GxxArm_ws/install/base_interfaces/include/base_interfaces/base_interfaces/srv/detail
[2.610s] -- Installing: /home/vol/willgit/GxxArm_ws/install/base_interfaces/include/base_interfaces/base_interfaces/srv/detail/vision_angle__functions.c
[2.611s] -- Installing: /home/vol/willgit/GxxArm_ws/install/base_interfaces/include/base_interfaces/base_interfaces/srv/detail/arm_angle__struct.h
[2.611s] -- Installing: /home/vol/willgit/GxxArm_ws/install/base_interfaces/include/base_interfaces/base_interfaces/srv/detail/vision_angle__type_support.h
[2.611s] -- Installing: /home/vol/willgit/GxxArm_ws/install/base_interfaces/include/base_interfaces/base_interfaces/srv/detail/vision_angle__functions.h
[2.611s] -- Installing: /home/vol/willgit/GxxArm_ws/install/base_interfaces/include/base_interfaces/base_interfaces/srv/detail/arm_angle__functions.c
[2.611s] -- Installing: /home/vol/willgit/GxxArm_ws/install/base_interfaces/include/base_interfaces/base_interfaces/srv/detail/vision_angle__struct.h
[2.611s] -- Installing: /home/vol/willgit/GxxArm_ws/install/base_interfaces/include/base_interfaces/base_interfaces/srv/detail/arm_angle__type_support.h
[2.611s] -- Installing: /home/vol/willgit/GxxArm_ws/install/base_interfaces/include/base_interfaces/base_interfaces/srv/detail/arm_angle__functions.h
[2.611s] -- Installing: /home/vol/willgit/GxxArm_ws/install/base_interfaces/include/base_interfaces/base_interfaces/srv/arm_angle.h
[2.611s] -- Installing: /home/vol/willgit/GxxArm_ws/install/base_interfaces/include/base_interfaces/base_interfaces/srv/vision_angle.h
[2.611s] -- Up-to-date: /home/vol/willgit/GxxArm_ws/install/base_interfaces/include/base_interfaces/base_interfaces/msg
[2.611s] -- Up-to-date: /home/vol/willgit/GxxArm_ws/install/base_interfaces/include/base_interfaces/base_interfaces/msg/detail
[2.611s] -- Installing: /home/vol/willgit/GxxArm_ws/install/base_interfaces/include/base_interfaces/base_interfaces/msg/detail/robot_pose__struct.h
[2.611s] -- Installing: /home/vol/willgit/GxxArm_ws/install/base_interfaces/include/base_interfaces/base_interfaces/msg/detail/robot_status__struct.h
[2.611s] -- Installing: /home/vol/willgit/GxxArm_ws/install/base_interfaces/include/base_interfaces/base_interfaces/msg/detail/robot_status__functions.h
[2.611s] -- Installing: /home/vol/willgit/GxxArm_ws/install/base_interfaces/include/base_interfaces/base_interfaces/msg/detail/robot_pose__type_support.h
[2.611s] -- Installing: /home/vol/willgit/GxxArm_ws/install/base_interfaces/include/base_interfaces/base_interfaces/msg/detail/robot_pose__functions.c
[2.611s] -- Installing: /home/vol/willgit/GxxArm_ws/install/base_interfaces/include/base_interfaces/base_interfaces/msg/detail/robot_status__type_support.h
[2.611s] -- Installing: /home/vol/willgit/GxxArm_ws/install/base_interfaces/include/base_interfaces/base_interfaces/msg/detail/robot_pose__functions.h
[2.611s] -- Installing: /home/vol/willgit/GxxArm_ws/install/base_interfaces/include/base_interfaces/base_interfaces/msg/detail/robot_status__functions.c
[2.611s] -- Installing: /home/vol/willgit/GxxArm_ws/install/base_interfaces/include/base_interfaces/base_interfaces/msg/robot_pose.h
[2.611s] -- Up-to-date: /home/vol/willgit/GxxArm_ws/install/base_interfaces/include/base_interfaces/base_interfaces/msg/rosidl_generator_c__visibility_control.h
[2.611s] -- Installing: /home/vol/willgit/GxxArm_ws/install/base_interfaces/include/base_interfaces/base_interfaces/msg/robot_status.h
[2.612s] -- Up-to-date: /home/vol/willgit/GxxArm_ws/install/base_interfaces/share/base_interfaces/environment/library_path.sh
[2.612s] -- Installing: /home/vol/willgit/GxxArm_ws/install/base_interfaces/share/base_interfaces/environment/library_path.dsv
[2.612s] -- Installing: /home/vol/willgit/GxxArm_ws/install/base_interfaces/lib/libbase_interfaces__rosidl_generator_c.so
[2.612s] -- Set runtime path of "/home/vol/willgit/GxxArm_ws/install/base_interfaces/lib/libbase_interfaces__rosidl_generator_c.so" to ""
[2.612s] -- Up-to-date: /home/vol/willgit/GxxArm_ws/install/base_interfaces/include/base_interfaces/base_interfaces
[2.612s] -- Up-to-date: /home/vol/willgit/GxxArm_ws/install/base_interfaces/include/base_interfaces/base_interfaces/srv
[2.612s] -- Up-to-date: /home/vol/willgit/GxxArm_ws/install/base_interfaces/include/base_interfaces/base_interfaces/srv/detail
[2.612s] -- Installing: /home/vol/willgit/GxxArm_ws/install/base_interfaces/include/base_interfaces/base_interfaces/srv/detail/arm_angle__rosidl_typesupport_fastrtps_c.h
[2.612s] -- Installing: /home/vol/willgit/GxxArm_ws/install/base_interfaces/include/base_interfaces/base_interfaces/srv/detail/vision_angle__rosidl_typesupport_fastrtps_c.h
[2.612s] -- Up-to-date: /home/vol/willgit/GxxArm_ws/install/base_interfaces/include/base_interfaces/base_interfaces/msg
[2.612s] -- Up-to-date: /home/vol/willgit/GxxArm_ws/install/base_interfaces/include/base_interfaces/base_interfaces/msg/detail
[2.612s] -- Installing: /home/vol/willgit/GxxArm_ws/install/base_interfaces/include/base_interfaces/base_interfaces/msg/detail/robot_status__rosidl_typesupport_fastrtps_c.h
[2.612s] -- Installing: /home/vol/willgit/GxxArm_ws/install/base_interfaces/include/base_interfaces/base_interfaces/msg/detail/robot_pose__rosidl_typesupport_fastrtps_c.h
[2.612s] -- Up-to-date: /home/vol/willgit/GxxArm_ws/install/base_interfaces/include/base_interfaces/base_interfaces/msg/rosidl_typesupport_fastrtps_c__visibility_control.h
[2.612s] -- Installing: /home/vol/willgit/GxxArm_ws/install/base_interfaces/lib/libbase_interfaces__rosidl_typesupport_fastrtps_c.so
[2.612s] -- Set runtime path of "/home/vol/willgit/GxxArm_ws/install/base_interfaces/lib/libbase_interfaces__rosidl_typesupport_fastrtps_c.so" to ""
[2.612s] -- Up-to-date: /home/vol/willgit/GxxArm_ws/install/base_interfaces/include/base_interfaces/base_interfaces
[2.612s] -- Up-to-date: /home/vol/willgit/GxxArm_ws/install/base_interfaces/include/base_interfaces/base_interfaces/srv
[2.612s] -- Up-to-date: /home/vol/willgit/GxxArm_ws/install/base_interfaces/include/base_interfaces/base_interfaces/srv/detail
[2.612s] -- Installing: /home/vol/willgit/GxxArm_ws/install/base_interfaces/include/base_interfaces/base_interfaces/srv/detail/vision_angle__type_support.c
[2.612s] -- Installing: /home/vol/willgit/GxxArm_ws/install/base_interfaces/include/base_interfaces/base_interfaces/srv/detail/vision_angle__rosidl_typesupport_introspection_c.h
[2.613s] -- Installing: /home/vol/willgit/GxxArm_ws/install/base_interfaces/include/base_interfaces/base_interfaces/srv/detail/arm_angle__type_support.c
[2.613s] -- Installing: /home/vol/willgit/GxxArm_ws/install/base_interfaces/include/base_interfaces/base_interfaces/srv/detail/arm_angle__rosidl_typesupport_introspection_c.h
[2.613s] -- Up-to-date: /home/vol/willgit/GxxArm_ws/install/base_interfaces/include/base_interfaces/base_interfaces/msg
[2.613s] -- Up-to-date: /home/vol/willgit/GxxArm_ws/install/base_interfaces/include/base_interfaces/base_interfaces/msg/detail
[2.613s] -- Installing: /home/vol/willgit/GxxArm_ws/install/base_interfaces/include/base_interfaces/base_interfaces/msg/detail/robot_pose__type_support.c
[2.613s] -- Installing: /home/vol/willgit/GxxArm_ws/install/base_interfaces/include/base_interfaces/base_interfaces/msg/detail/robot_pose__rosidl_typesupport_introspection_c.h
[2.613s] -- Installing: /home/vol/willgit/GxxArm_ws/install/base_interfaces/include/base_interfaces/base_interfaces/msg/detail/robot_status__rosidl_typesupport_introspection_c.h
[2.613s] -- Installing: /home/vol/willgit/GxxArm_ws/install/base_interfaces/include/base_interfaces/base_interfaces/msg/detail/robot_status__type_support.c
[2.613s] -- Up-to-date: /home/vol/willgit/GxxArm_ws/install/base_interfaces/include/base_interfaces/base_interfaces/msg/rosidl_typesupport_introspection_c__visibility_control.h
[2.613s] -- Installing: /home/vol/willgit/GxxArm_ws/install/base_interfaces/lib/libbase_interfaces__rosidl_typesupport_introspection_c.so
[2.613s] -- Set runtime path of "/home/vol/willgit/GxxArm_ws/install/base_interfaces/lib/libbase_interfaces__rosidl_typesupport_introspection_c.so" to ""
[2.613s] -- Installing: /home/vol/willgit/GxxArm_ws/install/base_interfaces/lib/libbase_interfaces__rosidl_typesupport_c.so
[2.613s] -- Set runtime path of "/home/vol/willgit/GxxArm_ws/install/base_interfaces/lib/libbase_interfaces__rosidl_typesupport_c.so" to ""
[2.613s] -- Up-to-date: /home/vol/willgit/GxxArm_ws/install/base_interfaces/include/base_interfaces/base_interfaces
[2.613s] -- Up-to-date: /home/vol/willgit/GxxArm_ws/install/base_interfaces/include/base_interfaces/base_interfaces/srv
[2.613s] -- Up-to-date: /home/vol/willgit/GxxArm_ws/install/base_interfaces/include/base_interfaces/base_interfaces/srv/detail
[2.613s] -- Installing: /home/vol/willgit/GxxArm_ws/install/base_interfaces/include/base_interfaces/base_interfaces/srv/detail/vision_angle__struct.hpp
[2.613s] -- Installing: /home/vol/willgit/GxxArm_ws/install/base_interfaces/include/base_interfaces/base_interfaces/srv/detail/vision_angle__traits.hpp
[2.613s] -- Installing: /home/vol/willgit/GxxArm_ws/install/base_interfaces/include/base_interfaces/base_interfaces/srv/detail/arm_angle__struct.hpp
[2.613s] -- Installing: /home/vol/willgit/GxxArm_ws/install/base_interfaces/include/base_interfaces/base_interfaces/srv/detail/vision_angle__builder.hpp
[2.613s] -- Installing: /home/vol/willgit/GxxArm_ws/install/base_interfaces/include/base_interfaces/base_interfaces/srv/detail/arm_angle__traits.hpp
[2.613s] -- Installing: /home/vol/willgit/GxxArm_ws/install/base_interfaces/include/base_interfaces/base_interfaces/srv/detail/arm_angle__builder.hpp
[2.614s] -- Installing: /home/vol/willgit/GxxArm_ws/install/base_interfaces/include/base_interfaces/base_interfaces/srv/vision_angle.hpp
[2.614s] -- Installing: /home/vol/willgit/GxxArm_ws/install/base_interfaces/include/base_interfaces/base_interfaces/srv/arm_angle.hpp
[2.614s] -- Up-to-date: /home/vol/willgit/GxxArm_ws/install/base_interfaces/include/base_interfaces/base_interfaces/msg
[2.614s] -- Up-to-date: /home/vol/willgit/GxxArm_ws/install/base_interfaces/include/base_interfaces/base_interfaces/msg/detail
[2.614s] -- Installing: /home/vol/willgit/GxxArm_ws/install/base_interfaces/include/base_interfaces/base_interfaces/msg/detail/robot_status__builder.hpp
[2.614s] -- Installing: /home/vol/willgit/GxxArm_ws/install/base_interfaces/include/base_interfaces/base_interfaces/msg/detail/robot_pose__struct.hpp
[2.614s] -- Installing: /home/vol/willgit/GxxArm_ws/install/base_interfaces/include/base_interfaces/base_interfaces/msg/detail/robot_pose__builder.hpp
[2.614s] -- Installing: /home/vol/willgit/GxxArm_ws/install/base_interfaces/include/base_interfaces/base_interfaces/msg/detail/robot_status__struct.hpp
[2.614s] -- Installing: /home/vol/willgit/GxxArm_ws/install/base_interfaces/include/base_interfaces/base_interfaces/msg/detail/robot_pose__traits.hpp
[2.614s] -- Installing: /home/vol/willgit/GxxArm_ws/install/base_interfaces/include/base_interfaces/base_interfaces/msg/detail/robot_status__traits.hpp
[2.614s] -- Installing: /home/vol/willgit/GxxArm_ws/install/base_interfaces/include/base_interfaces/base_interfaces/msg/robot_status.hpp
[2.614s] -- Installing: /home/vol/willgit/GxxArm_ws/install/base_interfaces/include/base_interfaces/base_interfaces/msg/robot_pose.hpp
[2.614s] -- Up-to-date: /home/vol/willgit/GxxArm_ws/install/base_interfaces/include/base_interfaces/base_interfaces
[2.614s] -- Up-to-date: /home/vol/willgit/GxxArm_ws/install/base_interfaces/include/base_interfaces/base_interfaces/srv
[2.614s] -- Up-to-date: /home/vol/willgit/GxxArm_ws/install/base_interfaces/include/base_interfaces/base_interfaces/srv/detail
[2.614s] -- Installing: /home/vol/willgit/GxxArm_ws/install/base_interfaces/include/base_interfaces/base_interfaces/srv/detail/arm_angle__rosidl_typesupport_fastrtps_cpp.hpp
[2.614s] -- Up-to-date: /home/vol/willgit/GxxArm_ws/install/base_interfaces/include/base_interfaces/base_interfaces/srv/detail/dds_fastrtps
[2.614s] -- Installing: /home/vol/willgit/GxxArm_ws/install/base_interfaces/include/base_interfaces/base_interfaces/srv/detail/vision_angle__rosidl_typesupport_fastrtps_cpp.hpp
[2.614s] -- Up-to-date: /home/vol/willgit/GxxArm_ws/install/base_interfaces/include/base_interfaces/base_interfaces/msg
[2.614s] -- Up-to-date: /home/vol/willgit/GxxArm_ws/install/base_interfaces/include/base_interfaces/base_interfaces/msg/detail
[2.614s] -- Installing: /home/vol/willgit/GxxArm_ws/install/base_interfaces/include/base_interfaces/base_interfaces/msg/detail/robot_pose__rosidl_typesupport_fastrtps_cpp.hpp
[2.614s] -- Up-to-date: /home/vol/willgit/GxxArm_ws/install/base_interfaces/include/base_interfaces/base_interfaces/msg/detail/dds_fastrtps
[2.614s] -- Installing: /home/vol/willgit/GxxArm_ws/install/base_interfaces/include/base_interfaces/base_interfaces/msg/detail/robot_status__rosidl_typesupport_fastrtps_cpp.hpp
[2.614s] -- Up-to-date: /home/vol/willgit/GxxArm_ws/install/base_interfaces/include/base_interfaces/base_interfaces/msg/rosidl_typesupport_fastrtps_cpp__visibility_control.h
[2.614s] -- Installing: /home/vol/willgit/GxxArm_ws/install/base_interfaces/lib/libbase_interfaces__rosidl_typesupport_fastrtps_cpp.so
[2.614s] -- Set runtime path of "/home/vol/willgit/GxxArm_ws/install/base_interfaces/lib/libbase_interfaces__rosidl_typesupport_fastrtps_cpp.so" to ""
[2.615s] -- Up-to-date: /home/vol/willgit/GxxArm_ws/install/base_interfaces/include/base_interfaces/base_interfaces
[2.615s] -- Up-to-date: /home/vol/willgit/GxxArm_ws/install/base_interfaces/include/base_interfaces/base_interfaces/srv
[2.615s] -- Up-to-date: /home/vol/willgit/GxxArm_ws/install/base_interfaces/include/base_interfaces/base_interfaces/srv/detail
[2.615s] -- Installing: /home/vol/willgit/GxxArm_ws/install/base_interfaces/include/base_interfaces/base_interfaces/srv/detail/vision_angle__rosidl_typesupport_introspection_cpp.hpp
[2.615s] -- Installing: /home/vol/willgit/GxxArm_ws/install/base_interfaces/include/base_interfaces/base_interfaces/srv/detail/arm_angle__type_support.cpp
[2.615s] -- Installing: /home/vol/willgit/GxxArm_ws/install/base_interfaces/include/base_interfaces/base_interfaces/srv/detail/arm_angle__rosidl_typesupport_introspection_cpp.hpp
[2.615s] -- Installing: /home/vol/willgit/GxxArm_ws/install/base_interfaces/include/base_interfaces/base_interfaces/srv/detail/vision_angle__type_support.cpp
[2.615s] -- Up-to-date: /home/vol/willgit/GxxArm_ws/install/base_interfaces/include/base_interfaces/base_interfaces/msg
[2.615s] -- Up-to-date: /home/vol/willgit/GxxArm_ws/install/base_interfaces/include/base_interfaces/base_interfaces/msg/detail
[2.615s] -- Installing: /home/vol/willgit/GxxArm_ws/install/base_interfaces/include/base_interfaces/base_interfaces/msg/detail/robot_pose__rosidl_typesupport_introspection_cpp.hpp
[2.615s] -- Installing: /home/vol/willgit/GxxArm_ws/install/base_interfaces/include/base_interfaces/base_interfaces/msg/detail/robot_status__type_support.cpp
[2.615s] -- Installing: /home/vol/willgit/GxxArm_ws/install/base_interfaces/include/base_interfaces/base_interfaces/msg/detail/robot_status__rosidl_typesupport_introspection_cpp.hpp
[2.615s] -- Installing: /home/vol/willgit/GxxArm_ws/install/base_interfaces/include/base_interfaces/base_interfaces/msg/detail/robot_pose__type_support.cpp
[2.615s] -- Installing: /home/vol/willgit/GxxArm_ws/install/base_interfaces/lib/libbase_interfaces__rosidl_typesupport_introspection_cpp.so
[2.615s] -- Set runtime path of "/home/vol/willgit/GxxArm_ws/install/base_interfaces/lib/libbase_interfaces__rosidl_typesupport_introspection_cpp.so" to ""
[2.615s] -- Installing: /home/vol/willgit/GxxArm_ws/install/base_interfaces/lib/libbase_interfaces__rosidl_typesupport_cpp.so
[2.615s] -- Set runtime path of "/home/vol/willgit/GxxArm_ws/install/base_interfaces/lib/libbase_interfaces__rosidl_typesupport_cpp.so" to ""
[2.615s] -- Up-to-date: /home/vol/willgit/GxxArm_ws/install/base_interfaces/share/base_interfaces/environment/pythonpath.sh
[2.615s] -- Installing: /home/vol/willgit/GxxArm_ws/install/base_interfaces/share/base_interfaces/environment/pythonpath.dsv
[2.615s] -- Up-to-date: /home/vol/willgit/GxxArm_ws/install/base_interfaces/local/lib/python3.10/dist-packages/base_interfaces-0.0.0-py3.10.egg-info
[2.616s] -- Installing: /home/vol/willgit/GxxArm_ws/install/base_interfaces/local/lib/python3.10/dist-packages/base_interfaces-0.0.0-py3.10.egg-info/dependency_links.txt
[2.616s] -- Installing: /home/vol/willgit/GxxArm_ws/install/base_interfaces/local/lib/python3.10/dist-packages/base_interfaces-0.0.0-py3.10.egg-info/SOURCES.txt
[2.616s] -- Installing: /home/vol/willgit/GxxArm_ws/install/base_interfaces/local/lib/python3.10/dist-packages/base_interfaces-0.0.0-py3.10.egg-info/PKG-INFO
[2.616s] -- Installing: /home/vol/willgit/GxxArm_ws/install/base_interfaces/local/lib/python3.10/dist-packages/base_interfaces-0.0.0-py3.10.egg-info/top_level.txt
[2.616s] -- Up-to-date: /home/vol/willgit/GxxArm_ws/install/base_interfaces/local/lib/python3.10/dist-packages/base_interfaces
[2.616s] -- Installing: /home/vol/willgit/GxxArm_ws/install/base_interfaces/local/lib/python3.10/dist-packages/base_interfaces/libbase_interfaces__rosidl_generator_py.so
[2.616s] -- Installing: /home/vol/willgit/GxxArm_ws/install/base_interfaces/local/lib/python3.10/dist-packages/base_interfaces/base_interfaces_s__rosidl_typesupport_introspection_c.cpython-310-x86_64-linux-gnu.so
[2.616s] -- Installing: /home/vol/willgit/GxxArm_ws/install/base_interfaces/local/lib/python3.10/dist-packages/base_interfaces/_base_interfaces_s.ep.rosidl_typesupport_introspection_c.c
[2.616s] -- Installing: /home/vol/willgit/GxxArm_ws/install/base_interfaces/local/lib/python3.10/dist-packages/base_interfaces/_base_interfaces_s.ep.rosidl_typesupport_fastrtps_c.c
[2.616s] -- Up-to-date: /home/vol/willgit/GxxArm_ws/install/base_interfaces/local/lib/python3.10/dist-packages/base_interfaces/srv
[2.616s] -- Installing: /home/vol/willgit/GxxArm_ws/install/base_interfaces/local/lib/python3.10/dist-packages/base_interfaces/srv/_arm_angle_s.c
[2.616s] -- Installing: /home/vol/willgit/GxxArm_ws/install/base_interfaces/local/lib/python3.10/dist-packages/base_interfaces/srv/_arm_angle.py
[2.616s] -- Installing: /home/vol/willgit/GxxArm_ws/install/base_interfaces/local/lib/python3.10/dist-packages/base_interfaces/srv/_vision_angle_s.c
[2.616s] -- Installing: /home/vol/willgit/GxxArm_ws/install/base_interfaces/local/lib/python3.10/dist-packages/base_interfaces/srv/__init__.py
[2.616s] -- Installing: /home/vol/willgit/GxxArm_ws/install/base_interfaces/local/lib/python3.10/dist-packages/base_interfaces/srv/_vision_angle.py
[2.616s] -- Up-to-date: /home/vol/willgit/GxxArm_ws/install/base_interfaces/local/lib/python3.10/dist-packages/base_interfaces/msg
[2.616s] -- Installing: /home/vol/willgit/GxxArm_ws/install/base_interfaces/local/lib/python3.10/dist-packages/base_interfaces/msg/_robot_status.py
[2.616s] -- Installing: /home/vol/willgit/GxxArm_ws/install/base_interfaces/local/lib/python3.10/dist-packages/base_interfaces/msg/_robot_pose.py
[2.616s] -- Installing: /home/vol/willgit/GxxArm_ws/install/base_interfaces/local/lib/python3.10/dist-packages/base_interfaces/msg/_robot_pose_s.c
[2.616s] -- Installing: /home/vol/willgit/GxxArm_ws/install/base_interfaces/local/lib/python3.10/dist-packages/base_interfaces/msg/_robot_status_s.c
[2.616s] -- Installing: /home/vol/willgit/GxxArm_ws/install/base_interfaces/local/lib/python3.10/dist-packages/base_interfaces/msg/__init__.py
[2.617s] -- Installing: /home/vol/willgit/GxxArm_ws/install/base_interfaces/local/lib/python3.10/dist-packages/base_interfaces/_base_interfaces_s.ep.rosidl_typesupport_c.c
[2.617s] -- Installing: /home/vol/willgit/GxxArm_ws/install/base_interfaces/local/lib/python3.10/dist-packages/base_interfaces/base_interfaces_s__rosidl_typesupport_fastrtps_c.cpython-310-x86_64-linux-gnu.so
[2.617s] -- Installing: /home/vol/willgit/GxxArm_ws/install/base_interfaces/local/lib/python3.10/dist-packages/base_interfaces/base_interfaces_s__rosidl_typesupport_c.cpython-310-x86_64-linux-gnu.so
[2.617s] -- Installing: /home/vol/willgit/GxxArm_ws/install/base_interfaces/local/lib/python3.10/dist-packages/base_interfaces/__init__.py
[2.639s] Listing '/home/vol/willgit/GxxArm_ws/install/base_interfaces/local/lib/python3.10/dist-packages/base_interfaces'...
[2.639s] Compiling '/home/vol/willgit/GxxArm_ws/install/base_interfaces/local/lib/python3.10/dist-packages/base_interfaces/__init__.py'...
[2.639s] Listing '/home/vol/willgit/GxxArm_ws/install/base_interfaces/local/lib/python3.10/dist-packages/base_interfaces/msg'...
[2.639s] Compiling '/home/vol/willgit/GxxArm_ws/install/base_interfaces/local/lib/python3.10/dist-packages/base_interfaces/msg/__init__.py'...
[2.639s] Compiling '/home/vol/willgit/GxxArm_ws/install/base_interfaces/local/lib/python3.10/dist-packages/base_interfaces/msg/_robot_pose.py'...
[2.639s] Compiling '/home/vol/willgit/GxxArm_ws/install/base_interfaces/local/lib/python3.10/dist-packages/base_interfaces/msg/_robot_status.py'...
[2.639s] Listing '/home/vol/willgit/GxxArm_ws/install/base_interfaces/local/lib/python3.10/dist-packages/base_interfaces/srv'...
[2.639s] Compiling '/home/vol/willgit/GxxArm_ws/install/base_interfaces/local/lib/python3.10/dist-packages/base_interfaces/srv/__init__.py'...
[2.639s] Compiling '/home/vol/willgit/GxxArm_ws/install/base_interfaces/local/lib/python3.10/dist-packages/base_interfaces/srv/_arm_angle.py'...
[2.639s] Compiling '/home/vol/willgit/GxxArm_ws/install/base_interfaces/local/lib/python3.10/dist-packages/base_interfaces/srv/_vision_angle.py'...
[2.642s] -- Installing: /home/vol/willgit/GxxArm_ws/install/base_interfaces/local/lib/python3.10/dist-packages/base_interfaces/base_interfaces_s__rosidl_typesupport_fastrtps_c.cpython-310-x86_64-linux-gnu.so
[2.642s] -- Set runtime path of "/home/vol/willgit/GxxArm_ws/install/base_interfaces/local/lib/python3.10/dist-packages/base_interfaces/base_interfaces_s__rosidl_typesupport_fastrtps_c.cpython-310-x86_64-linux-gnu.so" to ""
[2.642s] -- Installing: /home/vol/willgit/GxxArm_ws/install/base_interfaces/local/lib/python3.10/dist-packages/base_interfaces/base_interfaces_s__rosidl_typesupport_introspection_c.cpython-310-x86_64-linux-gnu.so
[2.642s] -- Set runtime path of "/home/vol/willgit/GxxArm_ws/install/base_interfaces/local/lib/python3.10/dist-packages/base_interfaces/base_interfaces_s__rosidl_typesupport_introspection_c.cpython-310-x86_64-linux-gnu.so" to ""
[2.642s] -- Installing: /home/vol/willgit/GxxArm_ws/install/base_interfaces/local/lib/python3.10/dist-packages/base_interfaces/base_interfaces_s__rosidl_typesupport_c.cpython-310-x86_64-linux-gnu.so
[2.642s] -- Set runtime path of "/home/vol/willgit/GxxArm_ws/install/base_interfaces/local/lib/python3.10/dist-packages/base_interfaces/base_interfaces_s__rosidl_typesupport_c.cpython-310-x86_64-linux-gnu.so" to ""
[2.642s] -- Installing: /home/vol/willgit/GxxArm_ws/install/base_interfaces/lib/libbase_interfaces__rosidl_generator_py.so
[2.642s] -- Set runtime path of "/home/vol/willgit/GxxArm_ws/install/base_interfaces/lib/libbase_interfaces__rosidl_generator_py.so" to ""
[2.642s] -- Up-to-date: /home/vol/willgit/GxxArm_ws/install/base_interfaces/share/base_interfaces/msg/RobotPose.idl
[2.642s] -- Up-to-date: /home/vol/willgit/GxxArm_ws/install/base_interfaces/share/base_interfaces/msg/RobotStatus.idl
[2.642s] -- Up-to-date: /home/vol/willgit/GxxArm_ws/install/base_interfaces/share/base_interfaces/srv/ArmAngle.idl
[2.642s] -- Installing: /home/vol/willgit/GxxArm_ws/install/base_interfaces/share/base_interfaces/srv/VisionAngle.idl
[2.642s] -- Up-to-date: /home/vol/willgit/GxxArm_ws/install/base_interfaces/share/base_interfaces/msg/RobotPose.msg
[2.642s] -- Up-to-date: /home/vol/willgit/GxxArm_ws/install/base_interfaces/share/base_interfaces/msg/RobotStatus.msg
[2.642s] -- Up-to-date: /home/vol/willgit/GxxArm_ws/install/base_interfaces/share/base_interfaces/srv/ArmAngle.srv
[2.642s] -- Up-to-date: /home/vol/willgit/GxxArm_ws/install/base_interfaces/share/base_interfaces/srv/ArmAngle_Request.msg
[2.642s] -- Up-to-date: /home/vol/willgit/GxxArm_ws/install/base_interfaces/share/base_interfaces/srv/ArmAngle_Response.msg
[2.642s] -- Installing: /home/vol/willgit/GxxArm_ws/install/base_interfaces/share/base_interfaces/srv/VisionAngle.srv
[2.642s] -- Installing: /home/vol/willgit/GxxArm_ws/install/base_interfaces/share/base_interfaces/srv/VisionAngle_Request.msg
[2.643s] -- Installing: /home/vol/willgit/GxxArm_ws/install/base_interfaces/share/base_interfaces/srv/VisionAngle_Response.msg
[2.643s] -- Up-to-date: /home/vol/willgit/GxxArm_ws/install/base_interfaces/share/ament_index/resource_index/package_run_dependencies/base_interfaces
[2.643s] -- Up-to-date: /home/vol/willgit/GxxArm_ws/install/base_interfaces/share/ament_index/resource_index/parent_prefix_path/base_interfaces
[2.643s] -- Up-to-date: /home/vol/willgit/GxxArm_ws/install/base_interfaces/share/base_interfaces/environment/ament_prefix_path.sh
[2.643s] -- Installing: /home/vol/willgit/GxxArm_ws/install/base_interfaces/share/base_interfaces/environment/ament_prefix_path.dsv
[2.643s] -- Up-to-date: /home/vol/willgit/GxxArm_ws/install/base_interfaces/share/base_interfaces/environment/path.sh
[2.643s] -- Installing: /home/vol/willgit/GxxArm_ws/install/base_interfaces/share/base_interfaces/environment/path.dsv
[2.643s] -- Up-to-date: /home/vol/willgit/GxxArm_ws/install/base_interfaces/share/base_interfaces/local_setup.bash
[2.643s] -- Up-to-date: /home/vol/willgit/GxxArm_ws/install/base_interfaces/share/base_interfaces/local_setup.sh
[2.643s] -- Up-to-date: /home/vol/willgit/GxxArm_ws/install/base_interfaces/share/base_interfaces/local_setup.zsh
[2.643s] -- Installing: /home/vol/willgit/GxxArm_ws/install/base_interfaces/share/base_interfaces/local_setup.dsv
[2.643s] -- Installing: /home/vol/willgit/GxxArm_ws/install/base_interfaces/share/base_interfaces/package.dsv
[2.643s] -- Up-to-date: /home/vol/willgit/GxxArm_ws/install/base_interfaces/share/ament_index/resource_index/packages/base_interfaces
[2.643s] -- Up-to-date: /home/vol/willgit/GxxArm_ws/install/base_interfaces/share/base_interfaces/cmake/export_base_interfaces__rosidl_generator_cExport.cmake
[2.643s] -- Up-to-date: /home/vol/willgit/GxxArm_ws/install/base_interfaces/share/base_interfaces/cmake/export_base_interfaces__rosidl_generator_cExport-noconfig.cmake
[2.643s] -- Up-to-date: /home/vol/willgit/GxxArm_ws/install/base_interfaces/share/base_interfaces/cmake/export_base_interfaces__rosidl_typesupport_fastrtps_cExport.cmake
[2.643s] -- Up-to-date: /home/vol/willgit/GxxArm_ws/install/base_interfaces/share/base_interfaces/cmake/export_base_interfaces__rosidl_typesupport_fastrtps_cExport-noconfig.cmake
[2.643s] -- Up-to-date: /home/vol/willgit/GxxArm_ws/install/base_interfaces/share/base_interfaces/cmake/base_interfaces__rosidl_typesupport_introspection_cExport.cmake
[2.643s] -- Up-to-date: /home/vol/willgit/GxxArm_ws/install/base_interfaces/share/base_interfaces/cmake/base_interfaces__rosidl_typesupport_introspection_cExport-noconfig.cmake
[2.643s] -- Up-to-date: /home/vol/willgit/GxxArm_ws/install/base_interfaces/share/base_interfaces/cmake/base_interfaces__rosidl_typesupport_cExport.cmake
[2.643s] -- Up-to-date: /home/vol/willgit/GxxArm_ws/install/base_interfaces/share/base_interfaces/cmake/base_interfaces__rosidl_typesupport_cExport-noconfig.cmake
[2.643s] -- Up-to-date: /home/vol/willgit/GxxArm_ws/install/base_interfaces/share/base_interfaces/cmake/export_base_interfaces__rosidl_generator_cppExport.cmake
[2.643s] -- Up-to-date: /home/vol/willgit/GxxArm_ws/install/base_interfaces/share/base_interfaces/cmake/export_base_interfaces__rosidl_typesupport_fastrtps_cppExport.cmake
[2.643s] -- Up-to-date: /home/vol/willgit/GxxArm_ws/install/base_interfaces/share/base_interfaces/cmake/export_base_interfaces__rosidl_typesupport_fastrtps_cppExport-noconfig.cmake
[2.643s] -- Up-to-date: /home/vol/willgit/GxxArm_ws/install/base_interfaces/share/base_interfaces/cmake/base_interfaces__rosidl_typesupport_introspection_cppExport.cmake
[2.643s] -- Up-to-date: /home/vol/willgit/GxxArm_ws/install/base_interfaces/share/base_interfaces/cmake/base_interfaces__rosidl_typesupport_introspection_cppExport-noconfig.cmake
[2.643s] -- Up-to-date: /home/vol/willgit/GxxArm_ws/install/base_interfaces/share/base_interfaces/cmake/base_interfaces__rosidl_typesupport_cppExport.cmake
[2.643s] -- Up-to-date: /home/vol/willgit/GxxArm_ws/install/base_interfaces/share/base_interfaces/cmake/base_interfaces__rosidl_typesupport_cppExport-noconfig.cmake
[2.643s] -- Up-to-date: /home/vol/willgit/GxxArm_ws/install/base_interfaces/share/base_interfaces/cmake/export_base_interfaces__rosidl_generator_pyExport.cmake
[2.644s] -- Up-to-date: /home/vol/willgit/GxxArm_ws/install/base_interfaces/share/base_interfaces/cmake/export_base_interfaces__rosidl_generator_pyExport-noconfig.cmake
[2.644s] -- Up-to-date: /home/vol/willgit/GxxArm_ws/install/base_interfaces/share/base_interfaces/cmake/rosidl_cmake-extras.cmake
[2.644s] -- Up-to-date: /home/vol/willgit/GxxArm_ws/install/base_interfaces/share/base_interfaces/cmake/ament_cmake_export_dependencies-extras.cmake
[2.644s] -- Up-to-date: /home/vol/willgit/GxxArm_ws/install/base_interfaces/share/base_interfaces/cmake/ament_cmake_export_include_directories-extras.cmake
[2.644s] -- Up-to-date: /home/vol/willgit/GxxArm_ws/install/base_interfaces/share/base_interfaces/cmake/ament_cmake_export_libraries-extras.cmake
[2.644s] -- Up-to-date: /home/vol/willgit/GxxArm_ws/install/base_interfaces/share/base_interfaces/cmake/ament_cmake_export_targets-extras.cmake
[2.644s] -- Up-to-date: /home/vol/willgit/GxxArm_ws/install/base_interfaces/share/base_interfaces/cmake/rosidl_cmake_export_typesupport_targets-extras.cmake
[2.644s] -- Up-to-date: /home/vol/willgit/GxxArm_ws/install/base_interfaces/share/base_interfaces/cmake/rosidl_cmake_export_typesupport_libraries-extras.cmake
[2.644s] -- Up-to-date: /home/vol/willgit/GxxArm_ws/install/base_interfaces/share/base_interfaces/cmake/base_interfacesConfig.cmake
[2.644s] -- Up-to-date: /home/vol/willgit/GxxArm_ws/install/base_interfaces/share/base_interfaces/cmake/base_interfacesConfig-version.cmake
[2.644s] -- Up-to-date: /home/vol/willgit/GxxArm_ws/install/base_interfaces/share/base_interfaces/package.xml
[2.645s] Invoked command in '/home/vol/willgit/GxxArm_ws/build/base_interfaces' returned '0': CMAKE_PREFIX_PATH=/opt/ros/humble CONDA_PROMPT_MODIFIER=(base) /usr/bin/cmake --install /home/vol/willgit/GxxArm_ws/build/base_interfaces
