[0.029s] Invoking command in '/home/vol/willgit/GxxArm_ws/build/serial_com_rclcpp': AMENT_PREFIX_PATH=/home/vol/willgit/GxxArm_ws/install/base_interfaces:${AMENT_PREFIX_PATH} CMAKE_PREFIX_PATH=/home/vol/willgit/GxxArm_ws/install/base_interfaces:/opt/ros/humble CONDA_PROMPT_MODIFIER=(base) LD_LIBRARY_PATH=/home/vol/willgit/GxxArm_ws/install/base_interfaces/lib:${LD_LIBRARY_PATH} PYTHONPATH=/home/vol/willgit/GxxArm_ws/install/base_interfaces/local/lib/python3.10/dist-packages:${PYTHONPATH} /usr/bin/cmake --build /home/vol/willgit/GxxArm_ws/build/serial_com_rclcpp -- -j20 -l20
[0.042s] -- Found ament_cmake: 1.3.8 (/opt/ros/humble/share/ament_cmake/cmake)
[0.110s] -- Found rclcpp: 16.0.8 (/opt/ros/humble/share/rclcpp/cmake)
[0.126s] -- Found rosidl_generator_c: 3.1.5 (/opt/ros/humble/share/rosidl_generator_c/cmake)
[0.127s] -- Found rosidl_adapter: 3.1.5 (/opt/ros/humble/share/rosidl_adapter/cmake)
[0.130s] -- Found rosidl_generator_cpp: 3.1.5 (/opt/ros/humble/share/rosidl_generator_cpp/cmake)
[0.136s] -- Using all available rosidl_typesupport_c: rosidl_typesupport_fastrtps_c;rosidl_typesupport_introspection_c
[0.144s] -- Using all available rosidl_typesupport_cpp: rosidl_typesupport_fastrtps_cpp;rosidl_typesupport_introspection_cpp
[0.174s] -- Found rmw_implementation_cmake: 6.1.1 (/opt/ros/humble/share/rmw_implementation_cmake/cmake)
[0.175s] -- Found rmw_fastrtps_cpp: 6.2.6 (/opt/ros/humble/share/rmw_fastrtps_cpp/cmake)
[0.234s] -- Using RMW implementation 'rmw_fastrtps_cpp' as default
[0.315s] -- Found base_interfaces: 0.0.0 (/home/vol/willgit/GxxArm_ws/install/base_interfaces/share/base_interfaces/cmake)
[0.374s] -- Found serial: 1.2.1 (/usr/local/share/serial/cmake)
[0.375s] -- Found ament_lint_auto: 0.12.10 (/opt/ros/humble/share/ament_lint_auto/cmake)
[0.413s] -- Added test 'cppcheck' to perform static code analysis on C / C++ code
[0.413s] -- Configured cppcheck include dirs: $<BUILD_INTERFACE:/home/vol/willgit/GxxArm_ws/src/serial_com_rclcpp/include>
[0.413s] -- Configured cppcheck exclude dirs and/or files: 
[0.413s] -- Added test 'flake8' to check Python code syntax and style conventions
[0.414s] -- Added test 'lint_cmake' to check CMake code style
[0.414s] -- Added test 'pep257' to check Python code against some of the docstring style conventions in PEP 257
[0.416s] -- Added test 'uncrustify' to check C / C++ code style
[0.416s] -- Configured uncrustify additional arguments: 
[0.417s] -- Added test 'xmllint' to check XML markup files
[0.417s] -- Configuring done
[0.424s] -- Generating done
[0.424s] -- Build files have been written to: /home/vol/willgit/GxxArm_ws/build/serial_com_rclcpp
[0.439s] [35m[1mConsolidate compiler generated dependencies of target Serial_WriteSub[0m
[0.439s] [35m[1mConsolidate compiler generated dependencies of target Serial_ReadPub[0m
[0.449s] [100%] Built target Serial_WriteSub
[0.449s] [100%] Built target Serial_ReadPub
[0.455s] Invoked command in '/home/vol/willgit/GxxArm_ws/build/serial_com_rclcpp' returned '0': AMENT_PREFIX_PATH=/home/vol/willgit/GxxArm_ws/install/base_interfaces:${AMENT_PREFIX_PATH} CMAKE_PREFIX_PATH=/home/vol/willgit/GxxArm_ws/install/base_interfaces:/opt/ros/humble CONDA_PROMPT_MODIFIER=(base) LD_LIBRARY_PATH=/home/vol/willgit/GxxArm_ws/install/base_interfaces/lib:${LD_LIBRARY_PATH} PYTHONPATH=/home/vol/willgit/GxxArm_ws/install/base_interfaces/local/lib/python3.10/dist-packages:${PYTHONPATH} /usr/bin/cmake --build /home/vol/willgit/GxxArm_ws/build/serial_com_rclcpp -- -j20 -l20
[0.468s] Invoking command in '/home/vol/willgit/GxxArm_ws/build/serial_com_rclcpp': AMENT_PREFIX_PATH=/home/vol/willgit/GxxArm_ws/install/base_interfaces:${AMENT_PREFIX_PATH} CMAKE_PREFIX_PATH=/home/vol/willgit/GxxArm_ws/install/base_interfaces:/opt/ros/humble CONDA_PROMPT_MODIFIER=(base) LD_LIBRARY_PATH=/home/vol/willgit/GxxArm_ws/install/base_interfaces/lib:${LD_LIBRARY_PATH} PYTHONPATH=/home/vol/willgit/GxxArm_ws/install/base_interfaces/local/lib/python3.10/dist-packages:${PYTHONPATH} /usr/bin/cmake --install /home/vol/willgit/GxxArm_ws/build/serial_com_rclcpp
[0.472s] -- Install configuration: ""
[0.472s] -- Up-to-date: /home/vol/willgit/GxxArm_ws/install/serial_com_rclcpp/lib/serial_com_rclcpp/Serial_ReadPub
[0.472s] -- Up-to-date: /home/vol/willgit/GxxArm_ws/install/serial_com_rclcpp/lib/serial_com_rclcpp/Serial_WriteSub
[0.472s] [31mCMake Error at cmake_install.cmake:86 (file):
[0.472s]   file INSTALL cannot find
[0.472s]   "/home/vol/willgit/GxxArm_ws/src/serial_com_rclcpp/serial.launch": No such
[0.472s]   file or directory.
[0.472s] 
[0.472s] [0m
[0.473s] Invoked command in '/home/vol/willgit/GxxArm_ws/build/serial_com_rclcpp' returned '1': AMENT_PREFIX_PATH=/home/vol/willgit/GxxArm_ws/install/base_interfaces:${AMENT_PREFIX_PATH} CMAKE_PREFIX_PATH=/home/vol/willgit/GxxArm_ws/install/base_interfaces:/opt/ros/humble CONDA_PROMPT_MODIFIER=(base) LD_LIBRARY_PATH=/home/vol/willgit/GxxArm_ws/install/base_interfaces/lib:${LD_LIBRARY_PATH} PYTHONPATH=/home/vol/willgit/GxxArm_ws/install/base_interfaces/local/lib/python3.10/dist-packages:${PYTHONPATH} /usr/bin/cmake --install /home/vol/willgit/GxxArm_ws/build/serial_com_rclcpp
