[0.045s] Invoking command in '/home/vol/willgit/GxxArm_ws/build/Kinesiology_arm_rclcpp': AMENT_PREFIX_PATH=/home/vol/willgit/GxxArm_ws/install/base_interfaces:${AMENT_PREFIX_PATH} CMAKE_PREFIX_PATH=/home/vol/willgit/GxxArm_ws/install/base_interfaces:/opt/ros/humble CONDA_PROMPT_MODIFIER=(base) LD_LIBRARY_PATH=/home/vol/willgit/GxxArm_ws/install/base_interfaces/lib:${LD_LIBRARY_PATH} PYTHONPATH=/home/vol/willgit/GxxArm_ws/install/base_interfaces/local/lib/python3.10/dist-packages:${PYTHONPATH} /usr/bin/cmake --build /home/vol/willgit/GxxArm_ws/build/Kinesiology_arm_rclcpp -- -j20 -l20
[0.067s] [35m[1mConsolidate compiler generated dependencies of target arm_IK_server[0m
[0.067s] [35m[1mConsolidate compiler generated dependencies of target arm_IK_client[0m
[0.068s] [35m[1mConsolidate compiler generated dependencies of target arm_FK_server[0m
[0.068s] [35m[1mConsolidate compiler generated dependencies of target arm_FK_client[0m
[0.072s] [ 12%] [32mBuilding CXX object CMakeFiles/arm_IK_server.dir/src/arm_IK_server.cpp.o[0m
[0.079s] [ 25%] [32mBuilding CXX object CMakeFiles/arm_FK_server.dir/src/arm_FK_server.cpp.o[0m
[0.080s] [ 37%] [32mBuilding CXX object CMakeFiles/arm_IK_client.dir/src/arm_IK_client.cpp.o[0m
[0.080s] [ 50%] [32mBuilding CXX object CMakeFiles/arm_FK_client.dir/src/arm_FK_client.cpp.o[0m
[0.116s] [ 75%] [32m[1mLinking CXX executable arm_FK_client[0m
[0.116s] [ 75%] [32m[1mLinking CXX executable arm_FK_server[0m
[0.188s] /usr/bin/ld: /usr/lib/gcc/x86_64-linux-gnu/11/../../../x86_64-linux-gnu/Scrt1.o: in function `_start':
[0.188s] (.text+0x1b): undefined reference to `main'
[0.189s] /usr/bin/ld: /usr/lib/gcc/x86_64-linux-gnu/11/../../../x86_64-linux-gnu/Scrt1.o: in function `_start':
[0.189s] (.text+0x1b): undefined reference to `main'
[0.190s] collect2: error: ld returned 1 exit status
[0.190s] collect2: error: ld returned 1 exit status
[0.192s] gmake[2]: *** [CMakeFiles/arm_FK_client.dir/build.make:175: arm_FK_client] Error 1
[0.192s] gmake[1]: *** [CMakeFiles/Makefile2:169: CMakeFiles/arm_FK_client.dir/all] Error 2
[0.193s] gmake[1]: *** Waiting for unfinished jobs....
[0.193s] gmake[2]: *** [CMakeFiles/arm_FK_server.dir/build.make:175: arm_FK_server] Error 1
[0.193s] gmake[1]: *** [CMakeFiles/Makefile2:143: CMakeFiles/arm_FK_server.dir/all] Error 2
[3.131s] [ 87%] [32m[1mLinking CXX executable arm_IK_server[0m
[3.236s] [ 87%] Built target arm_IK_server
[3.885s] [100%] [32m[1mLinking CXX executable arm_IK_client[0m
[4.025s] [100%] Built target arm_IK_client
[4.025s] gmake: *** [Makefile:146: all] Error 2
[4.028s] Invoked command in '/home/vol/willgit/GxxArm_ws/build/Kinesiology_arm_rclcpp' returned '2': AMENT_PREFIX_PATH=/home/vol/willgit/GxxArm_ws/install/base_interfaces:${AMENT_PREFIX_PATH} CMAKE_PREFIX_PATH=/home/vol/willgit/GxxArm_ws/install/base_interfaces:/opt/ros/humble CONDA_PROMPT_MODIFIER=(base) LD_LIBRARY_PATH=/home/vol/willgit/GxxArm_ws/install/base_interfaces/lib:${LD_LIBRARY_PATH} PYTHONPATH=/home/vol/willgit/GxxArm_ws/install/base_interfaces/local/lib/python3.10/dist-packages:${PYTHONPATH} /usr/bin/cmake --build /home/vol/willgit/GxxArm_ws/build/Kinesiology_arm_rclcpp -- -j20 -l20
