[0.026s] Invoking command in '/home/vol/willgit/GxxArm_ws/build/serial_com_rclcpp': CMAKE_PREFIX_PATH=/home/vol/willgit/GxxArm_ws/install/base_interfaces:/home/vol/willgit/GxxArm_ws/install/serial_com_rclcpp:/opt/ros/humble /usr/bin/cmake --build /home/vol/willgit/GxxArm_ws/build/serial_com_rclcpp -- -j20 -l20
[0.048s] [35m[1mConsolidate compiler generated dependencies of target Serial_ReadPub[0m
[0.054s] [ 50%] Built target Serial_WriteSub
[0.056s] [ 75%] [32mBuilding CXX object CMakeFiles/Serial_ReadPub.dir/src/Serial_ReadPub.cpp.o[0m
[2.150s] [100%] [32m[1mLinking CXX executable Serial_ReadPub[0m
[2.250s] [100%] Built target Serial_ReadPub
[2.257s] Invoked command in '/home/vol/willgit/GxxArm_ws/build/serial_com_rclcpp' returned '0': CMAKE_PREFIX_PATH=/home/vol/willgit/GxxArm_ws/install/base_interfaces:/home/vol/willgit/GxxArm_ws/install/serial_com_rclcpp:/opt/ros/humble /usr/bin/cmake --build /home/vol/willgit/GxxArm_ws/build/serial_com_rclcpp -- -j20 -l20
[2.271s] Invoking command in '/home/vol/willgit/GxxArm_ws/build/serial_com_rclcpp': CMAKE_PREFIX_PATH=/home/vol/willgit/GxxArm_ws/install/base_interfaces:/home/vol/willgit/GxxArm_ws/install/serial_com_rclcpp:/opt/ros/humble /usr/bin/cmake --install /home/vol/willgit/GxxArm_ws/build/serial_com_rclcpp
[2.274s] -- Install configuration: ""
[2.274s] -- Installing: /home/vol/willgit/GxxArm_ws/install/serial_com_rclcpp/lib/serial_com_rclcpp/Serial_ReadPub
[2.275s] -- Set runtime path of "/home/vol/willgit/GxxArm_ws/install/serial_com_rclcpp/lib/serial_com_rclcpp/Serial_ReadPub" to ""
[2.275s] -- Up-to-date: /home/vol/willgit/GxxArm_ws/install/serial_com_rclcpp/lib/serial_com_rclcpp/Serial_WriteSub
[2.275s] -- Up-to-date: /home/vol/willgit/GxxArm_ws/install/serial_com_rclcpp/share/ament_index/resource_index/package_run_dependencies/serial_com_rclcpp
[2.275s] -- Up-to-date: /home/vol/willgit/GxxArm_ws/install/serial_com_rclcpp/share/ament_index/resource_index/parent_prefix_path/serial_com_rclcpp
[2.275s] -- Up-to-date: /home/vol/willgit/GxxArm_ws/install/serial_com_rclcpp/share/serial_com_rclcpp/environment/ament_prefix_path.sh
[2.275s] -- Up-to-date: /home/vol/willgit/GxxArm_ws/install/serial_com_rclcpp/share/serial_com_rclcpp/environment/ament_prefix_path.dsv
[2.275s] -- Up-to-date: /home/vol/willgit/GxxArm_ws/install/serial_com_rclcpp/share/serial_com_rclcpp/environment/path.sh
[2.275s] -- Up-to-date: /home/vol/willgit/GxxArm_ws/install/serial_com_rclcpp/share/serial_com_rclcpp/environment/path.dsv
[2.275s] -- Up-to-date: /home/vol/willgit/GxxArm_ws/install/serial_com_rclcpp/share/serial_com_rclcpp/local_setup.bash
[2.275s] -- Up-to-date: /home/vol/willgit/GxxArm_ws/install/serial_com_rclcpp/share/serial_com_rclcpp/local_setup.sh
[2.275s] -- Up-to-date: /home/vol/willgit/GxxArm_ws/install/serial_com_rclcpp/share/serial_com_rclcpp/local_setup.zsh
[2.275s] -- Up-to-date: /home/vol/willgit/GxxArm_ws/install/serial_com_rclcpp/share/serial_com_rclcpp/local_setup.dsv
[2.275s] -- Installing: /home/vol/willgit/GxxArm_ws/install/serial_com_rclcpp/share/serial_com_rclcpp/package.dsv
[2.275s] -- Up-to-date: /home/vol/willgit/GxxArm_ws/install/serial_com_rclcpp/share/ament_index/resource_index/packages/serial_com_rclcpp
[2.275s] -- Up-to-date: /home/vol/willgit/GxxArm_ws/install/serial_com_rclcpp/share/serial_com_rclcpp/cmake/serial_com_rclcppConfig.cmake
[2.275s] -- Up-to-date: /home/vol/willgit/GxxArm_ws/install/serial_com_rclcpp/share/serial_com_rclcpp/cmake/serial_com_rclcppConfig-version.cmake
[2.276s] -- Up-to-date: /home/vol/willgit/GxxArm_ws/install/serial_com_rclcpp/share/serial_com_rclcpp/package.xml
[2.276s] Invoked command in '/home/vol/willgit/GxxArm_ws/build/serial_com_rclcpp' returned '0': CMAKE_PREFIX_PATH=/home/vol/willgit/GxxArm_ws/install/base_interfaces:/home/vol/willgit/GxxArm_ws/install/serial_com_rclcpp:/opt/ros/humble /usr/bin/cmake --install /home/vol/willgit/GxxArm_ws/build/serial_com_rclcpp
