[0.391s] DEBUG:colcon:Command line arguments: ['/usr/bin/colcon', 'build']
[0.391s] DEBUG:colcon:Parsed command line arguments: Namespace(log_base=None, log_level=None, verb_name='build', build_base='build', install_base='install', merge_install=False, symlink_install=False, test_result_base=None, continue_on_error=False, executor='parallel', parallel_workers=20, event_handlers=None, ignore_user_meta=False, metas=['./colcon.meta'], base_paths=['.'], packages_ignore=None, packages_ignore_regex=None, paths=None, packages_up_to=None, packages_up_to_regex=None, packages_above=None, packages_above_and_dependencies=None, packages_above_depth=None, packages_select_by_dep=None, packages_skip_by_dep=None, packages_skip_up_to=None, packages_select_build_failed=False, packages_skip_build_finished=False, packages_select_test_failures=False, packages_skip_test_passed=False, packages_select=None, packages_skip=None, packages_select_regex=None, packages_skip_regex=None, packages_start=None, packages_end=None, allow_overriding=[], cmake_args=None, cmake_target=None, cmake_target_skip_unavailable=False, cmake_clean_cache=False, cmake_clean_first=False, cmake_force_configure=False, ament_cmake_args=None, catkin_cmake_args=None, catkin_skip_building_tests=False, verb_parser=<colcon_defaults.argument_parser.defaults.DefaultArgumentsDecorator object at 0x7ba0009c17b0>, verb_extension=<colcon_core.verb.build.BuildVerb object at 0x7ba0009a3580>, main=<bound method BuildVerb.main of <colcon_core.verb.build.BuildVerb object at 0x7ba0009a3580>>)
[0.411s] Level 1:colcon.colcon_core.package_discovery:discover_packages(colcon_meta) check parameters
[0.411s] Level 1:colcon.colcon_core.package_discovery:discover_packages(recursive) check parameters
[0.411s] Level 1:colcon.colcon_core.package_discovery:discover_packages(ignore) check parameters
[0.411s] Level 1:colcon.colcon_core.package_discovery:discover_packages(path) check parameters
[0.411s] Level 1:colcon.colcon_core.package_discovery:discover_packages(colcon_meta) discover
[0.411s] Level 1:colcon.colcon_core.package_discovery:discover_packages(recursive) discover
[0.411s] INFO:colcon.colcon_core.package_discovery:Crawling recursively for packages in '/home/vol/willgit/GxxArm_ws'
[0.411s] Level 1:colcon.colcon_core.package_identification:_identify(.) by extensions ['ignore', 'ignore_ament_install']
[0.412s] Level 1:colcon.colcon_core.package_identification:_identify(.) by extension 'ignore'
[0.412s] Level 1:colcon.colcon_core.package_identification:_identify(.) by extension 'ignore_ament_install'
[0.412s] Level 1:colcon.colcon_core.package_identification:_identify(.) by extensions ['colcon_pkg']
[0.412s] Level 1:colcon.colcon_core.package_identification:_identify(.) by extension 'colcon_pkg'
[0.412s] Level 1:colcon.colcon_core.package_identification:_identify(.) by extensions ['colcon_meta']
[0.412s] Level 1:colcon.colcon_core.package_identification:_identify(.) by extension 'colcon_meta'
[0.412s] Level 1:colcon.colcon_core.package_identification:_identify(.) by extensions ['ros']
[0.412s] Level 1:colcon.colcon_core.package_identification:_identify(.) by extension 'ros'
[0.418s] Level 1:colcon.colcon_core.package_identification:_identify(.) by extensions ['cmake', 'python']
[0.418s] Level 1:colcon.colcon_core.package_identification:_identify(.) by extension 'cmake'
[0.418s] Level 1:colcon.colcon_core.package_identification:_identify(.) by extension 'python'
[0.418s] Level 1:colcon.colcon_core.package_identification:_identify(.) by extensions ['python_setup_py']
[0.418s] Level 1:colcon.colcon_core.package_identification:_identify(.) by extension 'python_setup_py'
[0.418s] Level 1:colcon.colcon_core.package_identification:_identify(build) by extensions ['ignore', 'ignore_ament_install']
[0.418s] Level 1:colcon.colcon_core.package_identification:_identify(build) by extension 'ignore'
[0.418s] Level 1:colcon.colcon_core.package_identification:_identify(build) ignored
[0.418s] Level 1:colcon.colcon_core.package_identification:_identify(install) by extensions ['ignore', 'ignore_ament_install']
[0.418s] Level 1:colcon.colcon_core.package_identification:_identify(install) by extension 'ignore'
[0.418s] Level 1:colcon.colcon_core.package_identification:_identify(install) ignored
[0.418s] Level 1:colcon.colcon_core.package_identification:_identify(log) by extensions ['ignore', 'ignore_ament_install']
[0.418s] Level 1:colcon.colcon_core.package_identification:_identify(log) by extension 'ignore'
[0.418s] Level 1:colcon.colcon_core.package_identification:_identify(log) ignored
[0.418s] Level 1:colcon.colcon_core.package_identification:_identify(src) by extensions ['ignore', 'ignore_ament_install']
[0.418s] Level 1:colcon.colcon_core.package_identification:_identify(src) by extension 'ignore'
[0.418s] Level 1:colcon.colcon_core.package_identification:_identify(src) by extension 'ignore_ament_install'
[0.418s] Level 1:colcon.colcon_core.package_identification:_identify(src) by extensions ['colcon_pkg']
[0.418s] Level 1:colcon.colcon_core.package_identification:_identify(src) by extension 'colcon_pkg'
[0.418s] Level 1:colcon.colcon_core.package_identification:_identify(src) by extensions ['colcon_meta']
[0.418s] Level 1:colcon.colcon_core.package_identification:_identify(src) by extension 'colcon_meta'
[0.418s] Level 1:colcon.colcon_core.package_identification:_identify(src) by extensions ['ros']
[0.418s] Level 1:colcon.colcon_core.package_identification:_identify(src) by extension 'ros'
[0.418s] Level 1:colcon.colcon_core.package_identification:_identify(src) by extensions ['cmake', 'python']
[0.418s] Level 1:colcon.colcon_core.package_identification:_identify(src) by extension 'cmake'
[0.418s] Level 1:colcon.colcon_core.package_identification:_identify(src) by extension 'python'
[0.418s] Level 1:colcon.colcon_core.package_identification:_identify(src) by extensions ['python_setup_py']
[0.418s] Level 1:colcon.colcon_core.package_identification:_identify(src) by extension 'python_setup_py'
[0.418s] Level 1:colcon.colcon_core.package_identification:_identify(src/base_interfaces) by extensions ['ignore', 'ignore_ament_install']
[0.418s] Level 1:colcon.colcon_core.package_identification:_identify(src/base_interfaces) by extension 'ignore'
[0.419s] Level 1:colcon.colcon_core.package_identification:_identify(src/base_interfaces) by extension 'ignore_ament_install'
[0.419s] Level 1:colcon.colcon_core.package_identification:_identify(src/base_interfaces) by extensions ['colcon_pkg']
[0.419s] Level 1:colcon.colcon_core.package_identification:_identify(src/base_interfaces) by extension 'colcon_pkg'
[0.419s] Level 1:colcon.colcon_core.package_identification:_identify(src/base_interfaces) by extensions ['colcon_meta']
[0.419s] Level 1:colcon.colcon_core.package_identification:_identify(src/base_interfaces) by extension 'colcon_meta'
[0.419s] Level 1:colcon.colcon_core.package_identification:_identify(src/base_interfaces) by extensions ['ros']
[0.419s] Level 1:colcon.colcon_core.package_identification:_identify(src/base_interfaces) by extension 'ros'
[0.420s] DEBUG:colcon.colcon_core.package_identification:Package 'src/base_interfaces' with type 'ros.ament_cmake' and name 'base_interfaces'
[0.420s] Level 1:colcon.colcon_core.package_identification:_identify(src/kinesiology_arm_rclcpp) by extensions ['ignore', 'ignore_ament_install']
[0.420s] Level 1:colcon.colcon_core.package_identification:_identify(src/kinesiology_arm_rclcpp) by extension 'ignore'
[0.420s] Level 1:colcon.colcon_core.package_identification:_identify(src/kinesiology_arm_rclcpp) by extension 'ignore_ament_install'
[0.420s] Level 1:colcon.colcon_core.package_identification:_identify(src/kinesiology_arm_rclcpp) by extensions ['colcon_pkg']
[0.420s] Level 1:colcon.colcon_core.package_identification:_identify(src/kinesiology_arm_rclcpp) by extension 'colcon_pkg'
[0.420s] Level 1:colcon.colcon_core.package_identification:_identify(src/kinesiology_arm_rclcpp) by extensions ['colcon_meta']
[0.420s] Level 1:colcon.colcon_core.package_identification:_identify(src/kinesiology_arm_rclcpp) by extension 'colcon_meta'
[0.420s] Level 1:colcon.colcon_core.package_identification:_identify(src/kinesiology_arm_rclcpp) by extensions ['ros']
[0.420s] Level 1:colcon.colcon_core.package_identification:_identify(src/kinesiology_arm_rclcpp) by extension 'ros'
[0.421s] DEBUG:colcon.colcon_core.package_identification:Package 'src/kinesiology_arm_rclcpp' with type 'ros.ament_cmake' and name 'Kinesiology_arm_rclcpp'
[0.421s] Level 1:colcon.colcon_core.package_identification:_identify(src/serial_com_rclcpp) by extensions ['ignore', 'ignore_ament_install']
[0.421s] Level 1:colcon.colcon_core.package_identification:_identify(src/serial_com_rclcpp) by extension 'ignore'
[0.421s] Level 1:colcon.colcon_core.package_identification:_identify(src/serial_com_rclcpp) by extension 'ignore_ament_install'
[0.421s] Level 1:colcon.colcon_core.package_identification:_identify(src/serial_com_rclcpp) by extensions ['colcon_pkg']
[0.421s] Level 1:colcon.colcon_core.package_identification:_identify(src/serial_com_rclcpp) by extension 'colcon_pkg'
[0.421s] Level 1:colcon.colcon_core.package_identification:_identify(src/serial_com_rclcpp) by extensions ['colcon_meta']
[0.421s] Level 1:colcon.colcon_core.package_identification:_identify(src/serial_com_rclcpp) by extension 'colcon_meta'
[0.421s] Level 1:colcon.colcon_core.package_identification:_identify(src/serial_com_rclcpp) by extensions ['ros']
[0.421s] Level 1:colcon.colcon_core.package_identification:_identify(src/serial_com_rclcpp) by extension 'ros'
[0.421s] DEBUG:colcon.colcon_core.package_identification:Package 'src/serial_com_rclcpp' with type 'ros.ament_cmake' and name 'serial_com_rclcpp'
[0.421s] Level 1:colcon.colcon_core.package_discovery:discover_packages(recursive) using defaults
[0.421s] Level 1:colcon.colcon_core.package_discovery:discover_packages(ignore) discover
[0.421s] Level 1:colcon.colcon_core.package_discovery:discover_packages(ignore) using defaults
[0.421s] Level 1:colcon.colcon_core.package_discovery:discover_packages(path) discover
[0.421s] Level 1:colcon.colcon_core.package_discovery:discover_packages(path) using defaults
[0.458s] Level 1:colcon.colcon_core.package_discovery:discover_packages(prefix_path) check parameters
[0.458s] Level 1:colcon.colcon_core.package_discovery:discover_packages(prefix_path) discover
[0.470s] DEBUG:colcon.colcon_installed_package_information.package_discovery:Found 3 installed packages in /home/vol/willgit/GxxArm_ws/install
[0.476s] DEBUG:colcon.colcon_installed_package_information.package_discovery:Found 270 installed packages in /opt/ros/humble
[0.476s] Level 1:colcon.colcon_core.package_discovery:discover_packages(prefix_path) using defaults
[0.516s] Level 5:colcon.colcon_core.verb:set package 'base_interfaces' build argument 'cmake_args' from command line to 'None'
[0.516s] Level 5:colcon.colcon_core.verb:set package 'base_interfaces' build argument 'cmake_target' from command line to 'None'
[0.516s] Level 5:colcon.colcon_core.verb:set package 'base_interfaces' build argument 'cmake_target_skip_unavailable' from command line to 'False'
[0.516s] Level 5:colcon.colcon_core.verb:set package 'base_interfaces' build argument 'cmake_clean_cache' from command line to 'False'
[0.516s] Level 5:colcon.colcon_core.verb:set package 'base_interfaces' build argument 'cmake_clean_first' from command line to 'False'
[0.516s] Level 5:colcon.colcon_core.verb:set package 'base_interfaces' build argument 'cmake_force_configure' from command line to 'False'
[0.516s] Level 5:colcon.colcon_core.verb:set package 'base_interfaces' build argument 'ament_cmake_args' from command line to 'None'
[0.516s] Level 5:colcon.colcon_core.verb:set package 'base_interfaces' build argument 'catkin_cmake_args' from command line to 'None'
[0.516s] Level 5:colcon.colcon_core.verb:set package 'base_interfaces' build argument 'catkin_skip_building_tests' from command line to 'False'
[0.516s] DEBUG:colcon.colcon_core.verb:Building package 'base_interfaces' with the following arguments: {'ament_cmake_args': None, 'build_base': '/home/vol/willgit/GxxArm_ws/build/base_interfaces', 'catkin_cmake_args': None, 'catkin_skip_building_tests': False, 'cmake_args': None, 'cmake_clean_cache': False, 'cmake_clean_first': False, 'cmake_force_configure': False, 'cmake_target': None, 'cmake_target_skip_unavailable': False, 'install_base': '/home/vol/willgit/GxxArm_ws/install/base_interfaces', 'merge_install': False, 'path': '/home/vol/willgit/GxxArm_ws/src/base_interfaces', 'symlink_install': False, 'test_result_base': None}
[0.521s] Level 5:colcon.colcon_core.verb:set package 'Kinesiology_arm_rclcpp' build argument 'cmake_args' from command line to 'None'
[0.521s] Level 5:colcon.colcon_core.verb:set package 'Kinesiology_arm_rclcpp' build argument 'cmake_target' from command line to 'None'
[0.521s] Level 5:colcon.colcon_core.verb:set package 'Kinesiology_arm_rclcpp' build argument 'cmake_target_skip_unavailable' from command line to 'False'
[0.521s] Level 5:colcon.colcon_core.verb:set package 'Kinesiology_arm_rclcpp' build argument 'cmake_clean_cache' from command line to 'False'
[0.521s] Level 5:colcon.colcon_core.verb:set package 'Kinesiology_arm_rclcpp' build argument 'cmake_clean_first' from command line to 'False'
[0.521s] Level 5:colcon.colcon_core.verb:set package 'Kinesiology_arm_rclcpp' build argument 'cmake_force_configure' from command line to 'False'
[0.521s] Level 5:colcon.colcon_core.verb:set package 'Kinesiology_arm_rclcpp' build argument 'ament_cmake_args' from command line to 'None'
[0.521s] Level 5:colcon.colcon_core.verb:set package 'Kinesiology_arm_rclcpp' build argument 'catkin_cmake_args' from command line to 'None'
[0.522s] Level 5:colcon.colcon_core.verb:set package 'Kinesiology_arm_rclcpp' build argument 'catkin_skip_building_tests' from command line to 'False'
[0.522s] DEBUG:colcon.colcon_core.verb:Building package 'Kinesiology_arm_rclcpp' with the following arguments: {'ament_cmake_args': None, 'build_base': '/home/vol/willgit/GxxArm_ws/build/Kinesiology_arm_rclcpp', 'catkin_cmake_args': None, 'catkin_skip_building_tests': False, 'cmake_args': None, 'cmake_clean_cache': False, 'cmake_clean_first': False, 'cmake_force_configure': False, 'cmake_target': None, 'cmake_target_skip_unavailable': False, 'install_base': '/home/vol/willgit/GxxArm_ws/install/Kinesiology_arm_rclcpp', 'merge_install': False, 'path': '/home/vol/willgit/GxxArm_ws/src/kinesiology_arm_rclcpp', 'symlink_install': False, 'test_result_base': None}
[0.527s] Level 5:colcon.colcon_core.verb:set package 'serial_com_rclcpp' build argument 'cmake_args' from command line to 'None'
[0.527s] Level 5:colcon.colcon_core.verb:set package 'serial_com_rclcpp' build argument 'cmake_target' from command line to 'None'
[0.527s] Level 5:colcon.colcon_core.verb:set package 'serial_com_rclcpp' build argument 'cmake_target_skip_unavailable' from command line to 'False'
[0.527s] Level 5:colcon.colcon_core.verb:set package 'serial_com_rclcpp' build argument 'cmake_clean_cache' from command line to 'False'
[0.527s] Level 5:colcon.colcon_core.verb:set package 'serial_com_rclcpp' build argument 'cmake_clean_first' from command line to 'False'
[0.527s] Level 5:colcon.colcon_core.verb:set package 'serial_com_rclcpp' build argument 'cmake_force_configure' from command line to 'False'
[0.527s] Level 5:colcon.colcon_core.verb:set package 'serial_com_rclcpp' build argument 'ament_cmake_args' from command line to 'None'
[0.527s] Level 5:colcon.colcon_core.verb:set package 'serial_com_rclcpp' build argument 'catkin_cmake_args' from command line to 'None'
[0.527s] Level 5:colcon.colcon_core.verb:set package 'serial_com_rclcpp' build argument 'catkin_skip_building_tests' from command line to 'False'
[0.527s] DEBUG:colcon.colcon_core.verb:Building package 'serial_com_rclcpp' with the following arguments: {'ament_cmake_args': None, 'build_base': '/home/vol/willgit/GxxArm_ws/build/serial_com_rclcpp', 'catkin_cmake_args': None, 'catkin_skip_building_tests': False, 'cmake_args': None, 'cmake_clean_cache': False, 'cmake_clean_first': False, 'cmake_force_configure': False, 'cmake_target': None, 'cmake_target_skip_unavailable': False, 'install_base': '/home/vol/willgit/GxxArm_ws/install/serial_com_rclcpp', 'merge_install': False, 'path': '/home/vol/willgit/GxxArm_ws/src/serial_com_rclcpp', 'symlink_install': False, 'test_result_base': None}
[0.532s] INFO:colcon.colcon_core.executor:Executing jobs using 'parallel' executor
[0.538s] DEBUG:colcon.colcon_parallel_executor.executor.parallel:run_until_complete
[0.538s] INFO:colcon.colcon_ros.task.ament_cmake.build:Building ROS package in '/home/vol/willgit/GxxArm_ws/src/base_interfaces' with build type 'ament_cmake'
[0.538s] INFO:colcon.colcon_cmake.task.cmake.build:Building CMake package in '/home/vol/willgit/GxxArm_ws/src/base_interfaces'
[0.545s] INFO:colcon.colcon_core.plugin_system:Skipping extension 'colcon_core.shell.bat': Not used on non-Windows systems
[0.545s] INFO:colcon.colcon_core.shell:Skip shell extension 'powershell' for command environment: Not usable outside of PowerShell
[0.545s] DEBUG:colcon.colcon_core.shell:Skip shell extension 'dsv' for command environment
[0.565s] DEBUG:colcon.colcon_core.event_handler.log_command:Invoking command in '/home/vol/willgit/GxxArm_ws/build/base_interfaces': CMAKE_PREFIX_PATH=${CMAKE_PREFIX_PATH}:/opt/ros/humble CONDA_PROMPT_MODIFIER=(base) /usr/bin/cmake --build /home/vol/willgit/GxxArm_ws/build/base_interfaces -- -j20 -l20
[0.734s] DEBUG:colcon.colcon_core.event_handler.log_command:Invoked command in '/home/vol/willgit/GxxArm_ws/build/base_interfaces' returned '0': CMAKE_PREFIX_PATH=${CMAKE_PREFIX_PATH}:/opt/ros/humble CONDA_PROMPT_MODIFIER=(base) /usr/bin/cmake --build /home/vol/willgit/GxxArm_ws/build/base_interfaces -- -j20 -l20
[0.786s] DEBUG:colcon.colcon_core.event_handler.log_command:Invoking command in '/home/vol/willgit/GxxArm_ws/build/base_interfaces': CMAKE_PREFIX_PATH=${CMAKE_PREFIX_PATH}:/opt/ros/humble CONDA_PROMPT_MODIFIER=(base) /usr/bin/cmake --install /home/vol/willgit/GxxArm_ws/build/base_interfaces
[0.814s] Level 1:colcon.colcon_core.environment:create_environment_scripts_only(base_interfaces)
[0.817s] DEBUG:colcon.colcon_core.event_handler.log_command:Invoked command in '/home/vol/willgit/GxxArm_ws/build/base_interfaces' returned '0': CMAKE_PREFIX_PATH=${CMAKE_PREFIX_PATH}:/opt/ros/humble CONDA_PROMPT_MODIFIER=(base) /usr/bin/cmake --install /home/vol/willgit/GxxArm_ws/build/base_interfaces
[0.823s] Level 1:colcon.colcon_core.environment:checking '/home/vol/willgit/GxxArm_ws/install/base_interfaces' for CMake module files
[0.823s] Level 1:colcon.colcon_core.environment:checking '/home/vol/willgit/GxxArm_ws/install/base_interfaces' for CMake config files
[0.823s] Level 1:colcon.colcon_core.shell:create_environment_hook('base_interfaces', 'cmake_prefix_path')
[0.829s] INFO:colcon.colcon_core.shell:Creating environment hook '/home/vol/willgit/GxxArm_ws/install/base_interfaces/share/base_interfaces/hook/cmake_prefix_path.ps1'
[0.829s] INFO:colcon.colcon_core.shell:Creating environment descriptor '/home/vol/willgit/GxxArm_ws/install/base_interfaces/share/base_interfaces/hook/cmake_prefix_path.dsv'
[0.829s] INFO:colcon.colcon_core.shell:Creating environment hook '/home/vol/willgit/GxxArm_ws/install/base_interfaces/share/base_interfaces/hook/cmake_prefix_path.sh'
[0.830s] Level 1:colcon.colcon_core.environment:checking '/home/vol/willgit/GxxArm_ws/install/base_interfaces/lib'
[0.830s] Level 1:colcon.colcon_core.shell:create_environment_hook('base_interfaces', 'ld_library_path_lib')
[0.835s] INFO:colcon.colcon_core.shell:Creating environment hook '/home/vol/willgit/GxxArm_ws/install/base_interfaces/share/base_interfaces/hook/ld_library_path_lib.ps1'
[0.836s] INFO:colcon.colcon_core.shell:Creating environment descriptor '/home/vol/willgit/GxxArm_ws/install/base_interfaces/share/base_interfaces/hook/ld_library_path_lib.dsv'
[0.836s] INFO:colcon.colcon_core.shell:Creating environment hook '/home/vol/willgit/GxxArm_ws/install/base_interfaces/share/base_interfaces/hook/ld_library_path_lib.sh'
[0.836s] Level 1:colcon.colcon_core.environment:checking '/home/vol/willgit/GxxArm_ws/install/base_interfaces/bin'
[0.836s] Level 1:colcon.colcon_core.environment:checking '/home/vol/willgit/GxxArm_ws/install/base_interfaces/lib/pkgconfig/base_interfaces.pc'
[0.836s] Level 1:colcon.colcon_core.environment:checking '/home/vol/willgit/GxxArm_ws/install/base_interfaces/lib/python3.10/site-packages'
[0.836s] Level 1:colcon.colcon_core.environment:checking '/home/vol/willgit/GxxArm_ws/install/base_interfaces/bin'
[0.842s] INFO:colcon.colcon_core.shell:Creating package script '/home/vol/willgit/GxxArm_ws/install/base_interfaces/share/base_interfaces/package.ps1'
[0.842s] INFO:colcon.colcon_core.shell:Creating package descriptor '/home/vol/willgit/GxxArm_ws/install/base_interfaces/share/base_interfaces/package.dsv'
[0.842s] INFO:colcon.colcon_core.shell:Creating package script '/home/vol/willgit/GxxArm_ws/install/base_interfaces/share/base_interfaces/package.sh'
[0.843s] INFO:colcon.colcon_core.shell:Creating package script '/home/vol/willgit/GxxArm_ws/install/base_interfaces/share/base_interfaces/package.bash'
[0.843s] INFO:colcon.colcon_core.shell:Creating package script '/home/vol/willgit/GxxArm_ws/install/base_interfaces/share/base_interfaces/package.zsh'
[0.843s] Level 1:colcon.colcon_core.environment:create_file_with_runtime_dependencies(/home/vol/willgit/GxxArm_ws/install/base_interfaces/share/colcon-core/packages/base_interfaces)
[0.894s] Level 1:colcon.colcon_core.environment:create_environment_scripts_only(base_interfaces)
[0.900s] Level 1:colcon.colcon_core.environment:checking '/home/vol/willgit/GxxArm_ws/install/base_interfaces' for CMake module files
[0.900s] Level 1:colcon.colcon_core.environment:checking '/home/vol/willgit/GxxArm_ws/install/base_interfaces' for CMake config files
[0.900s] Level 1:colcon.colcon_core.shell:create_environment_hook('base_interfaces', 'cmake_prefix_path')
[0.906s] INFO:colcon.colcon_core.shell:Creating environment hook '/home/vol/willgit/GxxArm_ws/install/base_interfaces/share/base_interfaces/hook/cmake_prefix_path.ps1'
[0.906s] INFO:colcon.colcon_core.shell:Creating environment descriptor '/home/vol/willgit/GxxArm_ws/install/base_interfaces/share/base_interfaces/hook/cmake_prefix_path.dsv'
[0.906s] INFO:colcon.colcon_core.shell:Creating environment hook '/home/vol/willgit/GxxArm_ws/install/base_interfaces/share/base_interfaces/hook/cmake_prefix_path.sh'
[0.906s] Level 1:colcon.colcon_core.environment:checking '/home/vol/willgit/GxxArm_ws/install/base_interfaces/lib'
[0.906s] Level 1:colcon.colcon_core.shell:create_environment_hook('base_interfaces', 'ld_library_path_lib')
[0.912s] INFO:colcon.colcon_core.shell:Creating environment hook '/home/vol/willgit/GxxArm_ws/install/base_interfaces/share/base_interfaces/hook/ld_library_path_lib.ps1'
[0.912s] INFO:colcon.colcon_core.shell:Creating environment descriptor '/home/vol/willgit/GxxArm_ws/install/base_interfaces/share/base_interfaces/hook/ld_library_path_lib.dsv'
[0.912s] INFO:colcon.colcon_core.shell:Creating environment hook '/home/vol/willgit/GxxArm_ws/install/base_interfaces/share/base_interfaces/hook/ld_library_path_lib.sh'
[0.912s] Level 1:colcon.colcon_core.environment:checking '/home/vol/willgit/GxxArm_ws/install/base_interfaces/bin'
[0.912s] Level 1:colcon.colcon_core.environment:checking '/home/vol/willgit/GxxArm_ws/install/base_interfaces/lib/pkgconfig/base_interfaces.pc'
[0.913s] Level 1:colcon.colcon_core.environment:checking '/home/vol/willgit/GxxArm_ws/install/base_interfaces/lib/python3.10/site-packages'
[0.913s] Level 1:colcon.colcon_core.environment:checking '/home/vol/willgit/GxxArm_ws/install/base_interfaces/bin'
[0.918s] INFO:colcon.colcon_core.shell:Creating package script '/home/vol/willgit/GxxArm_ws/install/base_interfaces/share/base_interfaces/package.ps1'
[0.918s] INFO:colcon.colcon_core.shell:Creating package descriptor '/home/vol/willgit/GxxArm_ws/install/base_interfaces/share/base_interfaces/package.dsv'
[0.919s] INFO:colcon.colcon_core.shell:Creating package script '/home/vol/willgit/GxxArm_ws/install/base_interfaces/share/base_interfaces/package.sh'
[0.919s] INFO:colcon.colcon_core.shell:Creating package script '/home/vol/willgit/GxxArm_ws/install/base_interfaces/share/base_interfaces/package.bash'
[0.919s] INFO:colcon.colcon_core.shell:Creating package script '/home/vol/willgit/GxxArm_ws/install/base_interfaces/share/base_interfaces/package.zsh'
[0.919s] Level 1:colcon.colcon_core.environment:create_file_with_runtime_dependencies(/home/vol/willgit/GxxArm_ws/install/base_interfaces/share/colcon-core/packages/base_interfaces)
[0.919s] INFO:colcon.colcon_ros.task.ament_cmake.build:Building ROS package in '/home/vol/willgit/GxxArm_ws/src/kinesiology_arm_rclcpp' with build type 'ament_cmake'
[0.919s] INFO:colcon.colcon_cmake.task.cmake.build:Building CMake package in '/home/vol/willgit/GxxArm_ws/src/kinesiology_arm_rclcpp'
[0.925s] INFO:colcon.colcon_core.shell:Skip shell extension 'powershell' for command environment: Not usable outside of PowerShell
[0.925s] DEBUG:colcon.colcon_core.shell:Skip shell extension 'dsv' for command environment
[0.951s] INFO:colcon.colcon_ros.task.ament_cmake.build:Building ROS package in '/home/vol/willgit/GxxArm_ws/src/serial_com_rclcpp' with build type 'ament_cmake'
[0.951s] INFO:colcon.colcon_cmake.task.cmake.build:Building CMake package in '/home/vol/willgit/GxxArm_ws/src/serial_com_rclcpp'
[0.957s] INFO:colcon.colcon_core.shell:Skip shell extension 'powershell' for command environment: Not usable outside of PowerShell
[0.957s] DEBUG:colcon.colcon_core.shell:Skip shell extension 'dsv' for command environment
[0.976s] DEBUG:colcon.colcon_core.event_handler.log_command:Invoking command in '/home/vol/willgit/GxxArm_ws/build/Kinesiology_arm_rclcpp': CMAKE_PREFIX_PATH=/home/vol/willgit/GxxArm_ws/install/base_interfaces:/home/vol/willgit/GxxArm_ws/install/serial_com_rclcpp:/home/vol/willgit/GxxArm_ws/install/Kinesiology_arm_rclcpp:/opt/ros/humble CONDA_PROMPT_MODIFIER=(base) /usr/bin/cmake --build /home/vol/willgit/GxxArm_ws/build/Kinesiology_arm_rclcpp -- -j20 -l20
[0.979s] DEBUG:colcon.colcon_core.event_handler.log_command:Invoking command in '/home/vol/willgit/GxxArm_ws/build/serial_com_rclcpp': CMAKE_PREFIX_PATH=/home/vol/willgit/GxxArm_ws/install/base_interfaces:/home/vol/willgit/GxxArm_ws/install/serial_com_rclcpp:/home/vol/willgit/GxxArm_ws/install/Kinesiology_arm_rclcpp:/opt/ros/humble CONDA_PROMPT_MODIFIER=(base) /usr/bin/cmake --build /home/vol/willgit/GxxArm_ws/build/serial_com_rclcpp -- -j20 -l20
[1.012s] DEBUG:colcon.colcon_core.event_handler.log_command:Invoked command in '/home/vol/willgit/GxxArm_ws/build/serial_com_rclcpp' returned '0': CMAKE_PREFIX_PATH=/home/vol/willgit/GxxArm_ws/install/base_interfaces:/home/vol/willgit/GxxArm_ws/install/serial_com_rclcpp:/home/vol/willgit/GxxArm_ws/install/Kinesiology_arm_rclcpp:/opt/ros/humble CONDA_PROMPT_MODIFIER=(base) /usr/bin/cmake --build /home/vol/willgit/GxxArm_ws/build/serial_com_rclcpp -- -j20 -l20
[1.025s] DEBUG:colcon.colcon_core.event_handler.log_command:Invoking command in '/home/vol/willgit/GxxArm_ws/build/serial_com_rclcpp': CMAKE_PREFIX_PATH=/home/vol/willgit/GxxArm_ws/install/base_interfaces:/home/vol/willgit/GxxArm_ws/install/serial_com_rclcpp:/home/vol/willgit/GxxArm_ws/install/Kinesiology_arm_rclcpp:/opt/ros/humble CONDA_PROMPT_MODIFIER=(base) /usr/bin/cmake --install /home/vol/willgit/GxxArm_ws/build/serial_com_rclcpp
[1.030s] Level 1:colcon.colcon_core.environment:create_environment_scripts_only(serial_com_rclcpp)
[1.030s] DEBUG:colcon.colcon_core.event_handler.log_command:Invoked command in '/home/vol/willgit/GxxArm_ws/build/serial_com_rclcpp' returned '0': CMAKE_PREFIX_PATH=/home/vol/willgit/GxxArm_ws/install/base_interfaces:/home/vol/willgit/GxxArm_ws/install/serial_com_rclcpp:/home/vol/willgit/GxxArm_ws/install/Kinesiology_arm_rclcpp:/opt/ros/humble CONDA_PROMPT_MODIFIER=(base) /usr/bin/cmake --install /home/vol/willgit/GxxArm_ws/build/serial_com_rclcpp
[1.036s] Level 1:colcon.colcon_core.environment:checking '/home/vol/willgit/GxxArm_ws/install/serial_com_rclcpp' for CMake module files
[1.036s] Level 1:colcon.colcon_core.environment:checking '/home/vol/willgit/GxxArm_ws/install/serial_com_rclcpp' for CMake config files
[1.036s] Level 1:colcon.colcon_core.shell:create_environment_hook('serial_com_rclcpp', 'cmake_prefix_path')
[1.042s] INFO:colcon.colcon_core.shell:Creating environment hook '/home/vol/willgit/GxxArm_ws/install/serial_com_rclcpp/share/serial_com_rclcpp/hook/cmake_prefix_path.ps1'
[1.043s] INFO:colcon.colcon_core.shell:Creating environment descriptor '/home/vol/willgit/GxxArm_ws/install/serial_com_rclcpp/share/serial_com_rclcpp/hook/cmake_prefix_path.dsv'
[1.043s] INFO:colcon.colcon_core.shell:Creating environment hook '/home/vol/willgit/GxxArm_ws/install/serial_com_rclcpp/share/serial_com_rclcpp/hook/cmake_prefix_path.sh'
[1.043s] Level 1:colcon.colcon_core.environment:checking '/home/vol/willgit/GxxArm_ws/install/serial_com_rclcpp/lib'
[1.043s] Level 1:colcon.colcon_core.environment:checking '/home/vol/willgit/GxxArm_ws/install/serial_com_rclcpp/bin'
[1.043s] Level 1:colcon.colcon_core.environment:checking '/home/vol/willgit/GxxArm_ws/install/serial_com_rclcpp/lib/pkgconfig/serial_com_rclcpp.pc'
[1.043s] Level 1:colcon.colcon_core.environment:checking '/home/vol/willgit/GxxArm_ws/install/serial_com_rclcpp/lib/python3.10/site-packages'
[1.044s] Level 1:colcon.colcon_core.environment:checking '/home/vol/willgit/GxxArm_ws/install/serial_com_rclcpp/bin'
[1.049s] INFO:colcon.colcon_core.shell:Creating package script '/home/vol/willgit/GxxArm_ws/install/serial_com_rclcpp/share/serial_com_rclcpp/package.ps1'
[1.050s] INFO:colcon.colcon_core.shell:Creating package descriptor '/home/vol/willgit/GxxArm_ws/install/serial_com_rclcpp/share/serial_com_rclcpp/package.dsv'
[1.050s] INFO:colcon.colcon_core.shell:Creating package script '/home/vol/willgit/GxxArm_ws/install/serial_com_rclcpp/share/serial_com_rclcpp/package.sh'
[1.050s] INFO:colcon.colcon_core.shell:Creating package script '/home/vol/willgit/GxxArm_ws/install/serial_com_rclcpp/share/serial_com_rclcpp/package.bash'
[1.050s] INFO:colcon.colcon_core.shell:Creating package script '/home/vol/willgit/GxxArm_ws/install/serial_com_rclcpp/share/serial_com_rclcpp/package.zsh'
[1.050s] Level 1:colcon.colcon_core.environment:create_file_with_runtime_dependencies(/home/vol/willgit/GxxArm_ws/install/serial_com_rclcpp/share/colcon-core/packages/serial_com_rclcpp)
[1.071s] Level 1:colcon.colcon_core.environment:create_environment_scripts_only(serial_com_rclcpp)
[1.077s] Level 1:colcon.colcon_core.environment:checking '/home/vol/willgit/GxxArm_ws/install/serial_com_rclcpp' for CMake module files
[1.077s] Level 1:colcon.colcon_core.environment:checking '/home/vol/willgit/GxxArm_ws/install/serial_com_rclcpp' for CMake config files
[1.077s] Level 1:colcon.colcon_core.shell:create_environment_hook('serial_com_rclcpp', 'cmake_prefix_path')
[1.083s] INFO:colcon.colcon_core.shell:Creating environment hook '/home/vol/willgit/GxxArm_ws/install/serial_com_rclcpp/share/serial_com_rclcpp/hook/cmake_prefix_path.ps1'
[1.083s] INFO:colcon.colcon_core.shell:Creating environment descriptor '/home/vol/willgit/GxxArm_ws/install/serial_com_rclcpp/share/serial_com_rclcpp/hook/cmake_prefix_path.dsv'
[1.083s] INFO:colcon.colcon_core.shell:Creating environment hook '/home/vol/willgit/GxxArm_ws/install/serial_com_rclcpp/share/serial_com_rclcpp/hook/cmake_prefix_path.sh'
[1.083s] Level 1:colcon.colcon_core.environment:checking '/home/vol/willgit/GxxArm_ws/install/serial_com_rclcpp/lib'
[1.083s] Level 1:colcon.colcon_core.environment:checking '/home/vol/willgit/GxxArm_ws/install/serial_com_rclcpp/bin'
[1.083s] Level 1:colcon.colcon_core.environment:checking '/home/vol/willgit/GxxArm_ws/install/serial_com_rclcpp/lib/pkgconfig/serial_com_rclcpp.pc'
[1.084s] Level 1:colcon.colcon_core.environment:checking '/home/vol/willgit/GxxArm_ws/install/serial_com_rclcpp/lib/python3.10/site-packages'
[1.084s] Level 1:colcon.colcon_core.environment:checking '/home/vol/willgit/GxxArm_ws/install/serial_com_rclcpp/bin'
[1.090s] INFO:colcon.colcon_core.shell:Creating package script '/home/vol/willgit/GxxArm_ws/install/serial_com_rclcpp/share/serial_com_rclcpp/package.ps1'
[1.090s] INFO:colcon.colcon_core.shell:Creating package descriptor '/home/vol/willgit/GxxArm_ws/install/serial_com_rclcpp/share/serial_com_rclcpp/package.dsv'
[1.090s] INFO:colcon.colcon_core.shell:Creating package script '/home/vol/willgit/GxxArm_ws/install/serial_com_rclcpp/share/serial_com_rclcpp/package.sh'
[1.091s] INFO:colcon.colcon_core.shell:Creating package script '/home/vol/willgit/GxxArm_ws/install/serial_com_rclcpp/share/serial_com_rclcpp/package.bash'
[1.091s] INFO:colcon.colcon_core.shell:Creating package script '/home/vol/willgit/GxxArm_ws/install/serial_com_rclcpp/share/serial_com_rclcpp/package.zsh'
[1.091s] Level 1:colcon.colcon_core.environment:create_file_with_runtime_dependencies(/home/vol/willgit/GxxArm_ws/install/serial_com_rclcpp/share/colcon-core/packages/serial_com_rclcpp)
[4.637s] DEBUG:colcon.colcon_core.event_handler.log_command:Invoked command in '/home/vol/willgit/GxxArm_ws/build/Kinesiology_arm_rclcpp' returned '0': CMAKE_PREFIX_PATH=/home/vol/willgit/GxxArm_ws/install/base_interfaces:/home/vol/willgit/GxxArm_ws/install/serial_com_rclcpp:/home/vol/willgit/GxxArm_ws/install/Kinesiology_arm_rclcpp:/opt/ros/humble CONDA_PROMPT_MODIFIER=(base) /usr/bin/cmake --build /home/vol/willgit/GxxArm_ws/build/Kinesiology_arm_rclcpp -- -j20 -l20
[4.652s] DEBUG:colcon.colcon_core.event_handler.log_command:Invoking command in '/home/vol/willgit/GxxArm_ws/build/Kinesiology_arm_rclcpp': CMAKE_PREFIX_PATH=/home/vol/willgit/GxxArm_ws/install/base_interfaces:/home/vol/willgit/GxxArm_ws/install/serial_com_rclcpp:/home/vol/willgit/GxxArm_ws/install/Kinesiology_arm_rclcpp:/opt/ros/humble CONDA_PROMPT_MODIFIER=(base) /usr/bin/cmake --install /home/vol/willgit/GxxArm_ws/build/Kinesiology_arm_rclcpp
[4.658s] Level 1:colcon.colcon_core.environment:create_environment_scripts_only(Kinesiology_arm_rclcpp)
[4.659s] DEBUG:colcon.colcon_core.event_handler.log_command:Invoked command in '/home/vol/willgit/GxxArm_ws/build/Kinesiology_arm_rclcpp' returned '0': CMAKE_PREFIX_PATH=/home/vol/willgit/GxxArm_ws/install/base_interfaces:/home/vol/willgit/GxxArm_ws/install/serial_com_rclcpp:/home/vol/willgit/GxxArm_ws/install/Kinesiology_arm_rclcpp:/opt/ros/humble CONDA_PROMPT_MODIFIER=(base) /usr/bin/cmake --install /home/vol/willgit/GxxArm_ws/build/Kinesiology_arm_rclcpp
[4.665s] Level 1:colcon.colcon_core.environment:checking '/home/vol/willgit/GxxArm_ws/install/Kinesiology_arm_rclcpp' for CMake module files
[4.665s] Level 1:colcon.colcon_core.environment:checking '/home/vol/willgit/GxxArm_ws/install/Kinesiology_arm_rclcpp' for CMake config files
[4.665s] Level 1:colcon.colcon_core.shell:create_environment_hook('Kinesiology_arm_rclcpp', 'cmake_prefix_path')
[4.671s] INFO:colcon.colcon_core.shell:Creating environment hook '/home/vol/willgit/GxxArm_ws/install/Kinesiology_arm_rclcpp/share/Kinesiology_arm_rclcpp/hook/cmake_prefix_path.ps1'
[4.671s] INFO:colcon.colcon_core.shell:Creating environment descriptor '/home/vol/willgit/GxxArm_ws/install/Kinesiology_arm_rclcpp/share/Kinesiology_arm_rclcpp/hook/cmake_prefix_path.dsv'
[4.671s] INFO:colcon.colcon_core.shell:Creating environment hook '/home/vol/willgit/GxxArm_ws/install/Kinesiology_arm_rclcpp/share/Kinesiology_arm_rclcpp/hook/cmake_prefix_path.sh'
[4.672s] Level 1:colcon.colcon_core.environment:checking '/home/vol/willgit/GxxArm_ws/install/Kinesiology_arm_rclcpp/lib'
[4.672s] Level 1:colcon.colcon_core.environment:checking '/home/vol/willgit/GxxArm_ws/install/Kinesiology_arm_rclcpp/bin'
[4.672s] Level 1:colcon.colcon_core.environment:checking '/home/vol/willgit/GxxArm_ws/install/Kinesiology_arm_rclcpp/lib/pkgconfig/Kinesiology_arm_rclcpp.pc'
[4.672s] Level 1:colcon.colcon_core.environment:checking '/home/vol/willgit/GxxArm_ws/install/Kinesiology_arm_rclcpp/lib/python3.10/site-packages'
[4.672s] Level 1:colcon.colcon_core.environment:checking '/home/vol/willgit/GxxArm_ws/install/Kinesiology_arm_rclcpp/bin'
[4.677s] INFO:colcon.colcon_core.shell:Creating package script '/home/vol/willgit/GxxArm_ws/install/Kinesiology_arm_rclcpp/share/Kinesiology_arm_rclcpp/package.ps1'
[4.678s] INFO:colcon.colcon_core.shell:Creating package descriptor '/home/vol/willgit/GxxArm_ws/install/Kinesiology_arm_rclcpp/share/Kinesiology_arm_rclcpp/package.dsv'
[4.678s] INFO:colcon.colcon_core.shell:Creating package script '/home/vol/willgit/GxxArm_ws/install/Kinesiology_arm_rclcpp/share/Kinesiology_arm_rclcpp/package.sh'
[4.678s] INFO:colcon.colcon_core.shell:Creating package script '/home/vol/willgit/GxxArm_ws/install/Kinesiology_arm_rclcpp/share/Kinesiology_arm_rclcpp/package.bash'
[4.678s] INFO:colcon.colcon_core.shell:Creating package script '/home/vol/willgit/GxxArm_ws/install/Kinesiology_arm_rclcpp/share/Kinesiology_arm_rclcpp/package.zsh'
[4.678s] Level 1:colcon.colcon_core.environment:create_file_with_runtime_dependencies(/home/vol/willgit/GxxArm_ws/install/Kinesiology_arm_rclcpp/share/colcon-core/packages/Kinesiology_arm_rclcpp)
[4.698s] Level 1:colcon.colcon_core.environment:create_environment_scripts_only(Kinesiology_arm_rclcpp)
[4.704s] Level 1:colcon.colcon_core.environment:checking '/home/vol/willgit/GxxArm_ws/install/Kinesiology_arm_rclcpp' for CMake module files
[4.704s] Level 1:colcon.colcon_core.environment:checking '/home/vol/willgit/GxxArm_ws/install/Kinesiology_arm_rclcpp' for CMake config files
[4.704s] Level 1:colcon.colcon_core.shell:create_environment_hook('Kinesiology_arm_rclcpp', 'cmake_prefix_path')
[4.710s] INFO:colcon.colcon_core.shell:Creating environment hook '/home/vol/willgit/GxxArm_ws/install/Kinesiology_arm_rclcpp/share/Kinesiology_arm_rclcpp/hook/cmake_prefix_path.ps1'
[4.710s] INFO:colcon.colcon_core.shell:Creating environment descriptor '/home/vol/willgit/GxxArm_ws/install/Kinesiology_arm_rclcpp/share/Kinesiology_arm_rclcpp/hook/cmake_prefix_path.dsv'
[4.710s] INFO:colcon.colcon_core.shell:Creating environment hook '/home/vol/willgit/GxxArm_ws/install/Kinesiology_arm_rclcpp/share/Kinesiology_arm_rclcpp/hook/cmake_prefix_path.sh'
[4.711s] Level 1:colcon.colcon_core.environment:checking '/home/vol/willgit/GxxArm_ws/install/Kinesiology_arm_rclcpp/lib'
[4.711s] Level 1:colcon.colcon_core.environment:checking '/home/vol/willgit/GxxArm_ws/install/Kinesiology_arm_rclcpp/bin'
[4.711s] Level 1:colcon.colcon_core.environment:checking '/home/vol/willgit/GxxArm_ws/install/Kinesiology_arm_rclcpp/lib/pkgconfig/Kinesiology_arm_rclcpp.pc'
[4.711s] Level 1:colcon.colcon_core.environment:checking '/home/vol/willgit/GxxArm_ws/install/Kinesiology_arm_rclcpp/lib/python3.10/site-packages'
[4.711s] Level 1:colcon.colcon_core.environment:checking '/home/vol/willgit/GxxArm_ws/install/Kinesiology_arm_rclcpp/bin'
[4.717s] INFO:colcon.colcon_core.shell:Creating package script '/home/vol/willgit/GxxArm_ws/install/Kinesiology_arm_rclcpp/share/Kinesiology_arm_rclcpp/package.ps1'
[4.717s] INFO:colcon.colcon_core.shell:Creating package descriptor '/home/vol/willgit/GxxArm_ws/install/Kinesiology_arm_rclcpp/share/Kinesiology_arm_rclcpp/package.dsv'
[4.717s] INFO:colcon.colcon_core.shell:Creating package script '/home/vol/willgit/GxxArm_ws/install/Kinesiology_arm_rclcpp/share/Kinesiology_arm_rclcpp/package.sh'
[4.717s] INFO:colcon.colcon_core.shell:Creating package script '/home/vol/willgit/GxxArm_ws/install/Kinesiology_arm_rclcpp/share/Kinesiology_arm_rclcpp/package.bash'
[4.718s] INFO:colcon.colcon_core.shell:Creating package script '/home/vol/willgit/GxxArm_ws/install/Kinesiology_arm_rclcpp/share/Kinesiology_arm_rclcpp/package.zsh'
[4.718s] Level 1:colcon.colcon_core.environment:create_file_with_runtime_dependencies(/home/vol/willgit/GxxArm_ws/install/Kinesiology_arm_rclcpp/share/colcon-core/packages/Kinesiology_arm_rclcpp)
[4.718s] DEBUG:colcon.colcon_parallel_executor.executor.parallel:closing loop
[4.718s] DEBUG:colcon.colcon_parallel_executor.executor.parallel:loop closed
[4.718s] DEBUG:colcon.colcon_parallel_executor.executor.parallel:run_until_complete finished with '0'
[4.718s] DEBUG:colcon.colcon_core.event_reactor:joining thread
[4.727s] INFO:colcon.colcon_core.plugin_system:Skipping extension 'colcon_notification.desktop_notification.terminal_notifier': Not used on non-Darwin systems
[4.727s] INFO:colcon.colcon_core.plugin_system:Skipping extension 'colcon_notification.desktop_notification.win32': Not used on non-Windows systems
[4.727s] INFO:colcon.colcon_notification.desktop_notification:Sending desktop notification using 'notify2'
[4.734s] DEBUG:colcon.colcon_core.event_reactor:joined thread
[4.740s] INFO:colcon.colcon_core.shell:Creating prefix script '/home/vol/willgit/GxxArm_ws/install/local_setup.ps1'
[4.740s] INFO:colcon.colcon_core.shell:Creating prefix util module '/home/vol/willgit/GxxArm_ws/install/_local_setup_util_ps1.py'
[4.741s] INFO:colcon.colcon_core.shell:Creating prefix chain script '/home/vol/willgit/GxxArm_ws/install/setup.ps1'
[4.747s] INFO:colcon.colcon_core.shell:Creating prefix script '/home/vol/willgit/GxxArm_ws/install/local_setup.sh'
[4.747s] INFO:colcon.colcon_core.shell:Creating prefix util module '/home/vol/willgit/GxxArm_ws/install/_local_setup_util_sh.py'
[4.747s] INFO:colcon.colcon_core.shell:Creating prefix chain script '/home/vol/willgit/GxxArm_ws/install/setup.sh'
[4.753s] INFO:colcon.colcon_core.shell:Creating prefix script '/home/vol/willgit/GxxArm_ws/install/local_setup.bash'
[4.753s] INFO:colcon.colcon_core.shell:Creating prefix chain script '/home/vol/willgit/GxxArm_ws/install/setup.bash'
[4.760s] INFO:colcon.colcon_core.shell:Creating prefix script '/home/vol/willgit/GxxArm_ws/install/local_setup.zsh'
[4.760s] INFO:colcon.colcon_core.shell:Creating prefix chain script '/home/vol/willgit/GxxArm_ws/install/setup.zsh'
