-- Found ament_cmake: 1.3.6 (/opt/ros/humble/share/ament_cmake/cmake)
-- Found rosidl_default_generators: 1.2.0 (/opt/ros/humble/share/rosidl_default_generators/cmake)
-- Using all available rosidl_typesupport_c: rosidl_typesupport_fastrtps_c;rosidl_typesupport_introspection_c
-- Found rosidl_adapter: 3.1.5 (/opt/ros/humble/share/rosidl_adapter/cmake)
-- Using all available rosidl_typesupport_cpp: rosidl_typesupport_fastrtps_cpp;rosidl_typesupport_introspection_cpp
-- Found geometry_msgs: 4.2.3 (/opt/ros/humble/share/geometry_msgs/cmake)
-- Found ament_lint_auto: 0.12.9 (/opt/ros/humble/share/ament_lint_auto/cmake)
-- Added test 'lint_cmake' to check CMake code style
-- Added test 'xmllint' to check XML markup files
-- Configuring done
-- Generating done
-- Build files have been written to: /home/vol/willgit/GxxArm_ws/build/base_interfaces
-- Install configuration: ""
-- Installing: /home/vol/willgit/GxxArm_ws/install/base_interfaces/share/ament_index/resource_index/package_run_dependencies/base_interfaces
-- Installing: /home/vol/willgit/GxxArm_ws/install/base_interfaces/share/ament_index/resource_index/parent_prefix_path/base_interfaces
-- Installing: /home/vol/willgit/GxxArm_ws/install/base_interfaces/share/base_interfaces/environment/ament_prefix_path.sh
-- Installing: /home/vol/willgit/GxxArm_ws/install/base_interfaces/share/base_interfaces/environment/ament_prefix_path.dsv
-- Installing: /home/vol/willgit/GxxArm_ws/install/base_interfaces/share/base_interfaces/environment/path.sh
-- Installing: /home/vol/willgit/GxxArm_ws/install/base_interfaces/share/base_interfaces/environment/path.dsv
-- Installing: /home/vol/willgit/GxxArm_ws/install/base_interfaces/share/base_interfaces/local_setup.bash
-- Installing: /home/vol/willgit/GxxArm_ws/install/base_interfaces/share/base_interfaces/local_setup.sh
-- Installing: /home/vol/willgit/GxxArm_ws/install/base_interfaces/share/base_interfaces/local_setup.zsh
-- Installing: /home/vol/willgit/GxxArm_ws/install/base_interfaces/share/base_interfaces/local_setup.dsv
-- Installing: /home/vol/willgit/GxxArm_ws/install/base_interfaces/share/base_interfaces/package.dsv
-- Installing: /home/vol/willgit/GxxArm_ws/install/base_interfaces/share/ament_index/resource_index/packages/base_interfaces
-- Installing: /home/vol/willgit/GxxArm_ws/install/base_interfaces/share/base_interfaces/cmake/base_interfacesConfig.cmake
-- Installing: /home/vol/willgit/GxxArm_ws/install/base_interfaces/share/base_interfaces/cmake/base_interfacesConfig-version.cmake
-- Installing: /home/vol/willgit/GxxArm_ws/install/base_interfaces/share/base_interfaces/package.xml
