[0.030s] Invoking command in '/home/vol/willgit/GxxArm_ws/build/serial_com_rclcpp': AMENT_PREFIX_PATH=/home/vol/willgit/GxxArm_ws/install/base_interfaces:${AMENT_PREFIX_PATH} CMAKE_PREFIX_PATH=/home/vol/willgit/GxxArm_ws/install/base_interfaces:/opt/ros/humble CONDA_PROMPT_MODIFIER=(base) LD_LIBRARY_PATH=/home/vol/willgit/GxxArm_ws/install/base_interfaces/lib:${LD_LIBRARY_PATH} PYTHONPATH=/home/vol/willgit/GxxArm_ws/install/base_interfaces/local/lib/python3.10/dist-packages:${PYTHONPATH} /usr/bin/cmake --build /home/vol/willgit/GxxArm_ws/build/serial_com_rclcpp -- -j20 -l20
[0.043s] -- Found ament_cmake: 1.3.8 (/opt/ros/humble/share/ament_cmake/cmake)
[0.111s] -- Found rclcpp: 16.0.8 (/opt/ros/humble/share/rclcpp/cmake)
[0.127s] -- Found rosidl_generator_c: 3.1.5 (/opt/ros/humble/share/rosidl_generator_c/cmake)
[0.128s] -- Found rosidl_adapter: 3.1.5 (/opt/ros/humble/share/rosidl_adapter/cmake)
[0.131s] -- Found rosidl_generator_cpp: 3.1.5 (/opt/ros/humble/share/rosidl_generator_cpp/cmake)
[0.138s] -- Using all available rosidl_typesupport_c: rosidl_typesupport_fastrtps_c;rosidl_typesupport_introspection_c
[0.146s] -- Using all available rosidl_typesupport_cpp: rosidl_typesupport_fastrtps_cpp;rosidl_typesupport_introspection_cpp
[0.177s] -- Found rmw_implementation_cmake: 6.1.1 (/opt/ros/humble/share/rmw_implementation_cmake/cmake)
[0.177s] -- Found rmw_fastrtps_cpp: 6.2.6 (/opt/ros/humble/share/rmw_fastrtps_cpp/cmake)
[0.239s] -- Using RMW implementation 'rmw_fastrtps_cpp' as default
[0.323s] -- Found base_interfaces: 0.0.0 (/home/vol/willgit/GxxArm_ws/install/base_interfaces/share/base_interfaces/cmake)
[0.385s] -- Found serial: 1.2.1 (/usr/local/share/serial/cmake)
[0.387s] -- Found ament_lint_auto: 0.12.10 (/opt/ros/humble/share/ament_lint_auto/cmake)
[0.428s] -- Added test 'cppcheck' to perform static code analysis on C / C++ code
[0.428s] -- Configured cppcheck include dirs: $<BUILD_INTERFACE:/home/vol/willgit/GxxArm_ws/src/serial_com_rclcpp/include>
[0.428s] -- Configured cppcheck exclude dirs and/or files: 
[0.428s] -- Added test 'flake8' to check Python code syntax and style conventions
[0.429s] -- Added test 'lint_cmake' to check CMake code style
[0.429s] -- Added test 'pep257' to check Python code against some of the docstring style conventions in PEP 257
[0.432s] -- Added test 'uncrustify' to check C / C++ code style
[0.432s] -- Configured uncrustify additional arguments: 
[0.432s] -- Added test 'xmllint' to check XML markup files
[0.432s] -- Configuring done
[0.441s] -- Generating done
[0.442s] -- Build files have been written to: /home/vol/willgit/GxxArm_ws/build/serial_com_rclcpp
[0.457s] [35m[1mConsolidate compiler generated dependencies of target Serial_WriteSub[0m
[0.457s] [35m[1mConsolidate compiler generated dependencies of target Serial_ReadPub[0m
[0.468s] [ 50%] [32mBuilding CXX object CMakeFiles/Serial_ReadPub.dir/src/Serial_ReadPub.cpp.o[0m
[0.468s] [ 50%] [32mBuilding CXX object CMakeFiles/Serial_WriteSub.dir/src/Serial_WriteSub.cpp.o[0m
[3.458s] [ 75%] [32m[1mLinking CXX executable Serial_ReadPub[0m
[3.612s] [ 75%] Built target Serial_ReadPub
[5.623s] [100%] [32m[1mLinking CXX executable Serial_WriteSub[0m
[5.821s] [100%] Built target Serial_WriteSub
[5.828s] Invoked command in '/home/vol/willgit/GxxArm_ws/build/serial_com_rclcpp' returned '0': AMENT_PREFIX_PATH=/home/vol/willgit/GxxArm_ws/install/base_interfaces:${AMENT_PREFIX_PATH} CMAKE_PREFIX_PATH=/home/vol/willgit/GxxArm_ws/install/base_interfaces:/opt/ros/humble CONDA_PROMPT_MODIFIER=(base) LD_LIBRARY_PATH=/home/vol/willgit/GxxArm_ws/install/base_interfaces/lib:${LD_LIBRARY_PATH} PYTHONPATH=/home/vol/willgit/GxxArm_ws/install/base_interfaces/local/lib/python3.10/dist-packages:${PYTHONPATH} /usr/bin/cmake --build /home/vol/willgit/GxxArm_ws/build/serial_com_rclcpp -- -j20 -l20
[5.841s] Invoking command in '/home/vol/willgit/GxxArm_ws/build/serial_com_rclcpp': AMENT_PREFIX_PATH=/home/vol/willgit/GxxArm_ws/install/base_interfaces:${AMENT_PREFIX_PATH} CMAKE_PREFIX_PATH=/home/vol/willgit/GxxArm_ws/install/base_interfaces:/opt/ros/humble CONDA_PROMPT_MODIFIER=(base) LD_LIBRARY_PATH=/home/vol/willgit/GxxArm_ws/install/base_interfaces/lib:${LD_LIBRARY_PATH} PYTHONPATH=/home/vol/willgit/GxxArm_ws/install/base_interfaces/local/lib/python3.10/dist-packages:${PYTHONPATH} /usr/bin/cmake --install /home/vol/willgit/GxxArm_ws/build/serial_com_rclcpp
[5.845s] -- Install configuration: ""
[5.845s] -- Installing: /home/vol/willgit/GxxArm_ws/install/serial_com_rclcpp/lib/serial_com_rclcpp/Serial_ReadPub
[5.846s] -- Set runtime path of "/home/vol/willgit/GxxArm_ws/install/serial_com_rclcpp/lib/serial_com_rclcpp/Serial_ReadPub" to ""
[5.847s] -- Installing: /home/vol/willgit/GxxArm_ws/install/serial_com_rclcpp/lib/serial_com_rclcpp/Serial_WriteSub
[5.849s] -- Set runtime path of "/home/vol/willgit/GxxArm_ws/install/serial_com_rclcpp/lib/serial_com_rclcpp/Serial_WriteSub" to ""
[5.849s] -- Up-to-date: /home/vol/willgit/GxxArm_ws/install/serial_com_rclcpp/share/serial_com_rclcpp/launch
[5.849s] -- Up-to-date: /home/vol/willgit/GxxArm_ws/install/serial_com_rclcpp/share/serial_com_rclcpp/launch/serial.launch.py
[5.849s] -- Up-to-date: /home/vol/willgit/GxxArm_ws/install/serial_com_rclcpp/share/ament_index/resource_index/package_run_dependencies/serial_com_rclcpp
[5.849s] -- Up-to-date: /home/vol/willgit/GxxArm_ws/install/serial_com_rclcpp/share/ament_index/resource_index/parent_prefix_path/serial_com_rclcpp
[5.849s] -- Up-to-date: /home/vol/willgit/GxxArm_ws/install/serial_com_rclcpp/share/serial_com_rclcpp/environment/ament_prefix_path.sh
[5.849s] -- Installing: /home/vol/willgit/GxxArm_ws/install/serial_com_rclcpp/share/serial_com_rclcpp/environment/ament_prefix_path.dsv
[5.849s] -- Up-to-date: /home/vol/willgit/GxxArm_ws/install/serial_com_rclcpp/share/serial_com_rclcpp/environment/path.sh
[5.849s] -- Installing: /home/vol/willgit/GxxArm_ws/install/serial_com_rclcpp/share/serial_com_rclcpp/environment/path.dsv
[5.849s] -- Up-to-date: /home/vol/willgit/GxxArm_ws/install/serial_com_rclcpp/share/serial_com_rclcpp/local_setup.bash
[5.849s] -- Up-to-date: /home/vol/willgit/GxxArm_ws/install/serial_com_rclcpp/share/serial_com_rclcpp/local_setup.sh
[5.849s] -- Up-to-date: /home/vol/willgit/GxxArm_ws/install/serial_com_rclcpp/share/serial_com_rclcpp/local_setup.zsh
[5.849s] -- Installing: /home/vol/willgit/GxxArm_ws/install/serial_com_rclcpp/share/serial_com_rclcpp/local_setup.dsv
[5.849s] -- Installing: /home/vol/willgit/GxxArm_ws/install/serial_com_rclcpp/share/serial_com_rclcpp/package.dsv
[5.849s] -- Up-to-date: /home/vol/willgit/GxxArm_ws/install/serial_com_rclcpp/share/ament_index/resource_index/packages/serial_com_rclcpp
[5.849s] -- Up-to-date: /home/vol/willgit/GxxArm_ws/install/serial_com_rclcpp/share/serial_com_rclcpp/cmake/serial_com_rclcppConfig.cmake
[5.849s] -- Up-to-date: /home/vol/willgit/GxxArm_ws/install/serial_com_rclcpp/share/serial_com_rclcpp/cmake/serial_com_rclcppConfig-version.cmake
[5.850s] -- Up-to-date: /home/vol/willgit/GxxArm_ws/install/serial_com_rclcpp/share/serial_com_rclcpp/package.xml
[5.850s] Invoked command in '/home/vol/willgit/GxxArm_ws/build/serial_com_rclcpp' returned '0': AMENT_PREFIX_PATH=/home/vol/willgit/GxxArm_ws/install/base_interfaces:${AMENT_PREFIX_PATH} CMAKE_PREFIX_PATH=/home/vol/willgit/GxxArm_ws/install/base_interfaces:/opt/ros/humble CONDA_PROMPT_MODIFIER=(base) LD_LIBRARY_PATH=/home/vol/willgit/GxxArm_ws/install/base_interfaces/lib:${LD_LIBRARY_PATH} PYTHONPATH=/home/vol/willgit/GxxArm_ws/install/base_interfaces/local/lib/python3.10/dist-packages:${PYTHONPATH} /usr/bin/cmake --install /home/vol/willgit/GxxArm_ws/build/serial_com_rclcpp
