[0.046s] Invoking command in '/home/vol/willgit/GxxArm_ws/build/Kinesiology_arm_rclcpp': AMENT_PREFIX_PATH=/home/vol/willgit/GxxArm_ws/install/base_interfaces:${AMENT_PREFIX_PATH} CMAKE_PREFIX_PATH=/home/vol/willgit/GxxArm_ws/install/base_interfaces:/opt/ros/humble CONDA_PROMPT_MODIFIER=(base) LD_LIBRARY_PATH=/home/vol/willgit/GxxArm_ws/install/base_interfaces/lib:${LD_LIBRARY_PATH} PYTHONPATH=/home/vol/willgit/GxxArm_ws/install/base_interfaces/local/lib/python3.10/dist-packages:${PYTHONPATH} /usr/bin/cmake --build /home/vol/willgit/GxxArm_ws/build/Kinesiology_arm_rclcpp -- -j20 -l20
[0.060s] -- Found ament_cmake: 1.3.8 (/opt/ros/humble/share/ament_cmake/cmake)
[0.136s] -- Found rclcpp: 16.0.8 (/opt/ros/humble/share/rclcpp/cmake)
[0.151s] -- Found rosidl_generator_c: 3.1.5 (/opt/ros/humble/share/rosidl_generator_c/cmake)
[0.153s] -- Found rosidl_adapter: 3.1.5 (/opt/ros/humble/share/rosidl_adapter/cmake)
[0.156s] -- Found rosidl_generator_cpp: 3.1.5 (/opt/ros/humble/share/rosidl_generator_cpp/cmake)
[0.162s] -- Using all available rosidl_typesupport_c: rosidl_typesupport_fastrtps_c;rosidl_typesupport_introspection_c
[0.171s] -- Using all available rosidl_typesupport_cpp: rosidl_typesupport_fastrtps_cpp;rosidl_typesupport_introspection_cpp
[0.203s] -- Found rmw_implementation_cmake: 6.1.1 (/opt/ros/humble/share/rmw_implementation_cmake/cmake)
[0.203s] -- Found rmw_fastrtps_cpp: 6.2.6 (/opt/ros/humble/share/rmw_fastrtps_cpp/cmake)
[0.268s] -- Using RMW implementation 'rmw_fastrtps_cpp' as default
[0.356s] -- Found base_interfaces: 0.0.0 (/home/vol/willgit/GxxArm_ws/install/base_interfaces/share/base_interfaces/cmake)
[0.421s] -- Found ament_lint_auto: 0.12.10 (/opt/ros/humble/share/ament_lint_auto/cmake)
[0.451s] WARNING: Package name "Kinesiology_arm_rclcpp" does not follow the naming conventions. It should start with a lower case letter and only contain lower case letters, digits, underscores, and dashes.
[0.464s] -- Added test 'cppcheck' to perform static code analysis on C / C++ code
[0.464s] -- Configured cppcheck include dirs: $<BUILD_INTERFACE:/home/vol/willgit/GxxArm_ws/src/kinesiology_arm_rclcpp/include>
[0.464s] -- Configured cppcheck exclude dirs and/or files: 
[0.465s] -- Added test 'flake8' to check Python code syntax and style conventions
[0.466s] -- Added test 'lint_cmake' to check CMake code style
[0.466s] -- Added test 'pep257' to check Python code against some of the docstring style conventions in PEP 257
[0.470s] -- Added test 'uncrustify' to check C / C++ code style
[0.470s] -- Configured uncrustify additional arguments: 
[0.471s] -- Added test 'xmllint' to check XML markup files
[0.472s] -- Configuring done
[0.479s] -- Generating done
[0.480s] -- Build files have been written to: /home/vol/willgit/GxxArm_ws/build/Kinesiology_arm_rclcpp
[0.496s] [35m[1mConsolidate compiler generated dependencies of target arm_kinesiology_server[0m
[0.496s] [35m[1mConsolidate compiler generated dependencies of target arm_kinesiology_client[0m
[0.507s] [100%] Built target arm_kinesiology_client
[0.507s] [100%] Built target arm_kinesiology_server
[0.513s] Invoked command in '/home/vol/willgit/GxxArm_ws/build/Kinesiology_arm_rclcpp' returned '0': AMENT_PREFIX_PATH=/home/vol/willgit/GxxArm_ws/install/base_interfaces:${AMENT_PREFIX_PATH} CMAKE_PREFIX_PATH=/home/vol/willgit/GxxArm_ws/install/base_interfaces:/opt/ros/humble CONDA_PROMPT_MODIFIER=(base) LD_LIBRARY_PATH=/home/vol/willgit/GxxArm_ws/install/base_interfaces/lib:${LD_LIBRARY_PATH} PYTHONPATH=/home/vol/willgit/GxxArm_ws/install/base_interfaces/local/lib/python3.10/dist-packages:${PYTHONPATH} /usr/bin/cmake --build /home/vol/willgit/GxxArm_ws/build/Kinesiology_arm_rclcpp -- -j20 -l20
[0.529s] Invoking command in '/home/vol/willgit/GxxArm_ws/build/Kinesiology_arm_rclcpp': AMENT_PREFIX_PATH=/home/vol/willgit/GxxArm_ws/install/base_interfaces:${AMENT_PREFIX_PATH} CMAKE_PREFIX_PATH=/home/vol/willgit/GxxArm_ws/install/base_interfaces:/opt/ros/humble CONDA_PROMPT_MODIFIER=(base) LD_LIBRARY_PATH=/home/vol/willgit/GxxArm_ws/install/base_interfaces/lib:${LD_LIBRARY_PATH} PYTHONPATH=/home/vol/willgit/GxxArm_ws/install/base_interfaces/local/lib/python3.10/dist-packages:${PYTHONPATH} /usr/bin/cmake --install /home/vol/willgit/GxxArm_ws/build/Kinesiology_arm_rclcpp
[0.534s] -- Install configuration: ""
[0.534s] -- Up-to-date: /home/vol/willgit/GxxArm_ws/install/Kinesiology_arm_rclcpp/lib/Kinesiology_arm_rclcpp/arm_kinesiology_server
[0.534s] -- Up-to-date: /home/vol/willgit/GxxArm_ws/install/Kinesiology_arm_rclcpp/lib/Kinesiology_arm_rclcpp/arm_kinesiology_client
[0.534s] [31mCMake Error at cmake_install.cmake:86 (file):
[0.534s]   file INSTALL cannot find
[0.534s]   "/home/vol/willgit/GxxArm_ws/src/kinesiology_arm_rclcpp/launch": No such
[0.534s]   file or directory.
[0.534s] 
[0.534s] [0m
[0.535s] Invoked command in '/home/vol/willgit/GxxArm_ws/build/Kinesiology_arm_rclcpp' returned '1': AMENT_PREFIX_PATH=/home/vol/willgit/GxxArm_ws/install/base_interfaces:${AMENT_PREFIX_PATH} CMAKE_PREFIX_PATH=/home/vol/willgit/GxxArm_ws/install/base_interfaces:/opt/ros/humble CONDA_PROMPT_MODIFIER=(base) LD_LIBRARY_PATH=/home/vol/willgit/GxxArm_ws/install/base_interfaces/lib:${LD_LIBRARY_PATH} PYTHONPATH=/home/vol/willgit/GxxArm_ws/install/base_interfaces/local/lib/python3.10/dist-packages:${PYTHONPATH} /usr/bin/cmake --install /home/vol/willgit/GxxArm_ws/build/Kinesiology_arm_rclcpp
