[0.028s] Invoking command in '/home/vol/willgit/GxxArm_ws/build/base_interfaces': CMAKE_PREFIX_PATH=${CMAKE_PREFIX_PATH}:/opt/ros/humble CONDA_PROMPT_MODIFIER=(base) /usr/bin/cmake --build /home/vol/willgit/GxxArm_ws/build/base_interfaces -- -j20 -l20
[0.047s] -- Found ament_cmake: 1.3.8 (/opt/ros/humble/share/ament_cmake/cmake)
[0.117s] -- Found rosidl_default_generators: 1.2.0 (/opt/ros/humble/share/rosidl_default_generators/cmake)
[0.118s] -- Using all available rosidl_typesupport_c: rosidl_typesupport_fastrtps_c;rosidl_typesupport_introspection_c
[0.119s] -- Found rosidl_adapter: 3.1.5 (/opt/ros/humble/share/rosidl_adapter/cmake)
[0.135s] -- Using all available rosidl_typesupport_cpp: rosidl_typesupport_fastrtps_cpp;rosidl_typesupport_introspection_cpp
[0.150s] -- Found geometry_msgs: 4.2.3 (/opt/ros/humble/share/geometry_msgs/cmake)
[0.303s] [31mCMake Error at /opt/ros/humble/share/rosidl_adapter/cmake/rosidl_adapt_interfaces.cmake:59 (message):
[0.303s]   execute_process(/usr/bin/python3 -m rosidl_adapter --package-name
[0.303s]   base_interfaces --arguments-file
[0.303s]   /home/vol/willgit/GxxArm_ws/build/base_interfaces/rosidl_adapter__arguments__base_interfaces.json
[0.303s]   --output-dir
[0.303s]   /home/vol/willgit/GxxArm_ws/build/base_interfaces/rosidl_adapter/base_interfaces
[0.303s]   --output-file
[0.303s]   /home/vol/willgit/GxxArm_ws/build/base_interfaces/rosidl_adapter/base_interfaces.idls)
[0.303s]   returned error code 1:
[0.303s] 
[0.303s]   Error processing 'double temp_arm_angle1' of 'base_interfaces/RobotPose':
[0.303s]   ''double' is an invalid message name.  It should have the pattern
[0.303s]   '^[A-Z][A-Za-z0-9]*$''
[0.303s] 
[0.303s]   Traceback (most recent call last):
[0.303s] 
[0.303s]     File "/usr/lib/python3.10/runpy.py", line 196, in _run_module_as_main
[0.303s]       return _run_code(code, main_globals, None,
[0.303s]     File "/usr/lib/python3.10/runpy.py", line 86, in _run_code
[0.303s]       exec(code, run_globals)
[0.303s]     File "/opt/ros/humble/local/lib/python3.10/dist-packages/rosidl_adapter/__main__.py", line 19, in <module>
[0.304s]       sys.exit(main())
[0.304s]     File "/opt/ros/humble/local/lib/python3.10/dist-packages/rosidl_adapter/main.py", line 53, in main
[0.304s]       abs_idl_file = convert_to_idl(
[0.304s]     File "/opt/ros/humble/local/lib/python3.10/dist-packages/rosidl_adapter/__init__.py", line 19, in convert_to_idl
[0.304s]       return convert_msg_to_idl(
[0.304s]     File "/opt/ros/humble/local/lib/python3.10/dist-packages/rosidl_adapter/msg/__init__.py", line 28, in convert_msg_to_idl
[0.304s]       msg = parse_message_string(package_name, input_file.stem, content)
[0.304s]     File "/opt/ros/humble/local/lib/python3.10/dist-packages/rosidl_adapter/parser.py", line 520, in parse_message_string
[0.304s]       Type(type_string, context_package_name=pkg_name),
[0.304s]     File "/opt/ros/humble/local/lib/python3.10/dist-packages/rosidl_adapter/parser.py", line 277, in __init__
[0.304s]       super(Type, self).__init__(
[0.304s]     File "/opt/ros/humble/local/lib/python3.10/dist-packages/rosidl_adapter/parser.py", line 205, in __init__
[0.304s]       raise InvalidResourceName(
[0.304s] 
[0.304s]   rosidl_adapter.parser.InvalidResourceName: 'double' is an invalid message
[0.304s]   name.  It should have the pattern '^[A-Z][A-Za-z0-9]*$'
[0.304s] 
[0.304s] Call Stack (most recent call first):
[0.304s]   /opt/ros/humble/share/rosidl_cmake/cmake/rosidl_generate_interfaces.cmake:130 (rosidl_adapt_interfaces)
[0.304s]   CMakeLists.txt:13 (rosidl_generate_interfaces)
[0.304s] 
[0.304s] [0m
[0.304s] -- Configuring incomplete, errors occurred!
[0.304s] See also "/home/vol/willgit/GxxArm_ws/build/base_interfaces/CMakeFiles/CMakeOutput.log".
[0.306s] gmake: *** [Makefile:1179: cmake_check_build_system] Error 1
[0.308s] Invoked command in '/home/vol/willgit/GxxArm_ws/build/base_interfaces' returned '2': CMAKE_PREFIX_PATH=${CMAKE_PREFIX_PATH}:/opt/ros/humble CONDA_PROMPT_MODIFIER=(base) /usr/bin/cmake --build /home/vol/willgit/GxxArm_ws/build/base_interfaces -- -j20 -l20
