[0.046s] Invoking command in '/home/vol/willgit/GxxArm_ws/build/Kinesiology_arm_rclcpp': AMENT_PREFIX_PATH=/home/vol/willgit/GxxArm_ws/install/base_interfaces:${AMENT_PREFIX_PATH} CMAKE_PREFIX_PATH=/home/vol/willgit/GxxArm_ws/install/base_interfaces:/opt/ros/humble LD_LIBRARY_PATH=/home/vol/willgit/GxxArm_ws/install/base_interfaces/lib:${LD_LIBRARY_PATH} PYTHONPATH=/home/vol/willgit/GxxArm_ws/install/base_interfaces/local/lib/python3.10/dist-packages:${PYTHONPATH} /usr/bin/cmake --build /home/vol/willgit/GxxArm_ws/build/Kinesiology_arm_rclcpp -- -j20 -l20
[0.060s] -- Found ament_cmake: 1.3.8 (/opt/ros/humble/share/ament_cmake/cmake)
[0.142s] -- Found Python3: /usr/bin/python3 (found version "3.10.12") found components: Interpreter 
[0.178s] -- Found rclcpp: 16.0.8 (/opt/ros/humble/share/rclcpp/cmake)
[0.193s] -- Found rosidl_generator_c: 3.1.5 (/opt/ros/humble/share/rosidl_generator_c/cmake)
[0.194s] -- Found rosidl_adapter: 3.1.5 (/opt/ros/humble/share/rosidl_adapter/cmake)
[0.197s] -- Found rosidl_generator_cpp: 3.1.5 (/opt/ros/humble/share/rosidl_generator_cpp/cmake)
[0.203s] -- Using all available rosidl_typesupport_c: rosidl_typesupport_fastrtps_c;rosidl_typesupport_introspection_c
[0.211s] -- Using all available rosidl_typesupport_cpp: rosidl_typesupport_fastrtps_cpp;rosidl_typesupport_introspection_cpp
[0.241s] -- Found rmw_implementation_cmake: 6.1.1 (/opt/ros/humble/share/rmw_implementation_cmake/cmake)
[0.242s] -- Found rmw_fastrtps_cpp: 6.2.6 (/opt/ros/humble/share/rmw_fastrtps_cpp/cmake)
[0.302s] -- Using RMW implementation 'rmw_fastrtps_cpp' as default
[0.386s] -- Found base_interfaces: 0.0.0 (/home/vol/willgit/GxxArm_ws/install/base_interfaces/share/base_interfaces/cmake)
[0.447s] -- Found ament_lint_auto: 0.12.10 (/opt/ros/humble/share/ament_lint_auto/cmake)
[0.476s] WARNING: Package name "Kinesiology_arm_rclcpp" does not follow the naming conventions. It should start with a lower case letter and only contain lower case letters, digits, underscores, and dashes.
[0.486s] -- Added test 'cppcheck' to perform static code analysis on C / C++ code
[0.486s] -- Configured cppcheck include dirs: $<BUILD_INTERFACE:/home/vol/willgit/GxxArm_ws/src/kinesiology_arm_rclcpp/include>
[0.486s] -- Configured cppcheck exclude dirs and/or files: 
[0.487s] -- Added test 'lint_cmake' to check CMake code style
[0.490s] -- Added test 'uncrustify' to check C / C++ code style
[0.490s] -- Configured uncrustify additional arguments: 
[0.490s] -- Added test 'xmllint' to check XML markup files
[0.491s] -- Configuring done
[0.498s] -- Generating done
[0.499s] -- Build files have been written to: /home/vol/willgit/GxxArm_ws/build/Kinesiology_arm_rclcpp
[0.513s] [35m[1mConsolidate compiler generated dependencies of target arm_kinesiology_server[0m
[0.514s] [35m[1mConsolidate compiler generated dependencies of target arm_kinesiology_client[0m
[0.524s] [ 50%] [32mBuilding CXX object CMakeFiles/arm_kinesiology_server.dir/src/arm_kinesiology_server.cpp.o[0m
[0.524s] [ 50%] [32mBuilding CXX object CMakeFiles/arm_kinesiology_client.dir/src/arm_kinesiology_client.cpp.o[0m
[3.806s] [ 75%] [32m[1mLinking CXX executable arm_kinesiology_server[0m
[3.910s] [ 75%] Built target arm_kinesiology_server
[4.619s] [100%] [32m[1mLinking CXX executable arm_kinesiology_client[0m
[4.766s] [100%] Built target arm_kinesiology_client
[4.773s] Invoked command in '/home/vol/willgit/GxxArm_ws/build/Kinesiology_arm_rclcpp' returned '0': AMENT_PREFIX_PATH=/home/vol/willgit/GxxArm_ws/install/base_interfaces:${AMENT_PREFIX_PATH} CMAKE_PREFIX_PATH=/home/vol/willgit/GxxArm_ws/install/base_interfaces:/opt/ros/humble LD_LIBRARY_PATH=/home/vol/willgit/GxxArm_ws/install/base_interfaces/lib:${LD_LIBRARY_PATH} PYTHONPATH=/home/vol/willgit/GxxArm_ws/install/base_interfaces/local/lib/python3.10/dist-packages:${PYTHONPATH} /usr/bin/cmake --build /home/vol/willgit/GxxArm_ws/build/Kinesiology_arm_rclcpp -- -j20 -l20
[4.785s] Invoking command in '/home/vol/willgit/GxxArm_ws/build/Kinesiology_arm_rclcpp': AMENT_PREFIX_PATH=/home/vol/willgit/GxxArm_ws/install/base_interfaces:${AMENT_PREFIX_PATH} CMAKE_PREFIX_PATH=/home/vol/willgit/GxxArm_ws/install/base_interfaces:/opt/ros/humble LD_LIBRARY_PATH=/home/vol/willgit/GxxArm_ws/install/base_interfaces/lib:${LD_LIBRARY_PATH} PYTHONPATH=/home/vol/willgit/GxxArm_ws/install/base_interfaces/local/lib/python3.10/dist-packages:${PYTHONPATH} /usr/bin/cmake --install /home/vol/willgit/GxxArm_ws/build/Kinesiology_arm_rclcpp
[4.789s] -- Install configuration: ""
[4.790s] -- Installing: /home/vol/willgit/GxxArm_ws/install/Kinesiology_arm_rclcpp/lib/Kinesiology_arm_rclcpp/arm_kinesiology_server
[4.790s] -- Set runtime path of "/home/vol/willgit/GxxArm_ws/install/Kinesiology_arm_rclcpp/lib/Kinesiology_arm_rclcpp/arm_kinesiology_server" to ""
[4.791s] -- Installing: /home/vol/willgit/GxxArm_ws/install/Kinesiology_arm_rclcpp/lib/Kinesiology_arm_rclcpp/arm_kinesiology_client
[4.792s] -- Set runtime path of "/home/vol/willgit/GxxArm_ws/install/Kinesiology_arm_rclcpp/lib/Kinesiology_arm_rclcpp/arm_kinesiology_client" to ""
[4.792s] -- Up-to-date: /home/vol/willgit/GxxArm_ws/install/Kinesiology_arm_rclcpp/share/ament_index/resource_index/package_run_dependencies/Kinesiology_arm_rclcpp
[4.793s] -- Up-to-date: /home/vol/willgit/GxxArm_ws/install/Kinesiology_arm_rclcpp/share/ament_index/resource_index/parent_prefix_path/Kinesiology_arm_rclcpp
[4.793s] -- Installing: /home/vol/willgit/GxxArm_ws/install/Kinesiology_arm_rclcpp/share/Kinesiology_arm_rclcpp/environment/ament_prefix_path.sh
[4.793s] -- Installing: /home/vol/willgit/GxxArm_ws/install/Kinesiology_arm_rclcpp/share/Kinesiology_arm_rclcpp/environment/ament_prefix_path.dsv
[4.793s] -- Installing: /home/vol/willgit/GxxArm_ws/install/Kinesiology_arm_rclcpp/share/Kinesiology_arm_rclcpp/environment/path.sh
[4.793s] -- Installing: /home/vol/willgit/GxxArm_ws/install/Kinesiology_arm_rclcpp/share/Kinesiology_arm_rclcpp/environment/path.dsv
[4.793s] -- Up-to-date: /home/vol/willgit/GxxArm_ws/install/Kinesiology_arm_rclcpp/share/Kinesiology_arm_rclcpp/local_setup.bash
[4.793s] -- Up-to-date: /home/vol/willgit/GxxArm_ws/install/Kinesiology_arm_rclcpp/share/Kinesiology_arm_rclcpp/local_setup.sh
[4.793s] -- Up-to-date: /home/vol/willgit/GxxArm_ws/install/Kinesiology_arm_rclcpp/share/Kinesiology_arm_rclcpp/local_setup.zsh
[4.794s] -- Installing: /home/vol/willgit/GxxArm_ws/install/Kinesiology_arm_rclcpp/share/Kinesiology_arm_rclcpp/local_setup.dsv
[4.794s] -- Installing: /home/vol/willgit/GxxArm_ws/install/Kinesiology_arm_rclcpp/share/Kinesiology_arm_rclcpp/package.dsv
[4.794s] -- Up-to-date: /home/vol/willgit/GxxArm_ws/install/Kinesiology_arm_rclcpp/share/ament_index/resource_index/packages/Kinesiology_arm_rclcpp
[4.794s] -- Up-to-date: /home/vol/willgit/GxxArm_ws/install/Kinesiology_arm_rclcpp/share/Kinesiology_arm_rclcpp/cmake/Kinesiology_arm_rclcppConfig.cmake
[4.794s] -- Up-to-date: /home/vol/willgit/GxxArm_ws/install/Kinesiology_arm_rclcpp/share/Kinesiology_arm_rclcpp/cmake/Kinesiology_arm_rclcppConfig-version.cmake
[4.794s] -- Up-to-date: /home/vol/willgit/GxxArm_ws/install/Kinesiology_arm_rclcpp/share/Kinesiology_arm_rclcpp/package.xml
[4.794s] Invoked command in '/home/vol/willgit/GxxArm_ws/build/Kinesiology_arm_rclcpp' returned '0': AMENT_PREFIX_PATH=/home/vol/willgit/GxxArm_ws/install/base_interfaces:${AMENT_PREFIX_PATH} CMAKE_PREFIX_PATH=/home/vol/willgit/GxxArm_ws/install/base_interfaces:/opt/ros/humble LD_LIBRARY_PATH=/home/vol/willgit/GxxArm_ws/install/base_interfaces/lib:${LD_LIBRARY_PATH} PYTHONPATH=/home/vol/willgit/GxxArm_ws/install/base_interfaces/local/lib/python3.10/dist-packages:${PYTHONPATH} /usr/bin/cmake --install /home/vol/willgit/GxxArm_ws/build/Kinesiology_arm_rclcpp
