[0.024s] Invoking command in '/home/vol/willgit/GxxArm_ws/build/base_interfaces': CMAKE_PREFIX_PATH=/opt/ros/humble /usr/bin/cmake --build /home/vol/willgit/GxxArm_ws/build/base_interfaces -- -j20 -l20
[0.059s] -- Found ament_cmake: 1.3.6 (/opt/ros/humble/share/ament_cmake/cmake)
[0.147s] -- Found rosidl_default_generators: 1.2.0 (/opt/ros/humble/share/rosidl_default_generators/cmake)
[0.149s] -- Using all available rosidl_typesupport_c: rosidl_typesupport_fastrtps_c;rosidl_typesupport_introspection_c
[0.151s] -- Found rosidl_adapter: 3.1.5 (/opt/ros/humble/share/rosidl_adapter/cmake)
[0.171s] -- Using all available rosidl_typesupport_cpp: rosidl_typesupport_fastrtps_cpp;rosidl_typesupport_introspection_cpp
[0.190s] -- Found geometry_msgs: 4.2.3 (/opt/ros/humble/share/geometry_msgs/cmake)
[0.349s] [31mCMake Error at /opt/ros/humble/share/rosidl_adapter/cmake/rosidl_adapt_interfaces.cmake:59 (message):
[0.349s]   execute_process(/usr/bin/python3.10 -m rosidl_adapter --package-name
[0.349s]   base_interfaces --arguments-file
[0.349s]   /home/vol/willgit/GxxArm_ws/build/base_interfaces/rosidl_adapter__arguments__base_interfaces.json
[0.349s]   --output-dir
[0.350s]   /home/vol/willgit/GxxArm_ws/build/base_interfaces/rosidl_adapter/base_interfaces
[0.350s]   --output-file
[0.350s]   /home/vol/willgit/GxxArm_ws/build/base_interfaces/rosidl_adapter/base_interfaces.idls)
[0.350s]   returned error code 1:
[0.350s] 
[0.350s]   Traceback (most recent call last):
[0.350s] 
[0.350s]     File "/usr/lib/python3.10/runpy.py", line 196, in _run_module_as_main
[0.350s]       return _run_code(code, main_globals, None,
[0.350s]     File "/usr/lib/python3.10/runpy.py", line 86, in _run_code
[0.350s]       exec(code, run_globals)
[0.350s]     File "/opt/ros/humble/local/lib/python3.10/dist-packages/rosidl_adapter/__main__.py", line 19, in <module>
[0.350s]       sys.exit(main())
[0.350s]     File "/opt/ros/humble/local/lib/python3.10/dist-packages/rosidl_adapter/main.py", line 53, in main
[0.350s]       abs_idl_file = convert_to_idl(
[0.350s]     File "/opt/ros/humble/local/lib/python3.10/dist-packages/rosidl_adapter/__init__.py", line 24, in convert_to_idl
[0.350s]       return convert_srv_to_idl(
[0.350s]     File "/opt/ros/humble/local/lib/python3.10/dist-packages/rosidl_adapter/srv/__init__.py", line 28, in convert_srv_to_idl
[0.350s]       srv = parse_service_string(package_name, input_file.stem, content)
[0.350s]     File "/opt/ros/humble/local/lib/python3.10/dist-packages/rosidl_adapter/parser.py", line 859, in parse_service_string
[0.350s]       request_message = parse_message_string(
[0.350s]     File "/opt/ros/humble/local/lib/python3.10/dist-packages/rosidl_adapter/parser.py", line 544, in parse_message_string
[0.350s]       msg = MessageSpecification(pkg_name, msg_name, fields, constants)
[0.350s]     File "/opt/ros/humble/local/lib/python3.10/dist-packages/rosidl_adapter/parser.py", line 388, in __init__
[0.350s]       self.base_type = BaseType(
[0.350s]     File "/opt/ros/humble/local/lib/python3.10/dist-packages/rosidl_adapter/parser.py", line 205, in __init__
[0.350s]       raise InvalidResourceName(
[0.350s] 
[0.350s]   rosidl_adapter.parser.InvalidResourceName: 'Arm_Angle_Request' is an
[0.350s]   invalid message name.  It should have the pattern '^[A-Z][A-Za-z0-9]*$'
[0.350s] 
[0.350s] Call Stack (most recent call first):
[0.350s]   /opt/ros/humble/share/rosidl_cmake/cmake/rosidl_generate_interfaces.cmake:130 (rosidl_adapt_interfaces)
[0.350s]   CMakeLists.txt:13 (rosidl_generate_interfaces)
[0.350s] 
[0.350s] [0m
[0.350s] -- Configuring incomplete, errors occurred!
[0.350s] See also "/home/vol/willgit/GxxArm_ws/build/base_interfaces/CMakeFiles/CMakeOutput.log".
[0.353s] gmake: *** [Makefile:747: cmake_check_build_system] Error 1
[0.354s] Invoked command in '/home/vol/willgit/GxxArm_ws/build/base_interfaces' returned '2': CMAKE_PREFIX_PATH=/opt/ros/humble /usr/bin/cmake --build /home/vol/willgit/GxxArm_ws/build/base_interfaces -- -j20 -l20
