[0.045s] Invoking command in '/home/vol/willgit/GxxArm_ws/build/Kinesiology_arm_rclcpp': AMENT_PREFIX_PATH=/home/vol/willgit/GxxArm_ws/install/base_interfaces:${AMENT_PREFIX_PATH} CMAKE_PREFIX_PATH=/home/vol/willgit/GxxArm_ws/install/base_interfaces:/opt/ros/humble LD_LIBRARY_PATH=/home/vol/willgit/GxxArm_ws/install/base_interfaces/lib:${LD_LIBRARY_PATH} PYTHONPATH=/home/vol/willgit/GxxArm_ws/install/base_interfaces/local/lib/python3.10/dist-packages:${PYTHONPATH} /usr/bin/cmake --build /home/vol/willgit/GxxArm_ws/build/Kinesiology_arm_rclcpp -- -j20 -l20
[0.058s] -- Found ament_cmake: 1.3.6 (/opt/ros/humble/share/ament_cmake/cmake)
[0.135s] -- Found rclcpp: 16.0.7 (/opt/ros/humble/share/rclcpp/cmake)
[0.150s] -- Found rosidl_generator_c: 3.1.5 (/opt/ros/humble/share/rosidl_generator_c/cmake)
[0.151s] -- Found rosidl_adapter: 3.1.5 (/opt/ros/humble/share/rosidl_adapter/cmake)
[0.154s] -- Found rosidl_generator_cpp: 3.1.5 (/opt/ros/humble/share/rosidl_generator_cpp/cmake)
[0.160s] -- Using all available rosidl_typesupport_c: rosidl_typesupport_fastrtps_c;rosidl_typesupport_introspection_c
[0.168s] -- Using all available rosidl_typesupport_cpp: rosidl_typesupport_fastrtps_cpp;rosidl_typesupport_introspection_cpp
[0.198s] -- Found rmw_implementation_cmake: 6.1.1 (/opt/ros/humble/share/rmw_implementation_cmake/cmake)
[0.199s] -- Found rmw_fastrtps_cpp: 6.2.5 (/opt/ros/humble/share/rmw_fastrtps_cpp/cmake)
[0.259s] -- Using RMW implementation 'rmw_fastrtps_cpp' as default
[0.343s] -- Found base_interfaces: 0.0.0 (/home/vol/willgit/GxxArm_ws/install/base_interfaces/share/base_interfaces/cmake)
[0.405s] -- Found ament_lint_auto: 0.12.9 (/opt/ros/humble/share/ament_lint_auto/cmake)
[0.434s] WARNING: Package name "Kinesiology_arm_rclcpp" does not follow the naming conventions. It should start with a lower case letter and only contain lower case letters, digits, underscores, and dashes.
[0.444s] -- Added test 'cppcheck' to perform static code analysis on C / C++ code
[0.444s] -- Configured cppcheck include dirs: $<BUILD_INTERFACE:/home/vol/willgit/GxxArm_ws/src/kinesiology_arm_rclcpp/include>
[0.445s] -- Configured cppcheck exclude dirs and/or files: 
[0.445s] -- Added test 'lint_cmake' to check CMake code style
[0.448s] -- Added test 'uncrustify' to check C / C++ code style
[0.448s] -- Configured uncrustify additional arguments: 
[0.448s] -- Added test 'xmllint' to check XML markup files
[0.448s] -- Configuring done
[0.455s] -- Generating done
[0.456s] -- Build files have been written to: /home/vol/willgit/GxxArm_ws/build/Kinesiology_arm_rclcpp
[0.471s] [35m[1mConsolidate compiler generated dependencies of target arm_kinesiology_server[0m
[0.471s] [35m[1mConsolidate compiler generated dependencies of target arm_kinesiology_client[0m
[0.481s] [ 25%] [32mBuilding CXX object CMakeFiles/arm_kinesiology_client.dir/src/arm_kinesiology_client.cpp.o[0m
[0.481s] [ 50%] [32mBuilding CXX object CMakeFiles/arm_kinesiology_server.dir/src/arm_kinesiology_server.cpp.o[0m
[3.844s] [ 75%] [32m[1mLinking CXX executable arm_kinesiology_server[0m
[3.953s] [ 75%] Built target arm_kinesiology_server
[4.607s] [100%] [32m[1mLinking CXX executable arm_kinesiology_client[0m
[4.743s] [100%] Built target arm_kinesiology_client
[4.749s] Invoked command in '/home/vol/willgit/GxxArm_ws/build/Kinesiology_arm_rclcpp' returned '0': AMENT_PREFIX_PATH=/home/vol/willgit/GxxArm_ws/install/base_interfaces:${AMENT_PREFIX_PATH} CMAKE_PREFIX_PATH=/home/vol/willgit/GxxArm_ws/install/base_interfaces:/opt/ros/humble LD_LIBRARY_PATH=/home/vol/willgit/GxxArm_ws/install/base_interfaces/lib:${LD_LIBRARY_PATH} PYTHONPATH=/home/vol/willgit/GxxArm_ws/install/base_interfaces/local/lib/python3.10/dist-packages:${PYTHONPATH} /usr/bin/cmake --build /home/vol/willgit/GxxArm_ws/build/Kinesiology_arm_rclcpp -- -j20 -l20
[4.764s] Invoking command in '/home/vol/willgit/GxxArm_ws/build/Kinesiology_arm_rclcpp': AMENT_PREFIX_PATH=/home/vol/willgit/GxxArm_ws/install/base_interfaces:${AMENT_PREFIX_PATH} CMAKE_PREFIX_PATH=/home/vol/willgit/GxxArm_ws/install/base_interfaces:/opt/ros/humble LD_LIBRARY_PATH=/home/vol/willgit/GxxArm_ws/install/base_interfaces/lib:${LD_LIBRARY_PATH} PYTHONPATH=/home/vol/willgit/GxxArm_ws/install/base_interfaces/local/lib/python3.10/dist-packages:${PYTHONPATH} /usr/bin/cmake --install /home/vol/willgit/GxxArm_ws/build/Kinesiology_arm_rclcpp
[4.768s] -- Install configuration: ""
[4.768s] -- Installing: /home/vol/willgit/GxxArm_ws/install/Kinesiology_arm_rclcpp/lib/Kinesiology_arm_rclcpp/arm_kinesiology_server
[4.769s] -- Set runtime path of "/home/vol/willgit/GxxArm_ws/install/Kinesiology_arm_rclcpp/lib/Kinesiology_arm_rclcpp/arm_kinesiology_server" to ""
[4.769s] -- Installing: /home/vol/willgit/GxxArm_ws/install/Kinesiology_arm_rclcpp/lib/Kinesiology_arm_rclcpp/arm_kinesiology_client
[4.770s] -- Set runtime path of "/home/vol/willgit/GxxArm_ws/install/Kinesiology_arm_rclcpp/lib/Kinesiology_arm_rclcpp/arm_kinesiology_client" to ""
[4.770s] -- Up-to-date: /home/vol/willgit/GxxArm_ws/install/Kinesiology_arm_rclcpp/share/ament_index/resource_index/package_run_dependencies/Kinesiology_arm_rclcpp
[4.770s] -- Up-to-date: /home/vol/willgit/GxxArm_ws/install/Kinesiology_arm_rclcpp/share/ament_index/resource_index/parent_prefix_path/Kinesiology_arm_rclcpp
[4.770s] -- Up-to-date: /home/vol/willgit/GxxArm_ws/install/Kinesiology_arm_rclcpp/share/Kinesiology_arm_rclcpp/environment/ament_prefix_path.sh
[4.770s] -- Installing: /home/vol/willgit/GxxArm_ws/install/Kinesiology_arm_rclcpp/share/Kinesiology_arm_rclcpp/environment/ament_prefix_path.dsv
[4.770s] -- Up-to-date: /home/vol/willgit/GxxArm_ws/install/Kinesiology_arm_rclcpp/share/Kinesiology_arm_rclcpp/environment/path.sh
[4.770s] -- Installing: /home/vol/willgit/GxxArm_ws/install/Kinesiology_arm_rclcpp/share/Kinesiology_arm_rclcpp/environment/path.dsv
[4.770s] -- Up-to-date: /home/vol/willgit/GxxArm_ws/install/Kinesiology_arm_rclcpp/share/Kinesiology_arm_rclcpp/local_setup.bash
[4.770s] -- Up-to-date: /home/vol/willgit/GxxArm_ws/install/Kinesiology_arm_rclcpp/share/Kinesiology_arm_rclcpp/local_setup.sh
[4.770s] -- Up-to-date: /home/vol/willgit/GxxArm_ws/install/Kinesiology_arm_rclcpp/share/Kinesiology_arm_rclcpp/local_setup.zsh
[4.771s] -- Installing: /home/vol/willgit/GxxArm_ws/install/Kinesiology_arm_rclcpp/share/Kinesiology_arm_rclcpp/local_setup.dsv
[4.771s] -- Installing: /home/vol/willgit/GxxArm_ws/install/Kinesiology_arm_rclcpp/share/Kinesiology_arm_rclcpp/package.dsv
[4.771s] -- Up-to-date: /home/vol/willgit/GxxArm_ws/install/Kinesiology_arm_rclcpp/share/ament_index/resource_index/packages/Kinesiology_arm_rclcpp
[4.771s] -- Up-to-date: /home/vol/willgit/GxxArm_ws/install/Kinesiology_arm_rclcpp/share/Kinesiology_arm_rclcpp/cmake/Kinesiology_arm_rclcppConfig.cmake
[4.771s] -- Up-to-date: /home/vol/willgit/GxxArm_ws/install/Kinesiology_arm_rclcpp/share/Kinesiology_arm_rclcpp/cmake/Kinesiology_arm_rclcppConfig-version.cmake
[4.771s] -- Up-to-date: /home/vol/willgit/GxxArm_ws/install/Kinesiology_arm_rclcpp/share/Kinesiology_arm_rclcpp/package.xml
[4.772s] Invoked command in '/home/vol/willgit/GxxArm_ws/build/Kinesiology_arm_rclcpp' returned '0': AMENT_PREFIX_PATH=/home/vol/willgit/GxxArm_ws/install/base_interfaces:${AMENT_PREFIX_PATH} CMAKE_PREFIX_PATH=/home/vol/willgit/GxxArm_ws/install/base_interfaces:/opt/ros/humble LD_LIBRARY_PATH=/home/vol/willgit/GxxArm_ws/install/base_interfaces/lib:${LD_LIBRARY_PATH} PYTHONPATH=/home/vol/willgit/GxxArm_ws/install/base_interfaces/local/lib/python3.10/dist-packages:${PYTHONPATH} /usr/bin/cmake --install /home/vol/willgit/GxxArm_ws/build/Kinesiology_arm_rclcpp
