[0.021s] Invoking command in '/home/vol/willgit/GxxArm_ws/build/base_interfaces': CMAKE_PREFIX_PATH=/opt/ros/humble /usr/bin/cmake --build /home/vol/willgit/GxxArm_ws/build/base_interfaces -- -j20 -l20
[0.035s] -- Found ament_cmake: 1.3.6 (/opt/ros/humble/share/ament_cmake/cmake)
[0.109s] -- Found rosidl_default_generators: 1.2.0 (/opt/ros/humble/share/rosidl_default_generators/cmake)
[0.109s] -- Using all available rosidl_typesupport_c: rosidl_typesupport_fastrtps_c;rosidl_typesupport_introspection_c
[0.111s] -- Found rosidl_adapter: 3.1.5 (/opt/ros/humble/share/rosidl_adapter/cmake)
[0.126s] -- Using all available rosidl_typesupport_cpp: rosidl_typesupport_fastrtps_cpp;rosidl_typesupport_introspection_cpp
[0.139s] -- Found geometry_msgs: 4.2.3 (/opt/ros/humble/share/geometry_msgs/cmake)
[0.345s] -- Found ament_cmake_ros: 0.10.0 (/opt/ros/humble/share/ament_cmake_ros/cmake)
[0.467s] -- Using all available rosidl_typesupport_c: rosidl_typesupport_fastrtps_c;rosidl_typesupport_introspection_c
[0.629s] -- Using all available rosidl_typesupport_cpp: rosidl_typesupport_fastrtps_cpp;rosidl_typesupport_introspection_cpp
[0.641s] -- Found python_cmake_module: 0.10.0 (/opt/ros/humble/share/python_cmake_module/cmake)
[0.653s] -- Using PYTHON_EXECUTABLE: /usr/bin/python3
[0.653s] -- Using PYTHON_INCLUDE_DIRS: /usr/include/python3.10
[0.653s] -- Using PYTHON_LIBRARIES: /usr/lib/x86_64-linux-gnu/libpython3.10.so
[0.670s] -- Found ament_lint_auto: 0.12.9 (/opt/ros/humble/share/ament_lint_auto/cmake)
[0.679s] -- Added test 'cppcheck' to perform static code analysis on C / C++ code
[0.679s] -- Configured cppcheck include dirs: 
[0.679s] -- Configured cppcheck exclude dirs and/or files: 
[0.680s] -- Added test 'flake8' to check Python code syntax and style conventions
[0.682s] -- Added test 'lint_cmake' to check CMake code style
[0.683s] -- Added test 'pep257' to check Python code against some of the docstring style conventions in PEP 257
[0.688s] -- Added test 'uncrustify' to check C / C++ code style
[0.688s] -- Configured uncrustify additional arguments: 
[0.688s] -- Added test 'xmllint' to check XML markup files
[0.689s] -- Configuring done
[0.705s] -- Generating done
[0.707s] -- Build files have been written to: /home/vol/willgit/GxxArm_ws/build/base_interfaces
[0.721s] [  2%] [34m[1mGenerating C code for ROS interfaces[0m
[0.726s] [  5%] [34m[1mGenerating C++ code for ROS interfaces[0m
[0.731s] [  5%] Built target ament_cmake_python_copy_base_interfaces
[0.850s] running egg_info
[0.851s] writing base_interfaces.egg-info/PKG-INFO
[0.851s] writing dependency_links to base_interfaces.egg-info/dependency_links.txt
[0.851s] writing top-level names to base_interfaces.egg-info/top_level.txt
[0.852s] reading manifest file 'base_interfaces.egg-info/SOURCES.txt'
[0.852s] writing manifest file 'base_interfaces.egg-info/SOURCES.txt'
[0.867s] [  5%] Built target ament_cmake_python_build_base_interfaces_egg
[0.898s] [35m[1mConsolidate compiler generated dependencies of target base_interfaces__rosidl_generator_c[0m
[0.900s] [  5%] Built target base_interfaces__cpp
[0.904s] [  7%] [32mBuilding C object CMakeFiles/base_interfaces__rosidl_generator_c.dir/rosidl_generator_c/base_interfaces/msg/detail/robot_pose__functions.c.o[0m
[0.905s] [ 10%] [32mBuilding C object CMakeFiles/base_interfaces__rosidl_generator_c.dir/rosidl_generator_c/base_interfaces/srv/detail/arm_angle__functions.c.o[0m
[0.906s] [ 12%] [34m[1mGenerating C++ type support dispatch for ROS interfaces[0m
[0.906s] [ 15%] [34m[1mGenerating C++ type support for eProsima Fast-RTPS[0m
[0.906s] [ 17%] [34m[1mGenerating C++ introspection for ROS interfaces[0m
[0.942s] [ 20%] [32m[1mLinking C shared library libbase_interfaces__rosidl_generator_c.so[0m
[0.965s] [ 20%] Built target base_interfaces__rosidl_generator_c
[0.971s] [ 28%] [34m[1mGenerating C type support for eProsima Fast-RTPS[0m
[0.971s] [ 28%] [34m[1mGenerating C introspection for ROS interfaces[0m
[0.971s] [ 28%] [34m[1mGenerating C type support dispatch for ROS interfaces[0m
[1.078s] [35m[1mConsolidate compiler generated dependencies of target base_interfaces__rosidl_typesupport_cpp[0m
[1.086s] [ 30%] [32mBuilding CXX object CMakeFiles/base_interfaces__rosidl_typesupport_cpp.dir/rosidl_typesupport_cpp/base_interfaces/msg/robot_pose__type_support.cpp.o[0m
[1.089s] [ 33%] [32mBuilding CXX object CMakeFiles/base_interfaces__rosidl_typesupport_cpp.dir/rosidl_typesupport_cpp/base_interfaces/srv/arm_angle__type_support.cpp.o[0m
[1.093s] [35m[1mConsolidate compiler generated dependencies of target base_interfaces__rosidl_typesupport_introspection_cpp[0m
[1.103s] [ 38%] [32mBuilding CXX object CMakeFiles/base_interfaces__rosidl_typesupport_introspection_cpp.dir/rosidl_typesupport_introspection_cpp/base_interfaces/msg/detail/robot_pose__type_support.cpp.o[0m
[1.103s] [ 38%] [32mBuilding CXX object CMakeFiles/base_interfaces__rosidl_typesupport_introspection_cpp.dir/rosidl_typesupport_introspection_cpp/base_interfaces/srv/detail/arm_angle__type_support.cpp.o[0m
[1.115s] [35m[1mConsolidate compiler generated dependencies of target base_interfaces__rosidl_typesupport_fastrtps_cpp[0m
[1.126s] [ 41%] [32mBuilding CXX object CMakeFiles/base_interfaces__rosidl_typesupport_fastrtps_cpp.dir/rosidl_typesupport_fastrtps_cpp/base_interfaces/msg/detail/dds_fastrtps/robot_pose__type_support.cpp.o[0m
[1.127s] [ 43%] [32mBuilding CXX object CMakeFiles/base_interfaces__rosidl_typesupport_fastrtps_cpp.dir/rosidl_typesupport_fastrtps_cpp/base_interfaces/srv/detail/dds_fastrtps/arm_angle__type_support.cpp.o[0m
[1.157s] [35m[1mConsolidate compiler generated dependencies of target base_interfaces__rosidl_typesupport_c[0m
[1.167s] [ 46%] [32mBuilding CXX object CMakeFiles/base_interfaces__rosidl_typesupport_c.dir/rosidl_typesupport_c/base_interfaces/msg/robot_pose__type_support.cpp.o[0m
[1.168s] [ 48%] [32mBuilding CXX object CMakeFiles/base_interfaces__rosidl_typesupport_c.dir/rosidl_typesupport_c/base_interfaces/srv/arm_angle__type_support.cpp.o[0m
[1.185s] [35m[1mConsolidate compiler generated dependencies of target base_interfaces__rosidl_typesupport_introspection_c[0m
[1.196s] [ 51%] [32mBuilding C object CMakeFiles/base_interfaces__rosidl_typesupport_introspection_c.dir/rosidl_typesupport_introspection_c/base_interfaces/msg/detail/robot_pose__type_support.c.o[0m
[1.197s] [ 53%] [32m[1mLinking CXX shared library libbase_interfaces__rosidl_typesupport_c.so[0m
[1.197s] [ 56%] [32mBuilding C object CMakeFiles/base_interfaces__rosidl_typesupport_introspection_c.dir/rosidl_typesupport_introspection_c/base_interfaces/srv/detail/arm_angle__type_support.c.o[0m
[1.226s] [35m[1mConsolidate compiler generated dependencies of target base_interfaces__rosidl_typesupport_fastrtps_c[0m
[1.234s] [ 56%] Built target base_interfaces__rosidl_typesupport_c
[1.237s] [ 61%] [32mBuilding CXX object CMakeFiles/base_interfaces__rosidl_typesupport_fastrtps_c.dir/rosidl_typesupport_fastrtps_c/base_interfaces/srv/detail/arm_angle__type_support_c.cpp.o[0m
[1.237s] [ 61%] [32mBuilding CXX object CMakeFiles/base_interfaces__rosidl_typesupport_fastrtps_c.dir/rosidl_typesupport_fastrtps_c/base_interfaces/msg/detail/robot_pose__type_support_c.cpp.o[0m
[1.237s] [ 64%] [32m[1mLinking C shared library libbase_interfaces__rosidl_typesupport_introspection_c.so[0m
[1.263s] [ 64%] Built target base_interfaces__rosidl_typesupport_introspection_c
[1.282s] [ 66%] [32m[1mLinking CXX shared library libbase_interfaces__rosidl_typesupport_cpp.so[0m
[1.312s] [ 66%] Built target base_interfaces__rosidl_typesupport_cpp
[1.377s] [ 69%] [32m[1mLinking CXX shared library libbase_interfaces__rosidl_typesupport_introspection_cpp.so[0m
[1.405s] [ 69%] Built target base_interfaces__rosidl_typesupport_introspection_cpp
[1.408s] [ 71%] [32m[1mLinking CXX shared library libbase_interfaces__rosidl_typesupport_fastrtps_cpp.so[0m
[1.448s] [ 74%] [32m[1mLinking CXX shared library libbase_interfaces__rosidl_typesupport_fastrtps_c.so[0m
[1.450s] [ 74%] Built target base_interfaces__rosidl_typesupport_fastrtps_cpp
[1.487s] [ 74%] Built target base_interfaces__rosidl_typesupport_fastrtps_c
[1.497s] [ 74%] Built target base_interfaces
[1.507s] [ 76%] [34m[1mGenerating Python code for ROS interfaces[0m
[1.728s] [ 76%] Built target base_interfaces__py
[1.733s] [35m[1mConsolidate compiler generated dependencies of target base_interfaces__rosidl_generator_py[0m
[1.740s] [ 79%] [32mBuilding C object CMakeFiles/base_interfaces__rosidl_generator_py.dir/rosidl_generator_py/base_interfaces/msg/_robot_pose_s.c.o[0m
[1.740s] [ 82%] [32mBuilding C object CMakeFiles/base_interfaces__rosidl_generator_py.dir/rosidl_generator_py/base_interfaces/srv/_arm_angle_s.c.o[0m
[1.795s] [ 84%] [32m[1mLinking C shared library rosidl_generator_py/base_interfaces/libbase_interfaces__rosidl_generator_py.so[0m
[1.816s] [ 84%] Built target base_interfaces__rosidl_generator_py
[1.822s] [35m[1mConsolidate compiler generated dependencies of target base_interfaces__rosidl_typesupport_introspection_c__pyext[0m
[1.822s] [35m[1mConsolidate compiler generated dependencies of target base_interfaces__rosidl_typesupport_fastrtps_c__pyext[0m
[1.822s] [35m[1mConsolidate compiler generated dependencies of target base_interfaces__rosidl_typesupport_c__pyext[0m
[1.829s] [ 92%] [32mBuilding C object CMakeFiles/base_interfaces__rosidl_typesupport_fastrtps_c__pyext.dir/rosidl_generator_py/base_interfaces/_base_interfaces_s.ep.rosidl_typesupport_fastrtps_c.c.o[0m
[1.829s] [ 92%] [32mBuilding C object CMakeFiles/base_interfaces__rosidl_typesupport_introspection_c__pyext.dir/rosidl_generator_py/base_interfaces/_base_interfaces_s.ep.rosidl_typesupport_introspection_c.c.o[0m
[1.829s] [ 92%] [32mBuilding C object CMakeFiles/base_interfaces__rosidl_typesupport_c__pyext.dir/rosidl_generator_py/base_interfaces/_base_interfaces_s.ep.rosidl_typesupport_c.c.o[0m
[1.883s] [100%] [32m[1mLinking C shared library rosidl_generator_py/base_interfaces/base_interfaces_s__rosidl_typesupport_c.cpython-310-x86_64-linux-gnu.so[0m
[1.883s] [100%] [32m[1mLinking C shared library rosidl_generator_py/base_interfaces/base_interfaces_s__rosidl_typesupport_fastrtps_c.cpython-310-x86_64-linux-gnu.so[0m
[1.883s] [100%] [32m[1mLinking C shared library rosidl_generator_py/base_interfaces/base_interfaces_s__rosidl_typesupport_introspection_c.cpython-310-x86_64-linux-gnu.so[0m
[1.906s] [100%] Built target base_interfaces__rosidl_typesupport_introspection_c__pyext
[1.906s] [100%] Built target base_interfaces__rosidl_typesupport_fastrtps_c__pyext
[1.906s] [100%] Built target base_interfaces__rosidl_typesupport_c__pyext
[1.912s] Invoked command in '/home/vol/willgit/GxxArm_ws/build/base_interfaces' returned '0': CMAKE_PREFIX_PATH=/opt/ros/humble /usr/bin/cmake --build /home/vol/willgit/GxxArm_ws/build/base_interfaces -- -j20 -l20
[1.954s] Invoking command in '/home/vol/willgit/GxxArm_ws/build/base_interfaces': CMAKE_PREFIX_PATH=/opt/ros/humble /usr/bin/cmake --install /home/vol/willgit/GxxArm_ws/build/base_interfaces
[1.958s] -- Install configuration: ""
[1.958s] -- Up-to-date: /home/vol/willgit/GxxArm_ws/install/base_interfaces/share/ament_index/resource_index/rosidl_interfaces/base_interfaces
[1.958s] -- Up-to-date: /home/vol/willgit/GxxArm_ws/install/base_interfaces/include/base_interfaces/base_interfaces
[1.958s] -- Up-to-date: /home/vol/willgit/GxxArm_ws/install/base_interfaces/include/base_interfaces/base_interfaces/srv
[1.958s] -- Up-to-date: /home/vol/willgit/GxxArm_ws/install/base_interfaces/include/base_interfaces/base_interfaces/srv/detail
[1.958s] -- Installing: /home/vol/willgit/GxxArm_ws/install/base_interfaces/include/base_interfaces/base_interfaces/srv/detail/arm_angle__struct.h
[1.958s] -- Installing: /home/vol/willgit/GxxArm_ws/install/base_interfaces/include/base_interfaces/base_interfaces/srv/detail/arm_angle__functions.c
[1.958s] -- Installing: /home/vol/willgit/GxxArm_ws/install/base_interfaces/include/base_interfaces/base_interfaces/srv/detail/arm_angle__type_support.h
[1.959s] -- Installing: /home/vol/willgit/GxxArm_ws/install/base_interfaces/include/base_interfaces/base_interfaces/srv/detail/arm_angle__functions.h
[1.959s] -- Installing: /home/vol/willgit/GxxArm_ws/install/base_interfaces/include/base_interfaces/base_interfaces/srv/arm_angle.h
[1.959s] -- Up-to-date: /home/vol/willgit/GxxArm_ws/install/base_interfaces/include/base_interfaces/base_interfaces/msg
[1.959s] -- Up-to-date: /home/vol/willgit/GxxArm_ws/install/base_interfaces/include/base_interfaces/base_interfaces/msg/detail
[1.959s] -- Installing: /home/vol/willgit/GxxArm_ws/install/base_interfaces/include/base_interfaces/base_interfaces/msg/detail/robot_pose__struct.h
[1.959s] -- Installing: /home/vol/willgit/GxxArm_ws/install/base_interfaces/include/base_interfaces/base_interfaces/msg/detail/robot_pose__type_support.h
[1.959s] -- Installing: /home/vol/willgit/GxxArm_ws/install/base_interfaces/include/base_interfaces/base_interfaces/msg/detail/robot_pose__functions.c
[1.959s] -- Installing: /home/vol/willgit/GxxArm_ws/install/base_interfaces/include/base_interfaces/base_interfaces/msg/detail/robot_pose__functions.h
[1.959s] -- Installing: /home/vol/willgit/GxxArm_ws/install/base_interfaces/include/base_interfaces/base_interfaces/msg/robot_pose.h
[1.959s] -- Up-to-date: /home/vol/willgit/GxxArm_ws/install/base_interfaces/include/base_interfaces/base_interfaces/msg/rosidl_generator_c__visibility_control.h
[1.959s] -- Up-to-date: /home/vol/willgit/GxxArm_ws/install/base_interfaces/share/base_interfaces/environment/library_path.sh
[1.959s] -- Installing: /home/vol/willgit/GxxArm_ws/install/base_interfaces/share/base_interfaces/environment/library_path.dsv
[1.959s] -- Installing: /home/vol/willgit/GxxArm_ws/install/base_interfaces/lib/libbase_interfaces__rosidl_generator_c.so
[1.959s] -- Set runtime path of "/home/vol/willgit/GxxArm_ws/install/base_interfaces/lib/libbase_interfaces__rosidl_generator_c.so" to ""
[1.960s] -- Up-to-date: /home/vol/willgit/GxxArm_ws/install/base_interfaces/include/base_interfaces/base_interfaces
[1.960s] -- Up-to-date: /home/vol/willgit/GxxArm_ws/install/base_interfaces/include/base_interfaces/base_interfaces/srv
[1.960s] -- Up-to-date: /home/vol/willgit/GxxArm_ws/install/base_interfaces/include/base_interfaces/base_interfaces/srv/detail
[1.960s] -- Installing: /home/vol/willgit/GxxArm_ws/install/base_interfaces/include/base_interfaces/base_interfaces/srv/detail/arm_angle__rosidl_typesupport_fastrtps_c.h
[1.960s] -- Up-to-date: /home/vol/willgit/GxxArm_ws/install/base_interfaces/include/base_interfaces/base_interfaces/msg
[1.960s] -- Up-to-date: /home/vol/willgit/GxxArm_ws/install/base_interfaces/include/base_interfaces/base_interfaces/msg/detail
[1.960s] -- Installing: /home/vol/willgit/GxxArm_ws/install/base_interfaces/include/base_interfaces/base_interfaces/msg/detail/robot_pose__rosidl_typesupport_fastrtps_c.h
[1.960s] -- Up-to-date: /home/vol/willgit/GxxArm_ws/install/base_interfaces/include/base_interfaces/base_interfaces/msg/rosidl_typesupport_fastrtps_c__visibility_control.h
[1.960s] -- Installing: /home/vol/willgit/GxxArm_ws/install/base_interfaces/lib/libbase_interfaces__rosidl_typesupport_fastrtps_c.so
[1.960s] -- Set runtime path of "/home/vol/willgit/GxxArm_ws/install/base_interfaces/lib/libbase_interfaces__rosidl_typesupport_fastrtps_c.so" to ""
[1.960s] -- Up-to-date: /home/vol/willgit/GxxArm_ws/install/base_interfaces/include/base_interfaces/base_interfaces
[1.960s] -- Up-to-date: /home/vol/willgit/GxxArm_ws/install/base_interfaces/include/base_interfaces/base_interfaces/srv
[1.960s] -- Up-to-date: /home/vol/willgit/GxxArm_ws/install/base_interfaces/include/base_interfaces/base_interfaces/srv/detail
[1.960s] -- Installing: /home/vol/willgit/GxxArm_ws/install/base_interfaces/include/base_interfaces/base_interfaces/srv/detail/arm_angle__type_support.c
[1.960s] -- Installing: /home/vol/willgit/GxxArm_ws/install/base_interfaces/include/base_interfaces/base_interfaces/srv/detail/arm_angle__rosidl_typesupport_introspection_c.h
[1.960s] -- Up-to-date: /home/vol/willgit/GxxArm_ws/install/base_interfaces/include/base_interfaces/base_interfaces/msg
[1.960s] -- Up-to-date: /home/vol/willgit/GxxArm_ws/install/base_interfaces/include/base_interfaces/base_interfaces/msg/detail
[1.961s] -- Installing: /home/vol/willgit/GxxArm_ws/install/base_interfaces/include/base_interfaces/base_interfaces/msg/detail/robot_pose__type_support.c
[1.961s] -- Installing: /home/vol/willgit/GxxArm_ws/install/base_interfaces/include/base_interfaces/base_interfaces/msg/detail/robot_pose__rosidl_typesupport_introspection_c.h
[1.961s] -- Up-to-date: /home/vol/willgit/GxxArm_ws/install/base_interfaces/include/base_interfaces/base_interfaces/msg/rosidl_typesupport_introspection_c__visibility_control.h
[1.961s] -- Installing: /home/vol/willgit/GxxArm_ws/install/base_interfaces/lib/libbase_interfaces__rosidl_typesupport_introspection_c.so
[1.961s] -- Set runtime path of "/home/vol/willgit/GxxArm_ws/install/base_interfaces/lib/libbase_interfaces__rosidl_typesupport_introspection_c.so" to ""
[1.961s] -- Installing: /home/vol/willgit/GxxArm_ws/install/base_interfaces/lib/libbase_interfaces__rosidl_typesupport_c.so
[1.961s] -- Set runtime path of "/home/vol/willgit/GxxArm_ws/install/base_interfaces/lib/libbase_interfaces__rosidl_typesupport_c.so" to ""
[1.961s] -- Up-to-date: /home/vol/willgit/GxxArm_ws/install/base_interfaces/include/base_interfaces/base_interfaces
[1.961s] -- Up-to-date: /home/vol/willgit/GxxArm_ws/install/base_interfaces/include/base_interfaces/base_interfaces/srv
[1.961s] -- Up-to-date: /home/vol/willgit/GxxArm_ws/install/base_interfaces/include/base_interfaces/base_interfaces/srv/detail
[1.961s] -- Installing: /home/vol/willgit/GxxArm_ws/install/base_interfaces/include/base_interfaces/base_interfaces/srv/detail/arm_angle__struct.hpp
[1.961s] -- Installing: /home/vol/willgit/GxxArm_ws/install/base_interfaces/include/base_interfaces/base_interfaces/srv/detail/arm_angle__traits.hpp
[1.961s] -- Installing: /home/vol/willgit/GxxArm_ws/install/base_interfaces/include/base_interfaces/base_interfaces/srv/detail/arm_angle__builder.hpp
[1.961s] -- Installing: /home/vol/willgit/GxxArm_ws/install/base_interfaces/include/base_interfaces/base_interfaces/srv/arm_angle.hpp
[1.961s] -- Up-to-date: /home/vol/willgit/GxxArm_ws/install/base_interfaces/include/base_interfaces/base_interfaces/msg
[1.961s] -- Up-to-date: /home/vol/willgit/GxxArm_ws/install/base_interfaces/include/base_interfaces/base_interfaces/msg/detail
[1.961s] -- Installing: /home/vol/willgit/GxxArm_ws/install/base_interfaces/include/base_interfaces/base_interfaces/msg/detail/robot_pose__struct.hpp
[1.961s] -- Installing: /home/vol/willgit/GxxArm_ws/install/base_interfaces/include/base_interfaces/base_interfaces/msg/detail/robot_pose__builder.hpp
[1.961s] -- Installing: /home/vol/willgit/GxxArm_ws/install/base_interfaces/include/base_interfaces/base_interfaces/msg/detail/robot_pose__traits.hpp
[1.961s] -- Installing: /home/vol/willgit/GxxArm_ws/install/base_interfaces/include/base_interfaces/base_interfaces/msg/robot_pose.hpp
[1.961s] -- Up-to-date: /home/vol/willgit/GxxArm_ws/install/base_interfaces/include/base_interfaces/base_interfaces
[1.961s] -- Up-to-date: /home/vol/willgit/GxxArm_ws/install/base_interfaces/include/base_interfaces/base_interfaces/srv
[1.961s] -- Up-to-date: /home/vol/willgit/GxxArm_ws/install/base_interfaces/include/base_interfaces/base_interfaces/srv/detail
[1.961s] -- Installing: /home/vol/willgit/GxxArm_ws/install/base_interfaces/include/base_interfaces/base_interfaces/srv/detail/arm_angle__rosidl_typesupport_fastrtps_cpp.hpp
[1.961s] -- Up-to-date: /home/vol/willgit/GxxArm_ws/install/base_interfaces/include/base_interfaces/base_interfaces/srv/detail/dds_fastrtps
[1.961s] -- Up-to-date: /home/vol/willgit/GxxArm_ws/install/base_interfaces/include/base_interfaces/base_interfaces/msg
[1.961s] -- Up-to-date: /home/vol/willgit/GxxArm_ws/install/base_interfaces/include/base_interfaces/base_interfaces/msg/detail
[1.961s] -- Installing: /home/vol/willgit/GxxArm_ws/install/base_interfaces/include/base_interfaces/base_interfaces/msg/detail/robot_pose__rosidl_typesupport_fastrtps_cpp.hpp
[1.961s] -- Up-to-date: /home/vol/willgit/GxxArm_ws/install/base_interfaces/include/base_interfaces/base_interfaces/msg/detail/dds_fastrtps
[1.961s] -- Up-to-date: /home/vol/willgit/GxxArm_ws/install/base_interfaces/include/base_interfaces/base_interfaces/msg/rosidl_typesupport_fastrtps_cpp__visibility_control.h
[1.961s] -- Installing: /home/vol/willgit/GxxArm_ws/install/base_interfaces/lib/libbase_interfaces__rosidl_typesupport_fastrtps_cpp.so
[1.961s] -- Set runtime path of "/home/vol/willgit/GxxArm_ws/install/base_interfaces/lib/libbase_interfaces__rosidl_typesupport_fastrtps_cpp.so" to ""
[1.961s] -- Up-to-date: /home/vol/willgit/GxxArm_ws/install/base_interfaces/include/base_interfaces/base_interfaces
[1.961s] -- Up-to-date: /home/vol/willgit/GxxArm_ws/install/base_interfaces/include/base_interfaces/base_interfaces/srv
[1.961s] -- Up-to-date: /home/vol/willgit/GxxArm_ws/install/base_interfaces/include/base_interfaces/base_interfaces/srv/detail
[1.962s] -- Installing: /home/vol/willgit/GxxArm_ws/install/base_interfaces/include/base_interfaces/base_interfaces/srv/detail/arm_angle__type_support.cpp
[1.962s] -- Installing: /home/vol/willgit/GxxArm_ws/install/base_interfaces/include/base_interfaces/base_interfaces/srv/detail/arm_angle__rosidl_typesupport_introspection_cpp.hpp
[1.962s] -- Up-to-date: /home/vol/willgit/GxxArm_ws/install/base_interfaces/include/base_interfaces/base_interfaces/msg
[1.962s] -- Up-to-date: /home/vol/willgit/GxxArm_ws/install/base_interfaces/include/base_interfaces/base_interfaces/msg/detail
[1.962s] -- Installing: /home/vol/willgit/GxxArm_ws/install/base_interfaces/include/base_interfaces/base_interfaces/msg/detail/robot_pose__rosidl_typesupport_introspection_cpp.hpp
[1.962s] -- Installing: /home/vol/willgit/GxxArm_ws/install/base_interfaces/include/base_interfaces/base_interfaces/msg/detail/robot_pose__type_support.cpp
[1.962s] -- Installing: /home/vol/willgit/GxxArm_ws/install/base_interfaces/lib/libbase_interfaces__rosidl_typesupport_introspection_cpp.so
[1.962s] -- Set runtime path of "/home/vol/willgit/GxxArm_ws/install/base_interfaces/lib/libbase_interfaces__rosidl_typesupport_introspection_cpp.so" to ""
[1.962s] -- Installing: /home/vol/willgit/GxxArm_ws/install/base_interfaces/lib/libbase_interfaces__rosidl_typesupport_cpp.so
[1.962s] -- Set runtime path of "/home/vol/willgit/GxxArm_ws/install/base_interfaces/lib/libbase_interfaces__rosidl_typesupport_cpp.so" to ""
[1.962s] -- Up-to-date: /home/vol/willgit/GxxArm_ws/install/base_interfaces/share/base_interfaces/environment/pythonpath.sh
[1.962s] -- Installing: /home/vol/willgit/GxxArm_ws/install/base_interfaces/share/base_interfaces/environment/pythonpath.dsv
[1.962s] -- Up-to-date: /home/vol/willgit/GxxArm_ws/install/base_interfaces/local/lib/python3.10/dist-packages/base_interfaces-0.0.0-py3.10.egg-info
[1.962s] -- Installing: /home/vol/willgit/GxxArm_ws/install/base_interfaces/local/lib/python3.10/dist-packages/base_interfaces-0.0.0-py3.10.egg-info/dependency_links.txt
[1.962s] -- Installing: /home/vol/willgit/GxxArm_ws/install/base_interfaces/local/lib/python3.10/dist-packages/base_interfaces-0.0.0-py3.10.egg-info/SOURCES.txt
[1.962s] -- Installing: /home/vol/willgit/GxxArm_ws/install/base_interfaces/local/lib/python3.10/dist-packages/base_interfaces-0.0.0-py3.10.egg-info/PKG-INFO
[1.962s] -- Installing: /home/vol/willgit/GxxArm_ws/install/base_interfaces/local/lib/python3.10/dist-packages/base_interfaces-0.0.0-py3.10.egg-info/top_level.txt
[1.962s] -- Up-to-date: /home/vol/willgit/GxxArm_ws/install/base_interfaces/local/lib/python3.10/dist-packages/base_interfaces
[1.962s] -- Installing: /home/vol/willgit/GxxArm_ws/install/base_interfaces/local/lib/python3.10/dist-packages/base_interfaces/libbase_interfaces__rosidl_generator_py.so
[1.962s] -- Installing: /home/vol/willgit/GxxArm_ws/install/base_interfaces/local/lib/python3.10/dist-packages/base_interfaces/base_interfaces_s__rosidl_typesupport_introspection_c.cpython-310-x86_64-linux-gnu.so
[1.962s] -- Installing: /home/vol/willgit/GxxArm_ws/install/base_interfaces/local/lib/python3.10/dist-packages/base_interfaces/_base_interfaces_s.ep.rosidl_typesupport_introspection_c.c
[1.962s] -- Installing: /home/vol/willgit/GxxArm_ws/install/base_interfaces/local/lib/python3.10/dist-packages/base_interfaces/_base_interfaces_s.ep.rosidl_typesupport_fastrtps_c.c
[1.962s] -- Up-to-date: /home/vol/willgit/GxxArm_ws/install/base_interfaces/local/lib/python3.10/dist-packages/base_interfaces/srv
[1.962s] -- Installing: /home/vol/willgit/GxxArm_ws/install/base_interfaces/local/lib/python3.10/dist-packages/base_interfaces/srv/_arm_angle_s.c
[1.962s] -- Installing: /home/vol/willgit/GxxArm_ws/install/base_interfaces/local/lib/python3.10/dist-packages/base_interfaces/srv/_arm_angle.py
[1.962s] -- Installing: /home/vol/willgit/GxxArm_ws/install/base_interfaces/local/lib/python3.10/dist-packages/base_interfaces/srv/__init__.py
[1.962s] -- Up-to-date: /home/vol/willgit/GxxArm_ws/install/base_interfaces/local/lib/python3.10/dist-packages/base_interfaces/msg
[1.962s] -- Installing: /home/vol/willgit/GxxArm_ws/install/base_interfaces/local/lib/python3.10/dist-packages/base_interfaces/msg/_robot_pose.py
[1.962s] -- Installing: /home/vol/willgit/GxxArm_ws/install/base_interfaces/local/lib/python3.10/dist-packages/base_interfaces/msg/_robot_pose_s.c
[1.962s] -- Installing: /home/vol/willgit/GxxArm_ws/install/base_interfaces/local/lib/python3.10/dist-packages/base_interfaces/msg/__init__.py
[1.962s] -- Installing: /home/vol/willgit/GxxArm_ws/install/base_interfaces/local/lib/python3.10/dist-packages/base_interfaces/_base_interfaces_s.ep.rosidl_typesupport_c.c
[1.962s] -- Installing: /home/vol/willgit/GxxArm_ws/install/base_interfaces/local/lib/python3.10/dist-packages/base_interfaces/base_interfaces_s__rosidl_typesupport_fastrtps_c.cpython-310-x86_64-linux-gnu.so
[1.962s] -- Installing: /home/vol/willgit/GxxArm_ws/install/base_interfaces/local/lib/python3.10/dist-packages/base_interfaces/base_interfaces_s__rosidl_typesupport_c.cpython-310-x86_64-linux-gnu.so
[1.962s] -- Installing: /home/vol/willgit/GxxArm_ws/install/base_interfaces/local/lib/python3.10/dist-packages/base_interfaces/__init__.py
[1.982s] Listing '/home/vol/willgit/GxxArm_ws/install/base_interfaces/local/lib/python3.10/dist-packages/base_interfaces'...
[1.982s] Compiling '/home/vol/willgit/GxxArm_ws/install/base_interfaces/local/lib/python3.10/dist-packages/base_interfaces/__init__.py'...
[1.982s] Listing '/home/vol/willgit/GxxArm_ws/install/base_interfaces/local/lib/python3.10/dist-packages/base_interfaces/msg'...
[1.982s] Compiling '/home/vol/willgit/GxxArm_ws/install/base_interfaces/local/lib/python3.10/dist-packages/base_interfaces/msg/__init__.py'...
[1.982s] Compiling '/home/vol/willgit/GxxArm_ws/install/base_interfaces/local/lib/python3.10/dist-packages/base_interfaces/msg/_robot_pose.py'...
[1.982s] Listing '/home/vol/willgit/GxxArm_ws/install/base_interfaces/local/lib/python3.10/dist-packages/base_interfaces/srv'...
[1.982s] Compiling '/home/vol/willgit/GxxArm_ws/install/base_interfaces/local/lib/python3.10/dist-packages/base_interfaces/srv/__init__.py'...
[1.982s] Compiling '/home/vol/willgit/GxxArm_ws/install/base_interfaces/local/lib/python3.10/dist-packages/base_interfaces/srv/_arm_angle.py'...
[1.984s] -- Installing: /home/vol/willgit/GxxArm_ws/install/base_interfaces/local/lib/python3.10/dist-packages/base_interfaces/base_interfaces_s__rosidl_typesupport_fastrtps_c.cpython-310-x86_64-linux-gnu.so
[1.985s] -- Set runtime path of "/home/vol/willgit/GxxArm_ws/install/base_interfaces/local/lib/python3.10/dist-packages/base_interfaces/base_interfaces_s__rosidl_typesupport_fastrtps_c.cpython-310-x86_64-linux-gnu.so" to ""
[1.985s] -- Installing: /home/vol/willgit/GxxArm_ws/install/base_interfaces/local/lib/python3.10/dist-packages/base_interfaces/base_interfaces_s__rosidl_typesupport_introspection_c.cpython-310-x86_64-linux-gnu.so
[1.985s] -- Set runtime path of "/home/vol/willgit/GxxArm_ws/install/base_interfaces/local/lib/python3.10/dist-packages/base_interfaces/base_interfaces_s__rosidl_typesupport_introspection_c.cpython-310-x86_64-linux-gnu.so" to ""
[1.985s] -- Installing: /home/vol/willgit/GxxArm_ws/install/base_interfaces/local/lib/python3.10/dist-packages/base_interfaces/base_interfaces_s__rosidl_typesupport_c.cpython-310-x86_64-linux-gnu.so
[1.985s] -- Set runtime path of "/home/vol/willgit/GxxArm_ws/install/base_interfaces/local/lib/python3.10/dist-packages/base_interfaces/base_interfaces_s__rosidl_typesupport_c.cpython-310-x86_64-linux-gnu.so" to ""
[1.985s] -- Installing: /home/vol/willgit/GxxArm_ws/install/base_interfaces/lib/libbase_interfaces__rosidl_generator_py.so
[1.985s] -- Set runtime path of "/home/vol/willgit/GxxArm_ws/install/base_interfaces/lib/libbase_interfaces__rosidl_generator_py.so" to ""
[1.985s] -- Installing: /home/vol/willgit/GxxArm_ws/install/base_interfaces/share/base_interfaces/msg/RobotPose.idl
[1.985s] -- Installing: /home/vol/willgit/GxxArm_ws/install/base_interfaces/share/base_interfaces/srv/ArmAngle.idl
[1.985s] -- Installing: /home/vol/willgit/GxxArm_ws/install/base_interfaces/share/base_interfaces/msg/RobotPose.msg
[1.985s] -- Installing: /home/vol/willgit/GxxArm_ws/install/base_interfaces/share/base_interfaces/srv/ArmAngle.srv
[1.985s] -- Installing: /home/vol/willgit/GxxArm_ws/install/base_interfaces/share/base_interfaces/srv/ArmAngle_Request.msg
[1.985s] -- Installing: /home/vol/willgit/GxxArm_ws/install/base_interfaces/share/base_interfaces/srv/ArmAngle_Response.msg
[1.985s] -- Up-to-date: /home/vol/willgit/GxxArm_ws/install/base_interfaces/share/ament_index/resource_index/package_run_dependencies/base_interfaces
[1.985s] -- Up-to-date: /home/vol/willgit/GxxArm_ws/install/base_interfaces/share/ament_index/resource_index/parent_prefix_path/base_interfaces
[1.985s] -- Up-to-date: /home/vol/willgit/GxxArm_ws/install/base_interfaces/share/base_interfaces/environment/ament_prefix_path.sh
[1.985s] -- Installing: /home/vol/willgit/GxxArm_ws/install/base_interfaces/share/base_interfaces/environment/ament_prefix_path.dsv
[1.986s] -- Up-to-date: /home/vol/willgit/GxxArm_ws/install/base_interfaces/share/base_interfaces/environment/path.sh
[1.986s] -- Installing: /home/vol/willgit/GxxArm_ws/install/base_interfaces/share/base_interfaces/environment/path.dsv
[1.986s] -- Up-to-date: /home/vol/willgit/GxxArm_ws/install/base_interfaces/share/base_interfaces/local_setup.bash
[1.986s] -- Up-to-date: /home/vol/willgit/GxxArm_ws/install/base_interfaces/share/base_interfaces/local_setup.sh
[1.986s] -- Up-to-date: /home/vol/willgit/GxxArm_ws/install/base_interfaces/share/base_interfaces/local_setup.zsh
[1.986s] -- Installing: /home/vol/willgit/GxxArm_ws/install/base_interfaces/share/base_interfaces/local_setup.dsv
[1.986s] -- Installing: /home/vol/willgit/GxxArm_ws/install/base_interfaces/share/base_interfaces/package.dsv
[1.986s] -- Up-to-date: /home/vol/willgit/GxxArm_ws/install/base_interfaces/share/ament_index/resource_index/packages/base_interfaces
[1.986s] -- Up-to-date: /home/vol/willgit/GxxArm_ws/install/base_interfaces/share/base_interfaces/cmake/export_base_interfaces__rosidl_generator_cExport.cmake
[1.986s] -- Up-to-date: /home/vol/willgit/GxxArm_ws/install/base_interfaces/share/base_interfaces/cmake/export_base_interfaces__rosidl_generator_cExport-noconfig.cmake
[1.986s] -- Up-to-date: /home/vol/willgit/GxxArm_ws/install/base_interfaces/share/base_interfaces/cmake/export_base_interfaces__rosidl_typesupport_fastrtps_cExport.cmake
[1.986s] -- Up-to-date: /home/vol/willgit/GxxArm_ws/install/base_interfaces/share/base_interfaces/cmake/export_base_interfaces__rosidl_typesupport_fastrtps_cExport-noconfig.cmake
[1.986s] -- Up-to-date: /home/vol/willgit/GxxArm_ws/install/base_interfaces/share/base_interfaces/cmake/base_interfaces__rosidl_typesupport_introspection_cExport.cmake
[1.986s] -- Up-to-date: /home/vol/willgit/GxxArm_ws/install/base_interfaces/share/base_interfaces/cmake/base_interfaces__rosidl_typesupport_introspection_cExport-noconfig.cmake
[1.986s] -- Up-to-date: /home/vol/willgit/GxxArm_ws/install/base_interfaces/share/base_interfaces/cmake/base_interfaces__rosidl_typesupport_cExport.cmake
[1.986s] -- Up-to-date: /home/vol/willgit/GxxArm_ws/install/base_interfaces/share/base_interfaces/cmake/base_interfaces__rosidl_typesupport_cExport-noconfig.cmake
[1.986s] -- Up-to-date: /home/vol/willgit/GxxArm_ws/install/base_interfaces/share/base_interfaces/cmake/export_base_interfaces__rosidl_generator_cppExport.cmake
[1.986s] -- Up-to-date: /home/vol/willgit/GxxArm_ws/install/base_interfaces/share/base_interfaces/cmake/export_base_interfaces__rosidl_typesupport_fastrtps_cppExport.cmake
[1.986s] -- Up-to-date: /home/vol/willgit/GxxArm_ws/install/base_interfaces/share/base_interfaces/cmake/export_base_interfaces__rosidl_typesupport_fastrtps_cppExport-noconfig.cmake
[1.986s] -- Up-to-date: /home/vol/willgit/GxxArm_ws/install/base_interfaces/share/base_interfaces/cmake/base_interfaces__rosidl_typesupport_introspection_cppExport.cmake
[1.986s] -- Up-to-date: /home/vol/willgit/GxxArm_ws/install/base_interfaces/share/base_interfaces/cmake/base_interfaces__rosidl_typesupport_introspection_cppExport-noconfig.cmake
[1.986s] -- Up-to-date: /home/vol/willgit/GxxArm_ws/install/base_interfaces/share/base_interfaces/cmake/base_interfaces__rosidl_typesupport_cppExport.cmake
[1.986s] -- Up-to-date: /home/vol/willgit/GxxArm_ws/install/base_interfaces/share/base_interfaces/cmake/base_interfaces__rosidl_typesupport_cppExport-noconfig.cmake
[1.986s] -- Up-to-date: /home/vol/willgit/GxxArm_ws/install/base_interfaces/share/base_interfaces/cmake/export_base_interfaces__rosidl_generator_pyExport.cmake
[1.986s] -- Up-to-date: /home/vol/willgit/GxxArm_ws/install/base_interfaces/share/base_interfaces/cmake/export_base_interfaces__rosidl_generator_pyExport-noconfig.cmake
[1.986s] -- Up-to-date: /home/vol/willgit/GxxArm_ws/install/base_interfaces/share/base_interfaces/cmake/rosidl_cmake-extras.cmake
[1.986s] -- Up-to-date: /home/vol/willgit/GxxArm_ws/install/base_interfaces/share/base_interfaces/cmake/ament_cmake_export_dependencies-extras.cmake
[1.986s] -- Up-to-date: /home/vol/willgit/GxxArm_ws/install/base_interfaces/share/base_interfaces/cmake/ament_cmake_export_include_directories-extras.cmake
[1.986s] -- Up-to-date: /home/vol/willgit/GxxArm_ws/install/base_interfaces/share/base_interfaces/cmake/ament_cmake_export_libraries-extras.cmake
[1.986s] -- Up-to-date: /home/vol/willgit/GxxArm_ws/install/base_interfaces/share/base_interfaces/cmake/ament_cmake_export_targets-extras.cmake
[1.986s] -- Up-to-date: /home/vol/willgit/GxxArm_ws/install/base_interfaces/share/base_interfaces/cmake/rosidl_cmake_export_typesupport_targets-extras.cmake
[1.986s] -- Up-to-date: /home/vol/willgit/GxxArm_ws/install/base_interfaces/share/base_interfaces/cmake/rosidl_cmake_export_typesupport_libraries-extras.cmake
[1.986s] -- Up-to-date: /home/vol/willgit/GxxArm_ws/install/base_interfaces/share/base_interfaces/cmake/base_interfacesConfig.cmake
[1.986s] -- Up-to-date: /home/vol/willgit/GxxArm_ws/install/base_interfaces/share/base_interfaces/cmake/base_interfacesConfig-version.cmake
[1.986s] -- Up-to-date: /home/vol/willgit/GxxArm_ws/install/base_interfaces/share/base_interfaces/package.xml
[1.988s] Invoked command in '/home/vol/willgit/GxxArm_ws/build/base_interfaces' returned '0': CMAKE_PREFIX_PATH=/opt/ros/humble /usr/bin/cmake --install /home/vol/willgit/GxxArm_ws/build/base_interfaces
