[0.029s] Invoking command in '/home/vol/willgit/GxxArm_ws/build/base_interfaces': CMAKE_PREFIX_PATH=${CMAKE_PREFIX_PATH}:/opt/ros/humble /usr/bin/cmake --build /home/vol/willgit/GxxArm_ws/build/base_interfaces -- -j20 -l20
[0.076s] [  3%] Built target base_interfaces__cpp
[0.077s] [ 12%] Built target base_interfaces__rosidl_generator_c
[0.082s] [ 12%] Built target ament_cmake_python_copy_base_interfaces
[0.089s] [ 51%] Built target base_interfaces__rosidl_typesupport_cpp
[0.089s] [ 51%] Built target base_interfaces__rosidl_typesupport_introspection_cpp
[0.089s] [ 51%] Built target base_interfaces__rosidl_typesupport_fastrtps_cpp
[0.089s] [ 51%] Built target base_interfaces__rosidl_typesupport_c
[0.089s] [ 61%] Built target base_interfaces__rosidl_typesupport_introspection_c
[0.089s] [ 70%] Built target base_interfaces__rosidl_typesupport_fastrtps_c
[0.099s] [ 70%] Built target base_interfaces
[0.110s] [ 74%] Built target base_interfaces__py
[0.122s] [ 80%] Built target base_interfaces__rosidl_generator_py
[0.134s] [ 93%] Built target base_interfaces__rosidl_typesupport_fastrtps_c__pyext
[0.134s] [ 93%] Built target base_interfaces__rosidl_typesupport_c__pyext
[0.134s] [100%] Built target base_interfaces__rosidl_typesupport_introspection_c__pyext
[0.198s] running egg_info
[0.198s] writing base_interfaces.egg-info/PKG-INFO
[0.198s] writing dependency_links to base_interfaces.egg-info/dependency_links.txt
[0.198s] writing top-level names to base_interfaces.egg-info/top_level.txt
[0.200s] reading manifest file 'base_interfaces.egg-info/SOURCES.txt'
[0.200s] writing manifest file 'base_interfaces.egg-info/SOURCES.txt'
[0.214s] [100%] Built target ament_cmake_python_build_base_interfaces_egg
[0.220s] Invoked command in '/home/vol/willgit/GxxArm_ws/build/base_interfaces' returned '0': CMAKE_PREFIX_PATH=${CMAKE_PREFIX_PATH}:/opt/ros/humble /usr/bin/cmake --build /home/vol/willgit/GxxArm_ws/build/base_interfaces -- -j20 -l20
[0.256s] Invoking command in '/home/vol/willgit/GxxArm_ws/build/base_interfaces': CMAKE_PREFIX_PATH=${CMAKE_PREFIX_PATH}:/opt/ros/humble /usr/bin/cmake --install /home/vol/willgit/GxxArm_ws/build/base_interfaces
[0.260s] -- Install configuration: ""
[0.260s] -- Up-to-date: /home/vol/willgit/GxxArm_ws/install/base_interfaces/share/ament_index/resource_index/rosidl_interfaces/base_interfaces
[0.260s] -- Up-to-date: /home/vol/willgit/GxxArm_ws/install/base_interfaces/include/base_interfaces/base_interfaces
[0.260s] -- Up-to-date: /home/vol/willgit/GxxArm_ws/install/base_interfaces/include/base_interfaces/base_interfaces/msg
[0.260s] -- Up-to-date: /home/vol/willgit/GxxArm_ws/install/base_interfaces/include/base_interfaces/base_interfaces/msg/detail
[0.260s] -- Up-to-date: /home/vol/willgit/GxxArm_ws/install/base_interfaces/include/base_interfaces/base_interfaces/msg/detail/robot_pose__struct.h
[0.260s] -- Up-to-date: /home/vol/willgit/GxxArm_ws/install/base_interfaces/include/base_interfaces/base_interfaces/msg/detail/robot_pose__type_support.h
[0.260s] -- Up-to-date: /home/vol/willgit/GxxArm_ws/install/base_interfaces/include/base_interfaces/base_interfaces/msg/detail/robot_pose__functions.c
[0.260s] -- Up-to-date: /home/vol/willgit/GxxArm_ws/install/base_interfaces/include/base_interfaces/base_interfaces/msg/detail/robot_pose__functions.h
[0.260s] -- Up-to-date: /home/vol/willgit/GxxArm_ws/install/base_interfaces/include/base_interfaces/base_interfaces/msg/robot_pose.h
[0.260s] -- Up-to-date: /home/vol/willgit/GxxArm_ws/install/base_interfaces/include/base_interfaces/base_interfaces/msg/rosidl_generator_c__visibility_control.h
[0.260s] -- Up-to-date: /home/vol/willgit/GxxArm_ws/install/base_interfaces/share/base_interfaces/environment/library_path.sh
[0.260s] -- Up-to-date: /home/vol/willgit/GxxArm_ws/install/base_interfaces/share/base_interfaces/environment/library_path.dsv
[0.260s] -- Up-to-date: /home/vol/willgit/GxxArm_ws/install/base_interfaces/lib/libbase_interfaces__rosidl_generator_c.so
[0.260s] -- Up-to-date: /home/vol/willgit/GxxArm_ws/install/base_interfaces/include/base_interfaces/base_interfaces
[0.260s] -- Up-to-date: /home/vol/willgit/GxxArm_ws/install/base_interfaces/include/base_interfaces/base_interfaces/msg
[0.261s] -- Up-to-date: /home/vol/willgit/GxxArm_ws/install/base_interfaces/include/base_interfaces/base_interfaces/msg/detail
[0.261s] -- Up-to-date: /home/vol/willgit/GxxArm_ws/install/base_interfaces/include/base_interfaces/base_interfaces/msg/detail/robot_pose__rosidl_typesupport_fastrtps_c.h
[0.261s] -- Up-to-date: /home/vol/willgit/GxxArm_ws/install/base_interfaces/include/base_interfaces/base_interfaces/msg/rosidl_typesupport_fastrtps_c__visibility_control.h
[0.261s] -- Up-to-date: /home/vol/willgit/GxxArm_ws/install/base_interfaces/lib/libbase_interfaces__rosidl_typesupport_fastrtps_c.so
[0.261s] -- Up-to-date: /home/vol/willgit/GxxArm_ws/install/base_interfaces/include/base_interfaces/base_interfaces
[0.261s] -- Up-to-date: /home/vol/willgit/GxxArm_ws/install/base_interfaces/include/base_interfaces/base_interfaces/msg
[0.261s] -- Up-to-date: /home/vol/willgit/GxxArm_ws/install/base_interfaces/include/base_interfaces/base_interfaces/msg/detail
[0.261s] -- Up-to-date: /home/vol/willgit/GxxArm_ws/install/base_interfaces/include/base_interfaces/base_interfaces/msg/detail/robot_pose__type_support.c
[0.261s] -- Up-to-date: /home/vol/willgit/GxxArm_ws/install/base_interfaces/include/base_interfaces/base_interfaces/msg/detail/robot_pose__rosidl_typesupport_introspection_c.h
[0.261s] -- Up-to-date: /home/vol/willgit/GxxArm_ws/install/base_interfaces/include/base_interfaces/base_interfaces/msg/rosidl_typesupport_introspection_c__visibility_control.h
[0.261s] -- Up-to-date: /home/vol/willgit/GxxArm_ws/install/base_interfaces/lib/libbase_interfaces__rosidl_typesupport_introspection_c.so
[0.261s] -- Up-to-date: /home/vol/willgit/GxxArm_ws/install/base_interfaces/lib/libbase_interfaces__rosidl_typesupport_c.so
[0.261s] -- Up-to-date: /home/vol/willgit/GxxArm_ws/install/base_interfaces/include/base_interfaces/base_interfaces
[0.261s] -- Up-to-date: /home/vol/willgit/GxxArm_ws/install/base_interfaces/include/base_interfaces/base_interfaces/msg
[0.261s] -- Up-to-date: /home/vol/willgit/GxxArm_ws/install/base_interfaces/include/base_interfaces/base_interfaces/msg/detail
[0.261s] -- Up-to-date: /home/vol/willgit/GxxArm_ws/install/base_interfaces/include/base_interfaces/base_interfaces/msg/detail/robot_pose__struct.hpp
[0.261s] -- Up-to-date: /home/vol/willgit/GxxArm_ws/install/base_interfaces/include/base_interfaces/base_interfaces/msg/detail/robot_pose__builder.hpp
[0.261s] -- Up-to-date: /home/vol/willgit/GxxArm_ws/install/base_interfaces/include/base_interfaces/base_interfaces/msg/detail/robot_pose__traits.hpp
[0.261s] -- Up-to-date: /home/vol/willgit/GxxArm_ws/install/base_interfaces/include/base_interfaces/base_interfaces/msg/robot_pose.hpp
[0.261s] -- Up-to-date: /home/vol/willgit/GxxArm_ws/install/base_interfaces/include/base_interfaces/base_interfaces
[0.261s] -- Up-to-date: /home/vol/willgit/GxxArm_ws/install/base_interfaces/include/base_interfaces/base_interfaces/msg
[0.261s] -- Up-to-date: /home/vol/willgit/GxxArm_ws/install/base_interfaces/include/base_interfaces/base_interfaces/msg/detail
[0.261s] -- Up-to-date: /home/vol/willgit/GxxArm_ws/install/base_interfaces/include/base_interfaces/base_interfaces/msg/detail/robot_pose__rosidl_typesupport_fastrtps_cpp.hpp
[0.261s] -- Up-to-date: /home/vol/willgit/GxxArm_ws/install/base_interfaces/include/base_interfaces/base_interfaces/msg/detail/dds_fastrtps
[0.261s] -- Up-to-date: /home/vol/willgit/GxxArm_ws/install/base_interfaces/include/base_interfaces/base_interfaces/msg/rosidl_typesupport_fastrtps_cpp__visibility_control.h
[0.261s] -- Up-to-date: /home/vol/willgit/GxxArm_ws/install/base_interfaces/lib/libbase_interfaces__rosidl_typesupport_fastrtps_cpp.so
[0.261s] -- Up-to-date: /home/vol/willgit/GxxArm_ws/install/base_interfaces/include/base_interfaces/base_interfaces
[0.261s] -- Up-to-date: /home/vol/willgit/GxxArm_ws/install/base_interfaces/include/base_interfaces/base_interfaces/msg
[0.261s] -- Up-to-date: /home/vol/willgit/GxxArm_ws/install/base_interfaces/include/base_interfaces/base_interfaces/msg/detail
[0.261s] -- Up-to-date: /home/vol/willgit/GxxArm_ws/install/base_interfaces/include/base_interfaces/base_interfaces/msg/detail/robot_pose__rosidl_typesupport_introspection_cpp.hpp
[0.261s] -- Up-to-date: /home/vol/willgit/GxxArm_ws/install/base_interfaces/include/base_interfaces/base_interfaces/msg/detail/robot_pose__type_support.cpp
[0.261s] -- Up-to-date: /home/vol/willgit/GxxArm_ws/install/base_interfaces/lib/libbase_interfaces__rosidl_typesupport_introspection_cpp.so
[0.262s] -- Up-to-date: /home/vol/willgit/GxxArm_ws/install/base_interfaces/lib/libbase_interfaces__rosidl_typesupport_cpp.so
[0.262s] -- Up-to-date: /home/vol/willgit/GxxArm_ws/install/base_interfaces/share/base_interfaces/environment/pythonpath.sh
[0.262s] -- Up-to-date: /home/vol/willgit/GxxArm_ws/install/base_interfaces/share/base_interfaces/environment/pythonpath.dsv
[0.262s] -- Up-to-date: /home/vol/willgit/GxxArm_ws/install/base_interfaces/local/lib/python3.10/dist-packages/base_interfaces-0.0.0-py3.10.egg-info
[0.262s] -- Installing: /home/vol/willgit/GxxArm_ws/install/base_interfaces/local/lib/python3.10/dist-packages/base_interfaces-0.0.0-py3.10.egg-info/dependency_links.txt
[0.262s] -- Installing: /home/vol/willgit/GxxArm_ws/install/base_interfaces/local/lib/python3.10/dist-packages/base_interfaces-0.0.0-py3.10.egg-info/SOURCES.txt
[0.262s] -- Installing: /home/vol/willgit/GxxArm_ws/install/base_interfaces/local/lib/python3.10/dist-packages/base_interfaces-0.0.0-py3.10.egg-info/PKG-INFO
[0.262s] -- Installing: /home/vol/willgit/GxxArm_ws/install/base_interfaces/local/lib/python3.10/dist-packages/base_interfaces-0.0.0-py3.10.egg-info/top_level.txt
[0.262s] -- Up-to-date: /home/vol/willgit/GxxArm_ws/install/base_interfaces/local/lib/python3.10/dist-packages/base_interfaces
[0.262s] -- Up-to-date: /home/vol/willgit/GxxArm_ws/install/base_interfaces/local/lib/python3.10/dist-packages/base_interfaces/libbase_interfaces__rosidl_generator_py.so
[0.262s] -- Up-to-date: /home/vol/willgit/GxxArm_ws/install/base_interfaces/local/lib/python3.10/dist-packages/base_interfaces/base_interfaces_s__rosidl_typesupport_introspection_c.cpython-310-x86_64-linux-gnu.so
[0.262s] -- Up-to-date: /home/vol/willgit/GxxArm_ws/install/base_interfaces/local/lib/python3.10/dist-packages/base_interfaces/_base_interfaces_s.ep.rosidl_typesupport_introspection_c.c
[0.262s] -- Up-to-date: /home/vol/willgit/GxxArm_ws/install/base_interfaces/local/lib/python3.10/dist-packages/base_interfaces/_base_interfaces_s.ep.rosidl_typesupport_fastrtps_c.c
[0.262s] -- Up-to-date: /home/vol/willgit/GxxArm_ws/install/base_interfaces/local/lib/python3.10/dist-packages/base_interfaces/msg
[0.262s] -- Up-to-date: /home/vol/willgit/GxxArm_ws/install/base_interfaces/local/lib/python3.10/dist-packages/base_interfaces/msg/_robot_pose.py
[0.262s] -- Up-to-date: /home/vol/willgit/GxxArm_ws/install/base_interfaces/local/lib/python3.10/dist-packages/base_interfaces/msg/_robot_pose_s.c
[0.262s] -- Up-to-date: /home/vol/willgit/GxxArm_ws/install/base_interfaces/local/lib/python3.10/dist-packages/base_interfaces/msg/__init__.py
[0.262s] -- Up-to-date: /home/vol/willgit/GxxArm_ws/install/base_interfaces/local/lib/python3.10/dist-packages/base_interfaces/_base_interfaces_s.ep.rosidl_typesupport_c.c
[0.262s] -- Up-to-date: /home/vol/willgit/GxxArm_ws/install/base_interfaces/local/lib/python3.10/dist-packages/base_interfaces/base_interfaces_s__rosidl_typesupport_fastrtps_c.cpython-310-x86_64-linux-gnu.so
[0.262s] -- Up-to-date: /home/vol/willgit/GxxArm_ws/install/base_interfaces/local/lib/python3.10/dist-packages/base_interfaces/base_interfaces_s__rosidl_typesupport_c.cpython-310-x86_64-linux-gnu.so
[0.262s] -- Up-to-date: /home/vol/willgit/GxxArm_ws/install/base_interfaces/local/lib/python3.10/dist-packages/base_interfaces/__init__.py
[0.279s] Listing '/home/vol/willgit/GxxArm_ws/install/base_interfaces/local/lib/python3.10/dist-packages/base_interfaces'...
[0.279s] Listing '/home/vol/willgit/GxxArm_ws/install/base_interfaces/local/lib/python3.10/dist-packages/base_interfaces/msg'...
[0.281s] -- Up-to-date: /home/vol/willgit/GxxArm_ws/install/base_interfaces/local/lib/python3.10/dist-packages/base_interfaces/base_interfaces_s__rosidl_typesupport_fastrtps_c.cpython-310-x86_64-linux-gnu.so
[0.281s] -- Up-to-date: /home/vol/willgit/GxxArm_ws/install/base_interfaces/local/lib/python3.10/dist-packages/base_interfaces/base_interfaces_s__rosidl_typesupport_introspection_c.cpython-310-x86_64-linux-gnu.so
[0.281s] -- Up-to-date: /home/vol/willgit/GxxArm_ws/install/base_interfaces/local/lib/python3.10/dist-packages/base_interfaces/base_interfaces_s__rosidl_typesupport_c.cpython-310-x86_64-linux-gnu.so
[0.281s] -- Up-to-date: /home/vol/willgit/GxxArm_ws/install/base_interfaces/lib/libbase_interfaces__rosidl_generator_py.so
[0.282s] -- Up-to-date: /home/vol/willgit/GxxArm_ws/install/base_interfaces/share/base_interfaces/msg/RobotPose.idl
[0.282s] -- Up-to-date: /home/vol/willgit/GxxArm_ws/install/base_interfaces/share/base_interfaces/msg/RobotPose.msg
[0.282s] -- Up-to-date: /home/vol/willgit/GxxArm_ws/install/base_interfaces/share/ament_index/resource_index/package_run_dependencies/base_interfaces
[0.282s] -- Up-to-date: /home/vol/willgit/GxxArm_ws/install/base_interfaces/share/ament_index/resource_index/parent_prefix_path/base_interfaces
[0.282s] -- Up-to-date: /home/vol/willgit/GxxArm_ws/install/base_interfaces/share/base_interfaces/environment/ament_prefix_path.sh
[0.282s] -- Up-to-date: /home/vol/willgit/GxxArm_ws/install/base_interfaces/share/base_interfaces/environment/ament_prefix_path.dsv
[0.282s] -- Up-to-date: /home/vol/willgit/GxxArm_ws/install/base_interfaces/share/base_interfaces/environment/path.sh
[0.282s] -- Up-to-date: /home/vol/willgit/GxxArm_ws/install/base_interfaces/share/base_interfaces/environment/path.dsv
[0.282s] -- Up-to-date: /home/vol/willgit/GxxArm_ws/install/base_interfaces/share/base_interfaces/local_setup.bash
[0.282s] -- Up-to-date: /home/vol/willgit/GxxArm_ws/install/base_interfaces/share/base_interfaces/local_setup.sh
[0.282s] -- Up-to-date: /home/vol/willgit/GxxArm_ws/install/base_interfaces/share/base_interfaces/local_setup.zsh
[0.282s] -- Up-to-date: /home/vol/willgit/GxxArm_ws/install/base_interfaces/share/base_interfaces/local_setup.dsv
[0.282s] -- Installing: /home/vol/willgit/GxxArm_ws/install/base_interfaces/share/base_interfaces/package.dsv
[0.282s] -- Up-to-date: /home/vol/willgit/GxxArm_ws/install/base_interfaces/share/ament_index/resource_index/packages/base_interfaces
[0.282s] -- Up-to-date: /home/vol/willgit/GxxArm_ws/install/base_interfaces/share/base_interfaces/cmake/export_base_interfaces__rosidl_generator_cExport.cmake
[0.282s] -- Up-to-date: /home/vol/willgit/GxxArm_ws/install/base_interfaces/share/base_interfaces/cmake/export_base_interfaces__rosidl_generator_cExport-noconfig.cmake
[0.282s] -- Up-to-date: /home/vol/willgit/GxxArm_ws/install/base_interfaces/share/base_interfaces/cmake/export_base_interfaces__rosidl_typesupport_fastrtps_cExport.cmake
[0.282s] -- Up-to-date: /home/vol/willgit/GxxArm_ws/install/base_interfaces/share/base_interfaces/cmake/export_base_interfaces__rosidl_typesupport_fastrtps_cExport-noconfig.cmake
[0.282s] -- Up-to-date: /home/vol/willgit/GxxArm_ws/install/base_interfaces/share/base_interfaces/cmake/base_interfaces__rosidl_typesupport_introspection_cExport.cmake
[0.282s] -- Up-to-date: /home/vol/willgit/GxxArm_ws/install/base_interfaces/share/base_interfaces/cmake/base_interfaces__rosidl_typesupport_introspection_cExport-noconfig.cmake
[0.282s] -- Up-to-date: /home/vol/willgit/GxxArm_ws/install/base_interfaces/share/base_interfaces/cmake/base_interfaces__rosidl_typesupport_cExport.cmake
[0.282s] -- Up-to-date: /home/vol/willgit/GxxArm_ws/install/base_interfaces/share/base_interfaces/cmake/base_interfaces__rosidl_typesupport_cExport-noconfig.cmake
[0.283s] -- Up-to-date: /home/vol/willgit/GxxArm_ws/install/base_interfaces/share/base_interfaces/cmake/export_base_interfaces__rosidl_generator_cppExport.cmake
[0.283s] -- Up-to-date: /home/vol/willgit/GxxArm_ws/install/base_interfaces/share/base_interfaces/cmake/export_base_interfaces__rosidl_typesupport_fastrtps_cppExport.cmake
[0.283s] -- Up-to-date: /home/vol/willgit/GxxArm_ws/install/base_interfaces/share/base_interfaces/cmake/export_base_interfaces__rosidl_typesupport_fastrtps_cppExport-noconfig.cmake
[0.283s] -- Up-to-date: /home/vol/willgit/GxxArm_ws/install/base_interfaces/share/base_interfaces/cmake/base_interfaces__rosidl_typesupport_introspection_cppExport.cmake
[0.283s] -- Up-to-date: /home/vol/willgit/GxxArm_ws/install/base_interfaces/share/base_interfaces/cmake/base_interfaces__rosidl_typesupport_introspection_cppExport-noconfig.cmake
[0.283s] -- Up-to-date: /home/vol/willgit/GxxArm_ws/install/base_interfaces/share/base_interfaces/cmake/base_interfaces__rosidl_typesupport_cppExport.cmake
[0.283s] -- Up-to-date: /home/vol/willgit/GxxArm_ws/install/base_interfaces/share/base_interfaces/cmake/base_interfaces__rosidl_typesupport_cppExport-noconfig.cmake
[0.283s] -- Up-to-date: /home/vol/willgit/GxxArm_ws/install/base_interfaces/share/base_interfaces/cmake/export_base_interfaces__rosidl_generator_pyExport.cmake
[0.283s] -- Up-to-date: /home/vol/willgit/GxxArm_ws/install/base_interfaces/share/base_interfaces/cmake/export_base_interfaces__rosidl_generator_pyExport-noconfig.cmake
[0.283s] -- Up-to-date: /home/vol/willgit/GxxArm_ws/install/base_interfaces/share/base_interfaces/cmake/rosidl_cmake-extras.cmake
[0.283s] -- Up-to-date: /home/vol/willgit/GxxArm_ws/install/base_interfaces/share/base_interfaces/cmake/ament_cmake_export_dependencies-extras.cmake
[0.283s] -- Up-to-date: /home/vol/willgit/GxxArm_ws/install/base_interfaces/share/base_interfaces/cmake/ament_cmake_export_include_directories-extras.cmake
[0.283s] -- Up-to-date: /home/vol/willgit/GxxArm_ws/install/base_interfaces/share/base_interfaces/cmake/ament_cmake_export_libraries-extras.cmake
[0.283s] -- Up-to-date: /home/vol/willgit/GxxArm_ws/install/base_interfaces/share/base_interfaces/cmake/ament_cmake_export_targets-extras.cmake
[0.283s] -- Up-to-date: /home/vol/willgit/GxxArm_ws/install/base_interfaces/share/base_interfaces/cmake/rosidl_cmake_export_typesupport_targets-extras.cmake
[0.283s] -- Up-to-date: /home/vol/willgit/GxxArm_ws/install/base_interfaces/share/base_interfaces/cmake/rosidl_cmake_export_typesupport_libraries-extras.cmake
[0.283s] -- Up-to-date: /home/vol/willgit/GxxArm_ws/install/base_interfaces/share/base_interfaces/cmake/base_interfacesConfig.cmake
[0.283s] -- Up-to-date: /home/vol/willgit/GxxArm_ws/install/base_interfaces/share/base_interfaces/cmake/base_interfacesConfig-version.cmake
[0.283s] -- Up-to-date: /home/vol/willgit/GxxArm_ws/install/base_interfaces/share/base_interfaces/package.xml
[0.285s] Invoked command in '/home/vol/willgit/GxxArm_ws/build/base_interfaces' returned '0': CMAKE_PREFIX_PATH=${CMAKE_PREFIX_PATH}:/opt/ros/humble /usr/bin/cmake --install /home/vol/willgit/GxxArm_ws/build/base_interfaces
