[0.029s] Invoking command in '/home/vol/willgit/GxxArm_ws/build/serial_com_rclcpp': AMENT_PREFIX_PATH=/home/vol/willgit/GxxArm_ws/install/base_interfaces:${AMENT_PREFIX_PATH} CMAKE_PREFIX_PATH=/home/vol/willgit/GxxArm_ws/install/base_interfaces:/opt/ros/humble LD_LIBRARY_PATH=/home/vol/willgit/GxxArm_ws/install/base_interfaces/lib:${LD_LIBRARY_PATH} PYTHONPATH=/home/vol/willgit/GxxArm_ws/install/base_interfaces/local/lib/python3.10/dist-packages:${PYTHONPATH} /usr/bin/cmake --build /home/vol/willgit/GxxArm_ws/build/serial_com_rclcpp -- -j20 -l20
[0.049s] [35m[1mConsolidate compiler generated dependencies of target Serial_ReadPub[0m
[0.049s] [35m[1mConsolidate compiler generated dependencies of target Serial_WriteSub[0m
[0.058s] [ 50%] [32mBuilding CXX object CMakeFiles/Serial_WriteSub.dir/src/Serial_WriteSub.cpp.o[0m
[0.058s] [ 50%] [32mBuilding CXX object CMakeFiles/Serial_ReadPub.dir/src/Serial_ReadPub.cpp.o[0m
[1.239s] [01m[K/home/vol/willgit/GxxArm_ws/src/serial_com_rclcpp/src/Serial_ReadPub.cpp:[m[K In member function ‘[01m[Kvoid InterfacesArm::timer_callback()[m[K’:
[1.240s] [01m[K/home/vol/willgit/GxxArm_ws/src/serial_com_rclcpp/src/Serial_ReadPub.cpp:47:13:[m[K [01;31m[Kerror: [m[K‘[01m[Kusing RobotPose = struct base_interfaces::msg::RobotPose_<std::allocator<void> >[m[K’ {aka ‘[01m[Kstruct base_interfaces::msg::RobotPose_<std::allocator<void> >[m[K’} has no member named ‘[01m[Karm_angle1[m[K’; did you mean ‘[01m[Kreal_arm_angle1[m[K’?
[1.240s]    47 |     message.[01;31m[Karm_angle1[m[K = RecDate.Arm_Angle1;
[1.240s]       |             [01;31m[K^~~~~~~~~~[m[K
[1.240s]       |             [32m[Kreal_arm_angle1[m[K
[1.240s] [01m[K/home/vol/willgit/GxxArm_ws/src/serial_com_rclcpp/src/Serial_ReadPub.cpp:48:13:[m[K [01;31m[Kerror: [m[K‘[01m[Kusing RobotPose = struct base_interfaces::msg::RobotPose_<std::allocator<void> >[m[K’ {aka ‘[01m[Kstruct base_interfaces::msg::RobotPose_<std::allocator<void> >[m[K’} has no member named ‘[01m[Karm_angle2[m[K’; did you mean ‘[01m[Kreal_arm_angle2[m[K’?
[1.240s]    48 |     message.[01;31m[Karm_angle2[m[K = RecDate.Arm_Angle2;
[1.240s]       |             [01;31m[K^~~~~~~~~~[m[K
[1.240s]       |             [32m[Kreal_arm_angle2[m[K
[1.240s] [01m[K/home/vol/willgit/GxxArm_ws/src/serial_com_rclcpp/src/Serial_ReadPub.cpp:49:13:[m[K [01;31m[Kerror: [m[K‘[01m[Kusing RobotPose = struct base_interfaces::msg::RobotPose_<std::allocator<void> >[m[K’ {aka ‘[01m[Kstruct base_interfaces::msg::RobotPose_<std::allocator<void> >[m[K’} has no member named ‘[01m[Karm_angle3[m[K’; did you mean ‘[01m[Kreal_arm_angle3[m[K’?
[1.240s]    49 |     message.[01;31m[Karm_angle3[m[K = RecDate.Arm_Angle3;
[1.240s]       |             [01;31m[K^~~~~~~~~~[m[K
[1.240s]       |             [32m[Kreal_arm_angle3[m[K
[1.240s] [01m[K/home/vol/willgit/GxxArm_ws/src/serial_com_rclcpp/src/Serial_ReadPub.cpp:50:13:[m[K [01;31m[Kerror: [m[K‘[01m[Kusing RobotPose = struct base_interfaces::msg::RobotPose_<std::allocator<void> >[m[K’ {aka ‘[01m[Kstruct base_interfaces::msg::RobotPose_<std::allocator<void> >[m[K’} has no member named ‘[01m[Karm_angle4[m[K’; did you mean ‘[01m[Kreal_arm_angle4[m[K’?
[1.240s]    50 |     message.[01;31m[Karm_angle4[m[K = RecDate.Arm_Angle4;
[1.240s]       |             [01;31m[K^~~~~~~~~~[m[K
[1.240s]       |             [32m[Kreal_arm_angle4[m[K
[1.240s] [01m[K/home/vol/willgit/GxxArm_ws/src/serial_com_rclcpp/src/Serial_ReadPub.cpp:51:13:[m[K [01;31m[Kerror: [m[K‘[01m[Kusing RobotPose = struct base_interfaces::msg::RobotPose_<std::allocator<void> >[m[K’ {aka ‘[01m[Kstruct base_interfaces::msg::RobotPose_<std::allocator<void> >[m[K’} has no member named ‘[01m[Karm_angle5[m[K’; did you mean ‘[01m[Kreal_arm_angle5[m[K’?
[1.241s]    51 |     message.[01;31m[Karm_angle5[m[K = RecDate.Arm_Angle5;
[1.241s]       |             [01;31m[K^~~~~~~~~~[m[K
[1.241s]       |             [32m[Kreal_arm_angle5[m[K
[1.241s] [01m[K/home/vol/willgit/GxxArm_ws/src/serial_com_rclcpp/src/Serial_ReadPub.cpp:52:13:[m[K [01;31m[Kerror: [m[K‘[01m[Kusing RobotPose = struct base_interfaces::msg::RobotPose_<std::allocator<void> >[m[K’ {aka ‘[01m[Kstruct base_interfaces::msg::RobotPose_<std::allocator<void> >[m[K’} has no member named ‘[01m[Karm_angle6[m[K’; did you mean ‘[01m[Kreal_arm_angle6[m[K’?
[1.241s]    52 |     message.[01;31m[Karm_angle6[m[K = RecDate.Arm_Angle6;
[1.241s]       |             [01;31m[K^~~~~~~~~~[m[K
[1.241s]       |             [32m[Kreal_arm_angle6[m[K
[1.241s] In file included from [01m[K/opt/ros/humble/include/rclcpp/rclcpp/logging.hpp:24[m[K,
[1.241s]                  from [01m[K/opt/ros/humble/include/rclcpp/rclcpp/client.hpp:40[m[K,
[1.241s]                  from [01m[K/opt/ros/humble/include/rclcpp/rclcpp/callback_group.hpp:24[m[K,
[1.241s]                  from [01m[K/opt/ros/humble/include/rclcpp/rclcpp/any_executable.hpp:20[m[K,
[1.241s]                  from [01m[K/opt/ros/humble/include/rclcpp/rclcpp/memory_strategy.hpp:25[m[K,
[1.241s]                  from [01m[K/opt/ros/humble/include/rclcpp/rclcpp/memory_strategies.hpp:18[m[K,
[1.241s]                  from [01m[K/opt/ros/humble/include/rclcpp/rclcpp/executor_options.hpp:20[m[K,
[1.241s]                  from [01m[K/opt/ros/humble/include/rclcpp/rclcpp/executor.hpp:37[m[K,
[1.242s]                  from [01m[K/opt/ros/humble/include/rclcpp/rclcpp/executors/multi_threaded_executor.hpp:25[m[K,
[1.242s]                  from [01m[K/opt/ros/humble/include/rclcpp/rclcpp/executors.hpp:21[m[K,
[1.242s]                  from [01m[K/opt/ros/humble/include/rclcpp/rclcpp/rclcpp.hpp:155[m[K,
[1.242s]                  from [01m[K/home/vol/willgit/GxxArm_ws/src/serial_com_rclcpp/src/Serial_ReadPub.cpp:12[m[K:
[1.242s] [01m[K/home/vol/willgit/GxxArm_ws/src/serial_com_rclcpp/src/Serial_ReadPub.cpp:54:25:[m[K [01;31m[Kerror: [m[K‘[01m[Kusing RobotPose = struct base_interfaces::msg::RobotPose_<std::allocator<void> >[m[K’ {aka ‘[01m[Kstruct base_interfaces::msg::RobotPose_<std::allocator<void> >[m[K’} has no member named ‘[01m[Karm_angle1[m[K’; did you mean ‘[01m[Kreal_arm_angle1[m[K’?
[1.242s]    54 |                 message.[01;31m[Karm_angle1[m[K, message.arm_angle2, message.arm_angle3,
[1.242s]       |                         [01;31m[K^~~~~~~~~~[m[K
[1.242s] [01m[K/home/vol/willgit/GxxArm_ws/src/serial_com_rclcpp/src/Serial_ReadPub.cpp:54:45:[m[K [01;31m[Kerror: [m[K‘[01m[Kusing RobotPose = struct base_interfaces::msg::RobotPose_<std::allocator<void> >[m[K’ {aka ‘[01m[Kstruct base_interfaces::msg::RobotPose_<std::allocator<void> >[m[K’} has no member named ‘[01m[Karm_angle2[m[K’; did you mean ‘[01m[Kreal_arm_angle2[m[K’?
[1.242s]    54 |                 message.arm_angle1, message.[01;31m[Karm_angle2[m[K, message.arm_angle3,
[1.242s]       |                                             [01;31m[K^~~~~~~~~~[m[K
[1.242s] [01m[K/home/vol/willgit/GxxArm_ws/src/serial_com_rclcpp/src/Serial_ReadPub.cpp:54:65:[m[K [01;31m[Kerror: [m[K‘[01m[Kusing RobotPose = struct base_interfaces::msg::RobotPose_<std::allocator<void> >[m[K’ {aka ‘[01m[Kstruct base_interfaces::msg::RobotPose_<std::allocator<void> >[m[K’} has no member named ‘[01m[Karm_angle3[m[K’; did you mean ‘[01m[Kreal_arm_angle3[m[K’?
[1.242s]    54 |             message.arm_angle1, message.arm_angle2, message.[01;31m[Karm_angle3[m[K,
[1.242s]       |                                                             [01;31m[K^~~~~~~~~~[m[K
[1.242s] 
[1.242s] [01m[K/home/vol/willgit/GxxArm_ws/src/serial_com_rclcpp/src/Serial_ReadPub.cpp:55:25:[m[K [01;31m[Kerror: [m[K‘[01m[Kusing RobotPose = struct base_interfaces::msg::RobotPose_<std::allocator<void> >[m[K’ {aka ‘[01m[Kstruct base_interfaces::msg::RobotPose_<std::allocator<void> >[m[K’} has no member named ‘[01m[Karm_angle4[m[K’; did you mean ‘[01m[Kreal_arm_angle4[m[K’?
[1.242s]    55 |                 message.[01;31m[Karm_angle4[m[K, message.arm_angle5, message.arm_angle6);
[1.242s]       |                         [01;31m[K^~~~~~~~~~[m[K
[1.242s] [01m[K/home/vol/willgit/GxxArm_ws/src/serial_com_rclcpp/src/Serial_ReadPub.cpp:55:45:[m[K [01;31m[Kerror: [m[K‘[01m[Kusing RobotPose = struct base_interfaces::msg::RobotPose_<std::allocator<void> >[m[K’ {aka ‘[01m[Kstruct base_interfaces::msg::RobotPose_<std::allocator<void> >[m[K’} has no member named ‘[01m[Karm_angle5[m[K’; did you mean ‘[01m[Kreal_arm_angle5[m[K’?
[1.243s]    55 |                 message.arm_angle4, message.[01;31m[Karm_angle5[m[K, message.arm_angle6);
[1.243s]       |                                             [01;31m[K^~~~~~~~~~[m[K
[1.243s] [01m[K/home/vol/willgit/GxxArm_ws/src/serial_com_rclcpp/src/Serial_ReadPub.cpp:55:65:[m[K [01;31m[Kerror: [m[K‘[01m[Kusing RobotPose = struct base_interfaces::msg::RobotPose_<std::allocator<void> >[m[K’ {aka ‘[01m[Kstruct base_interfaces::msg::RobotPose_<std::allocator<void> >[m[K’} has no member named ‘[01m[Karm_angle6[m[K’; did you mean ‘[01m[Kreal_arm_angle6[m[K’?
[1.243s]    55 |             message.arm_angle4, message.arm_angle5, message.[01;31m[Karm_angle6[m[K);
[1.243s]       |                                                             [01;31m[K^~~~~~~~~~[m[K
[1.243s] 
[1.253s] [01m[K/home/vol/willgit/GxxArm_ws/src/serial_com_rclcpp/src/Serial_WriteSub.cpp:[m[K In member function ‘[01m[Kvoid InterfacesControl::robot_status_callback_(base_interfaces::msg::RobotPose_<std::allocator<void> >::SharedPtr)[m[K’:
[1.253s] [01m[K/home/vol/willgit/GxxArm_ws/src/serial_com_rclcpp/src/Serial_WriteSub.cpp:42:35:[m[K [01;31m[Kerror: [m[K‘[01m[Kusing element_type = struct base_interfaces::msg::RobotPose_<std::allocator<void> >[m[K’ {aka ‘[01m[Kstruct base_interfaces::msg::RobotPose_<std::allocator<void> >[m[K’} has no member named ‘[01m[Karm_angle1[m[K’; did you mean ‘[01m[Kreal_arm_angle1[m[K’?
[1.253s]    42 |     port.Serial_Sen_Callback(msg->[01;31m[Karm_angle1[m[K,msg->arm_angle2,msg->arm_angle3);
[1.253s]       |                                   [01;31m[K^~~~~~~~~~[m[K
[1.253s]       |                                   [32m[Kreal_arm_angle1[m[K
[1.253s] [01m[K/home/vol/willgit/GxxArm_ws/src/serial_com_rclcpp/src/Serial_WriteSub.cpp:42:51:[m[K [01;31m[Kerror: [m[K‘[01m[Kusing element_type = struct base_interfaces::msg::RobotPose_<std::allocator<void> >[m[K’ {aka ‘[01m[Kstruct base_interfaces::msg::RobotPose_<std::allocator<void> >[m[K’} has no member named ‘[01m[Karm_angle2[m[K’; did you mean ‘[01m[Kreal_arm_angle2[m[K’?
[1.253s]    42 |     port.Serial_Sen_Callback(msg->arm_angle1,msg->[01;31m[Karm_angle2[m[K,msg->arm_angle3);
[1.254s]       |                                                   [01;31m[K^~~~~~~~~~[m[K
[1.254s]       |                                                   [32m[Kreal_arm_angle2[m[K
[1.254s] [01m[K/home/vol/willgit/GxxArm_ws/src/serial_com_rclcpp/src/Serial_WriteSub.cpp:42:67:[m[K [01;31m[Kerror: [m[K‘[01m[Kusing element_type = struct base_interfaces::msg::RobotPose_<std::allocator<void> >[m[K’ {aka ‘[01m[Kstruct base_interfaces::msg::RobotPose_<std::allocator<void> >[m[K’} has no member named ‘[01m[Karm_angle3[m[K’; did you mean ‘[01m[Kreal_arm_angle3[m[K’?
[1.254s]    42 |     port.Serial_Sen_Callback(msg->arm_angle1,msg->arm_angle2,msg->[01;31m[Karm_angle3[m[K);
[1.254s]       |                                                                   [01;31m[K^~~~~~~~~~[m[K
[1.254s]       |                                                                   [32m[Kreal_arm_angle3[m[K
[1.669s] gmake[2]: *** [CMakeFiles/Serial_ReadPub.dir/build.make:76: CMakeFiles/Serial_ReadPub.dir/src/Serial_ReadPub.cpp.o] Error 1
[1.670s] gmake[1]: *** [CMakeFiles/Makefile2:139: CMakeFiles/Serial_ReadPub.dir/all] Error 2
[1.670s] gmake[1]: *** Waiting for unfinished jobs....
[2.474s] gmake[2]: *** [CMakeFiles/Serial_WriteSub.dir/build.make:76: CMakeFiles/Serial_WriteSub.dir/src/Serial_WriteSub.cpp.o] Error 1
[2.474s] gmake[1]: *** [CMakeFiles/Makefile2:165: CMakeFiles/Serial_WriteSub.dir/all] Error 2
[2.474s] gmake: *** [Makefile:146: all] Error 2
[2.476s] Invoked command in '/home/vol/willgit/GxxArm_ws/build/serial_com_rclcpp' returned '2': AMENT_PREFIX_PATH=/home/vol/willgit/GxxArm_ws/install/base_interfaces:${AMENT_PREFIX_PATH} CMAKE_PREFIX_PATH=/home/vol/willgit/GxxArm_ws/install/base_interfaces:/opt/ros/humble LD_LIBRARY_PATH=/home/vol/willgit/GxxArm_ws/install/base_interfaces/lib:${LD_LIBRARY_PATH} PYTHONPATH=/home/vol/willgit/GxxArm_ws/install/base_interfaces/local/lib/python3.10/dist-packages:${PYTHONPATH} /usr/bin/cmake --build /home/vol/willgit/GxxArm_ws/build/serial_com_rclcpp -- -j20 -l20
