[0.058s] Invoking command in '/home/vol/willgit/GxxArm_ws/build/Kinesiology_arm_rclcpp': CMAKE_PREFIX_PATH=/home/vol/willgit/GxxArm_ws/install/base_interfaces:/home/vol/willgit/GxxArm_ws/install/serial_com_rclcpp:/home/vol/willgit/GxxArm_ws/install/Kinesiology_arm_rclcpp:/opt/ros/humble CONDA_PROMPT_MODIFIER=(base) /usr/bin/cmake --build /home/vol/willgit/GxxArm_ws/build/Kinesiology_arm_rclcpp -- -j20 -l20
[0.073s] -- Found ament_cmake: 1.3.8 (/opt/ros/humble/share/ament_cmake/cmake)
[0.143s] -- Found rclcpp: 16.0.8 (/opt/ros/humble/share/rclcpp/cmake)
[0.159s] -- Found rosidl_generator_c: 3.1.5 (/opt/ros/humble/share/rosidl_generator_c/cmake)
[0.161s] -- Found rosidl_adapter: 3.1.5 (/opt/ros/humble/share/rosidl_adapter/cmake)
[0.164s] -- Found rosidl_generator_cpp: 3.1.5 (/opt/ros/humble/share/rosidl_generator_cpp/cmake)
[0.170s] -- Using all available rosidl_typesupport_c: rosidl_typesupport_fastrtps_c;rosidl_typesupport_introspection_c
[0.178s] -- Using all available rosidl_typesupport_cpp: rosidl_typesupport_fastrtps_cpp;rosidl_typesupport_introspection_cpp
[0.208s] -- Found rmw_implementation_cmake: 6.1.1 (/opt/ros/humble/share/rmw_implementation_cmake/cmake)
[0.209s] -- Found rmw_fastrtps_cpp: 6.2.6 (/opt/ros/humble/share/rmw_fastrtps_cpp/cmake)
[0.273s] -- Using RMW implementation 'rmw_fastrtps_cpp' as default
[0.357s] -- Found base_interfaces: 0.0.0 (/home/vol/willgit/GxxArm_ws/install/base_interfaces/share/base_interfaces/cmake)
[0.419s] -- Found ament_lint_auto: 0.12.10 (/opt/ros/humble/share/ament_lint_auto/cmake)
[0.449s] WARNING: Package name "Kinesiology_arm_rclcpp" does not follow the naming conventions. It should start with a lower case letter and only contain lower case letters, digits, underscores, and dashes.
[0.459s] -- Added test 'cppcheck' to perform static code analysis on C / C++ code
[0.459s] -- Configured cppcheck include dirs: $<BUILD_INTERFACE:/home/vol/willgit/GxxArm_ws/src/kinesiology_arm_rclcpp/include>
[0.459s] -- Configured cppcheck exclude dirs and/or files: 
[0.460s] -- Added test 'flake8' to check Python code syntax and style conventions
[0.460s] -- Added test 'lint_cmake' to check CMake code style
[0.461s] -- Added test 'pep257' to check Python code against some of the docstring style conventions in PEP 257
[0.463s] -- Added test 'uncrustify' to check C / C++ code style
[0.463s] -- Configured uncrustify additional arguments: 
[0.463s] -- Added test 'xmllint' to check XML markup files
[0.464s] -- Configuring done
[0.471s] -- Generating done
[0.472s] -- Build files have been written to: /home/vol/willgit/GxxArm_ws/build/Kinesiology_arm_rclcpp
[0.492s] [ 50%] [32mBuilding CXX object CMakeFiles/arm_FK_server.dir/src/arm_FK_server.cpp.o[0m
[0.492s] [ 50%] [32mBuilding CXX object CMakeFiles/arm_FK_client.dir/src/arm_FK_client.cpp.o[0m
[3.480s] [ 75%] [32m[1mLinking CXX executable arm_FK_server[0m
[3.580s] [ 75%] Built target arm_FK_server
[4.327s] [100%] [32m[1mLinking CXX executable arm_FK_client[0m
[4.463s] [100%] Built target arm_FK_client
[4.469s] Invoked command in '/home/vol/willgit/GxxArm_ws/build/Kinesiology_arm_rclcpp' returned '0': CMAKE_PREFIX_PATH=/home/vol/willgit/GxxArm_ws/install/base_interfaces:/home/vol/willgit/GxxArm_ws/install/serial_com_rclcpp:/home/vol/willgit/GxxArm_ws/install/Kinesiology_arm_rclcpp:/opt/ros/humble CONDA_PROMPT_MODIFIER=(base) /usr/bin/cmake --build /home/vol/willgit/GxxArm_ws/build/Kinesiology_arm_rclcpp -- -j20 -l20
[4.482s] Invoking command in '/home/vol/willgit/GxxArm_ws/build/Kinesiology_arm_rclcpp': CMAKE_PREFIX_PATH=/home/vol/willgit/GxxArm_ws/install/base_interfaces:/home/vol/willgit/GxxArm_ws/install/serial_com_rclcpp:/home/vol/willgit/GxxArm_ws/install/Kinesiology_arm_rclcpp:/opt/ros/humble CONDA_PROMPT_MODIFIER=(base) /usr/bin/cmake --install /home/vol/willgit/GxxArm_ws/build/Kinesiology_arm_rclcpp
[4.486s] -- Install configuration: ""
[4.486s] -- Installing: /home/vol/willgit/GxxArm_ws/install/Kinesiology_arm_rclcpp/lib/Kinesiology_arm_rclcpp/arm_FK_server
[4.487s] -- Set runtime path of "/home/vol/willgit/GxxArm_ws/install/Kinesiology_arm_rclcpp/lib/Kinesiology_arm_rclcpp/arm_FK_server" to ""
[4.487s] -- Installing: /home/vol/willgit/GxxArm_ws/install/Kinesiology_arm_rclcpp/lib/Kinesiology_arm_rclcpp/arm_FK_client
[4.488s] -- Set runtime path of "/home/vol/willgit/GxxArm_ws/install/Kinesiology_arm_rclcpp/lib/Kinesiology_arm_rclcpp/arm_FK_client" to ""
[4.488s] -- Up-to-date: /home/vol/willgit/GxxArm_ws/install/Kinesiology_arm_rclcpp/share/Kinesiology_arm_rclcpp/launch
[4.488s] -- Installing: /home/vol/willgit/GxxArm_ws/install/Kinesiology_arm_rclcpp/share/Kinesiology_arm_rclcpp/launch/IK.launch.py
[4.488s] -- Up-to-date: /home/vol/willgit/GxxArm_ws/install/Kinesiology_arm_rclcpp/share/ament_index/resource_index/package_run_dependencies/Kinesiology_arm_rclcpp
[4.488s] -- Up-to-date: /home/vol/willgit/GxxArm_ws/install/Kinesiology_arm_rclcpp/share/ament_index/resource_index/parent_prefix_path/Kinesiology_arm_rclcpp
[4.488s] -- Up-to-date: /home/vol/willgit/GxxArm_ws/install/Kinesiology_arm_rclcpp/share/Kinesiology_arm_rclcpp/environment/ament_prefix_path.sh
[4.488s] -- Installing: /home/vol/willgit/GxxArm_ws/install/Kinesiology_arm_rclcpp/share/Kinesiology_arm_rclcpp/environment/ament_prefix_path.dsv
[4.488s] -- Up-to-date: /home/vol/willgit/GxxArm_ws/install/Kinesiology_arm_rclcpp/share/Kinesiology_arm_rclcpp/environment/path.sh
[4.488s] -- Installing: /home/vol/willgit/GxxArm_ws/install/Kinesiology_arm_rclcpp/share/Kinesiology_arm_rclcpp/environment/path.dsv
[4.488s] -- Up-to-date: /home/vol/willgit/GxxArm_ws/install/Kinesiology_arm_rclcpp/share/Kinesiology_arm_rclcpp/local_setup.bash
[4.489s] -- Up-to-date: /home/vol/willgit/GxxArm_ws/install/Kinesiology_arm_rclcpp/share/Kinesiology_arm_rclcpp/local_setup.sh
[4.489s] -- Up-to-date: /home/vol/willgit/GxxArm_ws/install/Kinesiology_arm_rclcpp/share/Kinesiology_arm_rclcpp/local_setup.zsh
[4.489s] -- Installing: /home/vol/willgit/GxxArm_ws/install/Kinesiology_arm_rclcpp/share/Kinesiology_arm_rclcpp/local_setup.dsv
[4.489s] -- Installing: /home/vol/willgit/GxxArm_ws/install/Kinesiology_arm_rclcpp/share/Kinesiology_arm_rclcpp/package.dsv
[4.489s] -- Up-to-date: /home/vol/willgit/GxxArm_ws/install/Kinesiology_arm_rclcpp/share/ament_index/resource_index/packages/Kinesiology_arm_rclcpp
[4.489s] -- Up-to-date: /home/vol/willgit/GxxArm_ws/install/Kinesiology_arm_rclcpp/share/Kinesiology_arm_rclcpp/cmake/Kinesiology_arm_rclcppConfig.cmake
[4.489s] -- Up-to-date: /home/vol/willgit/GxxArm_ws/install/Kinesiology_arm_rclcpp/share/Kinesiology_arm_rclcpp/cmake/Kinesiology_arm_rclcppConfig-version.cmake
[4.489s] -- Up-to-date: /home/vol/willgit/GxxArm_ws/install/Kinesiology_arm_rclcpp/share/Kinesiology_arm_rclcpp/package.xml
[4.490s] Invoked command in '/home/vol/willgit/GxxArm_ws/build/Kinesiology_arm_rclcpp' returned '0': CMAKE_PREFIX_PATH=/home/vol/willgit/GxxArm_ws/install/base_interfaces:/home/vol/willgit/GxxArm_ws/install/serial_com_rclcpp:/home/vol/willgit/GxxArm_ws/install/Kinesiology_arm_rclcpp:/opt/ros/humble CONDA_PROMPT_MODIFIER=(base) /usr/bin/cmake --install /home/vol/willgit/GxxArm_ws/build/Kinesiology_arm_rclcpp
