[0.404s] DEBUG:colcon:Command line arguments: ['/usr/bin/colcon', 'build']
[0.404s] DEBUG:colcon:Parsed command line arguments: Namespace(log_base=None, log_level=None, verb_name='build', build_base='build', install_base='install', merge_install=False, symlink_install=False, test_result_base=None, continue_on_error=False, executor='parallel', parallel_workers=20, event_handlers=None, ignore_user_meta=False, metas=['./colcon.meta'], base_paths=['.'], packages_ignore=None, packages_ignore_regex=None, paths=None, packages_up_to=None, packages_up_to_regex=None, packages_above=None, packages_above_and_dependencies=None, packages_above_depth=None, packages_select_by_dep=None, packages_skip_by_dep=None, packages_skip_up_to=None, packages_select_build_failed=False, packages_skip_build_finished=False, packages_select_test_failures=False, packages_skip_test_passed=False, packages_select=None, packages_skip=None, packages_select_regex=None, packages_skip_regex=None, packages_start=None, packages_end=None, allow_overriding=[], cmake_args=None, cmake_target=None, cmake_target_skip_unavailable=False, cmake_clean_cache=False, cmake_clean_first=False, cmake_force_configure=False, ament_cmake_args=None, catkin_cmake_args=None, catkin_skip_building_tests=False, verb_parser=<colcon_defaults.argument_parser.defaults.DefaultArgumentsDecorator object at 0x7f3638038f40>, verb_extension=<colcon_core.verb.build.BuildVerb object at 0x7f363801f9a0>, main=<bound method BuildVerb.main of <colcon_core.verb.build.BuildVerb object at 0x7f363801f9a0>>)
[0.424s] Level 1:colcon.colcon_core.package_discovery:discover_packages(colcon_meta) check parameters
[0.424s] Level 1:colcon.colcon_core.package_discovery:discover_packages(recursive) check parameters
[0.424s] Level 1:colcon.colcon_core.package_discovery:discover_packages(ignore) check parameters
[0.424s] Level 1:colcon.colcon_core.package_discovery:discover_packages(path) check parameters
[0.424s] Level 1:colcon.colcon_core.package_discovery:discover_packages(colcon_meta) discover
[0.424s] Level 1:colcon.colcon_core.package_discovery:discover_packages(recursive) discover
[0.424s] INFO:colcon.colcon_core.package_discovery:Crawling recursively for packages in '/home/vol/willgit/GxxArm_ws'
[0.424s] Level 1:colcon.colcon_core.package_identification:_identify(.) by extensions ['ignore', 'ignore_ament_install']
[0.424s] Level 1:colcon.colcon_core.package_identification:_identify(.) by extension 'ignore'
[0.424s] Level 1:colcon.colcon_core.package_identification:_identify(.) by extension 'ignore_ament_install'
[0.424s] Level 1:colcon.colcon_core.package_identification:_identify(.) by extensions ['colcon_pkg']
[0.424s] Level 1:colcon.colcon_core.package_identification:_identify(.) by extension 'colcon_pkg'
[0.424s] Level 1:colcon.colcon_core.package_identification:_identify(.) by extensions ['colcon_meta']
[0.424s] Level 1:colcon.colcon_core.package_identification:_identify(.) by extension 'colcon_meta'
[0.425s] Level 1:colcon.colcon_core.package_identification:_identify(.) by extensions ['ros']
[0.425s] Level 1:colcon.colcon_core.package_identification:_identify(.) by extension 'ros'
[0.431s] Level 1:colcon.colcon_core.package_identification:_identify(.) by extensions ['cmake', 'python']
[0.431s] Level 1:colcon.colcon_core.package_identification:_identify(.) by extension 'cmake'
[0.431s] Level 1:colcon.colcon_core.package_identification:_identify(.) by extension 'python'
[0.431s] Level 1:colcon.colcon_core.package_identification:_identify(.) by extensions ['python_setup_py']
[0.431s] Level 1:colcon.colcon_core.package_identification:_identify(.) by extension 'python_setup_py'
[0.431s] Level 1:colcon.colcon_core.package_identification:_identify(build) by extensions ['ignore', 'ignore_ament_install']
[0.431s] Level 1:colcon.colcon_core.package_identification:_identify(build) by extension 'ignore'
[0.431s] Level 1:colcon.colcon_core.package_identification:_identify(build) ignored
[0.431s] Level 1:colcon.colcon_core.package_identification:_identify(install) by extensions ['ignore', 'ignore_ament_install']
[0.431s] Level 1:colcon.colcon_core.package_identification:_identify(install) by extension 'ignore'
[0.431s] Level 1:colcon.colcon_core.package_identification:_identify(install) ignored
[0.431s] Level 1:colcon.colcon_core.package_identification:_identify(log) by extensions ['ignore', 'ignore_ament_install']
[0.431s] Level 1:colcon.colcon_core.package_identification:_identify(log) by extension 'ignore'
[0.431s] Level 1:colcon.colcon_core.package_identification:_identify(log) ignored
[0.431s] Level 1:colcon.colcon_core.package_identification:_identify(src) by extensions ['ignore', 'ignore_ament_install']
[0.431s] Level 1:colcon.colcon_core.package_identification:_identify(src) by extension 'ignore'
[0.431s] Level 1:colcon.colcon_core.package_identification:_identify(src) by extension 'ignore_ament_install'
[0.431s] Level 1:colcon.colcon_core.package_identification:_identify(src) by extensions ['colcon_pkg']
[0.431s] Level 1:colcon.colcon_core.package_identification:_identify(src) by extension 'colcon_pkg'
[0.431s] Level 1:colcon.colcon_core.package_identification:_identify(src) by extensions ['colcon_meta']
[0.431s] Level 1:colcon.colcon_core.package_identification:_identify(src) by extension 'colcon_meta'
[0.431s] Level 1:colcon.colcon_core.package_identification:_identify(src) by extensions ['ros']
[0.431s] Level 1:colcon.colcon_core.package_identification:_identify(src) by extension 'ros'
[0.431s] Level 1:colcon.colcon_core.package_identification:_identify(src) by extensions ['cmake', 'python']
[0.431s] Level 1:colcon.colcon_core.package_identification:_identify(src) by extension 'cmake'
[0.431s] Level 1:colcon.colcon_core.package_identification:_identify(src) by extension 'python'
[0.431s] Level 1:colcon.colcon_core.package_identification:_identify(src) by extensions ['python_setup_py']
[0.431s] Level 1:colcon.colcon_core.package_identification:_identify(src) by extension 'python_setup_py'
[0.432s] Level 1:colcon.colcon_core.package_identification:_identify(src/base_interfaces) by extensions ['ignore', 'ignore_ament_install']
[0.432s] Level 1:colcon.colcon_core.package_identification:_identify(src/base_interfaces) by extension 'ignore'
[0.432s] Level 1:colcon.colcon_core.package_identification:_identify(src/base_interfaces) by extension 'ignore_ament_install'
[0.432s] Level 1:colcon.colcon_core.package_identification:_identify(src/base_interfaces) by extensions ['colcon_pkg']
[0.432s] Level 1:colcon.colcon_core.package_identification:_identify(src/base_interfaces) by extension 'colcon_pkg'
[0.432s] Level 1:colcon.colcon_core.package_identification:_identify(src/base_interfaces) by extensions ['colcon_meta']
[0.432s] Level 1:colcon.colcon_core.package_identification:_identify(src/base_interfaces) by extension 'colcon_meta'
[0.432s] Level 1:colcon.colcon_core.package_identification:_identify(src/base_interfaces) by extensions ['ros']
[0.432s] Level 1:colcon.colcon_core.package_identification:_identify(src/base_interfaces) by extension 'ros'
[0.433s] DEBUG:colcon.colcon_core.package_identification:Package 'src/base_interfaces' with type 'ros.ament_cmake' and name 'base_interfaces'
[0.433s] Level 1:colcon.colcon_core.package_identification:_identify(src/kinesiology_arm_rclcpp) by extensions ['ignore', 'ignore_ament_install']
[0.433s] Level 1:colcon.colcon_core.package_identification:_identify(src/kinesiology_arm_rclcpp) by extension 'ignore'
[0.433s] Level 1:colcon.colcon_core.package_identification:_identify(src/kinesiology_arm_rclcpp) by extension 'ignore_ament_install'
[0.433s] Level 1:colcon.colcon_core.package_identification:_identify(src/kinesiology_arm_rclcpp) by extensions ['colcon_pkg']
[0.433s] Level 1:colcon.colcon_core.package_identification:_identify(src/kinesiology_arm_rclcpp) by extension 'colcon_pkg'
[0.433s] Level 1:colcon.colcon_core.package_identification:_identify(src/kinesiology_arm_rclcpp) by extensions ['colcon_meta']
[0.433s] Level 1:colcon.colcon_core.package_identification:_identify(src/kinesiology_arm_rclcpp) by extension 'colcon_meta'
[0.433s] Level 1:colcon.colcon_core.package_identification:_identify(src/kinesiology_arm_rclcpp) by extensions ['ros']
[0.433s] Level 1:colcon.colcon_core.package_identification:_identify(src/kinesiology_arm_rclcpp) by extension 'ros'
[0.434s] DEBUG:colcon.colcon_core.package_identification:Package 'src/kinesiology_arm_rclcpp' with type 'ros.ament_cmake' and name 'Kinesiology_arm_rclcpp'
[0.434s] Level 1:colcon.colcon_core.package_identification:_identify(src/serial_com_rclcpp) by extensions ['ignore', 'ignore_ament_install']
[0.434s] Level 1:colcon.colcon_core.package_identification:_identify(src/serial_com_rclcpp) by extension 'ignore'
[0.434s] Level 1:colcon.colcon_core.package_identification:_identify(src/serial_com_rclcpp) by extension 'ignore_ament_install'
[0.434s] Level 1:colcon.colcon_core.package_identification:_identify(src/serial_com_rclcpp) by extensions ['colcon_pkg']
[0.434s] Level 1:colcon.colcon_core.package_identification:_identify(src/serial_com_rclcpp) by extension 'colcon_pkg'
[0.434s] Level 1:colcon.colcon_core.package_identification:_identify(src/serial_com_rclcpp) by extensions ['colcon_meta']
[0.434s] Level 1:colcon.colcon_core.package_identification:_identify(src/serial_com_rclcpp) by extension 'colcon_meta'
[0.434s] Level 1:colcon.colcon_core.package_identification:_identify(src/serial_com_rclcpp) by extensions ['ros']
[0.434s] Level 1:colcon.colcon_core.package_identification:_identify(src/serial_com_rclcpp) by extension 'ros'
[0.434s] DEBUG:colcon.colcon_core.package_identification:Package 'src/serial_com_rclcpp' with type 'ros.ament_cmake' and name 'serial_com_rclcpp'
[0.434s] Level 1:colcon.colcon_core.package_discovery:discover_packages(recursive) using defaults
[0.434s] Level 1:colcon.colcon_core.package_discovery:discover_packages(ignore) discover
[0.434s] Level 1:colcon.colcon_core.package_discovery:discover_packages(ignore) using defaults
[0.434s] Level 1:colcon.colcon_core.package_discovery:discover_packages(path) discover
[0.434s] Level 1:colcon.colcon_core.package_discovery:discover_packages(path) using defaults
[0.472s] Level 1:colcon.colcon_core.package_discovery:discover_packages(prefix_path) check parameters
[0.472s] Level 1:colcon.colcon_core.package_discovery:discover_packages(prefix_path) discover
[0.484s] DEBUG:colcon.colcon_installed_package_information.package_discovery:Found 3 installed packages in /home/vol/willgit/GxxArm_ws/install
[0.489s] DEBUG:colcon.colcon_installed_package_information.package_discovery:Found 270 installed packages in /opt/ros/humble
[0.490s] Level 1:colcon.colcon_core.package_discovery:discover_packages(prefix_path) using defaults
[0.531s] Level 5:colcon.colcon_core.verb:set package 'base_interfaces' build argument 'cmake_args' from command line to 'None'
[0.531s] Level 5:colcon.colcon_core.verb:set package 'base_interfaces' build argument 'cmake_target' from command line to 'None'
[0.531s] Level 5:colcon.colcon_core.verb:set package 'base_interfaces' build argument 'cmake_target_skip_unavailable' from command line to 'False'
[0.531s] Level 5:colcon.colcon_core.verb:set package 'base_interfaces' build argument 'cmake_clean_cache' from command line to 'False'
[0.531s] Level 5:colcon.colcon_core.verb:set package 'base_interfaces' build argument 'cmake_clean_first' from command line to 'False'
[0.531s] Level 5:colcon.colcon_core.verb:set package 'base_interfaces' build argument 'cmake_force_configure' from command line to 'False'
[0.531s] Level 5:colcon.colcon_core.verb:set package 'base_interfaces' build argument 'ament_cmake_args' from command line to 'None'
[0.531s] Level 5:colcon.colcon_core.verb:set package 'base_interfaces' build argument 'catkin_cmake_args' from command line to 'None'
[0.531s] Level 5:colcon.colcon_core.verb:set package 'base_interfaces' build argument 'catkin_skip_building_tests' from command line to 'False'
[0.531s] DEBUG:colcon.colcon_core.verb:Building package 'base_interfaces' with the following arguments: {'ament_cmake_args': None, 'build_base': '/home/vol/willgit/GxxArm_ws/build/base_interfaces', 'catkin_cmake_args': None, 'catkin_skip_building_tests': False, 'cmake_args': None, 'cmake_clean_cache': False, 'cmake_clean_first': False, 'cmake_force_configure': False, 'cmake_target': None, 'cmake_target_skip_unavailable': False, 'install_base': '/home/vol/willgit/GxxArm_ws/install/base_interfaces', 'merge_install': False, 'path': '/home/vol/willgit/GxxArm_ws/src/base_interfaces', 'symlink_install': False, 'test_result_base': None}
[0.537s] Level 5:colcon.colcon_core.verb:set package 'Kinesiology_arm_rclcpp' build argument 'cmake_args' from command line to 'None'
[0.537s] Level 5:colcon.colcon_core.verb:set package 'Kinesiology_arm_rclcpp' build argument 'cmake_target' from command line to 'None'
[0.537s] Level 5:colcon.colcon_core.verb:set package 'Kinesiology_arm_rclcpp' build argument 'cmake_target_skip_unavailable' from command line to 'False'
[0.537s] Level 5:colcon.colcon_core.verb:set package 'Kinesiology_arm_rclcpp' build argument 'cmake_clean_cache' from command line to 'False'
[0.537s] Level 5:colcon.colcon_core.verb:set package 'Kinesiology_arm_rclcpp' build argument 'cmake_clean_first' from command line to 'False'
[0.537s] Level 5:colcon.colcon_core.verb:set package 'Kinesiology_arm_rclcpp' build argument 'cmake_force_configure' from command line to 'False'
[0.537s] Level 5:colcon.colcon_core.verb:set package 'Kinesiology_arm_rclcpp' build argument 'ament_cmake_args' from command line to 'None'
[0.537s] Level 5:colcon.colcon_core.verb:set package 'Kinesiology_arm_rclcpp' build argument 'catkin_cmake_args' from command line to 'None'
[0.537s] Level 5:colcon.colcon_core.verb:set package 'Kinesiology_arm_rclcpp' build argument 'catkin_skip_building_tests' from command line to 'False'
[0.537s] DEBUG:colcon.colcon_core.verb:Building package 'Kinesiology_arm_rclcpp' with the following arguments: {'ament_cmake_args': None, 'build_base': '/home/vol/willgit/GxxArm_ws/build/Kinesiology_arm_rclcpp', 'catkin_cmake_args': None, 'catkin_skip_building_tests': False, 'cmake_args': None, 'cmake_clean_cache': False, 'cmake_clean_first': False, 'cmake_force_configure': False, 'cmake_target': None, 'cmake_target_skip_unavailable': False, 'install_base': '/home/vol/willgit/GxxArm_ws/install/Kinesiology_arm_rclcpp', 'merge_install': False, 'path': '/home/vol/willgit/GxxArm_ws/src/kinesiology_arm_rclcpp', 'symlink_install': False, 'test_result_base': None}
[0.542s] Level 5:colcon.colcon_core.verb:set package 'serial_com_rclcpp' build argument 'cmake_args' from command line to 'None'
[0.542s] Level 5:colcon.colcon_core.verb:set package 'serial_com_rclcpp' build argument 'cmake_target' from command line to 'None'
[0.542s] Level 5:colcon.colcon_core.verb:set package 'serial_com_rclcpp' build argument 'cmake_target_skip_unavailable' from command line to 'False'
[0.542s] Level 5:colcon.colcon_core.verb:set package 'serial_com_rclcpp' build argument 'cmake_clean_cache' from command line to 'False'
[0.542s] Level 5:colcon.colcon_core.verb:set package 'serial_com_rclcpp' build argument 'cmake_clean_first' from command line to 'False'
[0.542s] Level 5:colcon.colcon_core.verb:set package 'serial_com_rclcpp' build argument 'cmake_force_configure' from command line to 'False'
[0.542s] Level 5:colcon.colcon_core.verb:set package 'serial_com_rclcpp' build argument 'ament_cmake_args' from command line to 'None'
[0.542s] Level 5:colcon.colcon_core.verb:set package 'serial_com_rclcpp' build argument 'catkin_cmake_args' from command line to 'None'
[0.542s] Level 5:colcon.colcon_core.verb:set package 'serial_com_rclcpp' build argument 'catkin_skip_building_tests' from command line to 'False'
[0.542s] DEBUG:colcon.colcon_core.verb:Building package 'serial_com_rclcpp' with the following arguments: {'ament_cmake_args': None, 'build_base': '/home/vol/willgit/GxxArm_ws/build/serial_com_rclcpp', 'catkin_cmake_args': None, 'catkin_skip_building_tests': False, 'cmake_args': None, 'cmake_clean_cache': False, 'cmake_clean_first': False, 'cmake_force_configure': False, 'cmake_target': None, 'cmake_target_skip_unavailable': False, 'install_base': '/home/vol/willgit/GxxArm_ws/install/serial_com_rclcpp', 'merge_install': False, 'path': '/home/vol/willgit/GxxArm_ws/src/serial_com_rclcpp', 'symlink_install': False, 'test_result_base': None}
[0.548s] INFO:colcon.colcon_core.executor:Executing jobs using 'parallel' executor
[0.554s] DEBUG:colcon.colcon_parallel_executor.executor.parallel:run_until_complete
[0.554s] INFO:colcon.colcon_ros.task.ament_cmake.build:Building ROS package in '/home/vol/willgit/GxxArm_ws/src/base_interfaces' with build type 'ament_cmake'
[0.554s] INFO:colcon.colcon_cmake.task.cmake.build:Building CMake package in '/home/vol/willgit/GxxArm_ws/src/base_interfaces'
[0.561s] INFO:colcon.colcon_core.plugin_system:Skipping extension 'colcon_core.shell.bat': Not used on non-Windows systems
[0.561s] INFO:colcon.colcon_core.shell:Skip shell extension 'powershell' for command environment: Not usable outside of PowerShell
[0.561s] DEBUG:colcon.colcon_core.shell:Skip shell extension 'dsv' for command environment
[0.583s] DEBUG:colcon.colcon_core.event_handler.log_command:Invoking command in '/home/vol/willgit/GxxArm_ws/build/base_interfaces': CMAKE_PREFIX_PATH=${CMAKE_PREFIX_PATH}:/opt/ros/humble CONDA_PROMPT_MODIFIER=(base) /usr/bin/cmake --build /home/vol/willgit/GxxArm_ws/build/base_interfaces -- -j20 -l20
[1.503s] DEBUG:colcon.colcon_core.event_handler.log_command:Invoked command in '/home/vol/willgit/GxxArm_ws/build/base_interfaces' returned '0': CMAKE_PREFIX_PATH=${CMAKE_PREFIX_PATH}:/opt/ros/humble CONDA_PROMPT_MODIFIER=(base) /usr/bin/cmake --build /home/vol/willgit/GxxArm_ws/build/base_interfaces -- -j20 -l20
[1.553s] DEBUG:colcon.colcon_core.event_handler.log_command:Invoking command in '/home/vol/willgit/GxxArm_ws/build/base_interfaces': CMAKE_PREFIX_PATH=${CMAKE_PREFIX_PATH}:/opt/ros/humble CONDA_PROMPT_MODIFIER=(base) /usr/bin/cmake --install /home/vol/willgit/GxxArm_ws/build/base_interfaces
[1.585s] Level 1:colcon.colcon_core.environment:create_environment_scripts_only(base_interfaces)
[1.585s] DEBUG:colcon.colcon_core.event_handler.log_command:Invoked command in '/home/vol/willgit/GxxArm_ws/build/base_interfaces' returned '0': CMAKE_PREFIX_PATH=${CMAKE_PREFIX_PATH}:/opt/ros/humble CONDA_PROMPT_MODIFIER=(base) /usr/bin/cmake --install /home/vol/willgit/GxxArm_ws/build/base_interfaces
[1.592s] Level 1:colcon.colcon_core.environment:checking '/home/vol/willgit/GxxArm_ws/install/base_interfaces' for CMake module files
[1.592s] Level 1:colcon.colcon_core.environment:checking '/home/vol/willgit/GxxArm_ws/install/base_interfaces' for CMake config files
[1.593s] Level 1:colcon.colcon_core.shell:create_environment_hook('base_interfaces', 'cmake_prefix_path')
[1.598s] INFO:colcon.colcon_core.shell:Creating environment hook '/home/vol/willgit/GxxArm_ws/install/base_interfaces/share/base_interfaces/hook/cmake_prefix_path.ps1'
[1.599s] INFO:colcon.colcon_core.shell:Creating environment descriptor '/home/vol/willgit/GxxArm_ws/install/base_interfaces/share/base_interfaces/hook/cmake_prefix_path.dsv'
[1.599s] INFO:colcon.colcon_core.shell:Creating environment hook '/home/vol/willgit/GxxArm_ws/install/base_interfaces/share/base_interfaces/hook/cmake_prefix_path.sh'
[1.599s] Level 1:colcon.colcon_core.environment:checking '/home/vol/willgit/GxxArm_ws/install/base_interfaces/lib'
[1.599s] Level 1:colcon.colcon_core.shell:create_environment_hook('base_interfaces', 'ld_library_path_lib')
[1.605s] INFO:colcon.colcon_core.shell:Creating environment hook '/home/vol/willgit/GxxArm_ws/install/base_interfaces/share/base_interfaces/hook/ld_library_path_lib.ps1'
[1.605s] INFO:colcon.colcon_core.shell:Creating environment descriptor '/home/vol/willgit/GxxArm_ws/install/base_interfaces/share/base_interfaces/hook/ld_library_path_lib.dsv'
[1.606s] INFO:colcon.colcon_core.shell:Creating environment hook '/home/vol/willgit/GxxArm_ws/install/base_interfaces/share/base_interfaces/hook/ld_library_path_lib.sh'
[1.606s] Level 1:colcon.colcon_core.environment:checking '/home/vol/willgit/GxxArm_ws/install/base_interfaces/bin'
[1.606s] Level 1:colcon.colcon_core.environment:checking '/home/vol/willgit/GxxArm_ws/install/base_interfaces/lib/pkgconfig/base_interfaces.pc'
[1.606s] Level 1:colcon.colcon_core.environment:checking '/home/vol/willgit/GxxArm_ws/install/base_interfaces/lib/python3.10/site-packages'
[1.606s] Level 1:colcon.colcon_core.environment:checking '/home/vol/willgit/GxxArm_ws/install/base_interfaces/bin'
[1.612s] INFO:colcon.colcon_core.shell:Creating package script '/home/vol/willgit/GxxArm_ws/install/base_interfaces/share/base_interfaces/package.ps1'
[1.612s] INFO:colcon.colcon_core.shell:Creating package descriptor '/home/vol/willgit/GxxArm_ws/install/base_interfaces/share/base_interfaces/package.dsv'
[1.613s] INFO:colcon.colcon_core.shell:Creating package script '/home/vol/willgit/GxxArm_ws/install/base_interfaces/share/base_interfaces/package.sh'
[1.613s] INFO:colcon.colcon_core.shell:Creating package script '/home/vol/willgit/GxxArm_ws/install/base_interfaces/share/base_interfaces/package.bash'
[1.613s] INFO:colcon.colcon_core.shell:Creating package script '/home/vol/willgit/GxxArm_ws/install/base_interfaces/share/base_interfaces/package.zsh'
[1.613s] Level 1:colcon.colcon_core.environment:create_file_with_runtime_dependencies(/home/vol/willgit/GxxArm_ws/install/base_interfaces/share/colcon-core/packages/base_interfaces)
[1.667s] Level 1:colcon.colcon_core.environment:create_environment_scripts_only(base_interfaces)
[1.673s] Level 1:colcon.colcon_core.environment:checking '/home/vol/willgit/GxxArm_ws/install/base_interfaces' for CMake module files
[1.673s] Level 1:colcon.colcon_core.environment:checking '/home/vol/willgit/GxxArm_ws/install/base_interfaces' for CMake config files
[1.673s] Level 1:colcon.colcon_core.shell:create_environment_hook('base_interfaces', 'cmake_prefix_path')
[1.679s] INFO:colcon.colcon_core.shell:Creating environment hook '/home/vol/willgit/GxxArm_ws/install/base_interfaces/share/base_interfaces/hook/cmake_prefix_path.ps1'
[1.679s] INFO:colcon.colcon_core.shell:Creating environment descriptor '/home/vol/willgit/GxxArm_ws/install/base_interfaces/share/base_interfaces/hook/cmake_prefix_path.dsv'
[1.680s] INFO:colcon.colcon_core.shell:Creating environment hook '/home/vol/willgit/GxxArm_ws/install/base_interfaces/share/base_interfaces/hook/cmake_prefix_path.sh'
[1.680s] Level 1:colcon.colcon_core.environment:checking '/home/vol/willgit/GxxArm_ws/install/base_interfaces/lib'
[1.680s] Level 1:colcon.colcon_core.shell:create_environment_hook('base_interfaces', 'ld_library_path_lib')
[1.686s] INFO:colcon.colcon_core.shell:Creating environment hook '/home/vol/willgit/GxxArm_ws/install/base_interfaces/share/base_interfaces/hook/ld_library_path_lib.ps1'
[1.686s] INFO:colcon.colcon_core.shell:Creating environment descriptor '/home/vol/willgit/GxxArm_ws/install/base_interfaces/share/base_interfaces/hook/ld_library_path_lib.dsv'
[1.687s] INFO:colcon.colcon_core.shell:Creating environment hook '/home/vol/willgit/GxxArm_ws/install/base_interfaces/share/base_interfaces/hook/ld_library_path_lib.sh'
[1.687s] Level 1:colcon.colcon_core.environment:checking '/home/vol/willgit/GxxArm_ws/install/base_interfaces/bin'
[1.687s] Level 1:colcon.colcon_core.environment:checking '/home/vol/willgit/GxxArm_ws/install/base_interfaces/lib/pkgconfig/base_interfaces.pc'
[1.687s] Level 1:colcon.colcon_core.environment:checking '/home/vol/willgit/GxxArm_ws/install/base_interfaces/lib/python3.10/site-packages'
[1.687s] Level 1:colcon.colcon_core.environment:checking '/home/vol/willgit/GxxArm_ws/install/base_interfaces/bin'
[1.693s] INFO:colcon.colcon_core.shell:Creating package script '/home/vol/willgit/GxxArm_ws/install/base_interfaces/share/base_interfaces/package.ps1'
[1.693s] INFO:colcon.colcon_core.shell:Creating package descriptor '/home/vol/willgit/GxxArm_ws/install/base_interfaces/share/base_interfaces/package.dsv'
[1.694s] INFO:colcon.colcon_core.shell:Creating package script '/home/vol/willgit/GxxArm_ws/install/base_interfaces/share/base_interfaces/package.sh'
[1.694s] INFO:colcon.colcon_core.shell:Creating package script '/home/vol/willgit/GxxArm_ws/install/base_interfaces/share/base_interfaces/package.bash'
[1.694s] INFO:colcon.colcon_core.shell:Creating package script '/home/vol/willgit/GxxArm_ws/install/base_interfaces/share/base_interfaces/package.zsh'
[1.694s] Level 1:colcon.colcon_core.environment:create_file_with_runtime_dependencies(/home/vol/willgit/GxxArm_ws/install/base_interfaces/share/colcon-core/packages/base_interfaces)
[1.694s] INFO:colcon.colcon_ros.task.ament_cmake.build:Building ROS package in '/home/vol/willgit/GxxArm_ws/src/kinesiology_arm_rclcpp' with build type 'ament_cmake'
[1.695s] INFO:colcon.colcon_cmake.task.cmake.build:Building CMake package in '/home/vol/willgit/GxxArm_ws/src/kinesiology_arm_rclcpp'
[1.701s] INFO:colcon.colcon_core.shell:Skip shell extension 'powershell' for command environment: Not usable outside of PowerShell
[1.701s] DEBUG:colcon.colcon_core.shell:Skip shell extension 'dsv' for command environment
[1.730s] INFO:colcon.colcon_ros.task.ament_cmake.build:Building ROS package in '/home/vol/willgit/GxxArm_ws/src/serial_com_rclcpp' with build type 'ament_cmake'
[1.730s] INFO:colcon.colcon_cmake.task.cmake.build:Building CMake package in '/home/vol/willgit/GxxArm_ws/src/serial_com_rclcpp'
[1.736s] INFO:colcon.colcon_core.shell:Skip shell extension 'powershell' for command environment: Not usable outside of PowerShell
[1.737s] DEBUG:colcon.colcon_core.shell:Skip shell extension 'dsv' for command environment
[1.759s] DEBUG:colcon.colcon_core.event_handler.log_command:Invoking command in '/home/vol/willgit/GxxArm_ws/build/Kinesiology_arm_rclcpp': CMAKE_PREFIX_PATH=/home/vol/willgit/GxxArm_ws/install/base_interfaces:/home/vol/willgit/GxxArm_ws/install/serial_com_rclcpp:/home/vol/willgit/GxxArm_ws/install/Kinesiology_arm_rclcpp:/opt/ros/humble CONDA_PROMPT_MODIFIER=(base) /usr/bin/cmake --build /home/vol/willgit/GxxArm_ws/build/Kinesiology_arm_rclcpp -- -j20 -l20
[1.760s] DEBUG:colcon.colcon_core.event_handler.log_command:Invoking command in '/home/vol/willgit/GxxArm_ws/build/serial_com_rclcpp': CMAKE_PREFIX_PATH=/home/vol/willgit/GxxArm_ws/install/base_interfaces:/home/vol/willgit/GxxArm_ws/install/serial_com_rclcpp:/home/vol/willgit/GxxArm_ws/install/Kinesiology_arm_rclcpp:/opt/ros/humble CONDA_PROMPT_MODIFIER=(base) /usr/bin/cmake --build /home/vol/willgit/GxxArm_ws/build/serial_com_rclcpp -- -j20 -l20
[1.799s] DEBUG:colcon.colcon_core.event_handler.log_command:Invoked command in '/home/vol/willgit/GxxArm_ws/build/Kinesiology_arm_rclcpp' returned '0': CMAKE_PREFIX_PATH=/home/vol/willgit/GxxArm_ws/install/base_interfaces:/home/vol/willgit/GxxArm_ws/install/serial_com_rclcpp:/home/vol/willgit/GxxArm_ws/install/Kinesiology_arm_rclcpp:/opt/ros/humble CONDA_PROMPT_MODIFIER=(base) /usr/bin/cmake --build /home/vol/willgit/GxxArm_ws/build/Kinesiology_arm_rclcpp -- -j20 -l20
[1.800s] DEBUG:colcon.colcon_core.event_handler.log_command:Invoked command in '/home/vol/willgit/GxxArm_ws/build/serial_com_rclcpp' returned '0': CMAKE_PREFIX_PATH=/home/vol/willgit/GxxArm_ws/install/base_interfaces:/home/vol/willgit/GxxArm_ws/install/serial_com_rclcpp:/home/vol/willgit/GxxArm_ws/install/Kinesiology_arm_rclcpp:/opt/ros/humble CONDA_PROMPT_MODIFIER=(base) /usr/bin/cmake --build /home/vol/willgit/GxxArm_ws/build/serial_com_rclcpp -- -j20 -l20
[1.814s] DEBUG:colcon.colcon_core.event_handler.log_command:Invoking command in '/home/vol/willgit/GxxArm_ws/build/Kinesiology_arm_rclcpp': CMAKE_PREFIX_PATH=/home/vol/willgit/GxxArm_ws/install/base_interfaces:/home/vol/willgit/GxxArm_ws/install/serial_com_rclcpp:/home/vol/willgit/GxxArm_ws/install/Kinesiology_arm_rclcpp:/opt/ros/humble CONDA_PROMPT_MODIFIER=(base) /usr/bin/cmake --install /home/vol/willgit/GxxArm_ws/build/Kinesiology_arm_rclcpp
[1.815s] DEBUG:colcon.colcon_core.event_handler.log_command:Invoking command in '/home/vol/willgit/GxxArm_ws/build/serial_com_rclcpp': CMAKE_PREFIX_PATH=/home/vol/willgit/GxxArm_ws/install/base_interfaces:/home/vol/willgit/GxxArm_ws/install/serial_com_rclcpp:/home/vol/willgit/GxxArm_ws/install/Kinesiology_arm_rclcpp:/opt/ros/humble CONDA_PROMPT_MODIFIER=(base) /usr/bin/cmake --install /home/vol/willgit/GxxArm_ws/build/serial_com_rclcpp
[1.820s] Level 1:colcon.colcon_core.environment:create_environment_scripts_only(Kinesiology_arm_rclcpp)
[1.820s] DEBUG:colcon.colcon_core.event_handler.log_command:Invoked command in '/home/vol/willgit/GxxArm_ws/build/Kinesiology_arm_rclcpp' returned '0': CMAKE_PREFIX_PATH=/home/vol/willgit/GxxArm_ws/install/base_interfaces:/home/vol/willgit/GxxArm_ws/install/serial_com_rclcpp:/home/vol/willgit/GxxArm_ws/install/Kinesiology_arm_rclcpp:/opt/ros/humble CONDA_PROMPT_MODIFIER=(base) /usr/bin/cmake --install /home/vol/willgit/GxxArm_ws/build/Kinesiology_arm_rclcpp
[1.827s] Level 1:colcon.colcon_core.environment:checking '/home/vol/willgit/GxxArm_ws/install/Kinesiology_arm_rclcpp' for CMake module files
[1.827s] Level 1:colcon.colcon_core.environment:checking '/home/vol/willgit/GxxArm_ws/install/Kinesiology_arm_rclcpp' for CMake config files
[1.827s] Level 1:colcon.colcon_core.shell:create_environment_hook('Kinesiology_arm_rclcpp', 'cmake_prefix_path')
[1.833s] INFO:colcon.colcon_core.shell:Creating environment hook '/home/vol/willgit/GxxArm_ws/install/Kinesiology_arm_rclcpp/share/Kinesiology_arm_rclcpp/hook/cmake_prefix_path.ps1'
[1.833s] INFO:colcon.colcon_core.shell:Creating environment descriptor '/home/vol/willgit/GxxArm_ws/install/Kinesiology_arm_rclcpp/share/Kinesiology_arm_rclcpp/hook/cmake_prefix_path.dsv'
[1.833s] INFO:colcon.colcon_core.shell:Creating environment hook '/home/vol/willgit/GxxArm_ws/install/Kinesiology_arm_rclcpp/share/Kinesiology_arm_rclcpp/hook/cmake_prefix_path.sh'
[1.834s] Level 1:colcon.colcon_core.environment:checking '/home/vol/willgit/GxxArm_ws/install/Kinesiology_arm_rclcpp/lib'
[1.834s] Level 1:colcon.colcon_core.environment:checking '/home/vol/willgit/GxxArm_ws/install/Kinesiology_arm_rclcpp/bin'
[1.834s] Level 1:colcon.colcon_core.environment:checking '/home/vol/willgit/GxxArm_ws/install/Kinesiology_arm_rclcpp/lib/pkgconfig/Kinesiology_arm_rclcpp.pc'
[1.834s] Level 1:colcon.colcon_core.environment:checking '/home/vol/willgit/GxxArm_ws/install/Kinesiology_arm_rclcpp/lib/python3.10/site-packages'
[1.834s] Level 1:colcon.colcon_core.environment:checking '/home/vol/willgit/GxxArm_ws/install/Kinesiology_arm_rclcpp/bin'
[1.840s] INFO:colcon.colcon_core.shell:Creating package script '/home/vol/willgit/GxxArm_ws/install/Kinesiology_arm_rclcpp/share/Kinesiology_arm_rclcpp/package.ps1'
[1.840s] INFO:colcon.colcon_core.shell:Creating package descriptor '/home/vol/willgit/GxxArm_ws/install/Kinesiology_arm_rclcpp/share/Kinesiology_arm_rclcpp/package.dsv'
[1.840s] INFO:colcon.colcon_core.shell:Creating package script '/home/vol/willgit/GxxArm_ws/install/Kinesiology_arm_rclcpp/share/Kinesiology_arm_rclcpp/package.sh'
[1.840s] INFO:colcon.colcon_core.shell:Creating package script '/home/vol/willgit/GxxArm_ws/install/Kinesiology_arm_rclcpp/share/Kinesiology_arm_rclcpp/package.bash'
[1.840s] INFO:colcon.colcon_core.shell:Creating package script '/home/vol/willgit/GxxArm_ws/install/Kinesiology_arm_rclcpp/share/Kinesiology_arm_rclcpp/package.zsh'
[1.840s] Level 1:colcon.colcon_core.environment:create_file_with_runtime_dependencies(/home/vol/willgit/GxxArm_ws/install/Kinesiology_arm_rclcpp/share/colcon-core/packages/Kinesiology_arm_rclcpp)
[1.841s] Level 1:colcon.colcon_core.environment:create_environment_scripts_only(serial_com_rclcpp)
[1.842s] DEBUG:colcon.colcon_core.event_handler.log_command:Invoked command in '/home/vol/willgit/GxxArm_ws/build/serial_com_rclcpp' returned '0': CMAKE_PREFIX_PATH=/home/vol/willgit/GxxArm_ws/install/base_interfaces:/home/vol/willgit/GxxArm_ws/install/serial_com_rclcpp:/home/vol/willgit/GxxArm_ws/install/Kinesiology_arm_rclcpp:/opt/ros/humble CONDA_PROMPT_MODIFIER=(base) /usr/bin/cmake --install /home/vol/willgit/GxxArm_ws/build/serial_com_rclcpp
[1.848s] Level 1:colcon.colcon_core.environment:checking '/home/vol/willgit/GxxArm_ws/install/serial_com_rclcpp' for CMake module files
[1.848s] Level 1:colcon.colcon_core.environment:checking '/home/vol/willgit/GxxArm_ws/install/serial_com_rclcpp' for CMake config files
[1.848s] Level 1:colcon.colcon_core.shell:create_environment_hook('serial_com_rclcpp', 'cmake_prefix_path')
[1.854s] INFO:colcon.colcon_core.shell:Creating environment hook '/home/vol/willgit/GxxArm_ws/install/serial_com_rclcpp/share/serial_com_rclcpp/hook/cmake_prefix_path.ps1'
[1.854s] INFO:colcon.colcon_core.shell:Creating environment descriptor '/home/vol/willgit/GxxArm_ws/install/serial_com_rclcpp/share/serial_com_rclcpp/hook/cmake_prefix_path.dsv'
[1.854s] INFO:colcon.colcon_core.shell:Creating environment hook '/home/vol/willgit/GxxArm_ws/install/serial_com_rclcpp/share/serial_com_rclcpp/hook/cmake_prefix_path.sh'
[1.855s] Level 1:colcon.colcon_core.environment:checking '/home/vol/willgit/GxxArm_ws/install/serial_com_rclcpp/lib'
[1.855s] Level 1:colcon.colcon_core.environment:checking '/home/vol/willgit/GxxArm_ws/install/serial_com_rclcpp/bin'
[1.855s] Level 1:colcon.colcon_core.environment:checking '/home/vol/willgit/GxxArm_ws/install/serial_com_rclcpp/lib/pkgconfig/serial_com_rclcpp.pc'
[1.855s] Level 1:colcon.colcon_core.environment:checking '/home/vol/willgit/GxxArm_ws/install/serial_com_rclcpp/lib/python3.10/site-packages'
[1.855s] Level 1:colcon.colcon_core.environment:checking '/home/vol/willgit/GxxArm_ws/install/serial_com_rclcpp/bin'
[1.861s] INFO:colcon.colcon_core.shell:Creating package script '/home/vol/willgit/GxxArm_ws/install/serial_com_rclcpp/share/serial_com_rclcpp/package.ps1'
[1.861s] INFO:colcon.colcon_core.shell:Creating package descriptor '/home/vol/willgit/GxxArm_ws/install/serial_com_rclcpp/share/serial_com_rclcpp/package.dsv'
[1.861s] INFO:colcon.colcon_core.shell:Creating package script '/home/vol/willgit/GxxArm_ws/install/serial_com_rclcpp/share/serial_com_rclcpp/package.sh'
[1.861s] INFO:colcon.colcon_core.shell:Creating package script '/home/vol/willgit/GxxArm_ws/install/serial_com_rclcpp/share/serial_com_rclcpp/package.bash'
[1.861s] INFO:colcon.colcon_core.shell:Creating package script '/home/vol/willgit/GxxArm_ws/install/serial_com_rclcpp/share/serial_com_rclcpp/package.zsh'
[1.861s] Level 1:colcon.colcon_core.environment:create_file_with_runtime_dependencies(/home/vol/willgit/GxxArm_ws/install/serial_com_rclcpp/share/colcon-core/packages/serial_com_rclcpp)
[1.868s] Level 1:colcon.colcon_core.environment:create_environment_scripts_only(Kinesiology_arm_rclcpp)
[1.874s] Level 1:colcon.colcon_core.environment:checking '/home/vol/willgit/GxxArm_ws/install/Kinesiology_arm_rclcpp' for CMake module files
[1.874s] Level 1:colcon.colcon_core.environment:checking '/home/vol/willgit/GxxArm_ws/install/Kinesiology_arm_rclcpp' for CMake config files
[1.874s] Level 1:colcon.colcon_core.shell:create_environment_hook('Kinesiology_arm_rclcpp', 'cmake_prefix_path')
[1.880s] INFO:colcon.colcon_core.shell:Creating environment hook '/home/vol/willgit/GxxArm_ws/install/Kinesiology_arm_rclcpp/share/Kinesiology_arm_rclcpp/hook/cmake_prefix_path.ps1'
[1.880s] INFO:colcon.colcon_core.shell:Creating environment descriptor '/home/vol/willgit/GxxArm_ws/install/Kinesiology_arm_rclcpp/share/Kinesiology_arm_rclcpp/hook/cmake_prefix_path.dsv'
[1.880s] INFO:colcon.colcon_core.shell:Creating environment hook '/home/vol/willgit/GxxArm_ws/install/Kinesiology_arm_rclcpp/share/Kinesiology_arm_rclcpp/hook/cmake_prefix_path.sh'
[1.880s] Level 1:colcon.colcon_core.environment:checking '/home/vol/willgit/GxxArm_ws/install/Kinesiology_arm_rclcpp/lib'
[1.881s] Level 1:colcon.colcon_core.environment:checking '/home/vol/willgit/GxxArm_ws/install/Kinesiology_arm_rclcpp/bin'
[1.881s] Level 1:colcon.colcon_core.environment:checking '/home/vol/willgit/GxxArm_ws/install/Kinesiology_arm_rclcpp/lib/pkgconfig/Kinesiology_arm_rclcpp.pc'
[1.881s] Level 1:colcon.colcon_core.environment:checking '/home/vol/willgit/GxxArm_ws/install/Kinesiology_arm_rclcpp/lib/python3.10/site-packages'
[1.881s] Level 1:colcon.colcon_core.environment:checking '/home/vol/willgit/GxxArm_ws/install/Kinesiology_arm_rclcpp/bin'
[1.887s] INFO:colcon.colcon_core.shell:Creating package script '/home/vol/willgit/GxxArm_ws/install/Kinesiology_arm_rclcpp/share/Kinesiology_arm_rclcpp/package.ps1'
[1.887s] INFO:colcon.colcon_core.shell:Creating package descriptor '/home/vol/willgit/GxxArm_ws/install/Kinesiology_arm_rclcpp/share/Kinesiology_arm_rclcpp/package.dsv'
[1.887s] INFO:colcon.colcon_core.shell:Creating package script '/home/vol/willgit/GxxArm_ws/install/Kinesiology_arm_rclcpp/share/Kinesiology_arm_rclcpp/package.sh'
[1.887s] INFO:colcon.colcon_core.shell:Creating package script '/home/vol/willgit/GxxArm_ws/install/Kinesiology_arm_rclcpp/share/Kinesiology_arm_rclcpp/package.bash'
[1.887s] INFO:colcon.colcon_core.shell:Creating package script '/home/vol/willgit/GxxArm_ws/install/Kinesiology_arm_rclcpp/share/Kinesiology_arm_rclcpp/package.zsh'
[1.888s] Level 1:colcon.colcon_core.environment:create_file_with_runtime_dependencies(/home/vol/willgit/GxxArm_ws/install/Kinesiology_arm_rclcpp/share/colcon-core/packages/Kinesiology_arm_rclcpp)
[1.894s] Level 1:colcon.colcon_core.environment:create_environment_scripts_only(serial_com_rclcpp)
[1.900s] Level 1:colcon.colcon_core.environment:checking '/home/vol/willgit/GxxArm_ws/install/serial_com_rclcpp' for CMake module files
[1.900s] Level 1:colcon.colcon_core.environment:checking '/home/vol/willgit/GxxArm_ws/install/serial_com_rclcpp' for CMake config files
[1.900s] Level 1:colcon.colcon_core.shell:create_environment_hook('serial_com_rclcpp', 'cmake_prefix_path')
[1.906s] INFO:colcon.colcon_core.shell:Creating environment hook '/home/vol/willgit/GxxArm_ws/install/serial_com_rclcpp/share/serial_com_rclcpp/hook/cmake_prefix_path.ps1'
[1.906s] INFO:colcon.colcon_core.shell:Creating environment descriptor '/home/vol/willgit/GxxArm_ws/install/serial_com_rclcpp/share/serial_com_rclcpp/hook/cmake_prefix_path.dsv'
[1.906s] INFO:colcon.colcon_core.shell:Creating environment hook '/home/vol/willgit/GxxArm_ws/install/serial_com_rclcpp/share/serial_com_rclcpp/hook/cmake_prefix_path.sh'
[1.906s] Level 1:colcon.colcon_core.environment:checking '/home/vol/willgit/GxxArm_ws/install/serial_com_rclcpp/lib'
[1.906s] Level 1:colcon.colcon_core.environment:checking '/home/vol/willgit/GxxArm_ws/install/serial_com_rclcpp/bin'
[1.907s] Level 1:colcon.colcon_core.environment:checking '/home/vol/willgit/GxxArm_ws/install/serial_com_rclcpp/lib/pkgconfig/serial_com_rclcpp.pc'
[1.907s] Level 1:colcon.colcon_core.environment:checking '/home/vol/willgit/GxxArm_ws/install/serial_com_rclcpp/lib/python3.10/site-packages'
[1.907s] Level 1:colcon.colcon_core.environment:checking '/home/vol/willgit/GxxArm_ws/install/serial_com_rclcpp/bin'
[1.913s] INFO:colcon.colcon_core.shell:Creating package script '/home/vol/willgit/GxxArm_ws/install/serial_com_rclcpp/share/serial_com_rclcpp/package.ps1'
[1.913s] INFO:colcon.colcon_core.shell:Creating package descriptor '/home/vol/willgit/GxxArm_ws/install/serial_com_rclcpp/share/serial_com_rclcpp/package.dsv'
[1.913s] INFO:colcon.colcon_core.shell:Creating package script '/home/vol/willgit/GxxArm_ws/install/serial_com_rclcpp/share/serial_com_rclcpp/package.sh'
[1.914s] INFO:colcon.colcon_core.shell:Creating package script '/home/vol/willgit/GxxArm_ws/install/serial_com_rclcpp/share/serial_com_rclcpp/package.bash'
[1.914s] INFO:colcon.colcon_core.shell:Creating package script '/home/vol/willgit/GxxArm_ws/install/serial_com_rclcpp/share/serial_com_rclcpp/package.zsh'
[1.914s] Level 1:colcon.colcon_core.environment:create_file_with_runtime_dependencies(/home/vol/willgit/GxxArm_ws/install/serial_com_rclcpp/share/colcon-core/packages/serial_com_rclcpp)
[1.914s] DEBUG:colcon.colcon_parallel_executor.executor.parallel:closing loop
[1.914s] DEBUG:colcon.colcon_parallel_executor.executor.parallel:loop closed
[1.914s] DEBUG:colcon.colcon_parallel_executor.executor.parallel:run_until_complete finished with '0'
[1.914s] DEBUG:colcon.colcon_core.event_reactor:joining thread
[1.923s] INFO:colcon.colcon_core.plugin_system:Skipping extension 'colcon_notification.desktop_notification.terminal_notifier': Not used on non-Darwin systems
[1.923s] INFO:colcon.colcon_core.plugin_system:Skipping extension 'colcon_notification.desktop_notification.win32': Not used on non-Windows systems
[1.923s] INFO:colcon.colcon_notification.desktop_notification:Sending desktop notification using 'notify2'
[1.930s] DEBUG:colcon.colcon_core.event_reactor:joined thread
[1.936s] INFO:colcon.colcon_core.shell:Creating prefix script '/home/vol/willgit/GxxArm_ws/install/local_setup.ps1'
[1.937s] INFO:colcon.colcon_core.shell:Creating prefix util module '/home/vol/willgit/GxxArm_ws/install/_local_setup_util_ps1.py'
[1.937s] INFO:colcon.colcon_core.shell:Creating prefix chain script '/home/vol/willgit/GxxArm_ws/install/setup.ps1'
[1.944s] INFO:colcon.colcon_core.shell:Creating prefix script '/home/vol/willgit/GxxArm_ws/install/local_setup.sh'
[1.944s] INFO:colcon.colcon_core.shell:Creating prefix util module '/home/vol/willgit/GxxArm_ws/install/_local_setup_util_sh.py'
[1.944s] INFO:colcon.colcon_core.shell:Creating prefix chain script '/home/vol/willgit/GxxArm_ws/install/setup.sh'
[1.950s] INFO:colcon.colcon_core.shell:Creating prefix script '/home/vol/willgit/GxxArm_ws/install/local_setup.bash'
[1.950s] INFO:colcon.colcon_core.shell:Creating prefix chain script '/home/vol/willgit/GxxArm_ws/install/setup.bash'
[1.957s] INFO:colcon.colcon_core.shell:Creating prefix script '/home/vol/willgit/GxxArm_ws/install/local_setup.zsh'
[1.957s] INFO:colcon.colcon_core.shell:Creating prefix chain script '/home/vol/willgit/GxxArm_ws/install/setup.zsh'
