[0.029s] Invoking command in '/home/vol/willgit/GxxArm_ws/build/serial_com_rclcpp': CMAKE_PREFIX_PATH=/home/vol/willgit/GxxArm_ws/install/base_interfaces:/home/vol/willgit/GxxArm_ws/install/serial_com_rclcpp:/home/vol/willgit/GxxArm_ws/install/Kinesiology_arm_rclcpp:/opt/ros/humble CONDA_PROMPT_MODIFIER=(base) /usr/bin/cmake --build /home/vol/willgit/GxxArm_ws/build/serial_com_rclcpp -- -j20 -l20
[0.049s] [35m[1mConsolidate compiler generated dependencies of target Serial_ReadPub[0m
[0.050s] [35m[1mConsolidate compiler generated dependencies of target Serial_WriteSub[0m
[0.059s] [ 75%] Built target Serial_WriteSub
[0.059s] [ 75%] [32mBuilding CXX object CMakeFiles/Serial_ReadPub.dir/src/Serial_ReadPub.cpp.o[0m
[2.233s] [100%] [32m[1mLinking CXX executable Serial_ReadPub[0m
[2.336s] [100%] Built target Serial_ReadPub
[2.342s] Invoked command in '/home/vol/willgit/GxxArm_ws/build/serial_com_rclcpp' returned '0': CMAKE_PREFIX_PATH=/home/vol/willgit/GxxArm_ws/install/base_interfaces:/home/vol/willgit/GxxArm_ws/install/serial_com_rclcpp:/home/vol/willgit/GxxArm_ws/install/Kinesiology_arm_rclcpp:/opt/ros/humble CONDA_PROMPT_MODIFIER=(base) /usr/bin/cmake --build /home/vol/willgit/GxxArm_ws/build/serial_com_rclcpp -- -j20 -l20
[2.356s] Invoking command in '/home/vol/willgit/GxxArm_ws/build/serial_com_rclcpp': CMAKE_PREFIX_PATH=/home/vol/willgit/GxxArm_ws/install/base_interfaces:/home/vol/willgit/GxxArm_ws/install/serial_com_rclcpp:/home/vol/willgit/GxxArm_ws/install/Kinesiology_arm_rclcpp:/opt/ros/humble CONDA_PROMPT_MODIFIER=(base) /usr/bin/cmake --install /home/vol/willgit/GxxArm_ws/build/serial_com_rclcpp
[2.360s] -- Install configuration: ""
[2.360s] -- Installing: /home/vol/willgit/GxxArm_ws/install/serial_com_rclcpp/lib/serial_com_rclcpp/Serial_ReadPub
[2.361s] -- Set runtime path of "/home/vol/willgit/GxxArm_ws/install/serial_com_rclcpp/lib/serial_com_rclcpp/Serial_ReadPub" to ""
[2.361s] -- Installing: /home/vol/willgit/GxxArm_ws/install/serial_com_rclcpp/lib/serial_com_rclcpp/Serial_WriteSub
[2.363s] -- Set runtime path of "/home/vol/willgit/GxxArm_ws/install/serial_com_rclcpp/lib/serial_com_rclcpp/Serial_WriteSub" to ""
[2.363s] -- Up-to-date: /home/vol/willgit/GxxArm_ws/install/serial_com_rclcpp/share/ament_index/resource_index/package_run_dependencies/serial_com_rclcpp
[2.363s] -- Up-to-date: /home/vol/willgit/GxxArm_ws/install/serial_com_rclcpp/share/ament_index/resource_index/parent_prefix_path/serial_com_rclcpp
[2.363s] -- Up-to-date: /home/vol/willgit/GxxArm_ws/install/serial_com_rclcpp/share/serial_com_rclcpp/environment/ament_prefix_path.sh
[2.363s] -- Up-to-date: /home/vol/willgit/GxxArm_ws/install/serial_com_rclcpp/share/serial_com_rclcpp/environment/ament_prefix_path.dsv
[2.363s] -- Up-to-date: /home/vol/willgit/GxxArm_ws/install/serial_com_rclcpp/share/serial_com_rclcpp/environment/path.sh
[2.363s] -- Up-to-date: /home/vol/willgit/GxxArm_ws/install/serial_com_rclcpp/share/serial_com_rclcpp/environment/path.dsv
[2.363s] -- Up-to-date: /home/vol/willgit/GxxArm_ws/install/serial_com_rclcpp/share/serial_com_rclcpp/local_setup.bash
[2.363s] -- Up-to-date: /home/vol/willgit/GxxArm_ws/install/serial_com_rclcpp/share/serial_com_rclcpp/local_setup.sh
[2.363s] -- Up-to-date: /home/vol/willgit/GxxArm_ws/install/serial_com_rclcpp/share/serial_com_rclcpp/local_setup.zsh
[2.363s] -- Up-to-date: /home/vol/willgit/GxxArm_ws/install/serial_com_rclcpp/share/serial_com_rclcpp/local_setup.dsv
[2.364s] -- Installing: /home/vol/willgit/GxxArm_ws/install/serial_com_rclcpp/share/serial_com_rclcpp/package.dsv
[2.364s] -- Up-to-date: /home/vol/willgit/GxxArm_ws/install/serial_com_rclcpp/share/ament_index/resource_index/packages/serial_com_rclcpp
[2.364s] -- Up-to-date: /home/vol/willgit/GxxArm_ws/install/serial_com_rclcpp/share/serial_com_rclcpp/cmake/serial_com_rclcppConfig.cmake
[2.364s] -- Up-to-date: /home/vol/willgit/GxxArm_ws/install/serial_com_rclcpp/share/serial_com_rclcpp/cmake/serial_com_rclcppConfig-version.cmake
[2.364s] -- Up-to-date: /home/vol/willgit/GxxArm_ws/install/serial_com_rclcpp/share/serial_com_rclcpp/package.xml
[2.364s] Invoked command in '/home/vol/willgit/GxxArm_ws/build/serial_com_rclcpp' returned '0': CMAKE_PREFIX_PATH=/home/vol/willgit/GxxArm_ws/install/base_interfaces:/home/vol/willgit/GxxArm_ws/install/serial_com_rclcpp:/home/vol/willgit/GxxArm_ws/install/Kinesiology_arm_rclcpp:/opt/ros/humble CONDA_PROMPT_MODIFIER=(base) /usr/bin/cmake --install /home/vol/willgit/GxxArm_ws/build/serial_com_rclcpp
